#
# A fatal error has been detected by the Java Runtime Environment:
#
#  EXCEPTION_ACCESS_VIOLATION (0xc0000005) at pc=0x00007ff8ed506ab7, pid=17000, tid=32688
#
# JRE version: Java(TM) SE Runtime Environment 18.9 (11.0.28+12) (build 11.0.28+12-LTS-279)
# Java VM: Java HotSpot(TM) 64-Bit Server VM 18.9 (11.0.28+12-LTS-279, mixed mode, tiered, compressed oops, g1 gc, windows-amd64)
# Problematic frame:
# C  [glass.dll+0x26ab7]
#
# No core dump will be written. Minidumps are not enabled by default on client versions of Windows
#
# If you would like to submit a bug report, please visit:
#   https://bugreport.java.com/bugreport/crash.jsp
#

---------------  S U M M A R Y ------------

Command Line: -agentlib:jdwp=transport=dt_socket,address=127.0.0.1:63289,suspend=y,server=n -javaagent:C:\Users\midoo\AppData\Local\JetBrains\IntelliJIdea2025.3\captureAgent\debugger-agent.jar=file:///C:/Users/midoo/AppData/Local/Temp/capture17002929906390236690.props -agentpath:C:\Users\midoo\AppData\Local\Temp\idea_libasyncProfiler_dll_temp_folder7\libasyncProfiler.dll=version,jfr,event=wall,interval=10ms,cstack=no,file=C:\Users\midoo\IdeaSnapshots\FrontendMain_2025_12_19_155130.jfr,dbghelppath=C:\Users\midoo\AppData\Local\Temp\idea_dbghelp_dll_temp_folder\dbghelp.dll,log=C:\Users\midoo\AppData\Local\Temp\FrontendMain_2025_12_19_155130.jfr.log.txt,logLevel=DEBUG -Dkotlinx.coroutines.debug.enable.creation.stack.trace=false -Ddebugger.agent.enable.coroutines=true -Dkotlinx.coroutines.debug.enable.flows.stack.trace=true -Dkotlinx.coroutines.debug.enable.mutable.state.flows.stack.trace=true -Ddebugger.async.stack.trace.for.all.threads=true -Dfile.encoding=UTF-8 com.miduo.cloud.frontend.FrontendMain

Host: Intel(R) Core(TM) i5-10400 CPU @ 2.90GHz, 12 cores, 15G,  Windows 10 , 64 bit Build 19041 (10.0.19041.5915)
Time: Fri Dec 19 16:00:04 2025  Windows 10 , 64 bit Build 19041 (10.0.19041.5915) elapsed time: 513.608688 seconds (0d 0h 8m 33s)

---------------  T H R E A D  ---------------

Current thread (0x000002a1c91b9800):  VMThread "VM Thread" [stack: 0x000000fa4cf00000,0x000000fa4d000000] [id=32688]

Stack: [0x000000fa4cf00000,0x000000fa4d000000],  sp=0x000000fa4cfff0e0,  free space=1020k
Native frames: (J=compiled Java code, j=interpreted, Vv=VM code, C=native code)
C  [glass.dll+0x26ab7]


siginfo: EXCEPTION_ACCESS_VIOLATION (0xc0000005), reading address 0x0000000000000000


Register to memory mapping:

RIP=0x00007ff8ed506ab7 glass.dll
RAX=0x0 is NULL
RBX=0x000002a1c91df778 is a global jni handle
RCX=0x000002a1c91b9800 points into unknown readable memory: 0x00007ff8995cdb10 | 10 db 5c 99 f8 7f 00 00
RDX=0x000000fa4cfff0e0 points into unknown readable memory: 0x0000000000000000 | 00 00 00 00 00 00 00 00
RSP=0x000000fa4cfff0e0 points into unknown readable memory: 0x0000000000000000 | 00 00 00 00 00 00 00 00
RBP=0x000002a1c91de4f8 points into unknown readable memory: 0x0000cdbd509eb36e | 6e b3 9e 50 bd cd 00 00
RSI=0x000002a1c91de4d0 points into unknown readable memory: 0x0fa7cdbd4f60883a | 3a 88 60 4f bd cd a7 0f
RDI=0x0000cdbd509eb36e is an unknown value
R8 =0x0000000000010002 is an unknown value
R9 =0x0000cdbd509eb36e is an unknown value
R10=0x0000000000008000 is an unknown value
R11=0x000000fa4cfff070 points into unknown readable memory: 0x000002a1c91de4d0 | d0 e4 1d c9 a1 02 00 00
R12=0x00007ff8ed504384 glass.dll
R13=0x000002a1c91b4610 points into unknown readable memory: 0x8000000000000001 | 01 00 00 00 00 00 00 80
R14=0x000000fa4cfff1d8 points into unknown readable memory: 0x000000fa4cfff1c0 | c0 f1 ff 4c fa 00 00 00
R15=0x000002a1c91de4d0 points into unknown readable memory: 0x0fa7cdbd4f60883a | 3a 88 60 4f bd cd a7 0f


Registers:
RAX=0x0000000000000000, RBX=0x000002a1c91df778, RCX=0x000002a1c91b9800, RDX=0x000000fa4cfff0e0
RSP=0x000000fa4cfff0e0, RBP=0x000002a1c91de4f8, RSI=0x000002a1c91de4d0, RDI=0x0000cdbd509eb36e
R8 =0x0000000000010002, R9 =0x0000cdbd509eb36e, R10=0x0000000000008000, R11=0x000000fa4cfff070
R12=0x00007ff8ed504384, R13=0x000002a1c91b4610, R14=0x000000fa4cfff1d8, R15=0x000002a1c91de4d0
RIP=0x00007ff8ed506ab7, EFLAGS=0x0000000000010206

Top of Stack: (sp=0x000000fa4cfff0e0)
0x000000fa4cfff0e0:   0000000000000000 000002a1c91de4d0
0x000000fa4cfff0f0:   000002a1c91b4610 00007ff8ed504384
0x000000fa4cfff100:   000002a1c91de4d8 00007ff90bc142d6
0x000000fa4cfff110:   0000cdbd509eb36e 000002a100000000
0x000000fa4cfff120:   000002a1c91de4f8 000002a1c91de4d0
0x000000fa4cfff130:   fffffffffffffffe 0000000000000000
0x000000fa4cfff140:   0000000000000001 00007ff8ed4e0000
0x000000fa4cfff150:   000000fa4cfff1c8 00007ff90bc141fb
0x000000fa4cfff160:   0000000000000000 000000fa4cfff1d8
0x000000fa4cfff170:   000000fa4cfff4b0 00007ff90bcf0e40
0x000000fa4cfff180:   0000000000000001 00007ff90bc141b4
0x000000fa4cfff190:   0000000000000000 0000000000000001
0x000000fa4cfff1a0:   00007ff903ae2dd0 000000fa4cfff1c8
0x000000fa4cfff1b0:   00007ff90000000d 00007ff8ed504211
0x000000fa4cfff1c0:   00007ff8ed51a138 00007ff900000002
0x000000fa4cfff1d0:   0000000000000002 000000fa4cfff1c0 

Instructions: (pc=0x00007ff8ed506ab7)
0x00007ff8ed506a97:   cc cc cc cc cc cc cc cc cc 40 53 48 83 ec 20 48
0x00007ff8ed506aa7:   8b 1d 83 30 01 00 48 85 db 74 16 e8 09 8b ff ff
0x00007ff8ed506ab7:   4c 8b 00 48 8b d3 48 8b c8 41 ff 90 b0 00 00 00
0x00007ff8ed506ac7:   90 48 83 c4 20 5b c3 cc cc 40 53 48 83 ec 20 48 


Stack slot to memory mapping:
stack at sp + 0 slots: 0x0 is NULL
stack at sp + 1 slots: 0x000002a1c91de4d0 points into unknown readable memory: 0x0fa7cdbd4f60883a | 3a 88 60 4f bd cd a7 0f
stack at sp + 2 slots: 0x000002a1c91b4610 points into unknown readable memory: 0x8000000000000001 | 01 00 00 00 00 00 00 80
stack at sp + 3 slots: 0x00007ff8ed504384 glass.dll
stack at sp + 4 slots: 0x000002a1c91de4d8 points into unknown readable memory: 0x0000cdbd509eb36e | 6e b3 9e 50 bd cd 00 00
stack at sp + 5 slots: 0x00007ff90bc142d6 ucrtbase.dll
stack at sp + 6 slots: 0x0000cdbd509eb36e is an unknown value
stack at sp + 7 slots: 0x000002a100000000 is an unknown value

VM_Operation (0x000000fa4e7fbcb0): Exit, mode: safepoint, requested by thread 0x000002a1cac4c000


---------------  P R O C E S S  ---------------

Threads class SMR info:
_java_thread_list=0x000002a1d52bcbb0, length=21, elements={
0x000002a1acf4f800, 0x000002a1c91bb800, 0x000002a1c91c4800, 0x000002a1c923e000,
0x000002a1c9241000, 0x000002a1c9244000, 0x000002a1c924d000, 0x000002a1c925c000,
0x000002a1c9156800, 0x000002a1c9dd3800, 0x000002a1c9dcb800, 0x000002a1c9eef000,
0x000002a1ca001000, 0x000002a1cb045800, 0x000002a1cb113800, 0x000002a1cac4c000,
0x000002a1cba02000, 0x000002a1cb98a800, 0x000002a1cc3c7000, 0x000002a1cc3cc000,
0x000002a1cc3cb000
}

Java Threads: ( => current thread )
  0x000002a1acf4f800 JavaThread "main" [_thread_blocked, id=24120, stack(0x000000fa4c900000,0x000000fa4ca00000)]
  0x000002a1c91bb800 JavaThread "Reference Handler" daemon [_thread_blocked, id=31852, stack(0x000000fa4d000000,0x000000fa4d100000)]
  0x000002a1c91c4800 JavaThread "Finalizer" daemon [_thread_blocked, id=16680, stack(0x000000fa4d100000,0x000000fa4d200000)]
  0x000002a1c923e000 JavaThread "Attach Listener" daemon [_thread_blocked, id=31828, stack(0x000000fa4d300000,0x000000fa4d400000)]
  0x000002a1c9241000 JavaThread "Service Thread" daemon [_thread_blocked, id=17448, stack(0x000000fa4d400000,0x000000fa4d500000)]
  0x000002a1c9244000 JavaThread "C2 CompilerThread0" daemon [_thread_blocked, id=13952, stack(0x000000fa4d500000,0x000000fa4d600000)]
  0x000002a1c924d000 JavaThread "C1 CompilerThread0" daemon [_thread_blocked, id=17328, stack(0x000000fa4d600000,0x000000fa4d700000)]
  0x000002a1c925c000 JavaThread "Sweeper thread" daemon [_thread_blocked, id=27068, stack(0x000000fa4d700000,0x000000fa4d800000)]
  0x000002a1c9156800 JavaThread "Common-Cleaner" daemon [_thread_blocked, id=14484, stack(0x000000fa4d800000,0x000000fa4d900000)]
  0x000002a1c9dd3800 JavaThread "JDWP Transport Listener: dt_socket" daemon [_thread_blocked, id=26908, stack(0x000000fa4da00000,0x000000fa4db00000)]
  0x000002a1c9dcb800 JavaThread "JDWP Event Helper Thread" daemon [_thread_blocked, id=2068, stack(0x000000fa4db00000,0x000000fa4dc00000)]
  0x000002a1c9eef000 JavaThread "IntelliJ Suspend Helper" daemon [_thread_blocked, id=4276, stack(0x000000fa4dd00000,0x000000fa4de00000)]
  0x000002a1ca001000 JavaThread "JavaFX-Launcher" [_thread_blocked, id=13656, stack(0x000000fa4df00000,0x000000fa4e000000)]
  0x000002a1cb045800 JavaThread "QuantumRenderer-0" daemon [_thread_blocked, id=25536, stack(0x000000fa4e000000,0x000000fa4e100000)]
  0x000002a1cb113800 JavaThread "InvokeLaterDispatcher" daemon [_thread_blocked, id=9460, stack(0x000000fa4e600000,0x000000fa4e700000)]
  0x000002a1cac4c000 JavaThread "JavaFX Application Thread" [_thread_blocked, id=26768, stack(0x000000fa4e700000,0x000000fa4e800000)]
  0x000002a1cba02000 JavaThread "Thread-2" daemon [_thread_in_native, id=10848, stack(0x000000fa4eb00000,0x000000fa4ec00000)]
  0x000002a1cb98a800 JavaThread "OperateLogBatchSaver" daemon [_thread_blocked, id=33488, stack(0x000000fa4ec00000,0x000000fa4ed00000)]
  0x000002a1cc3c7000 JavaThread "JNA Cleaner" daemon [_thread_blocked, id=29116, stack(0x000000fa4d900000,0x000000fa4da00000)]
  0x000002a1cc3cc000 JavaThread "Prism Font Disposer" daemon [_thread_blocked, id=9172, stack(0x000000fa4f400000,0x000000fa4f500000)]
  0x000002a1cc3cb000 JavaThread "Cleaner-0" daemon [_thread_blocked, id=11444, stack(0x000000fa4f500000,0x000000fa4f600000)]

Other Threads:
=>0x000002a1c91b9800 VMThread "VM Thread" [stack: 0x000000fa4cf00000,0x000000fa4d000000] [id=32688]
  0x000002a1acf64000 GCTaskThread "GC Thread#0" [stack: 0x000000fa4ca00000,0x000000fa4cb00000] [id=22328]
  0x000002a1cb0c1800 GCTaskThread "GC Thread#1" [stack: 0x000000fa4e100000,0x000000fa4e200000] [id=9800]
  0x000002a1cb0c2800 GCTaskThread "GC Thread#2" [stack: 0x000000fa4e200000,0x000000fa4e300000] [id=32004]
  0x000002a1cb2f6000 GCTaskThread "GC Thread#3" [stack: 0x000000fa4e300000,0x000000fa4e400000] [id=34752]
  0x000002a1cb2f6800 GCTaskThread "GC Thread#4" [stack: 0x000000fa4e400000,0x000000fa4e500000] [id=19504]
  0x000002a1cb3ce800 GCTaskThread "GC Thread#5" [stack: 0x000000fa4e500000,0x000000fa4e600000] [id=5208]
  0x000002a1acfca800 ConcurrentGCThread "G1 Main Marker" [stack: 0x000000fa4cb00000,0x000000fa4cc00000] [id=33564]
  0x000002a1acfcb800 ConcurrentGCThread "G1 Conc#0" [stack: 0x000000fa4cc00000,0x000000fa4cd00000] [id=996]
  0x000002a1cc452800 ConcurrentGCThread "G1 Conc#1" [stack: 0x000000fa4f100000,0x000000fa4f200000] [id=23800]
  0x000002a1cc7e5800 ConcurrentGCThread "G1 Conc#2" [stack: 0x000000fa4f200000,0x000000fa4f300000] [id=288]
  0x000002a1ad0f4800 ConcurrentGCThread "G1 Refine#0" [stack: 0x000000fa4cd00000,0x000000fa4ce00000] [id=11956]
  0x000002a1ad0f9800 ConcurrentGCThread "G1 Young RemSet Sampling" [stack: 0x000000fa4ce00000,0x000000fa4cf00000] [id=29560]

Threads with active compile tasks:

VM state:at safepoint (shutting down)

VM Mutex/Monitor currently owned by a thread:  ([mutex/lock_event])
[0x000002a1a36fc8c0] Threads_lock - owner thread: 0x000002a1c91b9800

Heap address: 0x0000000702a00000, size: 4054 MB, Compressed Oops mode: Zero based, Oop shift amount: 3
Narrow klass base: 0x0000000800000000, Narrow klass shift: 0
Compressed class space size: 1073741824 Address: 0x0000000800000000

Heap:
 garbage-first heap   total 260096K, used 22950K [0x0000000702a00000, 0x0000000800000000)
  region size 1024K, 16 young (16384K), 8 survivors (8192K)
 Metaspace       used 30822K, capacity 31562K, committed 31872K, reserved 1077248K
  class space    used 3574K, capacity 3852K, committed 3968K, reserved 1048576K
Heap Regions: E=young(eden), S=young(survivor), O=old, HS=humongous(starts), HC=humongous(continues), CS=collection set, F=free, A=archive, TAMS=top-at-mark-start (previous, next)
|   0|0x0000000702a00000, 0x0000000702b00000, 0x0000000702b00000|100%| O|  |TAMS 0x0000000702b00000, 0x0000000702a00000| Untracked 
|   1|0x0000000702b00000, 0x0000000702c00000, 0x0000000702c00000|100%| O|  |TAMS 0x0000000702c00000, 0x0000000702b00000| Untracked 
|   2|0x0000000702c00000, 0x0000000702d00000, 0x0000000702d00000|100%| O|  |TAMS 0x0000000702c7b000, 0x0000000702c00000| Untracked 
|   3|0x0000000702d00000, 0x0000000702e00000, 0x0000000702e00000|100%|HS|  |TAMS 0x0000000702d00000, 0x0000000702d00000| Complete 
|   4|0x0000000702e00000, 0x0000000702e00000, 0x0000000702f00000|  0%| F|  |TAMS 0x0000000702e00000, 0x0000000702e00000| Untracked 
|   5|0x0000000702f00000, 0x0000000703000000, 0x0000000703000000|100%| O|  |TAMS 0x0000000702f00000, 0x0000000702f00000| Untracked 
|   6|0x0000000703000000, 0x0000000703100000, 0x0000000703100000|100%| O|  |TAMS 0x0000000703000000, 0x0000000703000000| Untracked 
|   7|0x0000000703100000, 0x0000000703142c00, 0x0000000703200000| 26%| O|  |TAMS 0x0000000703100000, 0x0000000703100000| Untracked 
|   8|0x0000000703200000, 0x0000000703300000, 0x0000000703300000|100%|HS|  |TAMS 0x0000000703200000, 0x0000000703200000| Complete 
|   9|0x0000000703300000, 0x0000000703400000, 0x0000000703400000|100%|HC|  |TAMS 0x0000000703300000, 0x0000000703300000| Complete 
|  10|0x0000000703400000, 0x0000000703400000, 0x0000000703500000|  0%| F|  |TAMS 0x0000000703400000, 0x0000000703400000| Untracked 
|  11|0x0000000703500000, 0x0000000703500000, 0x0000000703600000|  0%| F|  |TAMS 0x0000000703500000, 0x0000000703500000| Untracked 
|  12|0x0000000703600000, 0x0000000703600000, 0x0000000703700000|  0%| F|  |TAMS 0x0000000703600000, 0x0000000703600000| Untracked 
|  13|0x0000000703700000, 0x0000000703700000, 0x0000000703800000|  0%| F|  |TAMS 0x0000000703700000, 0x0000000703700000| Untracked 
|  14|0x0000000703800000, 0x0000000703800000, 0x0000000703900000|  0%| F|  |TAMS 0x0000000703800000, 0x0000000703800000| Untracked 
|  15|0x0000000703900000, 0x0000000703900000, 0x0000000703a00000|  0%| F|  |TAMS 0x0000000703900000, 0x0000000703900000| Untracked 
|  16|0x0000000703a00000, 0x0000000703a00000, 0x0000000703b00000|  0%| F|  |TAMS 0x0000000703a00000, 0x0000000703a00000| Untracked 
|  17|0x0000000703b00000, 0x0000000703b00000, 0x0000000703c00000|  0%| F|  |TAMS 0x0000000703b00000, 0x0000000703b00000| Untracked 
|  18|0x0000000703c00000, 0x0000000703c00000, 0x0000000703d00000|  0%| F|  |TAMS 0x0000000703c00000, 0x0000000703c00000| Untracked 
|  19|0x0000000703d00000, 0x0000000703d00000, 0x0000000703e00000|  0%| F|  |TAMS 0x0000000703d00000, 0x0000000703d00000| Untracked 
|  20|0x0000000703e00000, 0x0000000703e00000, 0x0000000703f00000|  0%| F|  |TAMS 0x0000000703e00000, 0x0000000703e00000| Untracked 
|  21|0x0000000703f00000, 0x0000000703f00000, 0x0000000704000000|  0%| F|  |TAMS 0x0000000703f00000, 0x0000000703f00000| Untracked 
|  22|0x0000000704000000, 0x0000000704000000, 0x0000000704100000|  0%| F|  |TAMS 0x0000000704000000, 0x0000000704000000| Untracked 
|  23|0x0000000704100000, 0x0000000704100000, 0x0000000704200000|  0%| F|  |TAMS 0x0000000704100000, 0x0000000704100000| Untracked 
|  24|0x0000000704200000, 0x0000000704200000, 0x0000000704300000|  0%| F|  |TAMS 0x0000000704200000, 0x0000000704200000| Untracked 
|  25|0x0000000704300000, 0x0000000704300000, 0x0000000704400000|  0%| F|  |TAMS 0x0000000704300000, 0x0000000704300000| Untracked 
|  26|0x0000000704400000, 0x0000000704400000, 0x0000000704500000|  0%| F|  |TAMS 0x0000000704400000, 0x0000000704400000| Untracked 
|  27|0x0000000704500000, 0x0000000704500000, 0x0000000704600000|  0%| F|  |TAMS 0x0000000704500000, 0x0000000704500000| Untracked 
|  28|0x0000000704600000, 0x0000000704600000, 0x0000000704700000|  0%| F|  |TAMS 0x0000000704600000, 0x0000000704600000| Untracked 
|  29|0x0000000704700000, 0x0000000704700000, 0x0000000704800000|  0%| F|  |TAMS 0x0000000704700000, 0x0000000704700000| Untracked 
|  30|0x0000000704800000, 0x0000000704800000, 0x0000000704900000|  0%| F|  |TAMS 0x0000000704800000, 0x0000000704800000| Untracked 
|  31|0x0000000704900000, 0x0000000704900000, 0x0000000704a00000|  0%| F|  |TAMS 0x0000000704900000, 0x0000000704900000| Untracked 
|  32|0x0000000704a00000, 0x0000000704a00000, 0x0000000704b00000|  0%| F|  |TAMS 0x0000000704a00000, 0x0000000704a00000| Untracked 
|  33|0x0000000704b00000, 0x0000000704b00000, 0x0000000704c00000|  0%| F|  |TAMS 0x0000000704b00000, 0x0000000704b00000| Untracked 
|  34|0x0000000704c00000, 0x0000000704c00000, 0x0000000704d00000|  0%| F|  |TAMS 0x0000000704c00000, 0x0000000704c00000| Untracked 
|  35|0x0000000704d00000, 0x0000000704d00000, 0x0000000704e00000|  0%| F|  |TAMS 0x0000000704d00000, 0x0000000704d00000| Untracked 
|  36|0x0000000704e00000, 0x0000000704e00000, 0x0000000704f00000|  0%| F|  |TAMS 0x0000000704e00000, 0x0000000704e00000| Untracked 
|  37|0x0000000704f00000, 0x0000000704f00000, 0x0000000705000000|  0%| F|  |TAMS 0x0000000704f00000, 0x0000000704f00000| Untracked 
|  38|0x0000000705000000, 0x0000000705000000, 0x0000000705100000|  0%| F|  |TAMS 0x0000000705000000, 0x0000000705000000| Untracked 
|  39|0x0000000705100000, 0x0000000705100000, 0x0000000705200000|  0%| F|  |TAMS 0x0000000705100000, 0x0000000705100000| Untracked 
|  40|0x0000000705200000, 0x0000000705200000, 0x0000000705300000|  0%| F|  |TAMS 0x0000000705200000, 0x0000000705200000| Untracked 
|  41|0x0000000705300000, 0x0000000705300000, 0x0000000705400000|  0%| F|  |TAMS 0x0000000705300000, 0x0000000705300000| Untracked 
|  42|0x0000000705400000, 0x0000000705400000, 0x0000000705500000|  0%| F|  |TAMS 0x0000000705400000, 0x0000000705400000| Untracked 
|  43|0x0000000705500000, 0x0000000705500000, 0x0000000705600000|  0%| F|  |TAMS 0x0000000705500000, 0x0000000705500000| Untracked 
|  44|0x0000000705600000, 0x0000000705600000, 0x0000000705700000|  0%| F|  |TAMS 0x0000000705600000, 0x0000000705600000| Untracked 
|  45|0x0000000705700000, 0x0000000705700000, 0x0000000705800000|  0%| F|  |TAMS 0x0000000705700000, 0x0000000705700000| Untracked 
|  46|0x0000000705800000, 0x0000000705800000, 0x0000000705900000|  0%| F|  |TAMS 0x0000000705800000, 0x0000000705800000| Untracked 
|  47|0x0000000705900000, 0x0000000705900000, 0x0000000705a00000|  0%| F|  |TAMS 0x0000000705900000, 0x0000000705900000| Untracked 
|  48|0x0000000705a00000, 0x0000000705a00000, 0x0000000705b00000|  0%| F|  |TAMS 0x0000000705a00000, 0x0000000705a00000| Untracked 
|  49|0x0000000705b00000, 0x0000000705b00000, 0x0000000705c00000|  0%| F|  |TAMS 0x0000000705b00000, 0x0000000705b00000| Untracked 
|  50|0x0000000705c00000, 0x0000000705c00000, 0x0000000705d00000|  0%| F|  |TAMS 0x0000000705c00000, 0x0000000705c00000| Untracked 
|  51|0x0000000705d00000, 0x0000000705d00000, 0x0000000705e00000|  0%| F|  |TAMS 0x0000000705d00000, 0x0000000705d00000| Untracked 
|  52|0x0000000705e00000, 0x0000000705e00000, 0x0000000705f00000|  0%| F|  |TAMS 0x0000000705e00000, 0x0000000705e00000| Untracked 
|  53|0x0000000705f00000, 0x0000000705f00000, 0x0000000706000000|  0%| F|  |TAMS 0x0000000705f00000, 0x0000000705f00000| Untracked 
|  54|0x0000000706000000, 0x0000000706000000, 0x0000000706100000|  0%| F|  |TAMS 0x0000000706000000, 0x0000000706000000| Untracked 
|  55|0x0000000706100000, 0x0000000706100000, 0x0000000706200000|  0%| F|  |TAMS 0x0000000706100000, 0x0000000706100000| Untracked 
|  56|0x0000000706200000, 0x0000000706200000, 0x0000000706300000|  0%| F|  |TAMS 0x0000000706200000, 0x0000000706200000| Untracked 
|  57|0x0000000706300000, 0x0000000706300000, 0x0000000706400000|  0%| F|  |TAMS 0x0000000706300000, 0x0000000706300000| Untracked 
|  58|0x0000000706400000, 0x0000000706400000, 0x0000000706500000|  0%| F|  |TAMS 0x0000000706400000, 0x0000000706400000| Untracked 
|  59|0x0000000706500000, 0x0000000706500000, 0x0000000706600000|  0%| F|  |TAMS 0x0000000706500000, 0x0000000706500000| Untracked 
|  60|0x0000000706600000, 0x0000000706600000, 0x0000000706700000|  0%| F|  |TAMS 0x0000000706600000, 0x0000000706600000| Untracked 
|  61|0x0000000706700000, 0x0000000706700000, 0x0000000706800000|  0%| F|  |TAMS 0x0000000706700000, 0x0000000706700000| Untracked 
|  62|0x0000000706800000, 0x0000000706800000, 0x0000000706900000|  0%| F|  |TAMS 0x0000000706800000, 0x0000000706800000| Untracked 
|  63|0x0000000706900000, 0x0000000706900000, 0x0000000706a00000|  0%| F|  |TAMS 0x0000000706900000, 0x0000000706900000| Untracked 
|  64|0x0000000706a00000, 0x0000000706a00000, 0x0000000706b00000|  0%| F|  |TAMS 0x0000000706a00000, 0x0000000706a00000| Untracked 
|  65|0x0000000706b00000, 0x0000000706b00000, 0x0000000706c00000|  0%| F|  |TAMS 0x0000000706b00000, 0x0000000706b00000| Untracked 
|  66|0x0000000706c00000, 0x0000000706c00000, 0x0000000706d00000|  0%| F|  |TAMS 0x0000000706c00000, 0x0000000706c00000| Untracked 
|  67|0x0000000706d00000, 0x0000000706d00000, 0x0000000706e00000|  0%| F|  |TAMS 0x0000000706d00000, 0x0000000706d00000| Untracked 
|  68|0x0000000706e00000, 0x0000000706e00000, 0x0000000706f00000|  0%| F|  |TAMS 0x0000000706e00000, 0x0000000706e00000| Untracked 
|  69|0x0000000706f00000, 0x0000000706f00000, 0x0000000707000000|  0%| F|  |TAMS 0x0000000706f00000, 0x0000000706f00000| Untracked 
|  70|0x0000000707000000, 0x0000000707000000, 0x0000000707100000|  0%| F|  |TAMS 0x0000000707000000, 0x0000000707000000| Untracked 
|  71|0x0000000707100000, 0x0000000707100000, 0x0000000707200000|  0%| F|  |TAMS 0x0000000707100000, 0x0000000707100000| Untracked 
|  72|0x0000000707200000, 0x0000000707200000, 0x0000000707300000|  0%| F|  |TAMS 0x0000000707200000, 0x0000000707200000| Untracked 
|  73|0x0000000707300000, 0x0000000707300000, 0x0000000707400000|  0%| F|  |TAMS 0x0000000707300000, 0x0000000707300000| Untracked 
|  74|0x0000000707400000, 0x0000000707400000, 0x0000000707500000|  0%| F|  |TAMS 0x0000000707400000, 0x0000000707400000| Untracked 
|  75|0x0000000707500000, 0x0000000707500000, 0x0000000707600000|  0%| F|  |TAMS 0x0000000707500000, 0x0000000707500000| Untracked 
|  76|0x0000000707600000, 0x0000000707600000, 0x0000000707700000|  0%| F|  |TAMS 0x0000000707600000, 0x0000000707600000| Untracked 
|  77|0x0000000707700000, 0x0000000707700000, 0x0000000707800000|  0%| F|  |TAMS 0x0000000707700000, 0x0000000707700000| Untracked 
|  78|0x0000000707800000, 0x0000000707800000, 0x0000000707900000|  0%| F|  |TAMS 0x0000000707800000, 0x0000000707800000| Untracked 
|  79|0x0000000707900000, 0x0000000707900000, 0x0000000707a00000|  0%| F|  |TAMS 0x0000000707900000, 0x0000000707900000| Untracked 
|  80|0x0000000707a00000, 0x0000000707a00000, 0x0000000707b00000|  0%| F|  |TAMS 0x0000000707a00000, 0x0000000707a00000| Untracked 
|  81|0x0000000707b00000, 0x0000000707b00000, 0x0000000707c00000|  0%| F|  |TAMS 0x0000000707b00000, 0x0000000707b00000| Untracked 
|  82|0x0000000707c00000, 0x0000000707c00000, 0x0000000707d00000|  0%| F|  |TAMS 0x0000000707c00000, 0x0000000707c00000| Untracked 
|  83|0x0000000707d00000, 0x0000000707d00000, 0x0000000707e00000|  0%| F|  |TAMS 0x0000000707d00000, 0x0000000707d00000| Untracked 
|  84|0x0000000707e00000, 0x0000000707e00000, 0x0000000707f00000|  0%| F|  |TAMS 0x0000000707e00000, 0x0000000707e00000| Untracked 
|  85|0x0000000707f00000, 0x0000000707f00000, 0x0000000708000000|  0%| F|  |TAMS 0x0000000707f00000, 0x0000000707f00000| Untracked 
|  86|0x0000000708000000, 0x0000000708000000, 0x0000000708100000|  0%| F|  |TAMS 0x0000000708000000, 0x0000000708000000| Untracked 
|  87|0x0000000708100000, 0x0000000708100000, 0x0000000708200000|  0%| F|  |TAMS 0x0000000708100000, 0x0000000708100000| Untracked 
|  88|0x0000000708200000, 0x0000000708200000, 0x0000000708300000|  0%| F|  |TAMS 0x0000000708200000, 0x0000000708200000| Untracked 
|  89|0x0000000708300000, 0x0000000708300000, 0x0000000708400000|  0%| F|  |TAMS 0x0000000708300000, 0x0000000708300000| Untracked 
|  90|0x0000000708400000, 0x0000000708400000, 0x0000000708500000|  0%| F|  |TAMS 0x0000000708400000, 0x0000000708400000| Untracked 
|  91|0x0000000708500000, 0x0000000708500000, 0x0000000708600000|  0%| F|  |TAMS 0x0000000708500000, 0x0000000708500000| Untracked 
|  92|0x0000000708600000, 0x0000000708600000, 0x0000000708700000|  0%| F|  |TAMS 0x0000000708600000, 0x0000000708600000| Untracked 
|  93|0x0000000708700000, 0x0000000708700000, 0x0000000708800000|  0%| F|  |TAMS 0x0000000708700000, 0x0000000708700000| Untracked 
|  94|0x0000000708800000, 0x0000000708800000, 0x0000000708900000|  0%| F|  |TAMS 0x0000000708800000, 0x0000000708800000| Untracked 
|  95|0x0000000708900000, 0x0000000708900000, 0x0000000708a00000|  0%| F|  |TAMS 0x0000000708900000, 0x0000000708900000| Untracked 
|  96|0x0000000708a00000, 0x0000000708a00000, 0x0000000708b00000|  0%| F|  |TAMS 0x0000000708a00000, 0x0000000708a00000| Untracked 
|  97|0x0000000708b00000, 0x0000000708b00000, 0x0000000708c00000|  0%| F|  |TAMS 0x0000000708b00000, 0x0000000708b00000| Untracked 
|  98|0x0000000708c00000, 0x0000000708c00000, 0x0000000708d00000|  0%| F|  |TAMS 0x0000000708c00000, 0x0000000708c00000| Untracked 
|  99|0x0000000708d00000, 0x0000000708d00000, 0x0000000708e00000|  0%| F|  |TAMS 0x0000000708d00000, 0x0000000708d00000| Untracked 
| 100|0x0000000708e00000, 0x0000000708e00000, 0x0000000708f00000|  0%| F|  |TAMS 0x0000000708e00000, 0x0000000708e00000| Untracked 
| 101|0x0000000708f00000, 0x0000000708f00000, 0x0000000709000000|  0%| F|  |TAMS 0x0000000708f00000, 0x0000000708f00000| Untracked 
| 102|0x0000000709000000, 0x0000000709000000, 0x0000000709100000|  0%| F|  |TAMS 0x0000000709000000, 0x0000000709000000| Untracked 
| 103|0x0000000709100000, 0x0000000709100000, 0x0000000709200000|  0%| F|  |TAMS 0x0000000709100000, 0x0000000709100000| Untracked 
| 104|0x0000000709200000, 0x0000000709200000, 0x0000000709300000|  0%| F|  |TAMS 0x0000000709200000, 0x0000000709200000| Untracked 
| 105|0x0000000709300000, 0x0000000709300000, 0x0000000709400000|  0%| F|  |TAMS 0x0000000709300000, 0x0000000709300000| Untracked 
| 106|0x0000000709400000, 0x0000000709400000, 0x0000000709500000|  0%| F|  |TAMS 0x0000000709400000, 0x0000000709400000| Untracked 
| 107|0x0000000709500000, 0x0000000709500000, 0x0000000709600000|  0%| F|  |TAMS 0x0000000709500000, 0x0000000709500000| Untracked 
| 108|0x0000000709600000, 0x0000000709600000, 0x0000000709700000|  0%| F|  |TAMS 0x0000000709600000, 0x0000000709600000| Untracked 
| 109|0x0000000709700000, 0x0000000709700000, 0x0000000709800000|  0%| F|  |TAMS 0x0000000709700000, 0x0000000709700000| Untracked 
| 110|0x0000000709800000, 0x0000000709800000, 0x0000000709900000|  0%| F|  |TAMS 0x0000000709800000, 0x0000000709800000| Untracked 
| 111|0x0000000709900000, 0x0000000709900000, 0x0000000709a00000|  0%| F|  |TAMS 0x0000000709900000, 0x0000000709900000| Untracked 
| 112|0x0000000709a00000, 0x0000000709a00000, 0x0000000709b00000|  0%| F|  |TAMS 0x0000000709a00000, 0x0000000709a00000| Untracked 
| 113|0x0000000709b00000, 0x0000000709b00000, 0x0000000709c00000|  0%| F|  |TAMS 0x0000000709b00000, 0x0000000709b00000| Untracked 
| 114|0x0000000709c00000, 0x0000000709c00000, 0x0000000709d00000|  0%| F|  |TAMS 0x0000000709c00000, 0x0000000709c00000| Untracked 
| 115|0x0000000709d00000, 0x0000000709d00000, 0x0000000709e00000|  0%| F|  |TAMS 0x0000000709d00000, 0x0000000709d00000| Untracked 
| 116|0x0000000709e00000, 0x0000000709e00000, 0x0000000709f00000|  0%| F|  |TAMS 0x0000000709e00000, 0x0000000709e00000| Untracked 
| 117|0x0000000709f00000, 0x0000000709f00000, 0x000000070a000000|  0%| F|  |TAMS 0x0000000709f00000, 0x0000000709f00000| Untracked 
| 118|0x000000070a000000, 0x000000070a000000, 0x000000070a100000|  0%| F|  |TAMS 0x000000070a000000, 0x000000070a000000| Untracked 
| 119|0x000000070a100000, 0x000000070a100000, 0x000000070a200000|  0%| F|  |TAMS 0x000000070a100000, 0x000000070a100000| Untracked 
| 120|0x000000070a200000, 0x000000070a200000, 0x000000070a300000|  0%| F|  |TAMS 0x000000070a200000, 0x000000070a200000| Untracked 
| 121|0x000000070a300000, 0x000000070a300000, 0x000000070a400000|  0%| F|  |TAMS 0x000000070a300000, 0x000000070a300000| Untracked 
| 122|0x000000070a400000, 0x000000070a400000, 0x000000070a500000|  0%| F|  |TAMS 0x000000070a400000, 0x000000070a400000| Untracked 
| 123|0x000000070a500000, 0x000000070a500000, 0x000000070a600000|  0%| F|  |TAMS 0x000000070a500000, 0x000000070a500000| Untracked 
| 124|0x000000070a600000, 0x000000070a600000, 0x000000070a700000|  0%| F|  |TAMS 0x000000070a600000, 0x000000070a600000| Untracked 
| 125|0x000000070a700000, 0x000000070a700000, 0x000000070a800000|  0%| F|  |TAMS 0x000000070a700000, 0x000000070a700000| Untracked 
| 126|0x000000070a800000, 0x000000070a800000, 0x000000070a900000|  0%| F|  |TAMS 0x000000070a800000, 0x000000070a800000| Untracked 
| 127|0x000000070a900000, 0x000000070a900000, 0x000000070aa00000|  0%| F|  |TAMS 0x000000070a900000, 0x000000070a900000| Untracked 
| 128|0x000000070aa00000, 0x000000070aa00000, 0x000000070ab00000|  0%| F|  |TAMS 0x000000070aa00000, 0x000000070aa00000| Untracked 
| 129|0x000000070ab00000, 0x000000070ab00000, 0x000000070ac00000|  0%| F|  |TAMS 0x000000070ab00000, 0x000000070ab00000| Untracked 
| 130|0x000000070ac00000, 0x000000070ac00000, 0x000000070ad00000|  0%| F|  |TAMS 0x000000070ac00000, 0x000000070ac00000| Untracked 
| 131|0x000000070ad00000, 0x000000070ad00000, 0x000000070ae00000|  0%| F|  |TAMS 0x000000070ad00000, 0x000000070ad00000| Untracked 
| 132|0x000000070ae00000, 0x000000070ae00000, 0x000000070af00000|  0%| F|  |TAMS 0x000000070ae00000, 0x000000070ae00000| Untracked 
| 133|0x000000070af00000, 0x000000070af00000, 0x000000070b000000|  0%| F|  |TAMS 0x000000070af00000, 0x000000070af00000| Untracked 
| 134|0x000000070b000000, 0x000000070b000000, 0x000000070b100000|  0%| F|  |TAMS 0x000000070b000000, 0x000000070b000000| Untracked 
| 135|0x000000070b100000, 0x000000070b100000, 0x000000070b200000|  0%| F|  |TAMS 0x000000070b100000, 0x000000070b100000| Untracked 
| 136|0x000000070b200000, 0x000000070b200000, 0x000000070b300000|  0%| F|  |TAMS 0x000000070b200000, 0x000000070b200000| Untracked 
| 137|0x000000070b300000, 0x000000070b300000, 0x000000070b400000|  0%| F|  |TAMS 0x000000070b300000, 0x000000070b300000| Untracked 
| 138|0x000000070b400000, 0x000000070b400000, 0x000000070b500000|  0%| F|  |TAMS 0x000000070b400000, 0x000000070b400000| Untracked 
| 139|0x000000070b500000, 0x000000070b500000, 0x000000070b600000|  0%| F|  |TAMS 0x000000070b500000, 0x000000070b500000| Untracked 
| 140|0x000000070b600000, 0x000000070b600000, 0x000000070b700000|  0%| F|  |TAMS 0x000000070b600000, 0x000000070b600000| Untracked 
| 141|0x000000070b700000, 0x000000070b700000, 0x000000070b800000|  0%| F|  |TAMS 0x000000070b700000, 0x000000070b700000| Untracked 
| 142|0x000000070b800000, 0x000000070b800000, 0x000000070b900000|  0%| F|  |TAMS 0x000000070b800000, 0x000000070b800000| Untracked 
| 143|0x000000070b900000, 0x000000070b900000, 0x000000070ba00000|  0%| F|  |TAMS 0x000000070b900000, 0x000000070b900000| Untracked 
| 144|0x000000070ba00000, 0x000000070ba00000, 0x000000070bb00000|  0%| F|  |TAMS 0x000000070ba00000, 0x000000070ba00000| Untracked 
| 145|0x000000070bb00000, 0x000000070bb00000, 0x000000070bc00000|  0%| F|  |TAMS 0x000000070bb00000, 0x000000070bb00000| Untracked 
| 146|0x000000070bc00000, 0x000000070bc00000, 0x000000070bd00000|  0%| F|  |TAMS 0x000000070bc00000, 0x000000070bc00000| Untracked 
| 147|0x000000070bd00000, 0x000000070bd00000, 0x000000070be00000|  0%| F|  |TAMS 0x000000070bd00000, 0x000000070bd00000| Untracked 
| 148|0x000000070be00000, 0x000000070be00000, 0x000000070bf00000|  0%| F|  |TAMS 0x000000070be00000, 0x000000070be00000| Untracked 
| 149|0x000000070bf00000, 0x000000070bf00000, 0x000000070c000000|  0%| F|  |TAMS 0x000000070bf00000, 0x000000070bf00000| Untracked 
| 150|0x000000070c000000, 0x000000070c000000, 0x000000070c100000|  0%| F|  |TAMS 0x000000070c000000, 0x000000070c000000| Untracked 
| 151|0x000000070c100000, 0x000000070c100000, 0x000000070c200000|  0%| F|  |TAMS 0x000000070c100000, 0x000000070c100000| Untracked 
| 152|0x000000070c200000, 0x000000070c200000, 0x000000070c300000|  0%| F|  |TAMS 0x000000070c200000, 0x000000070c200000| Untracked 
| 153|0x000000070c300000, 0x000000070c300000, 0x000000070c400000|  0%| F|  |TAMS 0x000000070c300000, 0x000000070c300000| Untracked 
| 154|0x000000070c400000, 0x000000070c400000, 0x000000070c500000|  0%| F|  |TAMS 0x000000070c400000, 0x000000070c400000| Untracked 
| 155|0x000000070c500000, 0x000000070c500000, 0x000000070c600000|  0%| F|  |TAMS 0x000000070c500000, 0x000000070c500000| Untracked 
| 156|0x000000070c600000, 0x000000070c600000, 0x000000070c700000|  0%| F|  |TAMS 0x000000070c600000, 0x000000070c600000| Untracked 
| 157|0x000000070c700000, 0x000000070c700000, 0x000000070c800000|  0%| F|  |TAMS 0x000000070c700000, 0x000000070c700000| Untracked 
| 158|0x000000070c800000, 0x000000070c800000, 0x000000070c900000|  0%| F|  |TAMS 0x000000070c800000, 0x000000070c800000| Untracked 
| 159|0x000000070c900000, 0x000000070c900000, 0x000000070ca00000|  0%| F|  |TAMS 0x000000070c900000, 0x000000070c900000| Untracked 
| 160|0x000000070ca00000, 0x000000070ca00000, 0x000000070cb00000|  0%| F|  |TAMS 0x000000070ca00000, 0x000000070ca00000| Untracked 
| 161|0x000000070cb00000, 0x000000070cb00000, 0x000000070cc00000|  0%| F|  |TAMS 0x000000070cb00000, 0x000000070cb00000| Untracked 
| 162|0x000000070cc00000, 0x000000070cc00000, 0x000000070cd00000|  0%| F|  |TAMS 0x000000070cc00000, 0x000000070cc00000| Untracked 
| 163|0x000000070cd00000, 0x000000070cd00000, 0x000000070ce00000|  0%| F|  |TAMS 0x000000070cd00000, 0x000000070cd00000| Untracked 
| 164|0x000000070ce00000, 0x000000070ce00000, 0x000000070cf00000|  0%| F|  |TAMS 0x000000070ce00000, 0x000000070ce00000| Untracked 
| 165|0x000000070cf00000, 0x000000070cf00000, 0x000000070d000000|  0%| F|  |TAMS 0x000000070cf00000, 0x000000070cf00000| Untracked 
| 166|0x000000070d000000, 0x000000070d000000, 0x000000070d100000|  0%| F|  |TAMS 0x000000070d000000, 0x000000070d000000| Untracked 
| 167|0x000000070d100000, 0x000000070d100000, 0x000000070d200000|  0%| F|  |TAMS 0x000000070d100000, 0x000000070d100000| Untracked 
| 168|0x000000070d200000, 0x000000070d200000, 0x000000070d300000|  0%| F|  |TAMS 0x000000070d200000, 0x000000070d200000| Untracked 
| 169|0x000000070d300000, 0x000000070d300000, 0x000000070d400000|  0%| F|  |TAMS 0x000000070d300000, 0x000000070d300000| Untracked 
| 170|0x000000070d400000, 0x000000070d400000, 0x000000070d500000|  0%| F|  |TAMS 0x000000070d400000, 0x000000070d400000| Untracked 
| 171|0x000000070d500000, 0x000000070d500000, 0x000000070d600000|  0%| F|  |TAMS 0x000000070d500000, 0x000000070d500000| Untracked 
| 172|0x000000070d600000, 0x000000070d600000, 0x000000070d700000|  0%| F|  |TAMS 0x000000070d600000, 0x000000070d600000| Untracked 
| 173|0x000000070d700000, 0x000000070d700000, 0x000000070d800000|  0%| F|  |TAMS 0x000000070d700000, 0x000000070d700000| Untracked 
| 174|0x000000070d800000, 0x000000070d800000, 0x000000070d900000|  0%| F|  |TAMS 0x000000070d800000, 0x000000070d800000| Untracked 
| 175|0x000000070d900000, 0x000000070d900000, 0x000000070da00000|  0%| F|  |TAMS 0x000000070d900000, 0x000000070d900000| Untracked 
| 176|0x000000070da00000, 0x000000070da00000, 0x000000070db00000|  0%| F|  |TAMS 0x000000070da00000, 0x000000070da00000| Untracked 
| 177|0x000000070db00000, 0x000000070db00000, 0x000000070dc00000|  0%| F|  |TAMS 0x000000070db00000, 0x000000070db00000| Untracked 
| 178|0x000000070dc00000, 0x000000070dc00000, 0x000000070dd00000|  0%| F|  |TAMS 0x000000070dc00000, 0x000000070dc00000| Untracked 
| 179|0x000000070dd00000, 0x000000070dd26c80, 0x000000070de00000| 15%| S|CS|TAMS 0x000000070dd00000, 0x000000070dd00000| Complete 
| 180|0x000000070de00000, 0x000000070df00000, 0x000000070df00000|100%| S|CS|TAMS 0x000000070de00000, 0x000000070de00000| Complete 
| 181|0x000000070df00000, 0x000000070e000000, 0x000000070e000000|100%| S|CS|TAMS 0x000000070df00000, 0x000000070df00000| Complete 
| 182|0x000000070e000000, 0x000000070e100000, 0x000000070e100000|100%| S|CS|TAMS 0x000000070e000000, 0x000000070e000000| Complete 
| 183|0x000000070e100000, 0x000000070e200000, 0x000000070e200000|100%| S|CS|TAMS 0x000000070e100000, 0x000000070e100000| Complete 
| 184|0x000000070e200000, 0x000000070e300000, 0x000000070e300000|100%| S|CS|TAMS 0x000000070e200000, 0x000000070e200000| Complete 
| 185|0x000000070e300000, 0x000000070e400000, 0x000000070e400000|100%| S|CS|TAMS 0x000000070e300000, 0x000000070e300000| Complete 
| 186|0x000000070e400000, 0x000000070e500000, 0x000000070e500000|100%| S|CS|TAMS 0x000000070e400000, 0x000000070e400000| Complete 
| 187|0x000000070e500000, 0x000000070e500000, 0x000000070e600000|  0%| F|  |TAMS 0x000000070e500000, 0x000000070e500000| Untracked 
| 188|0x000000070e600000, 0x000000070e600000, 0x000000070e700000|  0%| F|  |TAMS 0x000000070e600000, 0x000000070e600000| Untracked 
| 189|0x000000070e700000, 0x000000070e700000, 0x000000070e800000|  0%| F|  |TAMS 0x000000070e700000, 0x000000070e700000| Untracked 
| 190|0x000000070e800000, 0x000000070e800000, 0x000000070e900000|  0%| F|  |TAMS 0x000000070e800000, 0x000000070e800000| Untracked 
| 191|0x000000070e900000, 0x000000070e900000, 0x000000070ea00000|  0%| F|  |TAMS 0x000000070e900000, 0x000000070e900000| Untracked 
| 192|0x000000070ea00000, 0x000000070ea00000, 0x000000070eb00000|  0%| F|  |TAMS 0x000000070ea00000, 0x000000070ea00000| Untracked 
| 193|0x000000070eb00000, 0x000000070eb00000, 0x000000070ec00000|  0%| F|  |TAMS 0x000000070eb00000, 0x000000070eb00000| Untracked 
| 194|0x000000070ec00000, 0x000000070ec00000, 0x000000070ed00000|  0%| F|  |TAMS 0x000000070ec00000, 0x000000070ec00000| Untracked 
| 195|0x000000070ed00000, 0x000000070ed00000, 0x000000070ee00000|  0%| F|  |TAMS 0x000000070ed00000, 0x000000070ed00000| Untracked 
| 196|0x000000070ee00000, 0x000000070ee00000, 0x000000070ef00000|  0%| F|  |TAMS 0x000000070ee00000, 0x000000070ee00000| Untracked 
| 197|0x000000070ef00000, 0x000000070ef00000, 0x000000070f000000|  0%| F|  |TAMS 0x000000070ef00000, 0x000000070ef00000| Untracked 
| 198|0x000000070f000000, 0x000000070f000000, 0x000000070f100000|  0%| F|  |TAMS 0x000000070f000000, 0x000000070f000000| Untracked 
| 199|0x000000070f100000, 0x000000070f100000, 0x000000070f200000|  0%| F|  |TAMS 0x000000070f100000, 0x000000070f100000| Untracked 
| 200|0x000000070f200000, 0x000000070f200000, 0x000000070f300000|  0%| F|  |TAMS 0x000000070f200000, 0x000000070f200000| Untracked 
| 201|0x000000070f300000, 0x000000070f300000, 0x000000070f400000|  0%| F|  |TAMS 0x000000070f300000, 0x000000070f300000| Untracked 
| 202|0x000000070f400000, 0x000000070f400000, 0x000000070f500000|  0%| F|  |TAMS 0x000000070f400000, 0x000000070f400000| Untracked 
| 203|0x000000070f500000, 0x000000070f500000, 0x000000070f600000|  0%| F|  |TAMS 0x000000070f500000, 0x000000070f500000| Untracked 
| 204|0x000000070f600000, 0x000000070f600000, 0x000000070f700000|  0%| F|  |TAMS 0x000000070f600000, 0x000000070f600000| Untracked 
| 205|0x000000070f700000, 0x000000070f700000, 0x000000070f800000|  0%| F|  |TAMS 0x000000070f700000, 0x000000070f700000| Untracked 
| 206|0x000000070f800000, 0x000000070f800000, 0x000000070f900000|  0%| F|  |TAMS 0x000000070f800000, 0x000000070f800000| Untracked 
| 207|0x000000070f900000, 0x000000070f900000, 0x000000070fa00000|  0%| F|  |TAMS 0x000000070f900000, 0x000000070f900000| Untracked 
| 208|0x000000070fa00000, 0x000000070fa00000, 0x000000070fb00000|  0%| F|  |TAMS 0x000000070fa00000, 0x000000070fa00000| Untracked 
| 209|0x000000070fb00000, 0x000000070fb00000, 0x000000070fc00000|  0%| F|  |TAMS 0x000000070fb00000, 0x000000070fb00000| Untracked 
| 210|0x000000070fc00000, 0x000000070fc00000, 0x000000070fd00000|  0%| F|  |TAMS 0x000000070fc00000, 0x000000070fc00000| Untracked 
| 211|0x000000070fd00000, 0x000000070fd00000, 0x000000070fe00000|  0%| F|  |TAMS 0x000000070fd00000, 0x000000070fd00000| Untracked 
| 212|0x000000070fe00000, 0x000000070fe00000, 0x000000070ff00000|  0%| F|  |TAMS 0x000000070fe00000, 0x000000070fe00000| Untracked 
| 213|0x000000070ff00000, 0x000000070ff00000, 0x0000000710000000|  0%| F|  |TAMS 0x000000070ff00000, 0x000000070ff00000| Untracked 
| 214|0x0000000710000000, 0x0000000710000000, 0x0000000710100000|  0%| F|  |TAMS 0x0000000710000000, 0x0000000710000000| Untracked 
| 215|0x0000000710100000, 0x0000000710100000, 0x0000000710200000|  0%| F|  |TAMS 0x0000000710100000, 0x0000000710100000| Untracked 
| 216|0x0000000710200000, 0x0000000710200000, 0x0000000710300000|  0%| F|  |TAMS 0x0000000710200000, 0x0000000710200000| Untracked 
| 217|0x0000000710300000, 0x0000000710300000, 0x0000000710400000|  0%| F|  |TAMS 0x0000000710300000, 0x0000000710300000| Untracked 
| 218|0x0000000710400000, 0x0000000710400000, 0x0000000710500000|  0%| F|  |TAMS 0x0000000710400000, 0x0000000710400000| Untracked 
| 219|0x0000000710500000, 0x0000000710500000, 0x0000000710600000|  0%| F|  |TAMS 0x0000000710500000, 0x0000000710500000| Untracked 
| 220|0x0000000710600000, 0x0000000710600000, 0x0000000710700000|  0%| F|  |TAMS 0x0000000710600000, 0x0000000710600000| Untracked 
| 221|0x0000000710700000, 0x0000000710700000, 0x0000000710800000|  0%| F|  |TAMS 0x0000000710700000, 0x0000000710700000| Untracked 
| 222|0x0000000710800000, 0x0000000710800000, 0x0000000710900000|  0%| F|  |TAMS 0x0000000710800000, 0x0000000710800000| Untracked 
| 223|0x0000000710900000, 0x0000000710900000, 0x0000000710a00000|  0%| F|  |TAMS 0x0000000710900000, 0x0000000710900000| Untracked 
| 224|0x0000000710a00000, 0x0000000710a00000, 0x0000000710b00000|  0%| F|  |TAMS 0x0000000710a00000, 0x0000000710a00000| Untracked 
| 225|0x0000000710b00000, 0x0000000710b00000, 0x0000000710c00000|  0%| F|  |TAMS 0x0000000710b00000, 0x0000000710b00000| Untracked 
| 226|0x0000000710c00000, 0x0000000710c00000, 0x0000000710d00000|  0%| F|  |TAMS 0x0000000710c00000, 0x0000000710c00000| Untracked 
| 227|0x0000000710d00000, 0x0000000710d00000, 0x0000000710e00000|  0%| F|  |TAMS 0x0000000710d00000, 0x0000000710d00000| Untracked 
| 228|0x0000000710e00000, 0x0000000710e00000, 0x0000000710f00000|  0%| F|  |TAMS 0x0000000710e00000, 0x0000000710e00000| Untracked 
| 229|0x0000000710f00000, 0x0000000710f00000, 0x0000000711000000|  0%| F|  |TAMS 0x0000000710f00000, 0x0000000710f00000| Untracked 
| 230|0x0000000711000000, 0x0000000711000000, 0x0000000711100000|  0%| F|  |TAMS 0x0000000711000000, 0x0000000711000000| Untracked 
| 231|0x0000000711100000, 0x0000000711100000, 0x0000000711200000|  0%| F|  |TAMS 0x0000000711100000, 0x0000000711100000| Untracked 
| 232|0x0000000711200000, 0x0000000711200000, 0x0000000711300000|  0%| F|  |TAMS 0x0000000711200000, 0x0000000711200000| Untracked 
| 233|0x0000000711300000, 0x0000000711300000, 0x0000000711400000|  0%| F|  |TAMS 0x0000000711300000, 0x0000000711300000| Untracked 
| 234|0x0000000711400000, 0x0000000711400000, 0x0000000711500000|  0%| F|  |TAMS 0x0000000711400000, 0x0000000711400000| Untracked 
| 235|0x0000000711500000, 0x0000000711500000, 0x0000000711600000|  0%| F|  |TAMS 0x0000000711500000, 0x0000000711500000| Untracked 
| 236|0x0000000711600000, 0x0000000711600000, 0x0000000711700000|  0%| F|  |TAMS 0x0000000711600000, 0x0000000711600000| Untracked 
| 237|0x0000000711700000, 0x0000000711700000, 0x0000000711800000|  0%| F|  |TAMS 0x0000000711700000, 0x0000000711700000| Untracked 
| 238|0x0000000711800000, 0x0000000711800000, 0x0000000711900000|  0%| F|  |TAMS 0x0000000711800000, 0x0000000711800000| Untracked 
| 239|0x0000000711900000, 0x0000000711900000, 0x0000000711a00000|  0%| F|  |TAMS 0x0000000711900000, 0x0000000711900000| Untracked 
| 240|0x0000000711a00000, 0x0000000711a00000, 0x0000000711b00000|  0%| F|  |TAMS 0x0000000711a00000, 0x0000000711a00000| Untracked 
| 241|0x0000000711b00000, 0x0000000711b00000, 0x0000000711c00000|  0%| F|  |TAMS 0x0000000711b00000, 0x0000000711b00000| Untracked 
| 242|0x0000000711c00000, 0x0000000711c00000, 0x0000000711d00000|  0%| F|  |TAMS 0x0000000711c00000, 0x0000000711c00000| Untracked 
| 243|0x0000000711d00000, 0x0000000711d00000, 0x0000000711e00000|  0%| F|  |TAMS 0x0000000711d00000, 0x0000000711d00000| Untracked 
| 244|0x0000000711e00000, 0x0000000711e00000, 0x0000000711f00000|  0%| F|  |TAMS 0x0000000711e00000, 0x0000000711e00000| Untracked 
| 245|0x0000000711f00000, 0x0000000711f00000, 0x0000000712000000|  0%| F|  |TAMS 0x0000000711f00000, 0x0000000711f00000| Untracked 
| 246|0x0000000712000000, 0x000000071207b628, 0x0000000712100000| 48%| E|  |TAMS 0x0000000712000000, 0x0000000712000000| Complete 
| 247|0x0000000712100000, 0x0000000712200000, 0x0000000712200000|100%| E|CS|TAMS 0x0000000712100000, 0x0000000712100000| Complete 
| 248|0x0000000712200000, 0x0000000712300000, 0x0000000712300000|100%| E|CS|TAMS 0x0000000712200000, 0x0000000712200000| Complete 
| 249|0x0000000712300000, 0x0000000712400000, 0x0000000712400000|100%| E|CS|TAMS 0x0000000712300000, 0x0000000712300000| Complete 
| 250|0x0000000712400000, 0x0000000712500000, 0x0000000712500000|100%| E|CS|TAMS 0x0000000712400000, 0x0000000712400000| Complete 
| 251|0x0000000712500000, 0x0000000712600000, 0x0000000712600000|100%| E|CS|TAMS 0x0000000712500000, 0x0000000712500000| Complete 
| 252|0x0000000712600000, 0x0000000712700000, 0x0000000712700000|100%| E|CS|TAMS 0x0000000712600000, 0x0000000712600000| Complete 
| 253|0x0000000712700000, 0x0000000712800000, 0x0000000712800000|100%| E|CS|TAMS 0x0000000712700000, 0x0000000712700000| Complete 

Card table byte_map: [0x000002a1bd5a0000,0x000002a1bdd90000] _byte_map_base: 0x000002a1b9d8b000

Marking Bits (Prev, Next): (CMBitMap*) 0x000002a1acfb9e70, (CMBitMap*) 0x000002a1acfb9e38
 Prev Bits: [0x000002a1c24e0000, 0x000002a1c6438000)
 Next Bits: [0x000002a1be580000, 0x000002a1c24d8000)

Polling page: 0x000002a1a3700000

Metaspace:

Usage:
  Non-class:     27.06 MB capacity,    26.61 MB ( 98%) used,   382.91 KB (  1%) free+waste,    79.19 KB ( <1%) overhead. 
      Class:      3.76 MB capacity,     3.49 MB ( 93%) used,   238.09 KB (  6%) free+waste,    39.81 KB (  1%) overhead. 
       Both:     30.82 MB capacity,    30.10 MB ( 98%) used,   620.99 KB (  2%) free+waste,   119.00 KB ( <1%) overhead. 

Virtual space:
  Non-class space:       28.00 MB reserved,      27.25 MB ( 97%) committed 
      Class space:        1.00 GB reserved,       3.88 MB ( <1%) committed 
             Both:        1.03 GB reserved,      31.12 MB (  3%) committed 

Chunk freelists:
   Non-Class:  256 bytes
       Class:  0 bytes
        Both:  256 bytes

CodeHeap 'non-profiled nmethods': size=120000Kb used=2232Kb max_used=2232Kb free=117767Kb
 bounds [0x000002a1b4be0000, 0x000002a1b4e50000, 0x000002a1bc110000]
CodeHeap 'profiled nmethods': size=120000Kb used=8159Kb max_used=8159Kb free=111840Kb
 bounds [0x000002a1ad6b0000, 0x000002a1adeb0000, 0x000002a1b4be0000]
CodeHeap 'non-nmethods': size=5760Kb used=1455Kb max_used=1544Kb free=4304Kb
 bounds [0x000002a1ad110000, 0x000002a1ad380000, 0x000002a1ad6b0000]
 total_blobs=4059 nmethods=3251 adapters=727
 compilation: enabled
              stopped_count=0, restarted_count=0
 full_count=0

Compilation events (10 events):
Event: 513.082 Thread 0x000002a1c924d000 3249   !   3       java.lang.invoke.MethodHandles$Lookup::revealDirect (209 bytes)
Event: 513.083 Thread 0x000002a1c924d000 nmethod 3249 0x000002a1adea3790 code [0x000002a1adea3b40, 0x000002a1adea52d8]
Event: 513.083 Thread 0x000002a1c924d000 3250       3       java.lang.invoke.InfoFromMemberName::<init> (72 bytes)
Event: 513.083 Thread 0x000002a1c924d000 nmethod 3250 0x000002a1adea6290 code [0x000002a1adea6440, 0x000002a1adea6618]
Event: 513.083 Thread 0x000002a1c924d000 3251       3       java.lang.invoke.AbstractValidatingLambdaMetafactory::isAdaptableToAsReturn (36 bytes)
Event: 513.083 Thread 0x000002a1c924d000 nmethod 3251 0x000002a1adea6710 code [0x000002a1adea68e0, 0x000002a1adea6da8]
Event: 513.083 Thread 0x000002a1c924d000 3247       3       java.lang.invoke.LambdaForm$DMH/0x00000008001e2440::invokeStatic (30 bytes)
Event: 513.083 Thread 0x000002a1c924d000 nmethod 3247 0x000002a1adea7010 code [0x000002a1adea7200, 0x000002a1adea78c8]
Event: 513.085 Thread 0x000002a1c924d000 3252       3       java.util.concurrent.ThreadPoolExecutor::workerCountOf (5 bytes)
Event: 513.085 Thread 0x000002a1c924d000 nmethod 3252 0x000002a1adea7b90 code [0x000002a1adea7d20, 0x000002a1adea7df8]

GC Heap History (6 events):
Event: 0.787 GC heap before
{Heap before GC invocations=0 (full 0):
 garbage-first heap   total 260096K, used 23552K [0x0000000702a00000, 0x0000000800000000)
  region size 1024K, 24 young (24576K), 0 survivors (0K)
 Metaspace       used 11471K, capacity 11773K, committed 12032K, reserved 1060864K
  class space    used 1049K, capacity 1161K, committed 1280K, reserved 1048576K
}
Event: 0.793 GC heap after
{Heap after GC invocations=1 (full 0):
 garbage-first heap   total 260096K, used 5612K [0x0000000702a00000, 0x0000000800000000)
  region size 1024K, 3 young (3072K), 3 survivors (3072K)
 Metaspace       used 11471K, capacity 11773K, committed 12032K, reserved 1060864K
  class space    used 1049K, capacity 1161K, committed 1280K, reserved 1048576K
}
Event: 2.289 GC heap before
{Heap before GC invocations=1 (full 0):
 garbage-first heap   total 260096K, used 63980K [0x0000000702a00000, 0x0000000800000000)
  region size 1024K, 61 young (62464K), 3 survivors (3072K)
 Metaspace       used 20712K, capacity 21155K, committed 21248K, reserved 1069056K
  class space    used 2144K, capacity 2280K, committed 2304K, reserved 1048576K
}
Event: 2.293 GC heap after
{Heap after GC invocations=2 (full 0):
 garbage-first heap   total 260096K, used 7817K [0x0000000702a00000, 0x0000000800000000)
  region size 1024K, 6 young (6144K), 6 survivors (6144K)
 Metaspace       used 20712K, capacity 21155K, committed 21248K, reserved 1069056K
  class space    used 2144K, capacity 2280K, committed 2304K, reserved 1048576K
}
Event: 3.249 GC heap before
{Heap before GC invocations=3 (full 0):
 garbage-first heap   total 260096K, used 71305K [0x0000000702a00000, 0x0000000800000000)
  region size 1024K, 67 young (68608K), 6 survivors (6144K)
 Metaspace       used 29642K, capacity 30402K, committed 30720K, reserved 1077248K
  class space    used 3488K, capacity 3761K, committed 3840K, reserved 1048576K
}
Event: 3.257 GC heap after
{Heap after GC invocations=4 (full 0):
 garbage-first heap   total 260096K, used 13734K [0x0000000702a00000, 0x0000000800000000)
  region size 1024K, 8 young (8192K), 8 survivors (8192K)
 Metaspace       used 29642K, capacity 30402K, committed 30720K, reserved 1077248K
  class space    used 3488K, capacity 3761K, committed 3840K, reserved 1048576K
}

Deoptimization events (10 events):
Event: 5.658 Thread 0x000002a1cb045800 Uncommon trap: reason=class_check action=maybe_recompile pc=0x000002a1b4d640f8 method=java.util.concurrent.ConcurrentHashMap.putVal(Ljava/lang/Object;Ljava/lang/Object;Z)Ljava/lang/Object; @ 242 c2
Event: 7.361 Thread 0x000002a1cba02000 Uncommon trap: reason=class_check action=maybe_recompile pc=0x000002a1b4d640f8 method=java.util.concurrent.ConcurrentHashMap.putVal(Ljava/lang/Object;Ljava/lang/Object;Z)Ljava/lang/Object; @ 242 c2
Event: 512.182 Thread 0x000002a1cb045800 Uncommon trap: reason=profile_predicate action=maybe_recompile pc=0x000002a1b4dc1004 method=com.sun.marlin.Renderer._endRendering(IILcom/sun/marlin/MarlinAlphaConsumer;)V @ 1253 c2
Event: 512.192 Thread 0x000002a1cb045800 Uncommon trap: reason=profile_predicate action=maybe_recompile pc=0x000002a1b4dc1004 method=com.sun.marlin.Renderer._endRendering(IILcom/sun/marlin/MarlinAlphaConsumer;)V @ 1253 c2
Event: 512.193 Thread 0x000002a1cb045800 Uncommon trap: reason=unstable_if action=reinterpret pc=0x000002a1b4dd5280 method=com.sun.javafx.tk.quantum.QuantumToolkit.postPulse()V @ 88 c2
Event: 512.387 Thread 0x000002a1cb045800 Uncommon trap: reason=loop_limit_check action=maybe_recompile pc=0x000002a1b4dec09c method=com.sun.marlin.Renderer._endRendering(IILcom/sun/marlin/MarlinAlphaConsumer;)V @ 1011 c2
Event: 512.387 Thread 0x000002a1cb045800 Uncommon trap: reason=profile_predicate action=maybe_recompile pc=0x000002a1b4dc1004 method=com.sun.marlin.Renderer._endRendering(IILcom/sun/marlin/MarlinAlphaConsumer;)V @ 1253 c2
Event: 512.393 Thread 0x000002a1cb045800 Uncommon trap: reason=profile_predicate action=maybe_recompile pc=0x000002a1b4dc1004 method=com.sun.marlin.Renderer._endRendering(IILcom/sun/marlin/MarlinAlphaConsumer;)V @ 1253 c2
Event: 513.025 Thread 0x000002a1cba02000 Uncommon trap: reason=unstable_if action=reinterpret pc=0x000002a1b4dd63fc method=com.sun.javafx.tk.quantum.QuantumToolkit.postPulse()V @ 88 c2
Event: 513.084 Thread 0x000002a1cc3c9800 Uncommon trap: reason=intrinsic_or_type_checked_inlining action=make_not_entrant pc=0x000002a1b4d1db7c method=java.util.Arrays.copyOf([Ljava/lang/Object;ILjava/lang/Class;)[Ljava/lang/Object; @ 35 c2

Classes redefined (1 events):
Event: 0.196 Thread 0x000002a1c91b9800 redefined class name=java.lang.Throwable, count=1

Internal exceptions (10 events):
Event: 3.000 Thread 0x000002a1cac4c000 Exception <a 'java/lang/IncompatibleClassChangeError'{0x000000070f641c50}: Found class java.lang.Object, but interface was expected> (0x000000070f641c50) thrown at [./open/src/hotspot/share/interpreter/linkResolver.cpp, line 839]
Event: 3.057 Thread 0x000002a1cac4c000 Exception <a 'java/io/FileNotFoundException'{0x000000070f3c8648}> (0x000000070f3c8648) thrown at [./open/src/hotspot/share/prims/jni.cpp, line 611]
Event: 3.057 Thread 0x000002a1cac4c000 Exception <a 'java/io/FileNotFoundException'{0x000000070f3cac40}> (0x000000070f3cac40) thrown at [./open/src/hotspot/share/prims/jni.cpp, line 611]
Event: 3.058 Thread 0x000002a1cac4c000 Exception <a 'java/io/FileNotFoundException'{0x000000070f3fc4b0}> (0x000000070f3fc4b0) thrown at [./open/src/hotspot/share/prims/jni.cpp, line 611]
Event: 3.058 Thread 0x000002a1cac4c000 Exception <a 'java/io/FileNotFoundException'{0x000000070f3fdc98}> (0x000000070f3fdc98) thrown at [./open/src/hotspot/share/prims/jni.cpp, line 611]
Event: 3.152 Thread 0x000002a1cb045800 Exception <a 'java/lang/NoSuchMethodError'{0x000000070ee1bbe0}: 'int java.lang.invoke.DirectMethodHandle$Holder.invokeStaticInit(java.lang.Object, java.lang.Object)'> (0x000000070ee1bbe0) thrown at [./open/src/hotspot/share/interpreter/linkResolver.cpp, l
Event: 3.181 Thread 0x000002a1cb045800 Exception <a 'java/lang/NoSuchMethodError'{0x000000070ed47c10}: 'java.lang.Object java.lang.invoke.DirectMethodHandle$Holder.invokeStaticInit(java.lang.Object, int)'> (0x000000070ed47c10) thrown at [./open/src/hotspot/share/interpreter/linkResolver.cpp, l
Event: 513.034 Thread 0x000002a1cac4c000 Exception <a 'java/lang/NoSuchMethodError'{0x00000007121260d0}: 'long java.lang.invoke.DirectMethodHandle$Holder.invokeStatic(java.lang.Object, java.lang.Object, java.lang.Object)'> (0x00000007121260d0) thrown at [./open/src/hotspot/share/interpreter/link
Event: 513.034 Thread 0x000002a1cac4c000 Exception <a 'java/lang/NoSuchMethodError'{0x00000007121293c0}: 'long java.lang.invoke.DirectMethodHandle$Holder.invokeStaticInit(java.lang.Object, java.lang.Object, java.lang.Object)'> (0x00000007121293c0) thrown at [./open/src/hotspot/share/interpreter/
Event: 513.037 Thread 0x000002a1cac4c000 Exception <a 'java/lang/NoSuchMethodError'{0x000000071213ed00}: 'java.lang.Object java.lang.invoke.Invokers$Holder.linkToTargetMethod(java.lang.Object, long, java.lang.Object)'> (0x000000071213ed00) thrown at [./open/src/hotspot/share/interpreter/linkReso

Events (10 events):
Event: 513.085 loading class com/sun/javafx/tk/quantum/QuantumRenderer done
Event: 513.085 Thread 0x000002a1cc3c9800 Thread exited: 0x000002a1cc3c9800
Event: 513.085 loading class com/sun/javafx/tk/quantum/QuantumToolkit
Event: 513.085 loading class com/sun/javafx/tk/quantum/QuantumToolkit done
Event: 513.086 Thread 0x000002a1cc3c6800 DEOPT PACKING pc=0x000002a1ad8d65cc sp=0x000000fa4e9ff0b0
Event: 513.086 Thread 0x000002a1cc3c6800 DEOPT UNPACKING pc=0x000002a1ad14bb5e sp=0x000000fa4e9fe510 mode 1
Event: 513.086 Thread 0x000002a1cc3c6800 Thread exited: 0x000002a1cc3c6800
Event: 513.087 Thread 0x000002a1c9dcc800 Thread exited: 0x000002a1c9dcc800
Event: 513.087 Executing VM operation: Exit
Event: 513.087 Thread 0x000002a1c923d800 Thread exited: 0x000002a1c923d800


Dynamic libraries:
0x00007ff75fb70000 - 0x00007ff75fb80000 	C:\Program Files\Java\jdk-11\bin\java.exe
0x00007ff90e030000 - 0x00007ff90e228000 	C:\Windows\SYSTEM32\ntdll.dll
0x00007ff90d800000 - 0x00007ff90d8c2000 	C:\Windows\System32\KERNEL32.DLL
0x00007ff90b6c0000 - 0x00007ff90b9b6000 	C:\Windows\System32\KERNELBASE.dll
0x00007ff90bc00000 - 0x00007ff90bd00000 	C:\Windows\System32\ucrtbase.dll
0x00007ff908720000 - 0x00007ff908739000 	C:\Program Files\Java\jdk-11\bin\jli.dll
0x00007ff906af0000 - 0x00007ff906b0b000 	C:\Program Files\Java\jdk-11\bin\VCRUNTIME140.dll
0x00007ff90c3c0000 - 0x00007ff90c471000 	C:\Windows\System32\ADVAPI32.dll
0x00007ff90d380000 - 0x00007ff90d41e000 	C:\Windows\System32\msvcrt.dll
0x00007ff90d760000 - 0x00007ff90d7ff000 	C:\Windows\System32\sechost.dll
0x00007ff90c4e0000 - 0x00007ff90c600000 	C:\Windows\System32\RPCRT4.dll
0x00007ff90be20000 - 0x00007ff90be47000 	C:\Windows\System32\bcrypt.dll
0x00007ff90d5b0000 - 0x00007ff90d751000 	C:\Windows\System32\USER32.dll
0x00007ff90bb20000 - 0x00007ff90bb42000 	C:\Windows\System32\win32u.dll
0x00007ff90c050000 - 0x00007ff90c07b000 	C:\Windows\System32\GDI32.dll
0x00007ff8f8ab0000 - 0x00007ff8f8d4b000 	C:\Windows\WinSxS\amd64_microsoft.windows.common-controls_6595b64144ccf1df_6.0.19041.6456_none_60b8a6cb71f64256\COMCTL32.dll
0x00007ff90bd00000 - 0x00007ff90be19000 	C:\Windows\System32\gdi32full.dll
0x00007ff90bf20000 - 0x00007ff90bfbd000 	C:\Windows\System32\msvcp_win.dll
0x00007ff9069e0000 - 0x00007ff9069ea000 	C:\Windows\SYSTEM32\VERSION.dll
0x00007ff90dc60000 - 0x00007ff90dc8f000 	C:\Windows\System32\IMM32.DLL
0x00007ff908b70000 - 0x00007ff908b7c000 	C:\Program Files\Java\jdk-11\bin\vcruntime140_1.dll
0x00007ff8fc150000 - 0x00007ff8fc1de000 	C:\Program Files\Java\jdk-11\bin\msvcp140.dll
0x00007ff898cb0000 - 0x00007ff899813000 	C:\Program Files\Java\jdk-11\bin\server\jvm.dll
0x00007ff90d4e0000 - 0x00007ff90d4e8000 	C:\Windows\System32\PSAPI.DLL
0x00007ff8fda50000 - 0x00007ff8fda59000 	C:\Windows\SYSTEM32\WSOCK32.dll
0x00007ff8fbdb0000 - 0x00007ff8fbdd7000 	C:\Windows\SYSTEM32\WINMM.dll
0x00007ff90d310000 - 0x00007ff90d37b000 	C:\Windows\System32\WS2_32.dll
0x00007ff909550000 - 0x00007ff909562000 	C:\Windows\SYSTEM32\kernel.appcore.dll
0x00007ff8fc9c0000 - 0x00007ff8fc9d0000 	C:\Program Files\Java\jdk-11\bin\verify.dll
0x00007ff8f8e90000 - 0x00007ff8f9091000 	C:\Windows\SYSTEM32\DBGHELP.DLL
0x00007ff8eb710000 - 0x00007ff8eb744000 	C:\Windows\SYSTEM32\dbgcore.DLL
0x00007ff90bfc0000 - 0x00007ff90c042000 	C:\Windows\System32\bcryptPrimitives.dll
0x00007ff8fc990000 - 0x00007ff8fc9b8000 	C:\Program Files\Java\jdk-11\bin\java.dll
0x00007ff8fc980000 - 0x00007ff8fc98a000 	C:\Program Files\Java\jdk-11\bin\jimage.dll
0x00007ff8fc510000 - 0x00007ff8fc548000 	C:\Program Files\Java\jdk-11\bin\jdwp.dll
0x00007ff8fc970000 - 0x00007ff8fc97e000 	C:\Program Files\Java\jdk-11\bin\instrument.dll
0x00007ff8c7730000 - 0x00007ff8c7969000 	C:\Users\midoo\AppData\Local\Temp\idea_libasyncProfiler_dll_temp_folder7\libasyncProfiler.dll
0x00007ff8fc580000 - 0x00007ff8fc597000 	C:\Program Files\Java\jdk-11\bin\zip.dll
0x00007ff90c600000 - 0x00007ff90cd70000 	C:\Windows\System32\SHELL32.dll
0x00007ff909750000 - 0x00007ff909ef5000 	C:\Windows\SYSTEM32\windows.storage.dll
0x00007ff90dc90000 - 0x00007ff90dfe4000 	C:\Windows\System32\combase.dll
0x00007ff90b0f0000 - 0x00007ff90b11b000 	C:\Windows\SYSTEM32\Wldp.dll
0x00007ff90cdd0000 - 0x00007ff90ce9d000 	C:\Windows\System32\OLEAUT32.dll
0x00007ff90da00000 - 0x00007ff90daad000 	C:\Windows\System32\SHCORE.dll
0x00007ff90d420000 - 0x00007ff90d47b000 	C:\Windows\System32\shlwapi.dll
0x00007ff90b5f0000 - 0x00007ff90b614000 	C:\Windows\SYSTEM32\profapi.dll
0x00007ff8fc570000 - 0x00007ff8fc57b000 	C:\Program Files\Java\jdk-11\bin\dt_socket.dll
0x00007ff90ae50000 - 0x00007ff90aeba000 	C:\Windows\system32\mswsock.dll
0x00007ff8fc4f0000 - 0x00007ff8fc509000 	C:\Program Files\Java\jdk-11\bin\net.dll
0x00007ff904f80000 - 0x00007ff90508a000 	C:\Windows\SYSTEM32\WINHTTP.dll
0x00007ff8fb190000 - 0x00007ff8fb1a2000 	C:\Program Files\Java\jdk-11\bin\nio.dll
0x000002a1cb640000 - 0x000002a1cb643000 	C:\Users\midoo\.openjfx\cache\17.0.2-ea\api-ms-win-core-console-l1-1-0.dll
0x000002a1cb650000 - 0x000002a1cb653000 	C:\Users\midoo\.openjfx\cache\17.0.2-ea\api-ms-win-core-console-l1-2-0.dll
0x000002a1cb660000 - 0x000002a1cb663000 	C:\Users\midoo\.openjfx\cache\17.0.2-ea\api-ms-win-core-datetime-l1-1-0.dll
0x000002a1cb670000 - 0x000002a1cb673000 	C:\Users\midoo\.openjfx\cache\17.0.2-ea\api-ms-win-core-debug-l1-1-0.dll
0x000002a1cb680000 - 0x000002a1cb683000 	C:\Users\midoo\.openjfx\cache\17.0.2-ea\api-ms-win-core-errorhandling-l1-1-0.dll
0x000002a1cb690000 - 0x000002a1cb694000 	C:\Users\midoo\.openjfx\cache\17.0.2-ea\api-ms-win-core-file-l1-1-0.dll
0x000002a1cb6a0000 - 0x000002a1cb6a3000 	C:\Users\midoo\.openjfx\cache\17.0.2-ea\api-ms-win-core-file-l1-2-0.dll
0x000002a1cb6b0000 - 0x000002a1cb6b3000 	C:\Users\midoo\.openjfx\cache\17.0.2-ea\api-ms-win-core-file-l2-1-0.dll
0x000002a1cb6c0000 - 0x000002a1cb6c3000 	C:\Users\midoo\.openjfx\cache\17.0.2-ea\api-ms-win-core-handle-l1-1-0.dll
0x000002a1cb6d0000 - 0x000002a1cb6d3000 	C:\Users\midoo\.openjfx\cache\17.0.2-ea\api-ms-win-core-heap-l1-1-0.dll
0x000002a1cb6e0000 - 0x000002a1cb6e3000 	C:\Users\midoo\.openjfx\cache\17.0.2-ea\api-ms-win-core-interlocked-l1-1-0.dll
0x000002a1cb6f0000 - 0x000002a1cb6f3000 	C:\Users\midoo\.openjfx\cache\17.0.2-ea\api-ms-win-core-libraryloader-l1-1-0.dll
0x000002a1cb700000 - 0x000002a1cb703000 	C:\Users\midoo\.openjfx\cache\17.0.2-ea\api-ms-win-core-localization-l1-2-0.dll
0x000002a1cb710000 - 0x000002a1cb713000 	C:\Users\midoo\.openjfx\cache\17.0.2-ea\api-ms-win-core-memory-l1-1-0.dll
0x000002a1cb720000 - 0x000002a1cb723000 	C:\Users\midoo\.openjfx\cache\17.0.2-ea\api-ms-win-core-namedpipe-l1-1-0.dll
0x000002a1cb730000 - 0x000002a1cb733000 	C:\Users\midoo\.openjfx\cache\17.0.2-ea\api-ms-win-core-processenvironment-l1-1-0.dll
0x000002a1cb740000 - 0x000002a1cb743000 	C:\Users\midoo\.openjfx\cache\17.0.2-ea\api-ms-win-core-processthreads-l1-1-0.dll
0x000002a1cb750000 - 0x000002a1cb753000 	C:\Users\midoo\.openjfx\cache\17.0.2-ea\api-ms-win-core-processthreads-l1-1-1.dll
0x000002a1cb760000 - 0x000002a1cb763000 	C:\Users\midoo\.openjfx\cache\17.0.2-ea\api-ms-win-core-profile-l1-1-0.dll
0x000002a1cb770000 - 0x000002a1cb773000 	C:\Users\midoo\.openjfx\cache\17.0.2-ea\api-ms-win-core-rtlsupport-l1-1-0.dll
0x000002a1cb780000 - 0x000002a1cb783000 	C:\Users\midoo\.openjfx\cache\17.0.2-ea\api-ms-win-core-string-l1-1-0.dll
0x000002a1cb790000 - 0x000002a1cb793000 	C:\Users\midoo\.openjfx\cache\17.0.2-ea\api-ms-win-core-synch-l1-1-0.dll
0x000002a1cb7a0000 - 0x000002a1cb7a3000 	C:\Users\midoo\.openjfx\cache\17.0.2-ea\api-ms-win-core-synch-l1-2-0.dll
0x000002a1cb7b0000 - 0x000002a1cb7b3000 	C:\Users\midoo\.openjfx\cache\17.0.2-ea\api-ms-win-core-sysinfo-l1-1-0.dll
0x000002a1cb7c0000 - 0x000002a1cb7c3000 	C:\Users\midoo\.openjfx\cache\17.0.2-ea\api-ms-win-core-timezone-l1-1-0.dll
0x000002a1cb7d0000 - 0x000002a1cb7d3000 	C:\Users\midoo\.openjfx\cache\17.0.2-ea\api-ms-win-core-util-l1-1-0.dll
0x000002a1cb7e0000 - 0x000002a1cb7e3000 	C:\Users\midoo\.openjfx\cache\17.0.2-ea\api-ms-win-crt-conio-l1-1-0.dll
0x000002a1cb7f0000 - 0x000002a1cb7f4000 	C:\Users\midoo\.openjfx\cache\17.0.2-ea\api-ms-win-crt-convert-l1-1-0.dll
0x000002a1cb800000 - 0x000002a1cb803000 	C:\Users\midoo\.openjfx\cache\17.0.2-ea\api-ms-win-crt-environment-l1-1-0.dll
0x000002a1cb810000 - 0x000002a1cb813000 	C:\Users\midoo\.openjfx\cache\17.0.2-ea\api-ms-win-crt-filesystem-l1-1-0.dll
0x000002a1cb820000 - 0x000002a1cb823000 	C:\Users\midoo\.openjfx\cache\17.0.2-ea\api-ms-win-crt-heap-l1-1-0.dll
0x000002a1cb830000 - 0x000002a1cb833000 	C:\Users\midoo\.openjfx\cache\17.0.2-ea\api-ms-win-crt-locale-l1-1-0.dll
0x000002a1cb840000 - 0x000002a1cb845000 	C:\Users\midoo\.openjfx\cache\17.0.2-ea\api-ms-win-crt-math-l1-1-0.dll
0x000002a1cb850000 - 0x000002a1cb855000 	C:\Users\midoo\.openjfx\cache\17.0.2-ea\api-ms-win-crt-multibyte-l1-1-0.dll
0x000002a1cb860000 - 0x000002a1cb870000 	C:\Users\midoo\.openjfx\cache\17.0.2-ea\api-ms-win-crt-private-l1-1-0.dll
0x000002a1cb870000 - 0x000002a1cb873000 	C:\Users\midoo\.openjfx\cache\17.0.2-ea\api-ms-win-crt-process-l1-1-0.dll
0x000002a1cb880000 - 0x000002a1cb884000 	C:\Users\midoo\.openjfx\cache\17.0.2-ea\api-ms-win-crt-runtime-l1-1-0.dll
0x000002a1cc860000 - 0x000002a1cc864000 	C:\Users\midoo\.openjfx\cache\17.0.2-ea\api-ms-win-crt-stdio-l1-1-0.dll
0x000002a1cc870000 - 0x000002a1cc874000 	C:\Users\midoo\.openjfx\cache\17.0.2-ea\api-ms-win-crt-string-l1-1-0.dll
0x000002a1cc880000 - 0x000002a1cc883000 	C:\Users\midoo\.openjfx\cache\17.0.2-ea\api-ms-win-crt-time-l1-1-0.dll
0x000002a1cc890000 - 0x000002a1cc893000 	C:\Users\midoo\.openjfx\cache\17.0.2-ea\api-ms-win-crt-utility-l1-1-0.dll
0x00007ff8ed530000 - 0x00007ff8ed62c000 	C:\Users\midoo\.openjfx\cache\17.0.2-ea\ucrtbase.dll
0x00007ff8faf80000 - 0x00007ff8faf9a000 	C:\Users\midoo\.openjfx\cache\17.0.2-ea\vcruntime140.dll
0x00007ff8fb530000 - 0x00007ff8fb53c000 	C:\Users\midoo\.openjfx\cache\17.0.2-ea\vcruntime140_1.dll
0x00007ff8fac30000 - 0x00007ff8facbd000 	C:\Users\midoo\.openjfx\cache\17.0.2-ea\msvcp140.dll
0x00007ff8f7180000 - 0x00007ff8f71aa000 	C:\Users\midoo\.openjfx\cache\17.0.2-ea\prism_d3d.dll
0x00007ff89ec90000 - 0x00007ff89ee61000 	C:\Windows\system32\d3d9.dll
0x00007ff909370000 - 0x00007ff90939e000 	C:\Windows\SYSTEM32\dwmapi.dll
0x00007ff909060000 - 0x00007ff9090fe000 	C:\Windows\system32\uxtheme.dll
0x00007ff90d8d0000 - 0x00007ff90d9fb000 	C:\Windows\System32\ole32.dll
0x00007ff90bed0000 - 0x00007ff90bf1e000 	C:\Windows\System32\cfgmgr32.dll
0x00007ff8ed4e0000 - 0x00007ff8ed522000 	C:\Users\midoo\.openjfx\cache\17.0.2-ea\glass.dll
0x00007ff90c2e0000 - 0x00007ff90c3ba000 	C:\Windows\System32\COMDLG32.dll
0x00007ff90dab0000 - 0x00007ff90dbc5000 	C:\Windows\System32\MSCTF.dll
0x00007ff903ab0000 - 0x00007ff903aeb000 	C:\Windows\SYSTEM32\dxcore.dll
0x00007ff90b050000 - 0x00007ff90b068000 	C:\Windows\SYSTEM32\CRYPTSP.dll
0x00007ff90a690000 - 0x00007ff90a6c8000 	C:\Windows\system32\rsaenh.dll
0x00007ff90b5b0000 - 0x00007ff90b5de000 	C:\Windows\SYSTEM32\USERENV.dll
0x00007ff90b040000 - 0x00007ff90b04c000 	C:\Windows\SYSTEM32\CRYPTBASE.dll
0x00007ff90aac0000 - 0x00007ff90aafb000 	C:\Windows\SYSTEM32\IPHLPAPI.DLL
0x00007ff90c2d0000 - 0x00007ff90c2d8000 	C:\Windows\System32\NSI.dll
0x00007ff906180000 - 0x00007ff906197000 	C:\Windows\SYSTEM32\dhcpcsvc6.DLL
0x00007ff905fc0000 - 0x00007ff905fdd000 	C:\Windows\SYSTEM32\dhcpcsvc.DLL
0x00007ff90ab00000 - 0x00007ff90abca000 	C:\Windows\SYSTEM32\DNSAPI.dll
0x00007ff8dd810000 - 0x00007ff8dd850000 	C:\Users\midoo\AppData\Local\Temp\jna-103891496\jna12388744690336133945.dll
0x00007ff90d500000 - 0x00007ff90d5a9000 	C:\Windows\System32\clbcatq.dll
0x00007ff8ee670000 - 0x00007ff8ee681000 	C:\Windows\system32\wbem\wbemprox.dll
0x00007ff8f8e00000 - 0x00007ff8f8e90000 	C:\Windows\SYSTEM32\wbemcomn.dll
0x00007ff8ee640000 - 0x00007ff8ee654000 	C:\Windows\system32\wbem\wbemsvc.dll
0x00007ff8eda60000 - 0x00007ff8edb6c000 	C:\Windows\system32\wbem\fastprox.dll
0x00007ff8ed960000 - 0x00007ff8ed97f000 	C:\Windows\SYSTEM32\amsi.dll
0x00007ff8fac10000 - 0x00007ff8fac24000 	C:\Users\midoo\.openjfx\cache\17.0.2-ea\javafx_font.dll
0x00007ff8f6500000 - 0x00007ff8f677f000 	C:\Windows\SYSTEM32\dwrite.dll
0x00007ff908e80000 - 0x00007ff909036000 	C:\Windows\SYSTEM32\WindowsCodecs.dll
0x00007ff8f7380000 - 0x00007ff8f73be000 	C:\Windows\system32\dataexchange.dll
0x00007ff907e20000 - 0x00007ff908004000 	C:\Windows\system32\dcomp.dll
0x00007ff907580000 - 0x00007ff9077e4000 	C:\Windows\system32\d3d11.dll

dbghelp: loaded successfully - version: 4.0.5 - missing functions: none
symbol engine: initialized successfully - sym options: 0x614 - pdb path: .;C:\Program Files\Java\jdk-11\bin;C:\Windows\SYSTEM32;C:\Windows\WinSxS\amd64_microsoft.windows.common-controls_6595b64144ccf1df_6.0.19041.6456_none_60b8a6cb71f64256;C:\Program Files\Java\jdk-11\bin\server;C:\Users\midoo\AppData\Local\Temp\idea_libasyncProfiler_dll_temp_folder7;C:\Users\midoo\.openjfx\cache\17.0.2-ea;C:\Windows\System32\DriverStore\FileRepository\iigd_dch.inf_amd64_0797c0ea8580ae89;C:\Users\midoo\AppData\Local\Temp\jna-103891496;C:\Windows\system32\wbem;C:\Program Files\Common Files\Microsoft Shared\Ink

VM Arguments:
jvm_args: -agentlib:jdwp=transport=dt_socket,address=127.0.0.1:63289,suspend=y,server=n -javaagent:C:\Users\midoo\AppData\Local\JetBrains\IntelliJIdea2025.3\captureAgent\debugger-agent.jar=file:///C:/Users/midoo/AppData/Local/Temp/capture17002929906390236690.props -agentpath:C:\Users\midoo\AppData\Local\Temp\idea_libasyncProfiler_dll_temp_folder7\libasyncProfiler.dll=version,jfr,event=wall,interval=10ms,cstack=no,file=C:\Users\midoo\IdeaSnapshots\FrontendMain_2025_12_19_155130.jfr,dbghelppath=C:\Users\midoo\AppData\Local\Temp\idea_dbghelp_dll_temp_folder\dbghelp.dll,log=C:\Users\midoo\AppData\Local\Temp\FrontendMain_2025_12_19_155130.jfr.log.txt,logLevel=DEBUG -Dkotlinx.coroutines.debug.enable.creation.stack.trace=false -Ddebugger.agent.enable.coroutines=true -Dkotlinx.coroutines.debug.enable.flows.stack.trace=true -Dkotlinx.coroutines.debug.enable.mutable.state.flows.stack.trace=true -Ddebugger.async.stack.trace.for.all.threads=true -Dfile.encoding=UTF-8 
java_command: com.miduo.cloud.frontend.FrontendMain
java_class_path (initial): D:\莉盄馱撿覃彸唳\productiontools\miduo-frontend\target\classes;D:\莉盄馱撿覃彸唳\productiontools\miduo-common\target\classes;C:\Users\midoo\.m2\repository\com\fasterxml\jackson\datatype\jackson-datatype-jsr310\2.12.5\jackson-datatype-jsr310-2.12.5.jar;D:\莉盄馱撿覃彸唳\productiontools\miduo-entity\target\classes;C:\Users\midoo\.m2\repository\com\fasterxml\jackson\core\jackson-annotations\2.12.5\jackson-annotations-2.12.5.jar;D:\莉盄馱撿覃彸唳\productiontools\miduo-application\target\classes;D:\莉盄馱撿覃彸唳\productiontools\miduo-domain\target\classes;D:\莉盄馱撿覃彸唳\productiontools\miduo-infrastructure\target\classes;C:\Users\midoo\.m2\repository\com\baomidou\mybatis-plus-boot-starter\3.5.3.1\mybatis-plus-boot-starter-3.5.3.1.jar;C:\Users\midoo\.m2\repository\com\baomidou\mybatis-plus\3.5.3.1\mybatis-plus-3.5.3.1.jar;C:\Users\midoo\.m2\repository\com\baomidou\mybatis-plus-extension\3.5.3.1\mybatis-plus-extension-3.5.3.1.jar;C:\Users\midoo\.m2\repository\com\baomidou\mybatis-plus-core\3.5.3.1\mybatis-plus-core-3.5.3.1.jar;C:\Users\midoo\.m2\repository\com\baomidou\mybatis-plus-annotation\3.5.3.1\mybatis-plus-annotation-3.5.3.1.jar;C:\Users\midoo\.m2\repository\com\github\jsqlparser\jsqlparser\4.4\jsqlparser-4.4.jar;C:\Users\midoo\.m2\repository\org\mybatis\mybatis\3.5.10\mybatis-3.5.10.jar;C:\Users\midoo\.m2\repository\org\mybatis\mybatis-spring\2.0.7\mybatis-spring-2.0.7.jar;C:\Users\midoo\.m2\repository\com\mysql\mysql-connector-j\8.0.33\mysql-connector-j-8.0.33.jar;C:\Users\midoo\.m2\repository\com\google\protobuf\protobuf-java\3.21.9\protobuf-java-3.21.9.jar;C:\Users\midoo\.m2\repository\net\sourceforge\jtds\jtds\1.3.1\jtds-1.3.1.jar;C:\Users\midoo\.m2\repository\org\springframework\boot\spring-boot-starter-jdbc\2.5.6\spring-boot-starter-jdbc-2.5.6.jar;C:\Users\midoo\.m2\repository\com\zaxxer\HikariCP\4.0.3\HikariCP-4.0.3.jar;C:\Users\midoo\.m2\repository\org\springframework\spring-jdbc\5.3.12\spring-jdbc-5.3.12.jar;C:\Users\midoo
Launcher Type: SUN_STANDARD

[Global flags]
     intx CICompilerCount                          = 4                                         {product} {ergonomic}
     uint ConcGCThreads                            = 3                                         {product} {ergonomic}
     uint G1ConcRefinementThreads                  = 10                                        {product} {ergonomic}
   size_t G1HeapRegionSize                         = 1048576                                   {product} {ergonomic}
    uintx GCDrainStackTargetSize                   = 64                                        {product} {ergonomic}
   size_t InitialHeapSize                          = 266338304                                 {product} {ergonomic}
   size_t MarkStackSize                            = 4194304                                   {product} {ergonomic}
   size_t MaxHeapSize                              = 4250927104                                {product} {ergonomic}
   size_t MaxNewSize                               = 2550136832                                {product} {ergonomic}
   size_t MinHeapDeltaBytes                        = 1048576                                   {product} {ergonomic}
    uintx NonNMethodCodeHeapSize                   = 5836300                                {pd product} {ergonomic}
    uintx NonProfiledCodeHeapSize                  = 122910970                              {pd product} {ergonomic}
    uintx ProfiledCodeHeapSize                     = 122910970                              {pd product} {ergonomic}
    uintx ReservedCodeCacheSize                    = 251658240                              {pd product} {ergonomic}
     bool SegmentedCodeCache                       = true                                      {product} {ergonomic}
     bool UseCompressedClassPointers               = true                                 {lp64_product} {ergonomic}
     bool UseCompressedOops                        = true                                 {lp64_product} {ergonomic}
     bool UseG1GC                                  = true                                      {product} {ergonomic}
     bool UseLargePagesIndividualAllocation        = false                                  {pd product} {ergonomic}

Logging:
Log output configuration:
 #0: stdout all=warning uptime,level,tags
 #1: stderr all=off uptime,level,tags

Environment Variables:
PATH=C:\Program Files\Common Files\Oracle\Java\javapath;C:\Windows\system32;C:\Windows;C:\Windows\System32\Wbem;C:\Windows\System32\WindowsPowerShell\v1.0\;C:\Windows\System32\OpenSSH\;C:\Program Files\Microsoft SQL Server\130\Tools\Binn\;D:\SVN\bin;C:\Program Files\Microsoft SQL Server\Client SDK\ODBC\170\Tools\Binn\;D:\cursor\resources\app\bin;C:\Program Files\Microsoft SQL Server\170\Tools\Binn\;C:\Program Files\dotnet\;D:\Git\cmd;C:\Program Files\nodejs\;C:\Program Files\Apache\maven\bin;C:\Users\midoo\AppData\Local\Microsoft\WindowsApps;C:\Users\midoo\.dotnet\tools;C:\Users\midoo\AppData\Roaming\npm;D:\IDEA\IntelliJ IDEA 2025.3\bin;C:\Program Files\Apache\maven\bin;
USERNAME=midoo
OS=Windows_NT
PROCESSOR_IDENTIFIER=Intel64 Family 6 Model 165 Stepping 3, GenuineIntel



---------------  S Y S T E M  ---------------

OS: Windows 10 , 64 bit Build 19041 (10.0.19041.5915)

CPU:total 12 (initial active 12) (6 cores per cpu, 2 threads per core) family 6 model 165 stepping 3 microcode 0xe0, cmov, cx8, fxsr, mmx, sse, sse2, sse3, ssse3, sse4.1, sse4.2, popcnt, avx, avx2, aes, clmul, erms, 3dnowpref, lzcnt, ht, tsc, tscinvbit, bmi1, bmi2, adx, fma

Memory: 4k page, system-wide physical 16213M (4482M free)
TotalPageFile size 24917M (AvailPageFile size 7722M)
current process WorkingSet (physical memory assigned to process): 245M, peak: 295M
current process commit charge ("private bytes"): 466M, peak: 516M

vm_info: Java HotSpot(TM) 64-Bit Server VM (11.0.28+12-LTS-279) for windows-amd64 JRE (11.0.28+12-LTS-279), built on Jun 27 2025 10:10:38 by "mach5one" with MS VC++ 17.6 (VS2022)

END.
