#
# A fatal error has been detected by the Java Runtime Environment:
#
#  EXCEPTION_ACCESS_VIOLATION (0xc0000005) at pc=0x00007ffbf83f6ab7, pid=11616, tid=12184
#
# JRE version: Java(TM) SE Runtime Environment 18.9 (11.0.28+12) (build 11.0.28+12-LTS-279)
# Java VM: Java HotSpot(TM) 64-Bit Server VM 18.9 (11.0.28+12-LTS-279, mixed mode, tiered, compressed oops, g1 gc, windows-amd64)
# Problematic frame:
# C  [glass.dll+0x26ab7]
#
# No core dump will be written. Minidumps are not enabled by default on client versions of Windows
#
# If you would like to submit a bug report, please visit:
#   https://bugreport.java.com/bugreport/crash.jsp
#

---------------  S U M M A R Y ------------

Command Line: -javaagent:D:\IDEA\IntelliJ IDEA 2025.3\lib\idea_rt.jar=63429 -Dfile.encoding=UTF-8 com.miduo.cloud.frontend.FrontendMain

Host: Intel(R) Core(TM) i5-10400 CPU @ 2.90GHz, 12 cores, 15G,  Windows 10 , 64 bit Build 19041 (10.0.19041.5915)
Time: Thu Dec 25 14:57:50 2025  Windows 10 , 64 bit Build 19041 (10.0.19041.5915) elapsed time: 2.741583 seconds (0d 0h 0m 2s)

---------------  T H R E A D  ---------------

Current thread (0x000001904f1f8800):  VMThread "VM Thread" [stack: 0x0000007b3e700000,0x0000007b3e800000] [id=12184]

Stack: [0x0000007b3e700000,0x0000007b3e800000],  sp=0x0000007b3e7fede0,  free space=1019k
Native frames: (J=compiled Java code, j=interpreted, Vv=VM code, C=native code)
C  [glass.dll+0x26ab7]


siginfo: EXCEPTION_ACCESS_VIOLATION (0xc0000005), reading address 0x0000000000000000


Register to memory mapping:

RIP=0x00007ffbf83f6ab7 glass.dll
RAX=0x0 is NULL
RBX=0x000001904f20e810 is a global jni handle
RCX=0x000001904f1f8800 points into unknown readable memory: 0x00007ffbf76bdb10 | 10 db 6b f7 fb 7f 00 00
RDX=0x0000007b3e7fede0 points into unknown readable memory: 0x0000000000000000 | 00 00 00 00 00 00 00 00
RSP=0x0000007b3e7fede0 points into unknown readable memory: 0x0000000000000000 | 00 00 00 00 00 00 00 00
RBP=0x0000019050a7b848 points into unknown readable memory: 0x00007f34abc03db1 | b1 3d c0 ab 34 7f 00 00
RSI=0x0000019050a7b820 points into unknown readable memory: 0x7d387f345437cdcf | cf cd 37 54 34 7f 38 7d
RDI=0x00007f34abc03db1 is an unknown value
R8 =0x0000000000010002 is an unknown value
R9 =0x00007f34abc03db1 is an unknown value
R10=0x0000000000008000 is an unknown value
R11=0x0000007b3e7fed70 points into unknown readable memory: 0x0000019050a7b820 | 20 b8 a7 50 90 01 00 00
R12=0x00007ffbf83f4384 glass.dll
R13=0x000001904fab2a30 points into unknown readable memory: 0x8000000000000001 | 01 00 00 00 00 00 00 80
R14=0x0000007b3e7feed8 points into unknown readable memory: 0x0000007b3e7feec0 | c0 ee 7f 3e 7b 00 00 00
R15=0x0000019050a7b820 points into unknown readable memory: 0x7d387f345437cdcf | cf cd 37 54 34 7f 38 7d


Registers:
RAX=0x0000000000000000, RBX=0x000001904f20e810, RCX=0x000001904f1f8800, RDX=0x0000007b3e7fede0
RSP=0x0000007b3e7fede0, RBP=0x0000019050a7b848, RSI=0x0000019050a7b820, RDI=0x00007f34abc03db1
R8 =0x0000000000010002, R9 =0x00007f34abc03db1, R10=0x0000000000008000, R11=0x0000007b3e7fed70
R12=0x00007ffbf83f4384, R13=0x000001904fab2a30, R14=0x0000007b3e7feed8, R15=0x0000019050a7b820
RIP=0x00007ffbf83f6ab7, EFLAGS=0x0000000000010206

Top of Stack: (sp=0x0000007b3e7fede0)
0x0000007b3e7fede0:   0000000000000000 0000019050a7b820
0x0000007b3e7fedf0:   000001904fab2a30 00007ffbf83f4384
0x0000007b3e7fee00:   0000019050a7b828 00007ffc2ed542d6
0x0000007b3e7fee10:   00007f34abc03db1 0000019000000000
0x0000007b3e7fee20:   0000019050a7b848 0000019050a7b820
0x0000007b3e7fee30:   fffffffffffffffe 0000000000000000
0x0000007b3e7fee40:   0000000000000001 00007ffbf83d0000
0x0000007b3e7fee50:   0000007b3e7feec8 00007ffc2ed541fb
0x0000007b3e7fee60:   0000000000000000 0000007b3e7feed8
0x0000007b3e7fee70:   0000007b3e7ff1b0 00007ffc2ee30e40
0x0000007b3e7fee80:   0000000000000001 00007ffc2ed541b4
0x0000007b3e7fee90:   0000000000000000 0000000000000001
0x0000007b3e7feea0:   00007ffb00000001 0000007b3e7feec8
0x0000007b3e7feeb0:   0000000000000000 00007ffbf83f4211
0x0000007b3e7feec0:   00007ffbf840a138 00007ffb00000002
0x0000007b3e7feed0:   0000000000000002 0000007b3e7feec0 

Instructions: (pc=0x00007ffbf83f6ab7)
0x00007ffbf83f6a97:   cc cc cc cc cc cc cc cc cc 40 53 48 83 ec 20 48
0x00007ffbf83f6aa7:   8b 1d 83 30 01 00 48 85 db 74 16 e8 09 8b ff ff
0x00007ffbf83f6ab7:   4c 8b 00 48 8b d3 48 8b c8 41 ff 90 b0 00 00 00
0x00007ffbf83f6ac7:   90 48 83 c4 20 5b c3 cc cc 40 53 48 83 ec 20 48 


Stack slot to memory mapping:
stack at sp + 0 slots: 0x0 is NULL
stack at sp + 1 slots: 0x0000019050a7b820 points into unknown readable memory: 0x7d387f345437cdcf | cf cd 37 54 34 7f 38 7d
stack at sp + 2 slots: 0x000001904fab2a30 points into unknown readable memory: 0x8000000000000001 | 01 00 00 00 00 00 00 80
stack at sp + 3 slots: 0x00007ffbf83f4384 glass.dll
stack at sp + 4 slots: 0x0000019050a7b828 points into unknown readable memory: 0x00007f34abc03db1 | b1 3d c0 ab 34 7f 00 00
stack at sp + 5 slots: 0x00007ffc2ed542d6 ucrtbase.dll
stack at sp + 6 slots: 0x00007f34abc03db1 is an unknown value
stack at sp + 7 slots: 0x0000019000000000 is an unknown value

VM_Operation (0x0000007b3f7fb6f0): Exit, mode: safepoint, requested by thread 0x0000019050910800


---------------  P R O C E S S  ---------------

Threads class SMR info:
_java_thread_list=0x00000190515decb0, length=20, elements={
0x000001902c19f800, 0x000001904f1fa000, 0x000001904f203800, 0x000001904fb14800,
0x000001904fb17800, 0x000001904fb19000, 0x000001904fb1c000, 0x000001904fb1f000,
0x000001904fb2e800, 0x000001904f1b6800, 0x000001904fdf4800, 0x000001904ffea800,
0x00000190507a6000, 0x00000190509b1000, 0x0000019050910800, 0x0000019050b1d000,
0x0000019050ca3000, 0x0000019050e53800, 0x0000019057be2800, 0x0000019057be3800
}

Java Threads: ( => current thread )
  0x000001902c19f800 JavaThread "main" [_thread_blocked, id=18136, stack(0x0000007b3e100000,0x0000007b3e200000)]
  0x000001904f1fa000 JavaThread "Reference Handler" daemon [_thread_blocked, id=19736, stack(0x0000007b3e800000,0x0000007b3e900000)]
  0x000001904f203800 JavaThread "Finalizer" daemon [_thread_blocked, id=22784, stack(0x0000007b3e900000,0x0000007b3ea00000)]
  0x000001904fb14800 JavaThread "Signal Dispatcher" daemon [_thread_blocked, id=23168, stack(0x0000007b3ea00000,0x0000007b3eb00000)]
  0x000001904fb17800 JavaThread "Attach Listener" daemon [_thread_blocked, id=4420, stack(0x0000007b3eb00000,0x0000007b3ec00000)]
  0x000001904fb19000 JavaThread "Service Thread" daemon [_thread_blocked, id=14088, stack(0x0000007b3ec00000,0x0000007b3ed00000)]
  0x000001904fb1c000 JavaThread "C2 CompilerThread0" daemon [_thread_blocked, id=13088, stack(0x0000007b3ed00000,0x0000007b3ee00000)]
  0x000001904fb1f000 JavaThread "C1 CompilerThread0" daemon [_thread_blocked, id=22976, stack(0x0000007b3ee00000,0x0000007b3ef00000)]
  0x000001904fb2e800 JavaThread "Sweeper thread" daemon [_thread_blocked, id=21176, stack(0x0000007b3ef00000,0x0000007b3f000000)]
  0x000001904f1b6800 JavaThread "Common-Cleaner" daemon [_thread_blocked, id=9616, stack(0x0000007b3f000000,0x0000007b3f100000)]
  0x000001904fdf4800 JavaThread "Monitor Ctrl-Break" daemon [_thread_in_native, id=24236, stack(0x0000007b3f200000,0x0000007b3f300000)]
  0x000001904ffea800 JavaThread "JavaFX-Launcher" [_thread_blocked, id=5896, stack(0x0000007b3f400000,0x0000007b3f500000)]
  0x00000190507a6000 JavaThread "QuantumRenderer-0" daemon [_thread_blocked, id=19180, stack(0x0000007b3f500000,0x0000007b3f600000)]
  0x00000190509b1000 JavaThread "InvokeLaterDispatcher" daemon [_thread_blocked, id=18176, stack(0x0000007b3f600000,0x0000007b3f700000)]
  0x0000019050910800 JavaThread "JavaFX Application Thread" [_thread_blocked, id=24032, stack(0x0000007b3f700000,0x0000007b3f800000)]
  0x0000019050b1d000 JavaThread "Thread-2" daemon [_thread_in_native, id=10120, stack(0x0000007b40000000,0x0000007b40100000)]
  0x0000019050ca3000 JavaThread "OperateLogBatchSaver" daemon [_thread_blocked, id=6668, stack(0x0000007b40100000,0x0000007b40200000)]
  0x0000019050e53800 JavaThread "JNA Cleaner" daemon [_thread_blocked, id=8896, stack(0x0000007b40200000,0x0000007b40300000)]
  0x0000019057be2800 JavaThread "Prism Font Disposer" daemon [_thread_blocked, id=16360, stack(0x0000007b40900000,0x0000007b40a00000)]
  0x0000019057be3800 JavaThread "Cleaner-0" daemon [_thread_blocked, id=3304, stack(0x0000007b40b00000,0x0000007b40c00000)]

Other Threads:
=>0x000001904f1f8800 VMThread "VM Thread" [stack: 0x0000007b3e700000,0x0000007b3e800000] [id=12184]
  0x000001902c1b4800 GCTaskThread "GC Thread#0" [stack: 0x0000007b3e200000,0x0000007b3e300000] [id=22664]
  0x0000019050af2000 GCTaskThread "GC Thread#1" [stack: 0x0000007b3fb00000,0x0000007b3fc00000] [id=23220]
  0x0000019050b15800 GCTaskThread "GC Thread#2" [stack: 0x0000007b3fc00000,0x0000007b3fd00000] [id=14380]
  0x0000019050ad6800 GCTaskThread "GC Thread#3" [stack: 0x0000007b3fd00000,0x0000007b3fe00000] [id=22892]
  0x0000019050b31000 GCTaskThread "GC Thread#4" [stack: 0x0000007b3fe00000,0x0000007b3ff00000] [id=1216]
  0x0000019050ac5000 GCTaskThread "GC Thread#5" [stack: 0x0000007b3ff00000,0x0000007b40000000] [id=22196]
  0x000001902c211800 ConcurrentGCThread "G1 Main Marker" [stack: 0x0000007b3e300000,0x0000007b3e400000] [id=16684]
  0x000001902c216800 ConcurrentGCThread "G1 Conc#0" [stack: 0x0000007b3e400000,0x0000007b3e500000] [id=22268]
  0x00000190515a7000 ConcurrentGCThread "G1 Conc#1" [stack: 0x0000007b40700000,0x0000007b40800000] [id=8736]
  0x000001905741e000 ConcurrentGCThread "G1 Conc#2" [stack: 0x0000007b40800000,0x0000007b40900000] [id=8832]
  0x000001904f0de000 ConcurrentGCThread "G1 Refine#0" [stack: 0x0000007b3e500000,0x0000007b3e600000] [id=24332]
  0x000001904f0df000 ConcurrentGCThread "G1 Young RemSet Sampling" [stack: 0x0000007b3e600000,0x0000007b3e700000] [id=11804]

Threads with active compile tasks:

VM state:at safepoint (shutting down)

VM Mutex/Monitor currently owned by a thread:  ([mutex/lock_event])
[0x000001902c19b740] Threads_lock - owner thread: 0x000001904f1f8800

Heap address: 0x0000000702a00000, size: 4054 MB, Compressed Oops mode: Zero based, Oop shift amount: 3
Narrow klass base: 0x0000000800000000, Narrow klass shift: 0
Compressed class space size: 1073741824 Address: 0x0000000800000000

Heap:
 garbage-first heap   total 260096K, used 65287K [0x0000000702a00000, 0x0000000800000000)
  region size 1024K, 58 young (59392K), 6 survivors (6144K)
 Metaspace       used 29073K, capacity 29708K, committed 29744K, reserved 1075200K
  class space    used 3429K, capacity 3685K, committed 3712K, reserved 1048576K
Heap Regions: E=young(eden), S=young(survivor), O=old, HS=humongous(starts), HC=humongous(continues), CS=collection set, F=free, A=archive, TAMS=top-at-mark-start (previous, next)
|   0|0x0000000702a00000, 0x0000000702b00000, 0x0000000702b00000|100%| O|  |TAMS 0x0000000702b00000, 0x0000000702a00000| Untracked 
|   1|0x0000000702b00000, 0x0000000702c00000, 0x0000000702c00000|100%| O|  |TAMS 0x0000000702c00000, 0x0000000702b00000| Untracked 
|   2|0x0000000702c00000, 0x0000000702d00000, 0x0000000702d00000|100%| O|  |TAMS 0x0000000702d00000, 0x0000000702c00000| Untracked 
|   3|0x0000000702d00000, 0x0000000702d6f800, 0x0000000702e00000| 43%| O|  |TAMS 0x0000000702d6f800, 0x0000000702d00000| Untracked 
|   4|0x0000000702e00000, 0x0000000702f00000, 0x0000000702f00000|100%|HS|  |TAMS 0x0000000702e00000, 0x0000000702e00000| Complete 
|   5|0x0000000702f00000, 0x0000000703000000, 0x0000000703000000|100%|HS|  |TAMS 0x0000000702f00000, 0x0000000702f00000| Complete 
|   6|0x0000000703000000, 0x0000000703100000, 0x0000000703100000|100%|HS|  |TAMS 0x0000000703000000, 0x0000000703000000| Complete 
|   7|0x0000000703100000, 0x0000000703200000, 0x0000000703200000|100%|HC|  |TAMS 0x0000000703100000, 0x0000000703100000| Complete 
|   8|0x0000000703200000, 0x0000000703200000, 0x0000000703300000|  0%| F|  |TAMS 0x0000000703200000, 0x0000000703200000| Untracked 
|   9|0x0000000703300000, 0x0000000703300000, 0x0000000703400000|  0%| F|  |TAMS 0x0000000703300000, 0x0000000703300000| Untracked 
|  10|0x0000000703400000, 0x0000000703400000, 0x0000000703500000|  0%| F|  |TAMS 0x0000000703400000, 0x0000000703400000| Untracked 
|  11|0x0000000703500000, 0x0000000703500000, 0x0000000703600000|  0%| F|  |TAMS 0x0000000703500000, 0x0000000703500000| Untracked 
|  12|0x0000000703600000, 0x0000000703600000, 0x0000000703700000|  0%| F|  |TAMS 0x0000000703600000, 0x0000000703600000| Untracked 
|  13|0x0000000703700000, 0x0000000703700000, 0x0000000703800000|  0%| F|  |TAMS 0x0000000703700000, 0x0000000703700000| Untracked 
|  14|0x0000000703800000, 0x0000000703800000, 0x0000000703900000|  0%| F|  |TAMS 0x0000000703800000, 0x0000000703800000| Untracked 
|  15|0x0000000703900000, 0x0000000703900000, 0x0000000703a00000|  0%| F|  |TAMS 0x0000000703900000, 0x0000000703900000| Untracked 
|  16|0x0000000703a00000, 0x0000000703a00000, 0x0000000703b00000|  0%| F|  |TAMS 0x0000000703a00000, 0x0000000703a00000| Untracked 
|  17|0x0000000703b00000, 0x0000000703b00000, 0x0000000703c00000|  0%| F|  |TAMS 0x0000000703b00000, 0x0000000703b00000| Untracked 
|  18|0x0000000703c00000, 0x0000000703c00000, 0x0000000703d00000|  0%| F|  |TAMS 0x0000000703c00000, 0x0000000703c00000| Untracked 
|  19|0x0000000703d00000, 0x0000000703d00000, 0x0000000703e00000|  0%| F|  |TAMS 0x0000000703d00000, 0x0000000703d00000| Untracked 
|  20|0x0000000703e00000, 0x0000000703e00000, 0x0000000703f00000|  0%| F|  |TAMS 0x0000000703e00000, 0x0000000703e00000| Untracked 
|  21|0x0000000703f00000, 0x0000000703f00000, 0x0000000704000000|  0%| F|  |TAMS 0x0000000703f00000, 0x0000000703f00000| Untracked 
|  22|0x0000000704000000, 0x0000000704000000, 0x0000000704100000|  0%| F|  |TAMS 0x0000000704000000, 0x0000000704000000| Untracked 
|  23|0x0000000704100000, 0x0000000704100000, 0x0000000704200000|  0%| F|  |TAMS 0x0000000704100000, 0x0000000704100000| Untracked 
|  24|0x0000000704200000, 0x0000000704200000, 0x0000000704300000|  0%| F|  |TAMS 0x0000000704200000, 0x0000000704200000| Untracked 
|  25|0x0000000704300000, 0x0000000704300000, 0x0000000704400000|  0%| F|  |TAMS 0x0000000704300000, 0x0000000704300000| Untracked 
|  26|0x0000000704400000, 0x0000000704400000, 0x0000000704500000|  0%| F|  |TAMS 0x0000000704400000, 0x0000000704400000| Untracked 
|  27|0x0000000704500000, 0x0000000704500000, 0x0000000704600000|  0%| F|  |TAMS 0x0000000704500000, 0x0000000704500000| Untracked 
|  28|0x0000000704600000, 0x0000000704600000, 0x0000000704700000|  0%| F|  |TAMS 0x0000000704600000, 0x0000000704600000| Untracked 
|  29|0x0000000704700000, 0x0000000704700000, 0x0000000704800000|  0%| F|  |TAMS 0x0000000704700000, 0x0000000704700000| Untracked 
|  30|0x0000000704800000, 0x0000000704800000, 0x0000000704900000|  0%| F|  |TAMS 0x0000000704800000, 0x0000000704800000| Untracked 
|  31|0x0000000704900000, 0x0000000704900000, 0x0000000704a00000|  0%| F|  |TAMS 0x0000000704900000, 0x0000000704900000| Untracked 
|  32|0x0000000704a00000, 0x0000000704a00000, 0x0000000704b00000|  0%| F|  |TAMS 0x0000000704a00000, 0x0000000704a00000| Untracked 
|  33|0x0000000704b00000, 0x0000000704b00000, 0x0000000704c00000|  0%| F|  |TAMS 0x0000000704b00000, 0x0000000704b00000| Untracked 
|  34|0x0000000704c00000, 0x0000000704c00000, 0x0000000704d00000|  0%| F|  |TAMS 0x0000000704c00000, 0x0000000704c00000| Untracked 
|  35|0x0000000704d00000, 0x0000000704d00000, 0x0000000704e00000|  0%| F|  |TAMS 0x0000000704d00000, 0x0000000704d00000| Untracked 
|  36|0x0000000704e00000, 0x0000000704e00000, 0x0000000704f00000|  0%| F|  |TAMS 0x0000000704e00000, 0x0000000704e00000| Untracked 
|  37|0x0000000704f00000, 0x0000000704f00000, 0x0000000705000000|  0%| F|  |TAMS 0x0000000704f00000, 0x0000000704f00000| Untracked 
|  38|0x0000000705000000, 0x0000000705000000, 0x0000000705100000|  0%| F|  |TAMS 0x0000000705000000, 0x0000000705000000| Untracked 
|  39|0x0000000705100000, 0x0000000705100000, 0x0000000705200000|  0%| F|  |TAMS 0x0000000705100000, 0x0000000705100000| Untracked 
|  40|0x0000000705200000, 0x0000000705200000, 0x0000000705300000|  0%| F|  |TAMS 0x0000000705200000, 0x0000000705200000| Untracked 
|  41|0x0000000705300000, 0x0000000705300000, 0x0000000705400000|  0%| F|  |TAMS 0x0000000705300000, 0x0000000705300000| Untracked 
|  42|0x0000000705400000, 0x0000000705400000, 0x0000000705500000|  0%| F|  |TAMS 0x0000000705400000, 0x0000000705400000| Untracked 
|  43|0x0000000705500000, 0x0000000705500000, 0x0000000705600000|  0%| F|  |TAMS 0x0000000705500000, 0x0000000705500000| Untracked 
|  44|0x0000000705600000, 0x0000000705600000, 0x0000000705700000|  0%| F|  |TAMS 0x0000000705600000, 0x0000000705600000| Untracked 
|  45|0x0000000705700000, 0x0000000705700000, 0x0000000705800000|  0%| F|  |TAMS 0x0000000705700000, 0x0000000705700000| Untracked 
|  46|0x0000000705800000, 0x0000000705800000, 0x0000000705900000|  0%| F|  |TAMS 0x0000000705800000, 0x0000000705800000| Untracked 
|  47|0x0000000705900000, 0x0000000705900000, 0x0000000705a00000|  0%| F|  |TAMS 0x0000000705900000, 0x0000000705900000| Untracked 
|  48|0x0000000705a00000, 0x0000000705a00000, 0x0000000705b00000|  0%| F|  |TAMS 0x0000000705a00000, 0x0000000705a00000| Untracked 
|  49|0x0000000705b00000, 0x0000000705b00000, 0x0000000705c00000|  0%| F|  |TAMS 0x0000000705b00000, 0x0000000705b00000| Untracked 
|  50|0x0000000705c00000, 0x0000000705c00000, 0x0000000705d00000|  0%| F|  |TAMS 0x0000000705c00000, 0x0000000705c00000| Untracked 
|  51|0x0000000705d00000, 0x0000000705d00000, 0x0000000705e00000|  0%| F|  |TAMS 0x0000000705d00000, 0x0000000705d00000| Untracked 
|  52|0x0000000705e00000, 0x0000000705e00000, 0x0000000705f00000|  0%| F|  |TAMS 0x0000000705e00000, 0x0000000705e00000| Untracked 
|  53|0x0000000705f00000, 0x0000000705f00000, 0x0000000706000000|  0%| F|  |TAMS 0x0000000705f00000, 0x0000000705f00000| Untracked 
|  54|0x0000000706000000, 0x0000000706000000, 0x0000000706100000|  0%| F|  |TAMS 0x0000000706000000, 0x0000000706000000| Untracked 
|  55|0x0000000706100000, 0x0000000706100000, 0x0000000706200000|  0%| F|  |TAMS 0x0000000706100000, 0x0000000706100000| Untracked 
|  56|0x0000000706200000, 0x0000000706200000, 0x0000000706300000|  0%| F|  |TAMS 0x0000000706200000, 0x0000000706200000| Untracked 
|  57|0x0000000706300000, 0x0000000706300000, 0x0000000706400000|  0%| F|  |TAMS 0x0000000706300000, 0x0000000706300000| Untracked 
|  58|0x0000000706400000, 0x0000000706400000, 0x0000000706500000|  0%| F|  |TAMS 0x0000000706400000, 0x0000000706400000| Untracked 
|  59|0x0000000706500000, 0x0000000706500000, 0x0000000706600000|  0%| F|  |TAMS 0x0000000706500000, 0x0000000706500000| Untracked 
|  60|0x0000000706600000, 0x0000000706600000, 0x0000000706700000|  0%| F|  |TAMS 0x0000000706600000, 0x0000000706600000| Untracked 
|  61|0x0000000706700000, 0x0000000706700000, 0x0000000706800000|  0%| F|  |TAMS 0x0000000706700000, 0x0000000706700000| Untracked 
|  62|0x0000000706800000, 0x0000000706800000, 0x0000000706900000|  0%| F|  |TAMS 0x0000000706800000, 0x0000000706800000| Untracked 
|  63|0x0000000706900000, 0x0000000706900000, 0x0000000706a00000|  0%| F|  |TAMS 0x0000000706900000, 0x0000000706900000| Untracked 
|  64|0x0000000706a00000, 0x0000000706a00000, 0x0000000706b00000|  0%| F|  |TAMS 0x0000000706a00000, 0x0000000706a00000| Untracked 
|  65|0x0000000706b00000, 0x0000000706b00000, 0x0000000706c00000|  0%| F|  |TAMS 0x0000000706b00000, 0x0000000706b00000| Untracked 
|  66|0x0000000706c00000, 0x0000000706c00000, 0x0000000706d00000|  0%| F|  |TAMS 0x0000000706c00000, 0x0000000706c00000| Untracked 
|  67|0x0000000706d00000, 0x0000000706d00000, 0x0000000706e00000|  0%| F|  |TAMS 0x0000000706d00000, 0x0000000706d00000| Untracked 
|  68|0x0000000706e00000, 0x0000000706e00000, 0x0000000706f00000|  0%| F|  |TAMS 0x0000000706e00000, 0x0000000706e00000| Untracked 
|  69|0x0000000706f00000, 0x0000000706f00000, 0x0000000707000000|  0%| F|  |TAMS 0x0000000706f00000, 0x0000000706f00000| Untracked 
|  70|0x0000000707000000, 0x0000000707000000, 0x0000000707100000|  0%| F|  |TAMS 0x0000000707000000, 0x0000000707000000| Untracked 
|  71|0x0000000707100000, 0x0000000707100000, 0x0000000707200000|  0%| F|  |TAMS 0x0000000707100000, 0x0000000707100000| Untracked 
|  72|0x0000000707200000, 0x0000000707200000, 0x0000000707300000|  0%| F|  |TAMS 0x0000000707200000, 0x0000000707200000| Untracked 
|  73|0x0000000707300000, 0x0000000707300000, 0x0000000707400000|  0%| F|  |TAMS 0x0000000707300000, 0x0000000707300000| Untracked 
|  74|0x0000000707400000, 0x0000000707400000, 0x0000000707500000|  0%| F|  |TAMS 0x0000000707400000, 0x0000000707400000| Untracked 
|  75|0x0000000707500000, 0x0000000707500000, 0x0000000707600000|  0%| F|  |TAMS 0x0000000707500000, 0x0000000707500000| Untracked 
|  76|0x0000000707600000, 0x0000000707600000, 0x0000000707700000|  0%| F|  |TAMS 0x0000000707600000, 0x0000000707600000| Untracked 
|  77|0x0000000707700000, 0x0000000707700000, 0x0000000707800000|  0%| F|  |TAMS 0x0000000707700000, 0x0000000707700000| Untracked 
|  78|0x0000000707800000, 0x0000000707800000, 0x0000000707900000|  0%| F|  |TAMS 0x0000000707800000, 0x0000000707800000| Untracked 
|  79|0x0000000707900000, 0x0000000707900000, 0x0000000707a00000|  0%| F|  |TAMS 0x0000000707900000, 0x0000000707900000| Untracked 
|  80|0x0000000707a00000, 0x0000000707a00000, 0x0000000707b00000|  0%| F|  |TAMS 0x0000000707a00000, 0x0000000707a00000| Untracked 
|  81|0x0000000707b00000, 0x0000000707b00000, 0x0000000707c00000|  0%| F|  |TAMS 0x0000000707b00000, 0x0000000707b00000| Untracked 
|  82|0x0000000707c00000, 0x0000000707c00000, 0x0000000707d00000|  0%| F|  |TAMS 0x0000000707c00000, 0x0000000707c00000| Untracked 
|  83|0x0000000707d00000, 0x0000000707d00000, 0x0000000707e00000|  0%| F|  |TAMS 0x0000000707d00000, 0x0000000707d00000| Untracked 
|  84|0x0000000707e00000, 0x0000000707e00000, 0x0000000707f00000|  0%| F|  |TAMS 0x0000000707e00000, 0x0000000707e00000| Untracked 
|  85|0x0000000707f00000, 0x0000000707f00000, 0x0000000708000000|  0%| F|  |TAMS 0x0000000707f00000, 0x0000000707f00000| Untracked 
|  86|0x0000000708000000, 0x0000000708000000, 0x0000000708100000|  0%| F|  |TAMS 0x0000000708000000, 0x0000000708000000| Untracked 
|  87|0x0000000708100000, 0x0000000708100000, 0x0000000708200000|  0%| F|  |TAMS 0x0000000708100000, 0x0000000708100000| Untracked 
|  88|0x0000000708200000, 0x0000000708200000, 0x0000000708300000|  0%| F|  |TAMS 0x0000000708200000, 0x0000000708200000| Untracked 
|  89|0x0000000708300000, 0x0000000708300000, 0x0000000708400000|  0%| F|  |TAMS 0x0000000708300000, 0x0000000708300000| Untracked 
|  90|0x0000000708400000, 0x0000000708400000, 0x0000000708500000|  0%| F|  |TAMS 0x0000000708400000, 0x0000000708400000| Untracked 
|  91|0x0000000708500000, 0x0000000708500000, 0x0000000708600000|  0%| F|  |TAMS 0x0000000708500000, 0x0000000708500000| Untracked 
|  92|0x0000000708600000, 0x0000000708600000, 0x0000000708700000|  0%| F|  |TAMS 0x0000000708600000, 0x0000000708600000| Untracked 
|  93|0x0000000708700000, 0x0000000708700000, 0x0000000708800000|  0%| F|  |TAMS 0x0000000708700000, 0x0000000708700000| Untracked 
|  94|0x0000000708800000, 0x0000000708800000, 0x0000000708900000|  0%| F|  |TAMS 0x0000000708800000, 0x0000000708800000| Untracked 
|  95|0x0000000708900000, 0x0000000708900000, 0x0000000708a00000|  0%| F|  |TAMS 0x0000000708900000, 0x0000000708900000| Untracked 
|  96|0x0000000708a00000, 0x0000000708a00000, 0x0000000708b00000|  0%| F|  |TAMS 0x0000000708a00000, 0x0000000708a00000| Untracked 
|  97|0x0000000708b00000, 0x0000000708b00000, 0x0000000708c00000|  0%| F|  |TAMS 0x0000000708b00000, 0x0000000708b00000| Untracked 
|  98|0x0000000708c00000, 0x0000000708c00000, 0x0000000708d00000|  0%| F|  |TAMS 0x0000000708c00000, 0x0000000708c00000| Untracked 
|  99|0x0000000708d00000, 0x0000000708d00000, 0x0000000708e00000|  0%| F|  |TAMS 0x0000000708d00000, 0x0000000708d00000| Untracked 
| 100|0x0000000708e00000, 0x0000000708e00000, 0x0000000708f00000|  0%| F|  |TAMS 0x0000000708e00000, 0x0000000708e00000| Untracked 
| 101|0x0000000708f00000, 0x0000000708f00000, 0x0000000709000000|  0%| F|  |TAMS 0x0000000708f00000, 0x0000000708f00000| Untracked 
| 102|0x0000000709000000, 0x0000000709000000, 0x0000000709100000|  0%| F|  |TAMS 0x0000000709000000, 0x0000000709000000| Untracked 
| 103|0x0000000709100000, 0x0000000709100000, 0x0000000709200000|  0%| F|  |TAMS 0x0000000709100000, 0x0000000709100000| Untracked 
| 104|0x0000000709200000, 0x0000000709200000, 0x0000000709300000|  0%| F|  |TAMS 0x0000000709200000, 0x0000000709200000| Untracked 
| 105|0x0000000709300000, 0x0000000709300000, 0x0000000709400000|  0%| F|  |TAMS 0x0000000709300000, 0x0000000709300000| Untracked 
| 106|0x0000000709400000, 0x0000000709400000, 0x0000000709500000|  0%| F|  |TAMS 0x0000000709400000, 0x0000000709400000| Untracked 
| 107|0x0000000709500000, 0x0000000709500000, 0x0000000709600000|  0%| F|  |TAMS 0x0000000709500000, 0x0000000709500000| Untracked 
| 108|0x0000000709600000, 0x0000000709600000, 0x0000000709700000|  0%| F|  |TAMS 0x0000000709600000, 0x0000000709600000| Untracked 
| 109|0x0000000709700000, 0x0000000709700000, 0x0000000709800000|  0%| F|  |TAMS 0x0000000709700000, 0x0000000709700000| Untracked 
| 110|0x0000000709800000, 0x0000000709800000, 0x0000000709900000|  0%| F|  |TAMS 0x0000000709800000, 0x0000000709800000| Untracked 
| 111|0x0000000709900000, 0x0000000709900000, 0x0000000709a00000|  0%| F|  |TAMS 0x0000000709900000, 0x0000000709900000| Untracked 
| 112|0x0000000709a00000, 0x0000000709a00000, 0x0000000709b00000|  0%| F|  |TAMS 0x0000000709a00000, 0x0000000709a00000| Untracked 
| 113|0x0000000709b00000, 0x0000000709b00000, 0x0000000709c00000|  0%| F|  |TAMS 0x0000000709b00000, 0x0000000709b00000| Untracked 
| 114|0x0000000709c00000, 0x0000000709c00000, 0x0000000709d00000|  0%| F|  |TAMS 0x0000000709c00000, 0x0000000709c00000| Untracked 
| 115|0x0000000709d00000, 0x0000000709d00000, 0x0000000709e00000|  0%| F|  |TAMS 0x0000000709d00000, 0x0000000709d00000| Untracked 
| 116|0x0000000709e00000, 0x0000000709e00000, 0x0000000709f00000|  0%| F|  |TAMS 0x0000000709e00000, 0x0000000709e00000| Untracked 
| 117|0x0000000709f00000, 0x0000000709f00000, 0x000000070a000000|  0%| F|  |TAMS 0x0000000709f00000, 0x0000000709f00000| Untracked 
| 118|0x000000070a000000, 0x000000070a000000, 0x000000070a100000|  0%| F|  |TAMS 0x000000070a000000, 0x000000070a000000| Untracked 
| 119|0x000000070a100000, 0x000000070a100000, 0x000000070a200000|  0%| F|  |TAMS 0x000000070a100000, 0x000000070a100000| Untracked 
| 120|0x000000070a200000, 0x000000070a200000, 0x000000070a300000|  0%| F|  |TAMS 0x000000070a200000, 0x000000070a200000| Untracked 
| 121|0x000000070a300000, 0x000000070a300000, 0x000000070a400000|  0%| F|  |TAMS 0x000000070a300000, 0x000000070a300000| Untracked 
| 122|0x000000070a400000, 0x000000070a400000, 0x000000070a500000|  0%| F|  |TAMS 0x000000070a400000, 0x000000070a400000| Untracked 
| 123|0x000000070a500000, 0x000000070a500000, 0x000000070a600000|  0%| F|  |TAMS 0x000000070a500000, 0x000000070a500000| Untracked 
| 124|0x000000070a600000, 0x000000070a600000, 0x000000070a700000|  0%| F|  |TAMS 0x000000070a600000, 0x000000070a600000| Untracked 
| 125|0x000000070a700000, 0x000000070a700000, 0x000000070a800000|  0%| F|  |TAMS 0x000000070a700000, 0x000000070a700000| Untracked 
| 126|0x000000070a800000, 0x000000070a800000, 0x000000070a900000|  0%| F|  |TAMS 0x000000070a800000, 0x000000070a800000| Untracked 
| 127|0x000000070a900000, 0x000000070a900000, 0x000000070aa00000|  0%| F|  |TAMS 0x000000070a900000, 0x000000070a900000| Untracked 
| 128|0x000000070aa00000, 0x000000070aa00000, 0x000000070ab00000|  0%| F|  |TAMS 0x000000070aa00000, 0x000000070aa00000| Untracked 
| 129|0x000000070ab00000, 0x000000070ab00000, 0x000000070ac00000|  0%| F|  |TAMS 0x000000070ab00000, 0x000000070ab00000| Untracked 
| 130|0x000000070ac00000, 0x000000070ac00000, 0x000000070ad00000|  0%| F|  |TAMS 0x000000070ac00000, 0x000000070ac00000| Untracked 
| 131|0x000000070ad00000, 0x000000070ad00000, 0x000000070ae00000|  0%| F|  |TAMS 0x000000070ad00000, 0x000000070ad00000| Untracked 
| 132|0x000000070ae00000, 0x000000070ae00000, 0x000000070af00000|  0%| F|  |TAMS 0x000000070ae00000, 0x000000070ae00000| Untracked 
| 133|0x000000070af00000, 0x000000070af00000, 0x000000070b000000|  0%| F|  |TAMS 0x000000070af00000, 0x000000070af00000| Untracked 
| 134|0x000000070b000000, 0x000000070b000000, 0x000000070b100000|  0%| F|  |TAMS 0x000000070b000000, 0x000000070b000000| Untracked 
| 135|0x000000070b100000, 0x000000070b100000, 0x000000070b200000|  0%| F|  |TAMS 0x000000070b100000, 0x000000070b100000| Untracked 
| 136|0x000000070b200000, 0x000000070b200000, 0x000000070b300000|  0%| F|  |TAMS 0x000000070b200000, 0x000000070b200000| Untracked 
| 137|0x000000070b300000, 0x000000070b300000, 0x000000070b400000|  0%| F|  |TAMS 0x000000070b300000, 0x000000070b300000| Untracked 
| 138|0x000000070b400000, 0x000000070b400000, 0x000000070b500000|  0%| F|  |TAMS 0x000000070b400000, 0x000000070b400000| Untracked 
| 139|0x000000070b500000, 0x000000070b500000, 0x000000070b600000|  0%| F|  |TAMS 0x000000070b500000, 0x000000070b500000| Untracked 
| 140|0x000000070b600000, 0x000000070b600000, 0x000000070b700000|  0%| F|  |TAMS 0x000000070b600000, 0x000000070b600000| Untracked 
| 141|0x000000070b700000, 0x000000070b700000, 0x000000070b800000|  0%| F|  |TAMS 0x000000070b700000, 0x000000070b700000| Untracked 
| 142|0x000000070b800000, 0x000000070b800000, 0x000000070b900000|  0%| F|  |TAMS 0x000000070b800000, 0x000000070b800000| Untracked 
| 143|0x000000070b900000, 0x000000070b900000, 0x000000070ba00000|  0%| F|  |TAMS 0x000000070b900000, 0x000000070b900000| Untracked 
| 144|0x000000070ba00000, 0x000000070ba00000, 0x000000070bb00000|  0%| F|  |TAMS 0x000000070ba00000, 0x000000070ba00000| Untracked 
| 145|0x000000070bb00000, 0x000000070bb00000, 0x000000070bc00000|  0%| F|  |TAMS 0x000000070bb00000, 0x000000070bb00000| Untracked 
| 146|0x000000070bc00000, 0x000000070bc00000, 0x000000070bd00000|  0%| F|  |TAMS 0x000000070bc00000, 0x000000070bc00000| Untracked 
| 147|0x000000070bd00000, 0x000000070bd00000, 0x000000070be00000|  0%| F|  |TAMS 0x000000070bd00000, 0x000000070bd00000| Untracked 
| 148|0x000000070be00000, 0x000000070be00000, 0x000000070bf00000|  0%| F|  |TAMS 0x000000070be00000, 0x000000070be00000| Untracked 
| 149|0x000000070bf00000, 0x000000070bf00000, 0x000000070c000000|  0%| F|  |TAMS 0x000000070bf00000, 0x000000070bf00000| Untracked 
| 150|0x000000070c000000, 0x000000070c000000, 0x000000070c100000|  0%| F|  |TAMS 0x000000070c000000, 0x000000070c000000| Untracked 
| 151|0x000000070c100000, 0x000000070c100000, 0x000000070c200000|  0%| F|  |TAMS 0x000000070c100000, 0x000000070c100000| Untracked 
| 152|0x000000070c200000, 0x000000070c200000, 0x000000070c300000|  0%| F|  |TAMS 0x000000070c200000, 0x000000070c200000| Untracked 
| 153|0x000000070c300000, 0x000000070c300000, 0x000000070c400000|  0%| F|  |TAMS 0x000000070c300000, 0x000000070c300000| Untracked 
| 154|0x000000070c400000, 0x000000070c400000, 0x000000070c500000|  0%| F|  |TAMS 0x000000070c400000, 0x000000070c400000| Untracked 
| 155|0x000000070c500000, 0x000000070c500000, 0x000000070c600000|  0%| F|  |TAMS 0x000000070c500000, 0x000000070c500000| Untracked 
| 156|0x000000070c600000, 0x000000070c600000, 0x000000070c700000|  0%| F|  |TAMS 0x000000070c600000, 0x000000070c600000| Untracked 
| 157|0x000000070c700000, 0x000000070c700000, 0x000000070c800000|  0%| F|  |TAMS 0x000000070c700000, 0x000000070c700000| Untracked 
| 158|0x000000070c800000, 0x000000070c800000, 0x000000070c900000|  0%| F|  |TAMS 0x000000070c800000, 0x000000070c800000| Untracked 
| 159|0x000000070c900000, 0x000000070c900000, 0x000000070ca00000|  0%| F|  |TAMS 0x000000070c900000, 0x000000070c900000| Untracked 
| 160|0x000000070ca00000, 0x000000070ca00000, 0x000000070cb00000|  0%| F|  |TAMS 0x000000070ca00000, 0x000000070ca00000| Untracked 
| 161|0x000000070cb00000, 0x000000070cb00000, 0x000000070cc00000|  0%| F|  |TAMS 0x000000070cb00000, 0x000000070cb00000| Untracked 
| 162|0x000000070cc00000, 0x000000070cc00000, 0x000000070cd00000|  0%| F|  |TAMS 0x000000070cc00000, 0x000000070cc00000| Untracked 
| 163|0x000000070cd00000, 0x000000070cd00000, 0x000000070ce00000|  0%| F|  |TAMS 0x000000070cd00000, 0x000000070cd00000| Untracked 
| 164|0x000000070ce00000, 0x000000070ce00000, 0x000000070cf00000|  0%| F|  |TAMS 0x000000070ce00000, 0x000000070ce00000| Untracked 
| 165|0x000000070cf00000, 0x000000070cf00000, 0x000000070d000000|  0%| F|  |TAMS 0x000000070cf00000, 0x000000070cf00000| Untracked 
| 166|0x000000070d000000, 0x000000070d000000, 0x000000070d100000|  0%| F|  |TAMS 0x000000070d000000, 0x000000070d000000| Untracked 
| 167|0x000000070d100000, 0x000000070d100000, 0x000000070d200000|  0%| F|  |TAMS 0x000000070d100000, 0x000000070d100000| Untracked 
| 168|0x000000070d200000, 0x000000070d200000, 0x000000070d300000|  0%| F|  |TAMS 0x000000070d200000, 0x000000070d200000| Untracked 
| 169|0x000000070d300000, 0x000000070d300000, 0x000000070d400000|  0%| F|  |TAMS 0x000000070d300000, 0x000000070d300000| Untracked 
| 170|0x000000070d400000, 0x000000070d400000, 0x000000070d500000|  0%| F|  |TAMS 0x000000070d400000, 0x000000070d400000| Untracked 
| 171|0x000000070d500000, 0x000000070d500000, 0x000000070d600000|  0%| F|  |TAMS 0x000000070d500000, 0x000000070d500000| Untracked 
| 172|0x000000070d600000, 0x000000070d600000, 0x000000070d700000|  0%| F|  |TAMS 0x000000070d600000, 0x000000070d600000| Untracked 
| 173|0x000000070d700000, 0x000000070d700000, 0x000000070d800000|  0%| F|  |TAMS 0x000000070d700000, 0x000000070d700000| Untracked 
| 174|0x000000070d800000, 0x000000070d800000, 0x000000070d900000|  0%| F|  |TAMS 0x000000070d800000, 0x000000070d800000| Untracked 
| 175|0x000000070d900000, 0x000000070d900000, 0x000000070da00000|  0%| F|  |TAMS 0x000000070d900000, 0x000000070d900000| Untracked 
| 176|0x000000070da00000, 0x000000070da00000, 0x000000070db00000|  0%| F|  |TAMS 0x000000070da00000, 0x000000070da00000| Untracked 
| 177|0x000000070db00000, 0x000000070db00000, 0x000000070dc00000|  0%| F|  |TAMS 0x000000070db00000, 0x000000070db00000| Untracked 
| 178|0x000000070dc00000, 0x000000070dc00000, 0x000000070dd00000|  0%| F|  |TAMS 0x000000070dc00000, 0x000000070dc00000| Untracked 
| 179|0x000000070dd00000, 0x000000070dd00000, 0x000000070de00000|  0%| F|  |TAMS 0x000000070dd00000, 0x000000070dd00000| Untracked 
| 180|0x000000070de00000, 0x000000070de00000, 0x000000070df00000|  0%| F|  |TAMS 0x000000070de00000, 0x000000070de00000| Untracked 
| 181|0x000000070df00000, 0x000000070df00000, 0x000000070e000000|  0%| F|  |TAMS 0x000000070df00000, 0x000000070df00000| Untracked 
| 182|0x000000070e000000, 0x000000070e000000, 0x000000070e100000|  0%| F|  |TAMS 0x000000070e000000, 0x000000070e000000| Untracked 
| 183|0x000000070e100000, 0x000000070e100000, 0x000000070e200000|  0%| F|  |TAMS 0x000000070e100000, 0x000000070e100000| Untracked 
| 184|0x000000070e200000, 0x000000070e200000, 0x000000070e300000|  0%| F|  |TAMS 0x000000070e200000, 0x000000070e200000| Untracked 
| 185|0x000000070e300000, 0x000000070e300000, 0x000000070e400000|  0%| F|  |TAMS 0x000000070e300000, 0x000000070e300000| Untracked 
| 186|0x000000070e400000, 0x000000070e400000, 0x000000070e500000|  0%| F|  |TAMS 0x000000070e400000, 0x000000070e400000| Untracked 
| 187|0x000000070e500000, 0x000000070e500000, 0x000000070e600000|  0%| F|  |TAMS 0x000000070e500000, 0x000000070e500000| Untracked 
| 188|0x000000070e600000, 0x000000070e600000, 0x000000070e700000|  0%| F|  |TAMS 0x000000070e600000, 0x000000070e600000| Untracked 
| 189|0x000000070e700000, 0x000000070e700000, 0x000000070e800000|  0%| F|  |TAMS 0x000000070e700000, 0x000000070e700000| Untracked 
| 190|0x000000070e800000, 0x000000070e800000, 0x000000070e900000|  0%| F|  |TAMS 0x000000070e800000, 0x000000070e800000| Untracked 
| 191|0x000000070e900000, 0x000000070e900000, 0x000000070ea00000|  0%| F|  |TAMS 0x000000070e900000, 0x000000070e900000| Untracked 
| 192|0x000000070ea00000, 0x000000070ea52610, 0x000000070eb00000| 32%| S|CS|TAMS 0x000000070ea00000, 0x000000070ea00000| Complete 
| 193|0x000000070eb00000, 0x000000070ec00000, 0x000000070ec00000|100%| S|CS|TAMS 0x000000070eb00000, 0x000000070eb00000| Complete 
| 194|0x000000070ec00000, 0x000000070ed00000, 0x000000070ed00000|100%| S|CS|TAMS 0x000000070ec00000, 0x000000070ec00000| Complete 
| 195|0x000000070ed00000, 0x000000070ee00000, 0x000000070ee00000|100%| S|CS|TAMS 0x000000070ed00000, 0x000000070ed00000| Complete 
| 196|0x000000070ee00000, 0x000000070ef00000, 0x000000070ef00000|100%| S|CS|TAMS 0x000000070ee00000, 0x000000070ee00000| Complete 
| 197|0x000000070ef00000, 0x000000070f000000, 0x000000070f000000|100%| S|CS|TAMS 0x000000070ef00000, 0x000000070ef00000| Complete 
| 198|0x000000070f000000, 0x000000070f000000, 0x000000070f100000|  0%| F|  |TAMS 0x000000070f000000, 0x000000070f000000| Untracked 
| 199|0x000000070f100000, 0x000000070f100000, 0x000000070f200000|  0%| F|  |TAMS 0x000000070f100000, 0x000000070f100000| Untracked 
| 200|0x000000070f200000, 0x000000070f200000, 0x000000070f300000|  0%| F|  |TAMS 0x000000070f200000, 0x000000070f200000| Untracked 
| 201|0x000000070f300000, 0x000000070f300000, 0x000000070f400000|  0%| F|  |TAMS 0x000000070f300000, 0x000000070f300000| Untracked 
| 202|0x000000070f400000, 0x000000070f4f1680, 0x000000070f500000| 94%| E|  |TAMS 0x000000070f400000, 0x000000070f400000| Complete 
| 203|0x000000070f500000, 0x000000070f600000, 0x000000070f600000|100%| E|CS|TAMS 0x000000070f500000, 0x000000070f500000| Complete 
| 204|0x000000070f600000, 0x000000070f700000, 0x000000070f700000|100%| E|CS|TAMS 0x000000070f600000, 0x000000070f600000| Complete 
| 205|0x000000070f700000, 0x000000070f800000, 0x000000070f800000|100%| E|CS|TAMS 0x000000070f700000, 0x000000070f700000| Complete 
| 206|0x000000070f800000, 0x000000070f900000, 0x000000070f900000|100%| E|CS|TAMS 0x000000070f800000, 0x000000070f800000| Complete 
| 207|0x000000070f900000, 0x000000070fa00000, 0x000000070fa00000|100%| E|CS|TAMS 0x000000070f900000, 0x000000070f900000| Complete 
| 208|0x000000070fa00000, 0x000000070fb00000, 0x000000070fb00000|100%| E|CS|TAMS 0x000000070fa00000, 0x000000070fa00000| Complete 
| 209|0x000000070fb00000, 0x000000070fc00000, 0x000000070fc00000|100%| E|CS|TAMS 0x000000070fb00000, 0x000000070fb00000| Complete 
| 210|0x000000070fc00000, 0x000000070fd00000, 0x000000070fd00000|100%| E|CS|TAMS 0x000000070fc00000, 0x000000070fc00000| Complete 
| 211|0x000000070fd00000, 0x000000070fe00000, 0x000000070fe00000|100%| E|CS|TAMS 0x000000070fd00000, 0x000000070fd00000| Complete 
| 212|0x000000070fe00000, 0x000000070ff00000, 0x000000070ff00000|100%| E|CS|TAMS 0x000000070fe00000, 0x000000070fe00000| Complete 
| 213|0x000000070ff00000, 0x0000000710000000, 0x0000000710000000|100%| E|CS|TAMS 0x000000070ff00000, 0x000000070ff00000| Complete 
| 214|0x0000000710000000, 0x0000000710100000, 0x0000000710100000|100%| E|CS|TAMS 0x0000000710000000, 0x0000000710000000| Complete 
| 215|0x0000000710100000, 0x0000000710200000, 0x0000000710200000|100%| E|CS|TAMS 0x0000000710100000, 0x0000000710100000| Complete 
| 216|0x0000000710200000, 0x0000000710300000, 0x0000000710300000|100%| E|CS|TAMS 0x0000000710200000, 0x0000000710200000| Complete 
| 217|0x0000000710300000, 0x0000000710400000, 0x0000000710400000|100%| E|CS|TAMS 0x0000000710300000, 0x0000000710300000| Complete 
| 218|0x0000000710400000, 0x0000000710500000, 0x0000000710500000|100%| E|CS|TAMS 0x0000000710400000, 0x0000000710400000| Complete 
| 219|0x0000000710500000, 0x0000000710600000, 0x0000000710600000|100%| E|CS|TAMS 0x0000000710500000, 0x0000000710500000| Complete 
| 220|0x0000000710600000, 0x0000000710700000, 0x0000000710700000|100%| E|CS|TAMS 0x0000000710600000, 0x0000000710600000| Complete 
| 221|0x0000000710700000, 0x0000000710800000, 0x0000000710800000|100%| E|CS|TAMS 0x0000000710700000, 0x0000000710700000| Complete 
| 222|0x0000000710800000, 0x0000000710900000, 0x0000000710900000|100%| E|CS|TAMS 0x0000000710800000, 0x0000000710800000| Complete 
| 223|0x0000000710900000, 0x0000000710a00000, 0x0000000710a00000|100%| E|CS|TAMS 0x0000000710900000, 0x0000000710900000| Complete 
| 224|0x0000000710a00000, 0x0000000710b00000, 0x0000000710b00000|100%| E|CS|TAMS 0x0000000710a00000, 0x0000000710a00000| Complete 
| 225|0x0000000710b00000, 0x0000000710c00000, 0x0000000710c00000|100%| E|CS|TAMS 0x0000000710b00000, 0x0000000710b00000| Complete 
| 226|0x0000000710c00000, 0x0000000710d00000, 0x0000000710d00000|100%| E|CS|TAMS 0x0000000710c00000, 0x0000000710c00000| Complete 
| 227|0x0000000710d00000, 0x0000000710e00000, 0x0000000710e00000|100%| E|CS|TAMS 0x0000000710d00000, 0x0000000710d00000| Complete 
| 228|0x0000000710e00000, 0x0000000710f00000, 0x0000000710f00000|100%| E|CS|TAMS 0x0000000710e00000, 0x0000000710e00000| Complete 
| 229|0x0000000710f00000, 0x0000000711000000, 0x0000000711000000|100%| E|CS|TAMS 0x0000000710f00000, 0x0000000710f00000| Complete 
| 230|0x0000000711000000, 0x0000000711100000, 0x0000000711100000|100%| E|CS|TAMS 0x0000000711000000, 0x0000000711000000| Complete 
| 231|0x0000000711100000, 0x0000000711200000, 0x0000000711200000|100%| E|CS|TAMS 0x0000000711100000, 0x0000000711100000| Complete 
| 232|0x0000000711200000, 0x0000000711300000, 0x0000000711300000|100%| E|CS|TAMS 0x0000000711200000, 0x0000000711200000| Complete 
| 233|0x0000000711300000, 0x0000000711400000, 0x0000000711400000|100%| E|CS|TAMS 0x0000000711300000, 0x0000000711300000| Complete 
| 234|0x0000000711400000, 0x0000000711500000, 0x0000000711500000|100%| E|CS|TAMS 0x0000000711400000, 0x0000000711400000| Complete 
| 235|0x0000000711500000, 0x0000000711600000, 0x0000000711600000|100%| E|CS|TAMS 0x0000000711500000, 0x0000000711500000| Complete 
| 236|0x0000000711600000, 0x0000000711700000, 0x0000000711700000|100%| E|CS|TAMS 0x0000000711600000, 0x0000000711600000| Complete 
| 237|0x0000000711700000, 0x0000000711800000, 0x0000000711800000|100%| E|CS|TAMS 0x0000000711700000, 0x0000000711700000| Complete 
| 238|0x0000000711800000, 0x0000000711900000, 0x0000000711900000|100%| E|CS|TAMS 0x0000000711800000, 0x0000000711800000| Complete 
| 239|0x0000000711900000, 0x0000000711a00000, 0x0000000711a00000|100%| E|CS|TAMS 0x0000000711900000, 0x0000000711900000| Complete 
| 240|0x0000000711a00000, 0x0000000711b00000, 0x0000000711b00000|100%| E|CS|TAMS 0x0000000711a00000, 0x0000000711a00000| Complete 
| 241|0x0000000711b00000, 0x0000000711c00000, 0x0000000711c00000|100%| E|CS|TAMS 0x0000000711b00000, 0x0000000711b00000| Complete 
| 242|0x0000000711c00000, 0x0000000711d00000, 0x0000000711d00000|100%| E|CS|TAMS 0x0000000711c00000, 0x0000000711c00000| Complete 
| 243|0x0000000711d00000, 0x0000000711e00000, 0x0000000711e00000|100%| E|CS|TAMS 0x0000000711d00000, 0x0000000711d00000| Complete 
| 244|0x0000000711e00000, 0x0000000711f00000, 0x0000000711f00000|100%| E|CS|TAMS 0x0000000711e00000, 0x0000000711e00000| Complete 
| 245|0x0000000711f00000, 0x0000000712000000, 0x0000000712000000|100%| E|CS|TAMS 0x0000000711f00000, 0x0000000711f00000| Complete 
| 246|0x0000000712000000, 0x0000000712100000, 0x0000000712100000|100%| E|CS|TAMS 0x0000000712000000, 0x0000000712000000| Complete 
| 247|0x0000000712100000, 0x0000000712200000, 0x0000000712200000|100%| E|CS|TAMS 0x0000000712100000, 0x0000000712100000| Complete 
| 248|0x0000000712200000, 0x0000000712300000, 0x0000000712300000|100%| E|CS|TAMS 0x0000000712200000, 0x0000000712200000| Complete 
| 249|0x0000000712300000, 0x0000000712400000, 0x0000000712400000|100%| E|CS|TAMS 0x0000000712300000, 0x0000000712300000| Complete 
| 250|0x0000000712400000, 0x0000000712500000, 0x0000000712500000|100%| E|CS|TAMS 0x0000000712400000, 0x0000000712400000| Complete 
| 251|0x0000000712500000, 0x0000000712600000, 0x0000000712600000|100%| E|CS|TAMS 0x0000000712500000, 0x0000000712500000| Complete 
| 252|0x0000000712600000, 0x0000000712700000, 0x0000000712700000|100%| E|CS|TAMS 0x0000000712600000, 0x0000000712600000| Complete 
| 253|0x0000000712700000, 0x0000000712800000, 0x0000000712800000|100%| E|CS|TAMS 0x0000000712700000, 0x0000000712700000| Complete 

Card table byte_map: [0x00000190435c0000,0x0000019043db0000] _byte_map_base: 0x000001903fdab000

Marking Bits (Prev, Next): (CMBitMap*) 0x000001902c200b80, (CMBitMap*) 0x000001902c200b48
 Prev Bits: [0x0000019048500000, 0x000001904c458000)
 Next Bits: [0x00000190445a0000, 0x00000190484f8000)

Polling page: 0x000001902a000000

Metaspace:

Usage:
  Non-class:     25.41 MB capacity,    25.04 MB ( 99%) used,   306.91 KB (  1%) free+waste,    72.56 KB ( <1%) overhead. 
      Class:      3.60 MB capacity,     3.35 MB ( 93%) used,   216.41 KB (  6%) free+waste,    39.06 KB (  1%) overhead. 
       Both:     29.01 MB capacity,    28.39 MB ( 98%) used,   523.32 KB (  2%) free+waste,   111.62 KB ( <1%) overhead. 

Virtual space:
  Non-class space:       26.00 MB reserved,      25.42 MB ( 98%) committed 
      Class space:        1.00 GB reserved,       3.62 MB ( <1%) committed 
             Both:        1.03 GB reserved,      29.05 MB (  3%) committed 

Chunk freelists:
   Non-Class:  1.12 KB
       Class:  0 bytes
        Both:  1.12 KB

CodeHeap 'non-profiled nmethods': size=120000Kb used=1238Kb max_used=1238Kb free=118761Kb
 bounds [0x000001903b350000, 0x000001903b5c0000, 0x0000019042880000]
CodeHeap 'profiled nmethods': size=120000Kb used=5262Kb max_used=5262Kb free=114737Kb
 bounds [0x0000019033e20000, 0x0000019034350000, 0x000001903b350000]
CodeHeap 'non-nmethods': size=5760Kb used=1356Kb max_used=1415Kb free=4403Kb
 bounds [0x0000019033880000, 0x0000019033af0000, 0x0000019033e20000]
 total_blobs=3317 nmethods=2522 adapters=706
 compilation: enabled
              stopped_count=0, restarted_count=0
 full_count=0

Compilation events (10 events):
Event: 2.380 Thread 0x000001904fb1f000 2518       3       com.sun.javafx.geom.Vec3d::set (25 bytes)
Event: 2.380 Thread 0x000001904fb1f000 nmethod 2518 0x000001903433c990 code [0x000001903433cb20, 0x000001903433cc38]
Event: 2.380 Thread 0x000001904fb1f000 2519       3       com.sun.javafx.event.EventHandlerManager::dispatchCapturingEvent (41 bytes)
Event: 2.380 Thread 0x000001904fb1f000 nmethod 2519 0x000001903433cd10 code [0x000001903433cf00, 0x000001903433d618]
Event: 2.380 Thread 0x000001904fb1f000 2520       1       javafx.scene.input.PickResult::getIntersectedNode (5 bytes)
Event: 2.380 Thread 0x000001904fb1f000 nmethod 2520 0x000001903b485610 code [0x000001903b4857a0, 0x000001903b485858]
Event: 2.384 Thread 0x000001904fb1f000 2521  s!   3       com.sun.javafx.tk.Toolkit::getToolkit (244 bytes)
Event: 2.386 Thread 0x000001904fb1f000 nmethod 2521 0x000001903433d810 code [0x000001903433df00, 0x0000019034341be8]
Event: 2.389 Thread 0x000001904fb1f000 2522       3       java.lang.invoke.VarForm::getMemberName (21 bytes)
Event: 2.389 Thread 0x000001904fb1f000 nmethod 2522 0x0000019034343510 code [0x00000190343436c0, 0x0000019034343908]

GC Heap History (4 events):
Event: 0.547 GC heap before
{Heap before GC invocations=0 (full 0):
 garbage-first heap   total 260096K, used 23552K [0x0000000702a00000, 0x0000000800000000)
  region size 1024K, 24 young (24576K), 0 survivors (0K)
 Metaspace       used 11828K, capacity 12063K, committed 12288K, reserved 1060864K
  class space    used 1099K, capacity 1206K, committed 1280K, reserved 1048576K
}
Event: 0.550 GC heap after
{Heap after GC invocations=1 (full 0):
 garbage-first heap   total 260096K, used 6590K [0x0000000702a00000, 0x0000000800000000)
  region size 1024K, 3 young (3072K), 3 survivors (3072K)
 Metaspace       used 11828K, capacity 12063K, committed 12288K, reserved 1060864K
  class space    used 1099K, capacity 1206K, committed 1280K, reserved 1048576K
}
Event: 1.265 GC heap before
{Heap before GC invocations=1 (full 0):
 garbage-first heap   total 260096K, used 59838K [0x0000000702a00000, 0x0000000800000000)
  region size 1024K, 56 young (57344K), 3 survivors (3072K)
 Metaspace       used 20679K, capacity 21085K, committed 21296K, reserved 1069056K
  class space    used 2194K, capacity 2333K, committed 2432K, reserved 1048576K
}
Event: 1.269 GC heap after
{Heap after GC invocations=2 (full 0):
 garbage-first heap   total 260096K, used 8967K [0x0000000702a00000, 0x0000000800000000)
  region size 1024K, 6 young (6144K), 6 survivors (6144K)
 Metaspace       used 20679K, capacity 21085K, committed 21296K, reserved 1069056K
  class space    used 2194K, capacity 2333K, committed 2432K, reserved 1048576K
}

Deoptimization events (10 events):
Event: 1.575 Thread 0x0000019050910800 Uncommon trap: reason=bimorphic_or_optimized_type_check action=maybe_recompile pc=0x000001903b42dad8 method=java.io.DataInputStream.readFully([BII)V @ 34 c2
Event: 1.687 Thread 0x0000019050910800 Uncommon trap: reason=class_check action=maybe_recompile pc=0x000001903b38fae8 method=java.lang.String.equals(Ljava/lang/Object;)Z @ 8 c2
Event: 1.687 Thread 0x0000019050910800 Uncommon trap: reason=class_check action=maybe_recompile pc=0x000001903b38fae8 method=java.lang.String.equals(Ljava/lang/Object;)Z @ 8 c2
Event: 1.687 Thread 0x0000019050910800 Uncommon trap: reason=class_check action=maybe_recompile pc=0x000001903b38fae8 method=java.lang.String.equals(Ljava/lang/Object;)Z @ 8 c2
Event: 1.688 Thread 0x0000019050910800 Uncommon trap: reason=class_check action=maybe_recompile pc=0x000001903b38fae8 method=java.lang.String.equals(Ljava/lang/Object;)Z @ 8 c2
Event: 1.735 Thread 0x0000019050910800 Uncommon trap: reason=unstable_if action=reinterpret pc=0x000001903b39bf1c method=java.net.URL.<init>(Ljava/net/URL;Ljava/lang/String;Ljava/net/URLStreamHandler;)V @ 347 c2
Event: 1.768 Thread 0x0000019050910800 Uncommon trap: reason=unstable_if action=reinterpret pc=0x000001903b41f1d8 method=java.util.Objects.equals(Ljava/lang/Object;Ljava/lang/Object;)Z @ 6 c2
Event: 1.838 Thread 0x00000190507a6000 Uncommon trap: reason=unstable_if action=reinterpret pc=0x000001903b41fd98 method=jdk.internal.org.objectweb.asm.Type.getArgumentsAndReturnSizes(Ljava/lang/String;)I @ 130 c2
Event: 2.385 Thread 0x0000019050910800 Uncommon trap: reason=unstable_if action=reinterpret pc=0x000001903b4732d4 method=java.util.HashMap.isEmpty()Z @ 4 c2
Event: 2.388 Thread 0x0000019057be6800 Uncommon trap: reason=intrinsic_or_type_checked_inlining action=make_not_entrant pc=0x000001903b4233cc method=java.util.Arrays.copyOf([Ljava/lang/Object;ILjava/lang/Class;)[Ljava/lang/Object; @ 35 c2

Classes redefined (0 events):
No events

Internal exceptions (10 events):
Event: 1.378 Thread 0x0000019050910800 Exception <a 'java/lang/NullPointerException'{0x0000000711e49580}> (0x0000000711e49580) thrown at [./open/src/hotspot/share/interpreter/linkResolver.cpp, line 1358]
Event: 1.464 Thread 0x0000019050910800 Exception <a 'java/lang/NoSuchMethodError'{0x0000000711449a80}: 'void java.lang.invoke.DirectMethodHandle$Holder.invokeSpecial(java.lang.Object, java.lang.Object, java.lang.Object, java.lang.Object, java.lang.Object)'> (0x0000000711449a80) thrown at [./op
Event: 1.657 Thread 0x0000019050910800 Exception <a 'java/io/FileNotFoundException'{0x00000007105c0640}> (0x00000007105c0640) thrown at [./open/src/hotspot/share/prims/jni.cpp, line 611]
Event: 1.705 Thread 0x0000019050910800 Exception <a 'java/lang/NoSuchMethodError'{0x0000000710140060}: 'java.lang.Object java.lang.invoke.Invokers$Holder.linkToTargetMethod(java.lang.Object, int, java.lang.Object)'> (0x0000000710140060) thrown at [./open/src/hotspot/share/interpreter/linkResol
Event: 1.728 Thread 0x0000019050910800 Exception <a 'java/lang/NoSuchMethodError'{0x00000007100dbf80}: 'java.lang.Object java.lang.invoke.DirectMethodHandle$Holder.invokeInterface(java.lang.Object, java.lang.Object, java.lang.Object)'> (0x00000007100dbf80) thrown at [./open/src/hotspot/share/i
Event: 1.728 Thread 0x0000019050910800 Exception <a 'java/lang/IncompatibleClassChangeError'{0x00000007100def08}: Found class java.lang.Object, but interface was expected> (0x00000007100def08) thrown at [./open/src/hotspot/share/interpreter/linkResolver.cpp, line 839]
Event: 1.801 Thread 0x00000190507a6000 Exception <a 'java/lang/NoSuchMethodError'{0x000000070fa2a800}: 'int java.lang.invoke.DirectMethodHandle$Holder.invokeStaticInit(java.lang.Object, java.lang.Object)'> (0x000000070fa2a800) thrown at [./open/src/hotspot/share/interpreter/linkResolver.cpp, l
Event: 2.316 Thread 0x0000019050910800 Exception <a 'java/lang/NoSuchMethodError'{0x000000070f44f980}: 'long java.lang.invoke.DirectMethodHandle$Holder.invokeStatic(java.lang.Object, java.lang.Object, java.lang.Object)'> (0x000000070f44f980) thrown at [./open/src/hotspot/share/interpreter/link
Event: 2.316 Thread 0x0000019050910800 Exception <a 'java/lang/NoSuchMethodError'{0x000000070f452bf8}: 'long java.lang.invoke.DirectMethodHandle$Holder.invokeStaticInit(java.lang.Object, java.lang.Object, java.lang.Object)'> (0x000000070f452bf8) thrown at [./open/src/hotspot/share/interpreter/
Event: 2.317 Thread 0x0000019050910800 Exception <a 'java/lang/NoSuchMethodError'{0x000000070f4684c0}: 'java.lang.Object java.lang.invoke.Invokers$Holder.linkToTargetMethod(java.lang.Object, long, java.lang.Object)'> (0x000000070f4684c0) thrown at [./open/src/hotspot/share/interpreter/linkReso

Events (10 events):
Event: 2.388 Executing VM operation: RevokeBias done
Event: 2.388 loading class com/sun/javafx/tk/quantum/QuantumRenderer
Event: 2.388 loading class com/sun/javafx/tk/quantum/QuantumRenderer done
Event: 2.388 Thread 0x0000019057be6800 Thread exited: 0x0000019057be6800
Event: 2.389 loading class com/sun/javafx/tk/quantum/QuantumToolkit
Event: 2.389 loading class com/sun/javafx/tk/quantum/QuantumToolkit done
Event: 2.389 Thread 0x0000019057be6000 Thread exited: 0x0000019057be6000
Event: 2.389 loading class com/sun/prism/ResourceFactoryListener
Event: 2.389 loading class com/sun/prism/ResourceFactoryListener done
Event: 2.390 Executing VM operation: Exit


Dynamic libraries:
0x00007ff7cf6a0000 - 0x00007ff7cf6b0000 	C:\Program Files\Java\jdk-11\bin\java.exe
0x00007ffc31310000 - 0x00007ffc31508000 	C:\Windows\SYSTEM32\ntdll.dll
0x00007ffc30d10000 - 0x00007ffc30dd2000 	C:\Windows\System32\KERNEL32.DLL
0x00007ffc2efa0000 - 0x00007ffc2f296000 	C:\Windows\System32\KERNELBASE.dll
0x00007ffc2ed40000 - 0x00007ffc2ee40000 	C:\Windows\System32\ucrtbase.dll
0x00007ffc2bc80000 - 0x00007ffc2bc99000 	C:\Program Files\Java\jdk-11\bin\jli.dll
0x00007ffc30680000 - 0x00007ffc30731000 	C:\Windows\System32\ADVAPI32.dll
0x00007ffc2bc60000 - 0x00007ffc2bc7b000 	C:\Program Files\Java\jdk-11\bin\VCRUNTIME140.dll
0x00007ffc30c70000 - 0x00007ffc30d0e000 	C:\Windows\System32\msvcrt.dll
0x00007ffc31230000 - 0x00007ffc312cf000 	C:\Windows\System32\sechost.dll
0x00007ffc2fcc0000 - 0x00007ffc2fde0000 	C:\Windows\System32\RPCRT4.dll
0x00007ffc2e9a0000 - 0x00007ffc2e9c7000 	C:\Windows\System32\bcrypt.dll
0x00007ffc30170000 - 0x00007ffc30311000 	C:\Windows\System32\USER32.dll
0x00007ffc2e9d0000 - 0x00007ffc2e9f2000 	C:\Windows\System32\win32u.dll
0x00007ffc30c30000 - 0x00007ffc30c5b000 	C:\Windows\System32\GDI32.dll
0x00007ffc1b780000 - 0x00007ffc1ba1b000 	C:\Windows\WinSxS\amd64_microsoft.windows.common-controls_6595b64144ccf1df_6.0.19041.6456_none_60b8a6cb71f64256\COMCTL32.dll
0x00007ffc2ec20000 - 0x00007ffc2ed39000 	C:\Windows\System32\gdi32full.dll
0x00007ffc2eb00000 - 0x00007ffc2eb9d000 	C:\Windows\System32\msvcp_win.dll
0x00007ffc29c50000 - 0x00007ffc29c5a000 	C:\Windows\SYSTEM32\VERSION.dll
0x00007ffc2f390000 - 0x00007ffc2f3bf000 	C:\Windows\System32\IMM32.DLL
0x00007ffc207b0000 - 0x00007ffc207bc000 	C:\Program Files\Java\jdk-11\bin\vcruntime140_1.dll
0x00007ffc1e080000 - 0x00007ffc1e10e000 	C:\Program Files\Java\jdk-11\bin\msvcp140.dll
0x00007ffbf6da0000 - 0x00007ffbf7903000 	C:\Program Files\Java\jdk-11\bin\server\jvm.dll
0x00007ffc307b0000 - 0x00007ffc307b8000 	C:\Windows\System32\PSAPI.DLL
0x00007ffc207a0000 - 0x00007ffc207a9000 	C:\Windows\SYSTEM32\WSOCK32.dll
0x00007ffc1c930000 - 0x00007ffc1c957000 	C:\Windows\SYSTEM32\WINMM.dll
0x00007ffc30740000 - 0x00007ffc307ab000 	C:\Windows\System32\WS2_32.dll
0x00007ffc2c830000 - 0x00007ffc2c842000 	C:\Windows\SYSTEM32\kernel.appcore.dll
0x00007ffc20790000 - 0x00007ffc207a0000 	C:\Program Files\Java\jdk-11\bin\verify.dll
0x00007ffc1bc00000 - 0x00007ffc1be01000 	C:\Windows\SYSTEM32\DBGHELP.DLL
0x00007ffc0f850000 - 0x00007ffc0f884000 	C:\Windows\SYSTEM32\dbgcore.DLL
0x00007ffc2f2a0000 - 0x00007ffc2f322000 	C:\Windows\System32\bcryptPrimitives.dll
0x00007ffc20760000 - 0x00007ffc20788000 	C:\Program Files\Java\jdk-11\bin\java.dll
0x00007ffc20750000 - 0x00007ffc2075a000 	C:\Program Files\Java\jdk-11\bin\jimage.dll
0x00007ffc1e050000 - 0x00007ffc1e05e000 	C:\Program Files\Java\jdk-11\bin\instrument.dll
0x00007ffc1e060000 - 0x00007ffc1e077000 	C:\Program Files\Java\jdk-11\bin\zip.dll
0x00007ffc2f4a0000 - 0x00007ffc2fc10000 	C:\Windows\System32\SHELL32.dll
0x00007ffc2ca30000 - 0x00007ffc2d1d5000 	C:\Windows\SYSTEM32\windows.storage.dll
0x00007ffc30320000 - 0x00007ffc30674000 	C:\Windows\System32\combase.dll
0x00007ffc2e3d0000 - 0x00007ffc2e3fb000 	C:\Windows\SYSTEM32\Wldp.dll
0x00007ffc300a0000 - 0x00007ffc3016d000 	C:\Windows\System32\OLEAUT32.dll
0x00007ffc2fc10000 - 0x00007ffc2fcbd000 	C:\Windows\System32\SHCORE.dll
0x00007ffc30df0000 - 0x00007ffc30e4b000 	C:\Windows\System32\shlwapi.dll
0x00007ffc2e8d0000 - 0x00007ffc2e8f4000 	C:\Windows\SYSTEM32\profapi.dll
0x00007ffc1e000000 - 0x00007ffc1e019000 	C:\Program Files\Java\jdk-11\bin\net.dll
0x00007ffc28790000 - 0x00007ffc2889a000 	C:\Windows\SYSTEM32\WINHTTP.dll
0x00007ffc2e0c0000 - 0x00007ffc2e12a000 	C:\Windows\system32\mswsock.dll
0x00007ffc1dfe0000 - 0x00007ffc1dff2000 	C:\Program Files\Java\jdk-11\bin\nio.dll
0x000001902a1b0000 - 0x000001902a1b3000 	C:\Users\midoo\.openjfx\cache\17.0.2-ea\api-ms-win-core-console-l1-1-0.dll
0x000001902c110000 - 0x000001902c113000 	C:\Users\midoo\.openjfx\cache\17.0.2-ea\api-ms-win-core-console-l1-2-0.dll
0x000001902c120000 - 0x000001902c123000 	C:\Users\midoo\.openjfx\cache\17.0.2-ea\api-ms-win-core-datetime-l1-1-0.dll
0x000001902c130000 - 0x000001902c133000 	C:\Users\midoo\.openjfx\cache\17.0.2-ea\api-ms-win-core-debug-l1-1-0.dll
0x000001902c140000 - 0x000001902c143000 	C:\Users\midoo\.openjfx\cache\17.0.2-ea\api-ms-win-core-errorhandling-l1-1-0.dll
0x000001902c150000 - 0x000001902c154000 	C:\Users\midoo\.openjfx\cache\17.0.2-ea\api-ms-win-core-file-l1-1-0.dll
0x000001902c160000 - 0x000001902c163000 	C:\Users\midoo\.openjfx\cache\17.0.2-ea\api-ms-win-core-file-l1-2-0.dll
0x00000190517e0000 - 0x00000190517e3000 	C:\Users\midoo\.openjfx\cache\17.0.2-ea\api-ms-win-core-file-l2-1-0.dll
0x00000190517f0000 - 0x00000190517f3000 	C:\Users\midoo\.openjfx\cache\17.0.2-ea\api-ms-win-core-handle-l1-1-0.dll
0x0000019051800000 - 0x0000019051803000 	C:\Users\midoo\.openjfx\cache\17.0.2-ea\api-ms-win-core-heap-l1-1-0.dll
0x0000019051810000 - 0x0000019051813000 	C:\Users\midoo\.openjfx\cache\17.0.2-ea\api-ms-win-core-interlocked-l1-1-0.dll
0x0000019051820000 - 0x0000019051823000 	C:\Users\midoo\.openjfx\cache\17.0.2-ea\api-ms-win-core-libraryloader-l1-1-0.dll
0x0000019051830000 - 0x0000019051833000 	C:\Users\midoo\.openjfx\cache\17.0.2-ea\api-ms-win-core-localization-l1-2-0.dll
0x0000019051840000 - 0x0000019051843000 	C:\Users\midoo\.openjfx\cache\17.0.2-ea\api-ms-win-core-memory-l1-1-0.dll
0x0000019051850000 - 0x0000019051853000 	C:\Users\midoo\.openjfx\cache\17.0.2-ea\api-ms-win-core-namedpipe-l1-1-0.dll
0x0000019051860000 - 0x0000019051863000 	C:\Users\midoo\.openjfx\cache\17.0.2-ea\api-ms-win-core-processenvironment-l1-1-0.dll
0x0000019051870000 - 0x0000019051873000 	C:\Users\midoo\.openjfx\cache\17.0.2-ea\api-ms-win-core-processthreads-l1-1-0.dll
0x0000019051880000 - 0x0000019051883000 	C:\Users\midoo\.openjfx\cache\17.0.2-ea\api-ms-win-core-processthreads-l1-1-1.dll
0x0000019051890000 - 0x0000019051893000 	C:\Users\midoo\.openjfx\cache\17.0.2-ea\api-ms-win-core-profile-l1-1-0.dll
0x00000190518a0000 - 0x00000190518a3000 	C:\Users\midoo\.openjfx\cache\17.0.2-ea\api-ms-win-core-rtlsupport-l1-1-0.dll
0x00000190518b0000 - 0x00000190518b3000 	C:\Users\midoo\.openjfx\cache\17.0.2-ea\api-ms-win-core-string-l1-1-0.dll
0x00000190518c0000 - 0x00000190518c3000 	C:\Users\midoo\.openjfx\cache\17.0.2-ea\api-ms-win-core-synch-l1-1-0.dll
0x00000190518d0000 - 0x00000190518d3000 	C:\Users\midoo\.openjfx\cache\17.0.2-ea\api-ms-win-core-synch-l1-2-0.dll
0x00000190518e0000 - 0x00000190518e3000 	C:\Users\midoo\.openjfx\cache\17.0.2-ea\api-ms-win-core-sysinfo-l1-1-0.dll
0x00000190518f0000 - 0x00000190518f3000 	C:\Users\midoo\.openjfx\cache\17.0.2-ea\api-ms-win-core-timezone-l1-1-0.dll
0x0000019051900000 - 0x0000019051903000 	C:\Users\midoo\.openjfx\cache\17.0.2-ea\api-ms-win-core-util-l1-1-0.dll
0x0000019051910000 - 0x0000019051913000 	C:\Users\midoo\.openjfx\cache\17.0.2-ea\api-ms-win-crt-conio-l1-1-0.dll
0x0000019051920000 - 0x0000019051924000 	C:\Users\midoo\.openjfx\cache\17.0.2-ea\api-ms-win-crt-convert-l1-1-0.dll
0x0000019051930000 - 0x0000019051933000 	C:\Users\midoo\.openjfx\cache\17.0.2-ea\api-ms-win-crt-environment-l1-1-0.dll
0x0000019051940000 - 0x0000019051943000 	C:\Users\midoo\.openjfx\cache\17.0.2-ea\api-ms-win-crt-filesystem-l1-1-0.dll
0x0000019051950000 - 0x0000019051953000 	C:\Users\midoo\.openjfx\cache\17.0.2-ea\api-ms-win-crt-heap-l1-1-0.dll
0x0000019051960000 - 0x0000019051963000 	C:\Users\midoo\.openjfx\cache\17.0.2-ea\api-ms-win-crt-locale-l1-1-0.dll
0x0000019051970000 - 0x0000019051975000 	C:\Users\midoo\.openjfx\cache\17.0.2-ea\api-ms-win-crt-math-l1-1-0.dll
0x0000019051980000 - 0x0000019051985000 	C:\Users\midoo\.openjfx\cache\17.0.2-ea\api-ms-win-crt-multibyte-l1-1-0.dll
0x0000019051990000 - 0x00000190519a0000 	C:\Users\midoo\.openjfx\cache\17.0.2-ea\api-ms-win-crt-private-l1-1-0.dll
0x00000190519a0000 - 0x00000190519a3000 	C:\Users\midoo\.openjfx\cache\17.0.2-ea\api-ms-win-crt-process-l1-1-0.dll
0x00000190519b0000 - 0x00000190519b4000 	C:\Users\midoo\.openjfx\cache\17.0.2-ea\api-ms-win-crt-runtime-l1-1-0.dll
0x00000190519c0000 - 0x00000190519c4000 	C:\Users\midoo\.openjfx\cache\17.0.2-ea\api-ms-win-crt-stdio-l1-1-0.dll
0x00000190519d0000 - 0x00000190519d4000 	C:\Users\midoo\.openjfx\cache\17.0.2-ea\api-ms-win-crt-string-l1-1-0.dll
0x00000190519e0000 - 0x00000190519e3000 	C:\Users\midoo\.openjfx\cache\17.0.2-ea\api-ms-win-crt-time-l1-1-0.dll
0x00000190519f0000 - 0x00000190519f3000 	C:\Users\midoo\.openjfx\cache\17.0.2-ea\api-ms-win-crt-utility-l1-1-0.dll
0x00007ffbf8420000 - 0x00007ffbf851c000 	C:\Users\midoo\.openjfx\cache\17.0.2-ea\ucrtbase.dll
0x00007ffc1df60000 - 0x00007ffc1df7a000 	C:\Users\midoo\.openjfx\cache\17.0.2-ea\vcruntime140.dll
0x00007ffc1dfb0000 - 0x00007ffc1dfbc000 	C:\Users\midoo\.openjfx\cache\17.0.2-ea\vcruntime140_1.dll
0x00007ffbf4930000 - 0x00007ffbf49bd000 	C:\Users\midoo\.openjfx\cache\17.0.2-ea\msvcp140.dll
0x00007ffc1d0a0000 - 0x00007ffc1d0ca000 	C:\Users\midoo\.openjfx\cache\17.0.2-ea\prism_d3d.dll
0x00007ffbc4b40000 - 0x00007ffbc4d11000 	C:\Windows\system32\d3d9.dll
0x00007ffc2c650000 - 0x00007ffc2c67e000 	C:\Windows\SYSTEM32\dwmapi.dll
0x00007ffc2c340000 - 0x00007ffc2c3de000 	C:\Windows\system32\uxtheme.dll
0x00007ffb58ab0000 - 0x00007ffb58c1c000 	C:\Windows\System32\DriverStore\FileRepository\iigd_dch.inf_amd64_0797c0ea8580ae89\igdumdim64.dll
0x00007ffc2ff70000 - 0x00007ffc3009b000 	C:\Windows\System32\ole32.dll
0x00007ffb54ea0000 - 0x00007ffb58aa6000 	C:\Windows\System32\DriverStore\FileRepository\iigd_dch.inf_amd64_0797c0ea8580ae89\igd9dxva64.dll
0x00007ffc307c0000 - 0x00007ffc30c30000 	C:\Windows\System32\SETUPAPI.dll
0x00007ffc2ea00000 - 0x00007ffc2ea4e000 	C:\Windows\System32\cfgmgr32.dll
0x00007ffc24ed0000 - 0x00007ffc25297000 	C:\Windows\System32\DriverStore\FileRepository\iigd_dch.inf_amd64_0797c0ea8580ae89\igdgmm64.dll
0x00007ffbf83d0000 - 0x00007ffbf8412000 	C:\Users\midoo\.openjfx\cache\17.0.2-ea\glass.dll
0x00007ffc2fe90000 - 0x00007ffc2ff6a000 	C:\Windows\System32\COMDLG32.dll
0x00007ffc30f60000 - 0x00007ffc31075000 	C:\Windows\System32\MSCTF.dll
0x00007ffbe2ef0000 - 0x00007ffbe2f17000 	C:\Windows\System32\DriverStore\FileRepository\iigd_dch.inf_amd64_0797c0ea8580ae89\igdinfo64.dll
0x00007ffc218b0000 - 0x00007ffc24ec1000 	C:\Windows\System32\DriverStore\FileRepository\iigd_dch.inf_amd64_0797c0ea8580ae89\igc64.dll
0x00007ffc26d60000 - 0x00007ffc26d9b000 	C:\Windows\SYSTEM32\dxcore.dll
0x00007ffc2e320000 - 0x00007ffc2e338000 	C:\Windows\SYSTEM32\CRYPTSP.dll
0x00007ffc2d970000 - 0x00007ffc2d9a8000 	C:\Windows\system32\rsaenh.dll
0x00007ffc2e890000 - 0x00007ffc2e8be000 	C:\Windows\SYSTEM32\USERENV.dll
0x00007ffc2e340000 - 0x00007ffc2e34c000 	C:\Windows\SYSTEM32\CRYPTBASE.dll
0x00007ffc2dd30000 - 0x00007ffc2dd6b000 	C:\Windows\SYSTEM32\IPHLPAPI.DLL
0x00007ffc30de0000 - 0x00007ffc30de8000 	C:\Windows\System32\NSI.dll
0x00007ffc29260000 - 0x00007ffc29277000 	C:\Windows\SYSTEM32\dhcpcsvc6.DLL
0x00007ffc291f0000 - 0x00007ffc2920d000 	C:\Windows\SYSTEM32\dhcpcsvc.DLL
0x00007ffc2dde0000 - 0x00007ffc2deaa000 	C:\Windows\SYSTEM32\DNSAPI.dll
0x00007ffbf48f0000 - 0x00007ffbf4930000 	C:\Users\midoo\AppData\Local\Temp\jna-103891496\jna12850952675553162963.dll
0x00007ffc2fde0000 - 0x00007ffc2fe89000 	C:\Windows\System32\clbcatq.dll
0x00007ffc11900000 - 0x00007ffc11911000 	C:\Windows\system32\wbem\wbemprox.dll
0x00007ffc1ba20000 - 0x00007ffc1bab0000 	C:\Windows\SYSTEM32\wbemcomn.dll
0x00007ffc11210000 - 0x00007ffc11224000 	C:\Windows\system32\wbem\wbemsvc.dll
0x00007ffc11580000 - 0x00007ffc1168c000 	C:\Windows\system32\wbem\fastprox.dll
0x00007ffc10dd0000 - 0x00007ffc10def000 	C:\Windows\SYSTEM32\amsi.dll
0x00007ffbf8770000 - 0x00007ffbf8784000 	C:\Users\midoo\.openjfx\cache\17.0.2-ea\javafx_font.dll
0x00007ffc20050000 - 0x00007ffc202cf000 	C:\Windows\SYSTEM32\dwrite.dll
0x00007ffc2c100000 - 0x00007ffc2c2b6000 	C:\Windows\SYSTEM32\WindowsCodecs.dll

dbghelp: loaded successfully - version: 4.0.5 - missing functions: none
symbol engine: initialized successfully - sym options: 0x614 - pdb path: .;C:\Program Files\Java\jdk-11\bin;C:\Windows\SYSTEM32;C:\Windows\WinSxS\amd64_microsoft.windows.common-controls_6595b64144ccf1df_6.0.19041.6456_none_60b8a6cb71f64256;C:\Program Files\Java\jdk-11\bin\server;C:\Users\midoo\.openjfx\cache\17.0.2-ea;C:\Windows\System32\DriverStore\FileRepository\iigd_dch.inf_amd64_0797c0ea8580ae89;C:\Users\midoo\AppData\Local\Temp\jna-103891496;C:\Windows\system32\wbem;C:\Program Files\Common Files\Microsoft Shared\Ink

VM Arguments:
jvm_args: -javaagent:D:\IDEA\IntelliJ IDEA 2025.3\lib\idea_rt.jar=63429 -Dfile.encoding=UTF-8 
java_command: com.miduo.cloud.frontend.FrontendMain
java_class_path (initial): D:\莉盄馱撿覃彸唳\productiontools\miduo-frontend\target\classes;D:\莉盄馱撿覃彸唳\productiontools\miduo-common\target\classes;C:\Users\midoo\.m2\repository\com\fasterxml\jackson\datatype\jackson-datatype-jsr310\2.12.5\jackson-datatype-jsr310-2.12.5.jar;D:\莉盄馱撿覃彸唳\productiontools\miduo-entity\target\classes;C:\Users\midoo\.m2\repository\com\fasterxml\jackson\core\jackson-annotations\2.12.5\jackson-annotations-2.12.5.jar;D:\莉盄馱撿覃彸唳\productiontools\miduo-application\target\classes;D:\莉盄馱撿覃彸唳\productiontools\miduo-domain\target\classes;D:\莉盄馱撿覃彸唳\productiontools\miduo-infrastructure\target\classes;C:\Users\midoo\.m2\repository\com\baomidou\mybatis-plus-boot-starter\3.5.3.1\mybatis-plus-boot-starter-3.5.3.1.jar;C:\Users\midoo\.m2\repository\com\baomidou\mybatis-plus\3.5.3.1\mybatis-plus-3.5.3.1.jar;C:\Users\midoo\.m2\repository\com\baomidou\mybatis-plus-extension\3.5.3.1\mybatis-plus-extension-3.5.3.1.jar;C:\Users\midoo\.m2\repository\com\baomidou\mybatis-plus-core\3.5.3.1\mybatis-plus-core-3.5.3.1.jar;C:\Users\midoo\.m2\repository\com\baomidou\mybatis-plus-annotation\3.5.3.1\mybatis-plus-annotation-3.5.3.1.jar;C:\Users\midoo\.m2\repository\com\github\jsqlparser\jsqlparser\4.4\jsqlparser-4.4.jar;C:\Users\midoo\.m2\repository\org\mybatis\mybatis\3.5.10\mybatis-3.5.10.jar;C:\Users\midoo\.m2\repository\org\mybatis\mybatis-spring\2.0.7\mybatis-spring-2.0.7.jar;C:\Users\midoo\.m2\repository\com\mysql\mysql-connector-j\8.0.33\mysql-connector-j-8.0.33.jar;C:\Users\midoo\.m2\repository\com\google\protobuf\protobuf-java\3.21.9\protobuf-java-3.21.9.jar;C:\Users\midoo\.m2\repository\net\sourceforge\jtds\jtds\1.3.1\jtds-1.3.1.jar;C:\Users\midoo\.m2\repository\org\springframework\boot\spring-boot-starter-jdbc\2.5.6\spring-boot-starter-jdbc-2.5.6.jar;C:\Users\midoo\.m2\repository\com\zaxxer\HikariCP\4.0.3\HikariCP-4.0.3.jar;C:\Users\midoo\.m2\repository\org\springframework\spring-jdbc\5.3.12\spring-jdbc-5.3.12.jar;C:\Users\midoo
Launcher Type: SUN_STANDARD

[Global flags]
     intx CICompilerCount                          = 4                                         {product} {ergonomic}
     uint ConcGCThreads                            = 3                                         {product} {ergonomic}
     uint G1ConcRefinementThreads                  = 10                                        {product} {ergonomic}
   size_t G1HeapRegionSize                         = 1048576                                   {product} {ergonomic}
    uintx GCDrainStackTargetSize                   = 64                                        {product} {ergonomic}
   size_t InitialHeapSize                          = 266338304                                 {product} {ergonomic}
   size_t MarkStackSize                            = 4194304                                   {product} {ergonomic}
   size_t MaxHeapSize                              = 4250927104                                {product} {ergonomic}
   size_t MaxNewSize                               = 2550136832                                {product} {ergonomic}
   size_t MinHeapDeltaBytes                        = 1048576                                   {product} {ergonomic}
    uintx NonNMethodCodeHeapSize                   = 5836300                                {pd product} {ergonomic}
    uintx NonProfiledCodeHeapSize                  = 122910970                              {pd product} {ergonomic}
    uintx ProfiledCodeHeapSize                     = 122910970                              {pd product} {ergonomic}
    uintx ReservedCodeCacheSize                    = 251658240                              {pd product} {ergonomic}
     bool SegmentedCodeCache                       = true                                      {product} {ergonomic}
     bool UseCompressedClassPointers               = true                                 {lp64_product} {ergonomic}
     bool UseCompressedOops                        = true                                 {lp64_product} {ergonomic}
     bool UseG1GC                                  = true                                      {product} {ergonomic}
     bool UseLargePagesIndividualAllocation        = false                                  {pd product} {ergonomic}

Logging:
Log output configuration:
 #0: stdout all=warning uptime,level,tags
 #1: stderr all=off uptime,level,tags

Environment Variables:
PATH=C:\Program Files\Common Files\Oracle\Java\javapath;C:\Windows\system32;C:\Windows;C:\Windows\System32\Wbem;C:\Windows\System32\WindowsPowerShell\v1.0\;C:\Windows\System32\OpenSSH\;C:\Program Files\Microsoft SQL Server\130\Tools\Binn\;D:\SVN\bin;C:\Program Files\Microsoft SQL Server\Client SDK\ODBC\170\Tools\Binn\;D:\cursor\resources\app\bin;C:\Program Files\Microsoft SQL Server\170\Tools\Binn\;C:\Program Files\dotnet\;D:\Git\cmd;C:\Program Files\nodejs\;C:\Program Files\Apache\maven\bin;C:\Users\midoo\AppData\Local\Microsoft\WindowsApps;C:\Users\midoo\.dotnet\tools;C:\Users\midoo\AppData\Roaming\npm;D:\IDEA\IntelliJ IDEA 2025.3\bin;C:\Program Files\Apache\maven\bin;
USERNAME=midoo
OS=Windows_NT
PROCESSOR_IDENTIFIER=Intel64 Family 6 Model 165 Stepping 3, GenuineIntel



---------------  S Y S T E M  ---------------

OS: Windows 10 , 64 bit Build 19041 (10.0.19041.5915)

CPU:total 12 (initial active 12) (6 cores per cpu, 2 threads per core) family 6 model 165 stepping 3 microcode 0xe0, cmov, cx8, fxsr, mmx, sse, sse2, sse3, ssse3, sse4.1, sse4.2, popcnt, avx, avx2, aes, clmul, erms, 3dnowpref, lzcnt, ht, tsc, tscinvbit, bmi1, bmi2, adx, fma

Memory: 4k page, system-wide physical 16213M (4380M free)
TotalPageFile size 29525M (AvailPageFile size 9802M)
current process WorkingSet (physical memory assigned to process): 228M, peak: 229M
current process commit charge ("private bytes"): 451M, peak: 452M

vm_info: Java HotSpot(TM) 64-Bit Server VM (11.0.28+12-LTS-279) for windows-amd64 JRE (11.0.28+12-LTS-279), built on Jun 27 2025 10:10:38 by "mach5one" with MS VC++ 17.6 (VS2022)

END.
