#
# A fatal error has been detected by the Java Runtime Environment:
#
#  EXCEPTION_ACCESS_VIOLATION (0xc0000005) at pc=0x00007ff8e0a16ab7, pid=22328, tid=10028
#
# JRE version: Java(TM) SE Runtime Environment 18.9 (11.0.28+12) (build 11.0.28+12-LTS-279)
# Java VM: Java HotSpot(TM) 64-Bit Server VM 18.9 (11.0.28+12-LTS-279, mixed mode, tiered, compressed oops, g1 gc, windows-amd64)
# Problematic frame:
# C  [glass.dll+0x26ab7]
#
# No core dump will be written. Minidumps are not enabled by default on client versions of Windows
#
# If you would like to submit a bug report, please visit:
#   https://bugreport.java.com/bugreport/crash.jsp
#

---------------  S U M M A R Y ------------

Command Line: -agentlib:jdwp=transport=dt_socket,address=127.0.0.1:51817,suspend=y,server=n -javaagent:C:\Users\midoo\AppData\Local\JetBrains\IntelliJIdea2025.3\captureAgent\debugger-agent.jar=file:///C:/Users/midoo/AppData/Local/Temp/capture13530023285661369250.props -agentpath:C:\Users\midoo\AppData\Local\Temp\idea_libasyncProfiler_dll_temp_folder6\libasyncProfiler.dll=version,jfr,event=wall,interval=10ms,cstack=no,file=C:\Users\midoo\IdeaSnapshots\FrontendMain_2025_12_23_103039.jfr,dbghelppath=C:\Users\midoo\AppData\Local\Temp\idea_dbghelp_dll_temp_folder\dbghelp.dll,log=C:\Users\midoo\AppData\Local\Temp\FrontendMain_2025_12_23_103039.jfr.log.txt,logLevel=DEBUG -Dkotlinx.coroutines.debug.enable.creation.stack.trace=false -Ddebugger.agent.enable.coroutines=true -Dkotlinx.coroutines.debug.enable.flows.stack.trace=true -Dkotlinx.coroutines.debug.enable.mutable.state.flows.stack.trace=true -Ddebugger.async.stack.trace.for.all.threads=true -Dfile.encoding=UTF-8 com.miduo.cloud.frontend.FrontendMain

Host: Intel(R) Core(TM) i5-10400 CPU @ 2.90GHz, 12 cores, 15G,  Windows 10 , 64 bit Build 19041 (10.0.19041.5915)
Time: Tue Dec 23 10:31:07 2025  Windows 10 , 64 bit Build 19041 (10.0.19041.5915) elapsed time: 28.201085 seconds (0d 0h 0m 28s)

---------------  T H R E A D  ---------------

Current thread (0x000001c71f146800):  VMThread "VM Thread" [stack: 0x00000023d0700000,0x00000023d0800000] [id=10028]

Stack: [0x00000023d0700000,0x00000023d0800000],  sp=0x00000023d07ff030,  free space=1020k
Native frames: (J=compiled Java code, j=interpreted, Vv=VM code, C=native code)
C  [glass.dll+0x26ab7]


siginfo: EXCEPTION_ACCESS_VIOLATION (0xc0000005), reading address 0x0000000000000000


Register to memory mapping:

RIP=0x00007ff8e0a16ab7 glass.dll
RAX=0x0 is NULL
RBX=0x000001c71f170978 is a global jni handle
RCX=0x000001c71f146800 points into unknown readable memory: 0x00007ff8d350db10 | 10 db 50 d3 f8 7f 00 00
RDX=0x00000023d07ff030 points into unknown readable memory: 0x0000000000000000 | 00 00 00 00 00 00 00 00
RSP=0x00000023d07ff030 points into unknown readable memory: 0x0000000000000000 | 00 00 00 00 00 00 00 00
RBP=0x000001c720c71228 points into unknown readable memory: 0x00001039fc7d8c62 | 62 8c 7d fc 39 10 00 00
RSI=0x000001c720c71200 points into unknown readable memory: 0x8284ea49fc7c7381 | 81 73 7c fc 49 ea 84 82
RDI=0x00001039fc7d8c62 is an unknown value
R8 =0x0000000000010002 is an unknown value
R9 =0x00001039fc7d8c62 is an unknown value
R10=0x0000000000008000 is an unknown value
R11=0x00000023d07fefc0 points into unknown readable memory: 0x000001c720c71200 | 00 12 c7 20 c7 01 00 00
R12=0x00007ff8e0a14384 glass.dll
R13=0x000001c71f142620 points into unknown readable memory: 0x8000000000000001 | 01 00 00 00 00 00 00 80
R14=0x00000023d07ff128 points into unknown readable memory: 0x00000023d07ff110 | 10 f1 7f d0 23 00 00 00
R15=0x000001c720c71200 points into unknown readable memory: 0x8284ea49fc7c7381 | 81 73 7c fc 49 ea 84 82


Registers:
RAX=0x0000000000000000, RBX=0x000001c71f170978, RCX=0x000001c71f146800, RDX=0x00000023d07ff030
RSP=0x00000023d07ff030, RBP=0x000001c720c71228, RSI=0x000001c720c71200, RDI=0x00001039fc7d8c62
R8 =0x0000000000010002, R9 =0x00001039fc7d8c62, R10=0x0000000000008000, R11=0x00000023d07fefc0
R12=0x00007ff8e0a14384, R13=0x000001c71f142620, R14=0x00000023d07ff128, R15=0x000001c720c71200
RIP=0x00007ff8e0a16ab7, EFLAGS=0x0000000000010206

Top of Stack: (sp=0x00000023d07ff030)
0x00000023d07ff030:   0000000000000000 000001c720c71200
0x00000023d07ff040:   000001c71f142620 00007ff8e0a14384
0x00000023d07ff050:   000001c720c71208 00007ff90bc142d6
0x00000023d07ff060:   00001039fc7d8c62 000001c700000000
0x00000023d07ff070:   000001c720c71228 000001c720c71200
0x00000023d07ff080:   fffffffffffffffe 0000000000000000
0x00000023d07ff090:   0000000000000001 00007ff8e09f0000
0x00000023d07ff0a0:   00000023d07ff118 00007ff90bc141fb
0x00000023d07ff0b0:   0000000000000000 00000023d07ff128
0x00000023d07ff0c0:   00000023d07ff400 00007ff90bcf0e40
0x00000023d07ff0d0:   0000000000000001 00007ff90bc141b4
0x00000023d07ff0e0:   0000000000000000 0000000000000001
0x00000023d07ff0f0:   00007ff903ae2dd0 00000023d07ff118
0x00000023d07ff100:   00007ff90000000d 00007ff8e0a14211
0x00000023d07ff110:   00007ff8e0a2a138 00007ff900000002
0x00000023d07ff120:   0000000000000002 00000023d07ff110 

Instructions: (pc=0x00007ff8e0a16ab7)
0x00007ff8e0a16a97:   cc cc cc cc cc cc cc cc cc 40 53 48 83 ec 20 48
0x00007ff8e0a16aa7:   8b 1d 83 30 01 00 48 85 db 74 16 e8 09 8b ff ff
0x00007ff8e0a16ab7:   4c 8b 00 48 8b d3 48 8b c8 41 ff 90 b0 00 00 00
0x00007ff8e0a16ac7:   90 48 83 c4 20 5b c3 cc cc 40 53 48 83 ec 20 48 


Stack slot to memory mapping:
stack at sp + 0 slots: 0x0 is NULL
stack at sp + 1 slots: 0x000001c720c71200 points into unknown readable memory: 0x8284ea49fc7c7381 | 81 73 7c fc 49 ea 84 82
stack at sp + 2 slots: 0x000001c71f142620 points into unknown readable memory: 0x8000000000000001 | 01 00 00 00 00 00 00 80
stack at sp + 3 slots: 0x00007ff8e0a14384 glass.dll
stack at sp + 4 slots: 0x000001c720c71208 points into unknown readable memory: 0x00001039fc7d8c62 | 62 8c 7d fc 39 10 00 00
stack at sp + 5 slots: 0x00007ff90bc142d6 ucrtbase.dll
stack at sp + 6 slots: 0x00001039fc7d8c62 is an unknown value
stack at sp + 7 slots: 0x000001c700000000 points into unknown readable memory: 0x00010000cafedada | da da fe ca 00 00 01 00

VM_Operation (0x00000023d1ffb650): Exit, mode: safepoint, requested by thread 0x000001c7212c3000


---------------  P R O C E S S  ---------------

Threads class SMR info:
_java_thread_list=0x000001c728c0cef0, length=23, elements={
0x000001c77b87f800, 0x000001c71f148000, 0x000001c71f151000, 0x000001c71f1ca800,
0x000001c71f1cb800, 0x000001c71f1ce800, 0x000001c71f1d3800, 0x000001c71f1d9000,
0x000001c71f1dc000, 0x000001c71f0e3800, 0x000001c71fcaf000, 0x000001c71fcea800,
0x000001c71fcac000, 0x000001c71fd1d000, 0x000001c720119800, 0x000001c720a3b000,
0x000001c720f23000, 0x000001c7212c3000, 0x000001c721b18800, 0x000001c720da8800,
0x000001c72223e800, 0x000001c72223b800, 0x000001c72223c000
}

Java Threads: ( => current thread )
  0x000001c77b87f800 JavaThread "main" [_thread_blocked, id=1188, stack(0x00000023d0100000,0x00000023d0200000)]
  0x000001c71f148000 JavaThread "Reference Handler" daemon [_thread_blocked, id=5616, stack(0x00000023d0800000,0x00000023d0900000)]
  0x000001c71f151000 JavaThread "Finalizer" daemon [_thread_blocked, id=11564, stack(0x00000023d0900000,0x00000023d0a00000)]
  0x000001c71f1ca800 JavaThread "Signal Dispatcher" daemon [_thread_blocked, id=7336, stack(0x00000023d0a00000,0x00000023d0b00000)]
  0x000001c71f1cb800 JavaThread "Attach Listener" daemon [_thread_blocked, id=34492, stack(0x00000023d0b00000,0x00000023d0c00000)]
  0x000001c71f1ce800 JavaThread "Service Thread" daemon [_thread_blocked, id=16576, stack(0x00000023d0c00000,0x00000023d0d00000)]
  0x000001c71f1d3800 JavaThread "C2 CompilerThread0" daemon [_thread_blocked, id=13124, stack(0x00000023d0d00000,0x00000023d0e00000)]
  0x000001c71f1d9000 JavaThread "C1 CompilerThread0" daemon [_thread_blocked, id=6888, stack(0x00000023d0e00000,0x00000023d0f00000)]
  0x000001c71f1dc000 JavaThread "Sweeper thread" daemon [_thread_blocked, id=5636, stack(0x00000023d0f00000,0x00000023d1000000)]
  0x000001c71f0e3800 JavaThread "Common-Cleaner" daemon [_thread_blocked, id=8552, stack(0x00000023d1000000,0x00000023d1100000)]
  0x000001c71fcaf000 JavaThread "JDWP Transport Listener: dt_socket" daemon [_thread_blocked, id=14668, stack(0x00000023d1200000,0x00000023d1300000)]
  0x000001c71fcea800 JavaThread "JDWP Event Helper Thread" daemon [_thread_blocked, id=34756, stack(0x00000023d1300000,0x00000023d1400000)]
  0x000001c71fcac000 JavaThread "JDWP Command Reader" daemon [_thread_blocked, id=7656, stack(0x00000023d1400000,0x00000023d1500000)]
  0x000001c71fd1d000 JavaThread "IntelliJ Suspend Helper" daemon [_thread_blocked, id=17600, stack(0x00000023d1100000,0x00000023d1200000)]
  0x000001c720119800 JavaThread "JavaFX-Launcher" [_thread_blocked, id=17496, stack(0x00000023d1700000,0x00000023d1800000)]
  0x000001c720a3b000 JavaThread "QuantumRenderer-0" daemon [_thread_blocked, id=22240, stack(0x00000023d1800000,0x00000023d1900000)]
  0x000001c720f23000 JavaThread "InvokeLaterDispatcher" daemon [_thread_blocked, id=16548, stack(0x00000023d1e00000,0x00000023d1f00000)]
  0x000001c7212c3000 JavaThread "JavaFX Application Thread" [_thread_blocked, id=27904, stack(0x00000023d1f00000,0x00000023d2000000)]
  0x000001c721b18800 JavaThread "Thread-2" daemon [_thread_in_native, id=17276, stack(0x00000023d2300000,0x00000023d2400000)]
  0x000001c720da8800 JavaThread "OperateLogBatchSaver" daemon [_thread_blocked, id=11980, stack(0x00000023d2400000,0x00000023d2500000)]
  0x000001c72223e800 JavaThread "JNA Cleaner" daemon [_thread_blocked, id=34512, stack(0x00000023d2500000,0x00000023d2600000)]
  0x000001c72223b800 JavaThread "Prism Font Disposer" daemon [_thread_blocked, id=17672, stack(0x00000023d2c00000,0x00000023d2d00000)]
  0x000001c72223c000 JavaThread "Cleaner-0" daemon [_thread_blocked, id=17204, stack(0x00000023d2d00000,0x00000023d2e00000)]

Other Threads:
=>0x000001c71f146800 VMThread "VM Thread" [stack: 0x00000023d0700000,0x00000023d0800000] [id=10028]
  0x000001c77b893800 GCTaskThread "GC Thread#0" [stack: 0x00000023d0200000,0x00000023d0300000] [id=8448]
  0x000001c720f0c800 GCTaskThread "GC Thread#1" [stack: 0x00000023d1900000,0x00000023d1a00000] [id=21452]
  0x000001c721877000 GCTaskThread "GC Thread#2" [stack: 0x00000023d1a00000,0x00000023d1b00000] [id=13796]
  0x000001c720c86800 GCTaskThread "GC Thread#3" [stack: 0x00000023d1b00000,0x00000023d1c00000] [id=8880]
  0x000001c720c87800 GCTaskThread "GC Thread#4" [stack: 0x00000023d1c00000,0x00000023d1d00000] [id=26732]
  0x000001c720db7000 GCTaskThread "GC Thread#5" [stack: 0x00000023d1d00000,0x00000023d1e00000] [id=33220]
  0x000001c77b8f9000 ConcurrentGCThread "G1 Main Marker" [stack: 0x00000023d0300000,0x00000023d0400000] [id=11548]
  0x000001c77b8fa800 ConcurrentGCThread "G1 Conc#0" [stack: 0x00000023d0400000,0x00000023d0500000] [id=31688]
  0x000001c722303000 ConcurrentGCThread "G1 Conc#1" [stack: 0x00000023d2900000,0x00000023d2a00000] [id=27344]
  0x000001c7222fd800 ConcurrentGCThread "G1 Conc#2" [stack: 0x00000023d2a00000,0x00000023d2b00000] [id=27424]
  0x000001c77ba28800 ConcurrentGCThread "G1 Refine#0" [stack: 0x00000023d0500000,0x00000023d0600000] [id=5428]
  0x000001c77ba2b800 ConcurrentGCThread "G1 Young RemSet Sampling" [stack: 0x00000023d0600000,0x00000023d0700000] [id=26204]

Threads with active compile tasks:
C1 CompilerThread0    28274 2951       3       java.lang.invoke.AbstractValidatingLambdaMetafactory::validateMetafactoryArgs (607 bytes)

VM state:at safepoint (shutting down)

VM Mutex/Monitor currently owned by a thread:  ([mutex/lock_event])
[0x000001c77b61bbe0] Threads_lock - owner thread: 0x000001c71f146800

Heap address: 0x0000000702a00000, size: 4054 MB, Compressed Oops mode: Zero based, Oop shift amount: 3
Narrow klass base: 0x0000000800000000, Narrow klass shift: 0
Compressed class space size: 1073741824 Address: 0x0000000800000000

Heap:
 garbage-first heap   total 260096K, used 26469K [0x0000000702a00000, 0x0000000800000000)
  region size 1024K, 18 young (18432K), 7 survivors (7168K)
 Metaspace       used 30453K, capacity 31162K, committed 31360K, reserved 1077248K
  class space    used 3557K, capacity 3848K, committed 3968K, reserved 1048576K
Heap Regions: E=young(eden), S=young(survivor), O=old, HS=humongous(starts), HC=humongous(continues), CS=collection set, F=free, A=archive, TAMS=top-at-mark-start (previous, next)
|   0|0x0000000702a00000, 0x0000000702b00000, 0x0000000702b00000|100%| O|  |TAMS 0x0000000702b00000, 0x0000000702a00000| Untracked 
|   1|0x0000000702b00000, 0x0000000702c00000, 0x0000000702c00000|100%| O|  |TAMS 0x0000000702c00000, 0x0000000702b00000| Untracked 
|   2|0x0000000702c00000, 0x0000000702d00000, 0x0000000702d00000|100%| O|  |TAMS 0x0000000702d00000, 0x0000000702c00000| Untracked 
|   3|0x0000000702d00000, 0x0000000702e00000, 0x0000000702e00000|100%| O|  |TAMS 0x0000000702d46000, 0x0000000702d00000| Untracked 
|   4|0x0000000702e00000, 0x0000000702f00000, 0x0000000702f00000|100%|HS|  |TAMS 0x0000000702e00000, 0x0000000702e00000| Complete 
|   5|0x0000000702f00000, 0x0000000702f00000, 0x0000000703000000|  0%| F|  |TAMS 0x0000000702f00000, 0x0000000702f00000| Untracked 
|   6|0x0000000703000000, 0x0000000703100000, 0x0000000703100000|100%| O|  |TAMS 0x0000000703000000, 0x0000000703000000| Untracked 
|   7|0x0000000703100000, 0x0000000703200000, 0x0000000703200000|100%| O|  |TAMS 0x0000000703100000, 0x0000000703100000| Untracked 
|   8|0x0000000703200000, 0x000000070325cc00, 0x0000000703300000| 36%| O|  |TAMS 0x0000000703200000, 0x0000000703200000| Untracked 
|   9|0x0000000703300000, 0x0000000703400000, 0x0000000703400000|100%|HS|  |TAMS 0x0000000703300000, 0x0000000703300000| Complete 
|  10|0x0000000703400000, 0x0000000703500000, 0x0000000703500000|100%|HC|  |TAMS 0x0000000703400000, 0x0000000703400000| Complete 
|  11|0x0000000703500000, 0x0000000703500000, 0x0000000703600000|  0%| F|  |TAMS 0x0000000703500000, 0x0000000703500000| Untracked 
|  12|0x0000000703600000, 0x0000000703600000, 0x0000000703700000|  0%| F|  |TAMS 0x0000000703600000, 0x0000000703600000| Untracked 
|  13|0x0000000703700000, 0x0000000703700000, 0x0000000703800000|  0%| F|  |TAMS 0x0000000703700000, 0x0000000703700000| Untracked 
|  14|0x0000000703800000, 0x0000000703800000, 0x0000000703900000|  0%| F|  |TAMS 0x0000000703800000, 0x0000000703800000| Untracked 
|  15|0x0000000703900000, 0x0000000703900000, 0x0000000703a00000|  0%| F|  |TAMS 0x0000000703900000, 0x0000000703900000| Untracked 
|  16|0x0000000703a00000, 0x0000000703a00000, 0x0000000703b00000|  0%| F|  |TAMS 0x0000000703a00000, 0x0000000703a00000| Untracked 
|  17|0x0000000703b00000, 0x0000000703b00000, 0x0000000703c00000|  0%| F|  |TAMS 0x0000000703b00000, 0x0000000703b00000| Untracked 
|  18|0x0000000703c00000, 0x0000000703c00000, 0x0000000703d00000|  0%| F|  |TAMS 0x0000000703c00000, 0x0000000703c00000| Untracked 
|  19|0x0000000703d00000, 0x0000000703d00000, 0x0000000703e00000|  0%| F|  |TAMS 0x0000000703d00000, 0x0000000703d00000| Untracked 
|  20|0x0000000703e00000, 0x0000000703e00000, 0x0000000703f00000|  0%| F|  |TAMS 0x0000000703e00000, 0x0000000703e00000| Untracked 
|  21|0x0000000703f00000, 0x0000000703f00000, 0x0000000704000000|  0%| F|  |TAMS 0x0000000703f00000, 0x0000000703f00000| Untracked 
|  22|0x0000000704000000, 0x0000000704000000, 0x0000000704100000|  0%| F|  |TAMS 0x0000000704000000, 0x0000000704000000| Untracked 
|  23|0x0000000704100000, 0x0000000704100000, 0x0000000704200000|  0%| F|  |TAMS 0x0000000704100000, 0x0000000704100000| Untracked 
|  24|0x0000000704200000, 0x0000000704200000, 0x0000000704300000|  0%| F|  |TAMS 0x0000000704200000, 0x0000000704200000| Untracked 
|  25|0x0000000704300000, 0x0000000704300000, 0x0000000704400000|  0%| F|  |TAMS 0x0000000704300000, 0x0000000704300000| Untracked 
|  26|0x0000000704400000, 0x0000000704400000, 0x0000000704500000|  0%| F|  |TAMS 0x0000000704400000, 0x0000000704400000| Untracked 
|  27|0x0000000704500000, 0x0000000704500000, 0x0000000704600000|  0%| F|  |TAMS 0x0000000704500000, 0x0000000704500000| Untracked 
|  28|0x0000000704600000, 0x0000000704600000, 0x0000000704700000|  0%| F|  |TAMS 0x0000000704600000, 0x0000000704600000| Untracked 
|  29|0x0000000704700000, 0x0000000704700000, 0x0000000704800000|  0%| F|  |TAMS 0x0000000704700000, 0x0000000704700000| Untracked 
|  30|0x0000000704800000, 0x0000000704800000, 0x0000000704900000|  0%| F|  |TAMS 0x0000000704800000, 0x0000000704800000| Untracked 
|  31|0x0000000704900000, 0x0000000704900000, 0x0000000704a00000|  0%| F|  |TAMS 0x0000000704900000, 0x0000000704900000| Untracked 
|  32|0x0000000704a00000, 0x0000000704a00000, 0x0000000704b00000|  0%| F|  |TAMS 0x0000000704a00000, 0x0000000704a00000| Untracked 
|  33|0x0000000704b00000, 0x0000000704b00000, 0x0000000704c00000|  0%| F|  |TAMS 0x0000000704b00000, 0x0000000704b00000| Untracked 
|  34|0x0000000704c00000, 0x0000000704c00000, 0x0000000704d00000|  0%| F|  |TAMS 0x0000000704c00000, 0x0000000704c00000| Untracked 
|  35|0x0000000704d00000, 0x0000000704d00000, 0x0000000704e00000|  0%| F|  |TAMS 0x0000000704d00000, 0x0000000704d00000| Untracked 
|  36|0x0000000704e00000, 0x0000000704e00000, 0x0000000704f00000|  0%| F|  |TAMS 0x0000000704e00000, 0x0000000704e00000| Untracked 
|  37|0x0000000704f00000, 0x0000000704f00000, 0x0000000705000000|  0%| F|  |TAMS 0x0000000704f00000, 0x0000000704f00000| Untracked 
|  38|0x0000000705000000, 0x0000000705000000, 0x0000000705100000|  0%| F|  |TAMS 0x0000000705000000, 0x0000000705000000| Untracked 
|  39|0x0000000705100000, 0x0000000705100000, 0x0000000705200000|  0%| F|  |TAMS 0x0000000705100000, 0x0000000705100000| Untracked 
|  40|0x0000000705200000, 0x0000000705200000, 0x0000000705300000|  0%| F|  |TAMS 0x0000000705200000, 0x0000000705200000| Untracked 
|  41|0x0000000705300000, 0x0000000705300000, 0x0000000705400000|  0%| F|  |TAMS 0x0000000705300000, 0x0000000705300000| Untracked 
|  42|0x0000000705400000, 0x0000000705400000, 0x0000000705500000|  0%| F|  |TAMS 0x0000000705400000, 0x0000000705400000| Untracked 
|  43|0x0000000705500000, 0x0000000705500000, 0x0000000705600000|  0%| F|  |TAMS 0x0000000705500000, 0x0000000705500000| Untracked 
|  44|0x0000000705600000, 0x0000000705600000, 0x0000000705700000|  0%| F|  |TAMS 0x0000000705600000, 0x0000000705600000| Untracked 
|  45|0x0000000705700000, 0x0000000705700000, 0x0000000705800000|  0%| F|  |TAMS 0x0000000705700000, 0x0000000705700000| Untracked 
|  46|0x0000000705800000, 0x0000000705800000, 0x0000000705900000|  0%| F|  |TAMS 0x0000000705800000, 0x0000000705800000| Untracked 
|  47|0x0000000705900000, 0x0000000705900000, 0x0000000705a00000|  0%| F|  |TAMS 0x0000000705900000, 0x0000000705900000| Untracked 
|  48|0x0000000705a00000, 0x0000000705a00000, 0x0000000705b00000|  0%| F|  |TAMS 0x0000000705a00000, 0x0000000705a00000| Untracked 
|  49|0x0000000705b00000, 0x0000000705b00000, 0x0000000705c00000|  0%| F|  |TAMS 0x0000000705b00000, 0x0000000705b00000| Untracked 
|  50|0x0000000705c00000, 0x0000000705c00000, 0x0000000705d00000|  0%| F|  |TAMS 0x0000000705c00000, 0x0000000705c00000| Untracked 
|  51|0x0000000705d00000, 0x0000000705d00000, 0x0000000705e00000|  0%| F|  |TAMS 0x0000000705d00000, 0x0000000705d00000| Untracked 
|  52|0x0000000705e00000, 0x0000000705e00000, 0x0000000705f00000|  0%| F|  |TAMS 0x0000000705e00000, 0x0000000705e00000| Untracked 
|  53|0x0000000705f00000, 0x0000000705f00000, 0x0000000706000000|  0%| F|  |TAMS 0x0000000705f00000, 0x0000000705f00000| Untracked 
|  54|0x0000000706000000, 0x0000000706000000, 0x0000000706100000|  0%| F|  |TAMS 0x0000000706000000, 0x0000000706000000| Untracked 
|  55|0x0000000706100000, 0x0000000706100000, 0x0000000706200000|  0%| F|  |TAMS 0x0000000706100000, 0x0000000706100000| Untracked 
|  56|0x0000000706200000, 0x0000000706200000, 0x0000000706300000|  0%| F|  |TAMS 0x0000000706200000, 0x0000000706200000| Untracked 
|  57|0x0000000706300000, 0x0000000706300000, 0x0000000706400000|  0%| F|  |TAMS 0x0000000706300000, 0x0000000706300000| Untracked 
|  58|0x0000000706400000, 0x0000000706400000, 0x0000000706500000|  0%| F|  |TAMS 0x0000000706400000, 0x0000000706400000| Untracked 
|  59|0x0000000706500000, 0x0000000706500000, 0x0000000706600000|  0%| F|  |TAMS 0x0000000706500000, 0x0000000706500000| Untracked 
|  60|0x0000000706600000, 0x0000000706600000, 0x0000000706700000|  0%| F|  |TAMS 0x0000000706600000, 0x0000000706600000| Untracked 
|  61|0x0000000706700000, 0x0000000706700000, 0x0000000706800000|  0%| F|  |TAMS 0x0000000706700000, 0x0000000706700000| Untracked 
|  62|0x0000000706800000, 0x0000000706800000, 0x0000000706900000|  0%| F|  |TAMS 0x0000000706800000, 0x0000000706800000| Untracked 
|  63|0x0000000706900000, 0x0000000706900000, 0x0000000706a00000|  0%| F|  |TAMS 0x0000000706900000, 0x0000000706900000| Untracked 
|  64|0x0000000706a00000, 0x0000000706a00000, 0x0000000706b00000|  0%| F|  |TAMS 0x0000000706a00000, 0x0000000706a00000| Untracked 
|  65|0x0000000706b00000, 0x0000000706b00000, 0x0000000706c00000|  0%| F|  |TAMS 0x0000000706b00000, 0x0000000706b00000| Untracked 
|  66|0x0000000706c00000, 0x0000000706c00000, 0x0000000706d00000|  0%| F|  |TAMS 0x0000000706c00000, 0x0000000706c00000| Untracked 
|  67|0x0000000706d00000, 0x0000000706d00000, 0x0000000706e00000|  0%| F|  |TAMS 0x0000000706d00000, 0x0000000706d00000| Untracked 
|  68|0x0000000706e00000, 0x0000000706e00000, 0x0000000706f00000|  0%| F|  |TAMS 0x0000000706e00000, 0x0000000706e00000| Untracked 
|  69|0x0000000706f00000, 0x0000000706f00000, 0x0000000707000000|  0%| F|  |TAMS 0x0000000706f00000, 0x0000000706f00000| Untracked 
|  70|0x0000000707000000, 0x0000000707000000, 0x0000000707100000|  0%| F|  |TAMS 0x0000000707000000, 0x0000000707000000| Untracked 
|  71|0x0000000707100000, 0x0000000707100000, 0x0000000707200000|  0%| F|  |TAMS 0x0000000707100000, 0x0000000707100000| Untracked 
|  72|0x0000000707200000, 0x0000000707200000, 0x0000000707300000|  0%| F|  |TAMS 0x0000000707200000, 0x0000000707200000| Untracked 
|  73|0x0000000707300000, 0x0000000707300000, 0x0000000707400000|  0%| F|  |TAMS 0x0000000707300000, 0x0000000707300000| Untracked 
|  74|0x0000000707400000, 0x0000000707400000, 0x0000000707500000|  0%| F|  |TAMS 0x0000000707400000, 0x0000000707400000| Untracked 
|  75|0x0000000707500000, 0x0000000707500000, 0x0000000707600000|  0%| F|  |TAMS 0x0000000707500000, 0x0000000707500000| Untracked 
|  76|0x0000000707600000, 0x0000000707600000, 0x0000000707700000|  0%| F|  |TAMS 0x0000000707600000, 0x0000000707600000| Untracked 
|  77|0x0000000707700000, 0x0000000707700000, 0x0000000707800000|  0%| F|  |TAMS 0x0000000707700000, 0x0000000707700000| Untracked 
|  78|0x0000000707800000, 0x0000000707800000, 0x0000000707900000|  0%| F|  |TAMS 0x0000000707800000, 0x0000000707800000| Untracked 
|  79|0x0000000707900000, 0x0000000707900000, 0x0000000707a00000|  0%| F|  |TAMS 0x0000000707900000, 0x0000000707900000| Untracked 
|  80|0x0000000707a00000, 0x0000000707a00000, 0x0000000707b00000|  0%| F|  |TAMS 0x0000000707a00000, 0x0000000707a00000| Untracked 
|  81|0x0000000707b00000, 0x0000000707b00000, 0x0000000707c00000|  0%| F|  |TAMS 0x0000000707b00000, 0x0000000707b00000| Untracked 
|  82|0x0000000707c00000, 0x0000000707c00000, 0x0000000707d00000|  0%| F|  |TAMS 0x0000000707c00000, 0x0000000707c00000| Untracked 
|  83|0x0000000707d00000, 0x0000000707d00000, 0x0000000707e00000|  0%| F|  |TAMS 0x0000000707d00000, 0x0000000707d00000| Untracked 
|  84|0x0000000707e00000, 0x0000000707e00000, 0x0000000707f00000|  0%| F|  |TAMS 0x0000000707e00000, 0x0000000707e00000| Untracked 
|  85|0x0000000707f00000, 0x0000000707f00000, 0x0000000708000000|  0%| F|  |TAMS 0x0000000707f00000, 0x0000000707f00000| Untracked 
|  86|0x0000000708000000, 0x0000000708000000, 0x0000000708100000|  0%| F|  |TAMS 0x0000000708000000, 0x0000000708000000| Untracked 
|  87|0x0000000708100000, 0x0000000708100000, 0x0000000708200000|  0%| F|  |TAMS 0x0000000708100000, 0x0000000708100000| Untracked 
|  88|0x0000000708200000, 0x0000000708200000, 0x0000000708300000|  0%| F|  |TAMS 0x0000000708200000, 0x0000000708200000| Untracked 
|  89|0x0000000708300000, 0x0000000708300000, 0x0000000708400000|  0%| F|  |TAMS 0x0000000708300000, 0x0000000708300000| Untracked 
|  90|0x0000000708400000, 0x0000000708400000, 0x0000000708500000|  0%| F|  |TAMS 0x0000000708400000, 0x0000000708400000| Untracked 
|  91|0x0000000708500000, 0x0000000708500000, 0x0000000708600000|  0%| F|  |TAMS 0x0000000708500000, 0x0000000708500000| Untracked 
|  92|0x0000000708600000, 0x0000000708600000, 0x0000000708700000|  0%| F|  |TAMS 0x0000000708600000, 0x0000000708600000| Untracked 
|  93|0x0000000708700000, 0x0000000708700000, 0x0000000708800000|  0%| F|  |TAMS 0x0000000708700000, 0x0000000708700000| Untracked 
|  94|0x0000000708800000, 0x0000000708800000, 0x0000000708900000|  0%| F|  |TAMS 0x0000000708800000, 0x0000000708800000| Untracked 
|  95|0x0000000708900000, 0x0000000708900000, 0x0000000708a00000|  0%| F|  |TAMS 0x0000000708900000, 0x0000000708900000| Untracked 
|  96|0x0000000708a00000, 0x0000000708a00000, 0x0000000708b00000|  0%| F|  |TAMS 0x0000000708a00000, 0x0000000708a00000| Untracked 
|  97|0x0000000708b00000, 0x0000000708b00000, 0x0000000708c00000|  0%| F|  |TAMS 0x0000000708b00000, 0x0000000708b00000| Untracked 
|  98|0x0000000708c00000, 0x0000000708c00000, 0x0000000708d00000|  0%| F|  |TAMS 0x0000000708c00000, 0x0000000708c00000| Untracked 
|  99|0x0000000708d00000, 0x0000000708d00000, 0x0000000708e00000|  0%| F|  |TAMS 0x0000000708d00000, 0x0000000708d00000| Untracked 
| 100|0x0000000708e00000, 0x0000000708e00000, 0x0000000708f00000|  0%| F|  |TAMS 0x0000000708e00000, 0x0000000708e00000| Untracked 
| 101|0x0000000708f00000, 0x0000000708f00000, 0x0000000709000000|  0%| F|  |TAMS 0x0000000708f00000, 0x0000000708f00000| Untracked 
| 102|0x0000000709000000, 0x0000000709000000, 0x0000000709100000|  0%| F|  |TAMS 0x0000000709000000, 0x0000000709000000| Untracked 
| 103|0x0000000709100000, 0x0000000709100000, 0x0000000709200000|  0%| F|  |TAMS 0x0000000709100000, 0x0000000709100000| Untracked 
| 104|0x0000000709200000, 0x0000000709200000, 0x0000000709300000|  0%| F|  |TAMS 0x0000000709200000, 0x0000000709200000| Untracked 
| 105|0x0000000709300000, 0x0000000709300000, 0x0000000709400000|  0%| F|  |TAMS 0x0000000709300000, 0x0000000709300000| Untracked 
| 106|0x0000000709400000, 0x0000000709400000, 0x0000000709500000|  0%| F|  |TAMS 0x0000000709400000, 0x0000000709400000| Untracked 
| 107|0x0000000709500000, 0x0000000709500000, 0x0000000709600000|  0%| F|  |TAMS 0x0000000709500000, 0x0000000709500000| Untracked 
| 108|0x0000000709600000, 0x0000000709600000, 0x0000000709700000|  0%| F|  |TAMS 0x0000000709600000, 0x0000000709600000| Untracked 
| 109|0x0000000709700000, 0x0000000709700000, 0x0000000709800000|  0%| F|  |TAMS 0x0000000709700000, 0x0000000709700000| Untracked 
| 110|0x0000000709800000, 0x0000000709800000, 0x0000000709900000|  0%| F|  |TAMS 0x0000000709800000, 0x0000000709800000| Untracked 
| 111|0x0000000709900000, 0x0000000709900000, 0x0000000709a00000|  0%| F|  |TAMS 0x0000000709900000, 0x0000000709900000| Untracked 
| 112|0x0000000709a00000, 0x0000000709a00000, 0x0000000709b00000|  0%| F|  |TAMS 0x0000000709a00000, 0x0000000709a00000| Untracked 
| 113|0x0000000709b00000, 0x0000000709b00000, 0x0000000709c00000|  0%| F|  |TAMS 0x0000000709b00000, 0x0000000709b00000| Untracked 
| 114|0x0000000709c00000, 0x0000000709c00000, 0x0000000709d00000|  0%| F|  |TAMS 0x0000000709c00000, 0x0000000709c00000| Untracked 
| 115|0x0000000709d00000, 0x0000000709d00000, 0x0000000709e00000|  0%| F|  |TAMS 0x0000000709d00000, 0x0000000709d00000| Untracked 
| 116|0x0000000709e00000, 0x0000000709e00000, 0x0000000709f00000|  0%| F|  |TAMS 0x0000000709e00000, 0x0000000709e00000| Untracked 
| 117|0x0000000709f00000, 0x0000000709f00000, 0x000000070a000000|  0%| F|  |TAMS 0x0000000709f00000, 0x0000000709f00000| Untracked 
| 118|0x000000070a000000, 0x000000070a000000, 0x000000070a100000|  0%| F|  |TAMS 0x000000070a000000, 0x000000070a000000| Untracked 
| 119|0x000000070a100000, 0x000000070a100000, 0x000000070a200000|  0%| F|  |TAMS 0x000000070a100000, 0x000000070a100000| Untracked 
| 120|0x000000070a200000, 0x000000070a200000, 0x000000070a300000|  0%| F|  |TAMS 0x000000070a200000, 0x000000070a200000| Untracked 
| 121|0x000000070a300000, 0x000000070a300000, 0x000000070a400000|  0%| F|  |TAMS 0x000000070a300000, 0x000000070a300000| Untracked 
| 122|0x000000070a400000, 0x000000070a400000, 0x000000070a500000|  0%| F|  |TAMS 0x000000070a400000, 0x000000070a400000| Untracked 
| 123|0x000000070a500000, 0x000000070a500000, 0x000000070a600000|  0%| F|  |TAMS 0x000000070a500000, 0x000000070a500000| Untracked 
| 124|0x000000070a600000, 0x000000070a600000, 0x000000070a700000|  0%| F|  |TAMS 0x000000070a600000, 0x000000070a600000| Untracked 
| 125|0x000000070a700000, 0x000000070a700000, 0x000000070a800000|  0%| F|  |TAMS 0x000000070a700000, 0x000000070a700000| Untracked 
| 126|0x000000070a800000, 0x000000070a800000, 0x000000070a900000|  0%| F|  |TAMS 0x000000070a800000, 0x000000070a800000| Untracked 
| 127|0x000000070a900000, 0x000000070a900000, 0x000000070aa00000|  0%| F|  |TAMS 0x000000070a900000, 0x000000070a900000| Untracked 
| 128|0x000000070aa00000, 0x000000070aa00000, 0x000000070ab00000|  0%| F|  |TAMS 0x000000070aa00000, 0x000000070aa00000| Untracked 
| 129|0x000000070ab00000, 0x000000070ab00000, 0x000000070ac00000|  0%| F|  |TAMS 0x000000070ab00000, 0x000000070ab00000| Untracked 
| 130|0x000000070ac00000, 0x000000070ac00000, 0x000000070ad00000|  0%| F|  |TAMS 0x000000070ac00000, 0x000000070ac00000| Untracked 
| 131|0x000000070ad00000, 0x000000070ad00000, 0x000000070ae00000|  0%| F|  |TAMS 0x000000070ad00000, 0x000000070ad00000| Untracked 
| 132|0x000000070ae00000, 0x000000070ae00000, 0x000000070af00000|  0%| F|  |TAMS 0x000000070ae00000, 0x000000070ae00000| Untracked 
| 133|0x000000070af00000, 0x000000070af00000, 0x000000070b000000|  0%| F|  |TAMS 0x000000070af00000, 0x000000070af00000| Untracked 
| 134|0x000000070b000000, 0x000000070b000000, 0x000000070b100000|  0%| F|  |TAMS 0x000000070b000000, 0x000000070b000000| Untracked 
| 135|0x000000070b100000, 0x000000070b100000, 0x000000070b200000|  0%| F|  |TAMS 0x000000070b100000, 0x000000070b100000| Untracked 
| 136|0x000000070b200000, 0x000000070b200000, 0x000000070b300000|  0%| F|  |TAMS 0x000000070b200000, 0x000000070b200000| Untracked 
| 137|0x000000070b300000, 0x000000070b300000, 0x000000070b400000|  0%| F|  |TAMS 0x000000070b300000, 0x000000070b300000| Untracked 
| 138|0x000000070b400000, 0x000000070b400000, 0x000000070b500000|  0%| F|  |TAMS 0x000000070b400000, 0x000000070b400000| Untracked 
| 139|0x000000070b500000, 0x000000070b500000, 0x000000070b600000|  0%| F|  |TAMS 0x000000070b500000, 0x000000070b500000| Untracked 
| 140|0x000000070b600000, 0x000000070b600000, 0x000000070b700000|  0%| F|  |TAMS 0x000000070b600000, 0x000000070b600000| Untracked 
| 141|0x000000070b700000, 0x000000070b700000, 0x000000070b800000|  0%| F|  |TAMS 0x000000070b700000, 0x000000070b700000| Untracked 
| 142|0x000000070b800000, 0x000000070b800000, 0x000000070b900000|  0%| F|  |TAMS 0x000000070b800000, 0x000000070b800000| Untracked 
| 143|0x000000070b900000, 0x000000070b900000, 0x000000070ba00000|  0%| F|  |TAMS 0x000000070b900000, 0x000000070b900000| Untracked 
| 144|0x000000070ba00000, 0x000000070ba00000, 0x000000070bb00000|  0%| F|  |TAMS 0x000000070ba00000, 0x000000070ba00000| Untracked 
| 145|0x000000070bb00000, 0x000000070bb00000, 0x000000070bc00000|  0%| F|  |TAMS 0x000000070bb00000, 0x000000070bb00000| Untracked 
| 146|0x000000070bc00000, 0x000000070bc00000, 0x000000070bd00000|  0%| F|  |TAMS 0x000000070bc00000, 0x000000070bc00000| Untracked 
| 147|0x000000070bd00000, 0x000000070bd00000, 0x000000070be00000|  0%| F|  |TAMS 0x000000070bd00000, 0x000000070bd00000| Untracked 
| 148|0x000000070be00000, 0x000000070be00000, 0x000000070bf00000|  0%| F|  |TAMS 0x000000070be00000, 0x000000070be00000| Untracked 
| 149|0x000000070bf00000, 0x000000070bf00000, 0x000000070c000000|  0%| F|  |TAMS 0x000000070bf00000, 0x000000070bf00000| Untracked 
| 150|0x000000070c000000, 0x000000070c000000, 0x000000070c100000|  0%| F|  |TAMS 0x000000070c000000, 0x000000070c000000| Untracked 
| 151|0x000000070c100000, 0x000000070c100000, 0x000000070c200000|  0%| F|  |TAMS 0x000000070c100000, 0x000000070c100000| Untracked 
| 152|0x000000070c200000, 0x000000070c200000, 0x000000070c300000|  0%| F|  |TAMS 0x000000070c200000, 0x000000070c200000| Untracked 
| 153|0x000000070c300000, 0x000000070c300000, 0x000000070c400000|  0%| F|  |TAMS 0x000000070c300000, 0x000000070c300000| Untracked 
| 154|0x000000070c400000, 0x000000070c400000, 0x000000070c500000|  0%| F|  |TAMS 0x000000070c400000, 0x000000070c400000| Untracked 
| 155|0x000000070c500000, 0x000000070c500000, 0x000000070c600000|  0%| F|  |TAMS 0x000000070c500000, 0x000000070c500000| Untracked 
| 156|0x000000070c600000, 0x000000070c600000, 0x000000070c700000|  0%| F|  |TAMS 0x000000070c600000, 0x000000070c600000| Untracked 
| 157|0x000000070c700000, 0x000000070c700000, 0x000000070c800000|  0%| F|  |TAMS 0x000000070c700000, 0x000000070c700000| Untracked 
| 158|0x000000070c800000, 0x000000070c800000, 0x000000070c900000|  0%| F|  |TAMS 0x000000070c800000, 0x000000070c800000| Untracked 
| 159|0x000000070c900000, 0x000000070c900000, 0x000000070ca00000|  0%| F|  |TAMS 0x000000070c900000, 0x000000070c900000| Untracked 
| 160|0x000000070ca00000, 0x000000070ca00000, 0x000000070cb00000|  0%| F|  |TAMS 0x000000070ca00000, 0x000000070ca00000| Untracked 
| 161|0x000000070cb00000, 0x000000070cb00000, 0x000000070cc00000|  0%| F|  |TAMS 0x000000070cb00000, 0x000000070cb00000| Untracked 
| 162|0x000000070cc00000, 0x000000070cc00000, 0x000000070cd00000|  0%| F|  |TAMS 0x000000070cc00000, 0x000000070cc00000| Untracked 
| 163|0x000000070cd00000, 0x000000070cd00000, 0x000000070ce00000|  0%| F|  |TAMS 0x000000070cd00000, 0x000000070cd00000| Untracked 
| 164|0x000000070ce00000, 0x000000070ce00000, 0x000000070cf00000|  0%| F|  |TAMS 0x000000070ce00000, 0x000000070ce00000| Untracked 
| 165|0x000000070cf00000, 0x000000070cf00000, 0x000000070d000000|  0%| F|  |TAMS 0x000000070cf00000, 0x000000070cf00000| Untracked 
| 166|0x000000070d000000, 0x000000070d000000, 0x000000070d100000|  0%| F|  |TAMS 0x000000070d000000, 0x000000070d000000| Untracked 
| 167|0x000000070d100000, 0x000000070d100000, 0x000000070d200000|  0%| F|  |TAMS 0x000000070d100000, 0x000000070d100000| Untracked 
| 168|0x000000070d200000, 0x000000070d200000, 0x000000070d300000|  0%| F|  |TAMS 0x000000070d200000, 0x000000070d200000| Untracked 
| 169|0x000000070d300000, 0x000000070d300000, 0x000000070d400000|  0%| F|  |TAMS 0x000000070d300000, 0x000000070d300000| Untracked 
| 170|0x000000070d400000, 0x000000070d400000, 0x000000070d500000|  0%| F|  |TAMS 0x000000070d400000, 0x000000070d400000| Untracked 
| 171|0x000000070d500000, 0x000000070d500000, 0x000000070d600000|  0%| F|  |TAMS 0x000000070d500000, 0x000000070d500000| Untracked 
| 172|0x000000070d600000, 0x000000070d600000, 0x000000070d700000|  0%| F|  |TAMS 0x000000070d600000, 0x000000070d600000| Untracked 
| 173|0x000000070d700000, 0x000000070d700000, 0x000000070d800000|  0%| F|  |TAMS 0x000000070d700000, 0x000000070d700000| Untracked 
| 174|0x000000070d800000, 0x000000070d800000, 0x000000070d900000|  0%| F|  |TAMS 0x000000070d800000, 0x000000070d800000| Untracked 
| 175|0x000000070d900000, 0x000000070d900000, 0x000000070da00000|  0%| F|  |TAMS 0x000000070d900000, 0x000000070d900000| Untracked 
| 176|0x000000070da00000, 0x000000070da00000, 0x000000070db00000|  0%| F|  |TAMS 0x000000070da00000, 0x000000070da00000| Untracked 
| 177|0x000000070db00000, 0x000000070db00000, 0x000000070dc00000|  0%| F|  |TAMS 0x000000070db00000, 0x000000070db00000| Untracked 
| 178|0x000000070dc00000, 0x000000070dc00000, 0x000000070dd00000|  0%| F|  |TAMS 0x000000070dc00000, 0x000000070dc00000| Untracked 
| 179|0x000000070dd00000, 0x000000070dd00000, 0x000000070de00000|  0%| F|  |TAMS 0x000000070dd00000, 0x000000070dd00000| Untracked 
| 180|0x000000070de00000, 0x000000070de00000, 0x000000070df00000|  0%| F|  |TAMS 0x000000070de00000, 0x000000070de00000| Untracked 
| 181|0x000000070df00000, 0x000000070df00000, 0x000000070e000000|  0%| F|  |TAMS 0x000000070df00000, 0x000000070df00000| Untracked 
| 182|0x000000070e000000, 0x000000070e000000, 0x000000070e100000|  0%| F|  |TAMS 0x000000070e000000, 0x000000070e000000| Untracked 
| 183|0x000000070e100000, 0x000000070e100000, 0x000000070e200000|  0%| F|  |TAMS 0x000000070e100000, 0x000000070e100000| Untracked 
| 184|0x000000070e200000, 0x000000070e200000, 0x000000070e300000|  0%| F|  |TAMS 0x000000070e200000, 0x000000070e200000| Untracked 
| 185|0x000000070e300000, 0x000000070e37c8f0, 0x000000070e400000| 48%| S|CS|TAMS 0x000000070e300000, 0x000000070e300000| Complete 
| 186|0x000000070e400000, 0x000000070e500000, 0x000000070e500000|100%| S|CS|TAMS 0x000000070e400000, 0x000000070e400000| Complete 
| 187|0x000000070e500000, 0x000000070e600000, 0x000000070e600000|100%| S|CS|TAMS 0x000000070e500000, 0x000000070e500000| Complete 
| 188|0x000000070e600000, 0x000000070e700000, 0x000000070e700000|100%| S|CS|TAMS 0x000000070e600000, 0x000000070e600000| Complete 
| 189|0x000000070e700000, 0x000000070e700000, 0x000000070e800000|  0%| F|  |TAMS 0x000000070e700000, 0x000000070e700000| Untracked 
| 190|0x000000070e800000, 0x000000070e800000, 0x000000070e900000|  0%| F|  |TAMS 0x000000070e800000, 0x000000070e800000| Untracked 
| 191|0x000000070e900000, 0x000000070e900000, 0x000000070ea00000|  0%| F|  |TAMS 0x000000070e900000, 0x000000070e900000| Untracked 
| 192|0x000000070ea00000, 0x000000070ea00000, 0x000000070eb00000|  0%| F|  |TAMS 0x000000070ea00000, 0x000000070ea00000| Untracked 
| 193|0x000000070eb00000, 0x000000070eb00000, 0x000000070ec00000|  0%| F|  |TAMS 0x000000070eb00000, 0x000000070eb00000| Untracked 
| 194|0x000000070ec00000, 0x000000070ec00000, 0x000000070ed00000|  0%| F|  |TAMS 0x000000070ec00000, 0x000000070ec00000| Untracked 
| 195|0x000000070ed00000, 0x000000070ee00000, 0x000000070ee00000|100%| S|CS|TAMS 0x000000070ed00000, 0x000000070ed00000| Complete 
| 196|0x000000070ee00000, 0x000000070ef00000, 0x000000070ef00000|100%| S|CS|TAMS 0x000000070ee00000, 0x000000070ee00000| Complete 
| 197|0x000000070ef00000, 0x000000070f000000, 0x000000070f000000|100%| S|CS|TAMS 0x000000070ef00000, 0x000000070ef00000| Complete 
| 198|0x000000070f000000, 0x000000070f000000, 0x000000070f100000|  0%| F|  |TAMS 0x000000070f000000, 0x000000070f000000| Untracked 
| 199|0x000000070f100000, 0x000000070f100000, 0x000000070f200000|  0%| F|  |TAMS 0x000000070f100000, 0x000000070f100000| Untracked 
| 200|0x000000070f200000, 0x000000070f200000, 0x000000070f300000|  0%| F|  |TAMS 0x000000070f200000, 0x000000070f200000| Untracked 
| 201|0x000000070f300000, 0x000000070f300000, 0x000000070f400000|  0%| F|  |TAMS 0x000000070f300000, 0x000000070f300000| Untracked 
| 202|0x000000070f400000, 0x000000070f400000, 0x000000070f500000|  0%| F|  |TAMS 0x000000070f400000, 0x000000070f400000| Untracked 
| 203|0x000000070f500000, 0x000000070f500000, 0x000000070f600000|  0%| F|  |TAMS 0x000000070f500000, 0x000000070f500000| Untracked 
| 204|0x000000070f600000, 0x000000070f600000, 0x000000070f700000|  0%| F|  |TAMS 0x000000070f600000, 0x000000070f600000| Untracked 
| 205|0x000000070f700000, 0x000000070f700000, 0x000000070f800000|  0%| F|  |TAMS 0x000000070f700000, 0x000000070f700000| Untracked 
| 206|0x000000070f800000, 0x000000070f800000, 0x000000070f900000|  0%| F|  |TAMS 0x000000070f800000, 0x000000070f800000| Untracked 
| 207|0x000000070f900000, 0x000000070f900000, 0x000000070fa00000|  0%| F|  |TAMS 0x000000070f900000, 0x000000070f900000| Untracked 
| 208|0x000000070fa00000, 0x000000070fa00000, 0x000000070fb00000|  0%| F|  |TAMS 0x000000070fa00000, 0x000000070fa00000| Untracked 
| 209|0x000000070fb00000, 0x000000070fb00000, 0x000000070fc00000|  0%| F|  |TAMS 0x000000070fb00000, 0x000000070fb00000| Untracked 
| 210|0x000000070fc00000, 0x000000070fc00000, 0x000000070fd00000|  0%| F|  |TAMS 0x000000070fc00000, 0x000000070fc00000| Untracked 
| 211|0x000000070fd00000, 0x000000070fd00000, 0x000000070fe00000|  0%| F|  |TAMS 0x000000070fd00000, 0x000000070fd00000| Untracked 
| 212|0x000000070fe00000, 0x000000070fe00000, 0x000000070ff00000|  0%| F|  |TAMS 0x000000070fe00000, 0x000000070fe00000| Untracked 
| 213|0x000000070ff00000, 0x000000070ff00000, 0x0000000710000000|  0%| F|  |TAMS 0x000000070ff00000, 0x000000070ff00000| Untracked 
| 214|0x0000000710000000, 0x0000000710000000, 0x0000000710100000|  0%| F|  |TAMS 0x0000000710000000, 0x0000000710000000| Untracked 
| 215|0x0000000710100000, 0x0000000710100000, 0x0000000710200000|  0%| F|  |TAMS 0x0000000710100000, 0x0000000710100000| Untracked 
| 216|0x0000000710200000, 0x0000000710200000, 0x0000000710300000|  0%| F|  |TAMS 0x0000000710200000, 0x0000000710200000| Untracked 
| 217|0x0000000710300000, 0x0000000710300000, 0x0000000710400000|  0%| F|  |TAMS 0x0000000710300000, 0x0000000710300000| Untracked 
| 218|0x0000000710400000, 0x0000000710400000, 0x0000000710500000|  0%| F|  |TAMS 0x0000000710400000, 0x0000000710400000| Untracked 
| 219|0x0000000710500000, 0x0000000710500000, 0x0000000710600000|  0%| F|  |TAMS 0x0000000710500000, 0x0000000710500000| Untracked 
| 220|0x0000000710600000, 0x0000000710600000, 0x0000000710700000|  0%| F|  |TAMS 0x0000000710600000, 0x0000000710600000| Untracked 
| 221|0x0000000710700000, 0x0000000710700000, 0x0000000710800000|  0%| F|  |TAMS 0x0000000710700000, 0x0000000710700000| Untracked 
| 222|0x0000000710800000, 0x0000000710800000, 0x0000000710900000|  0%| F|  |TAMS 0x0000000710800000, 0x0000000710800000| Untracked 
| 223|0x0000000710900000, 0x0000000710900000, 0x0000000710a00000|  0%| F|  |TAMS 0x0000000710900000, 0x0000000710900000| Untracked 
| 224|0x0000000710a00000, 0x0000000710a00000, 0x0000000710b00000|  0%| F|  |TAMS 0x0000000710a00000, 0x0000000710a00000| Untracked 
| 225|0x0000000710b00000, 0x0000000710b00000, 0x0000000710c00000|  0%| F|  |TAMS 0x0000000710b00000, 0x0000000710b00000| Untracked 
| 226|0x0000000710c00000, 0x0000000710c00000, 0x0000000710d00000|  0%| F|  |TAMS 0x0000000710c00000, 0x0000000710c00000| Untracked 
| 227|0x0000000710d00000, 0x0000000710d00000, 0x0000000710e00000|  0%| F|  |TAMS 0x0000000710d00000, 0x0000000710d00000| Untracked 
| 228|0x0000000710e00000, 0x0000000710e00000, 0x0000000710f00000|  0%| F|  |TAMS 0x0000000710e00000, 0x0000000710e00000| Untracked 
| 229|0x0000000710f00000, 0x0000000710f00000, 0x0000000711000000|  0%| F|  |TAMS 0x0000000710f00000, 0x0000000710f00000| Untracked 
| 230|0x0000000711000000, 0x0000000711000000, 0x0000000711100000|  0%| F|  |TAMS 0x0000000711000000, 0x0000000711000000| Untracked 
| 231|0x0000000711100000, 0x0000000711100000, 0x0000000711200000|  0%| F|  |TAMS 0x0000000711100000, 0x0000000711100000| Untracked 
| 232|0x0000000711200000, 0x0000000711200000, 0x0000000711300000|  0%| F|  |TAMS 0x0000000711200000, 0x0000000711200000| Untracked 
| 233|0x0000000711300000, 0x0000000711300000, 0x0000000711400000|  0%| F|  |TAMS 0x0000000711300000, 0x0000000711300000| Untracked 
| 234|0x0000000711400000, 0x0000000711400000, 0x0000000711500000|  0%| F|  |TAMS 0x0000000711400000, 0x0000000711400000| Untracked 
| 235|0x0000000711500000, 0x0000000711500000, 0x0000000711600000|  0%| F|  |TAMS 0x0000000711500000, 0x0000000711500000| Untracked 
| 236|0x0000000711600000, 0x0000000711600000, 0x0000000711700000|  0%| F|  |TAMS 0x0000000711600000, 0x0000000711600000| Untracked 
| 237|0x0000000711700000, 0x0000000711700000, 0x0000000711800000|  0%| F|  |TAMS 0x0000000711700000, 0x0000000711700000| Untracked 
| 238|0x0000000711800000, 0x0000000711800000, 0x0000000711900000|  0%| F|  |TAMS 0x0000000711800000, 0x0000000711800000| Untracked 
| 239|0x0000000711900000, 0x0000000711900000, 0x0000000711a00000|  0%| F|  |TAMS 0x0000000711900000, 0x0000000711900000| Untracked 
| 240|0x0000000711a00000, 0x0000000711a00000, 0x0000000711b00000|  0%| F|  |TAMS 0x0000000711a00000, 0x0000000711a00000| Untracked 
| 241|0x0000000711b00000, 0x0000000711b00000, 0x0000000711c00000|  0%| F|  |TAMS 0x0000000711b00000, 0x0000000711b00000| Untracked 
| 242|0x0000000711c00000, 0x0000000711c00000, 0x0000000711d00000|  0%| F|  |TAMS 0x0000000711c00000, 0x0000000711c00000| Untracked 
| 243|0x0000000711d00000, 0x0000000711d4e540, 0x0000000711e00000| 30%| E|  |TAMS 0x0000000711d00000, 0x0000000711d00000| Complete 
| 244|0x0000000711e00000, 0x0000000711f00000, 0x0000000711f00000|100%| E|CS|TAMS 0x0000000711e00000, 0x0000000711e00000| Complete 
| 245|0x0000000711f00000, 0x0000000712000000, 0x0000000712000000|100%| E|CS|TAMS 0x0000000711f00000, 0x0000000711f00000| Complete 
| 246|0x0000000712000000, 0x0000000712100000, 0x0000000712100000|100%| E|CS|TAMS 0x0000000712000000, 0x0000000712000000| Complete 
| 247|0x0000000712100000, 0x0000000712200000, 0x0000000712200000|100%| E|CS|TAMS 0x0000000712100000, 0x0000000712100000| Complete 
| 248|0x0000000712200000, 0x0000000712300000, 0x0000000712300000|100%| E|CS|TAMS 0x0000000712200000, 0x0000000712200000| Complete 
| 249|0x0000000712300000, 0x0000000712400000, 0x0000000712400000|100%| E|CS|TAMS 0x0000000712300000, 0x0000000712300000| Complete 
| 250|0x0000000712400000, 0x0000000712500000, 0x0000000712500000|100%| E|CS|TAMS 0x0000000712400000, 0x0000000712400000| Complete 
| 251|0x0000000712500000, 0x0000000712600000, 0x0000000712600000|100%| E|CS|TAMS 0x0000000712500000, 0x0000000712500000| Complete 
| 252|0x0000000712600000, 0x0000000712700000, 0x0000000712700000|100%| E|CS|TAMS 0x0000000712600000, 0x0000000712600000| Complete 
| 253|0x0000000712700000, 0x0000000712800000, 0x0000000712800000|100%| E|CS|TAMS 0x0000000712700000, 0x0000000712700000| Complete 

Card table byte_map: [0x000001c77ceb0000,0x000001c77d6a0000] _byte_map_base: 0x000001c77969b000

Marking Bits (Prev, Next): (CMBitMap*) 0x000001c77b8e8960, (CMBitMap*) 0x000001c77b8e8928
 Prev Bits: [0x000001c71a570000, 0x000001c71e4c8000)
 Next Bits: [0x000001c716610000, 0x000001c71a568000)

Polling page: 0x000001c779200000

Metaspace:

Usage:
  Non-class:     26.67 MB capacity,    26.27 MB ( 98%) used,   340.27 KB (  1%) free+waste,    78.06 KB ( <1%) overhead. 
      Class:      3.76 MB capacity,     3.47 MB ( 92%) used,   251.01 KB (  7%) free+waste,    39.56 KB (  1%) overhead. 
       Both:     30.43 MB capacity,    29.74 MB ( 98%) used,   591.28 KB (  2%) free+waste,   117.62 KB ( <1%) overhead. 

Virtual space:
  Non-class space:       28.00 MB reserved,      26.75 MB ( 96%) committed 
      Class space:        1.00 GB reserved,       3.88 MB ( <1%) committed 
             Both:        1.03 GB reserved,      30.62 MB (  3%) committed 

Chunk freelists:
   Non-Class:  1.75 KB
       Class:  0 bytes
        Both:  1.75 KB

CodeHeap 'non-profiled nmethods': size=120000Kb used=1843Kb max_used=1843Kb free=118156Kb
 bounds [0x000001c70f0e0000, 0x000001c70f350000, 0x000001c716610000]
CodeHeap 'profiled nmethods': size=120000Kb used=7314Kb max_used=7314Kb free=112686Kb
 bounds [0x000001c707bb0000, 0x000001c7082e0000, 0x000001c70f0e0000]
CodeHeap 'non-nmethods': size=5760Kb used=1453Kb max_used=1489Kb free=4306Kb
 bounds [0x000001c707610000, 0x000001c707880000, 0x000001c707bb0000]
 total_blobs=3752 nmethods=2945 adapters=726
 compilation: enabled
              stopped_count=0, restarted_count=0
 full_count=0

Compilation events (10 events):
Event: 27.697 Thread 0x000001c71f1d9000 nmethod 2942 0x000001c7082d2110 code [0x000001c7082d22c0, 0x000001c7082d2408]
Event: 27.697 Thread 0x000001c71f1d9000 2943       3       java.util.concurrent.locks.ReentrantLock$Sync::nonfairTryAcquire (67 bytes)
Event: 27.698 Thread 0x000001c71f1d9000 nmethod 2943 0x000001c7082d2510 code [0x000001c7082d2760, 0x000001c7082d3048]
Event: 27.698 Thread 0x000001c71f1d9000 2944       3       java.util.concurrent.locks.ReentrantLock$Sync::tryRelease (45 bytes)
Event: 27.698 Thread 0x000001c71f1d9000 nmethod 2944 0x000001c7082d3690 code [0x000001c7082d3860, 0x000001c7082d3b88]
Event: 27.700 Thread 0x000001c71f1d9000 2945       3       jdk.internal.org.objectweb.asm.MethodVisitor::visitCode (15 bytes)
Event: 27.700 Thread 0x000001c71f1d9000 nmethod 2945 0x000001c7082d3e10 code [0x000001c7082d3fc0, 0x000001c7082d41c8]
Event: 27.700 Thread 0x000001c71f1d9000 2946       3       jdk.internal.org.objectweb.asm.MethodVisitor::visitMaxs (17 bytes)
Event: 27.700 Thread 0x000001c71f1d9000 nmethod 2946 0x000001c7082d4310 code [0x000001c7082d44c0, 0x000001c7082d46e8]
Event: 27.700 Thread 0x000001c71f1d9000 2951       3       java.lang.invoke.AbstractValidatingLambdaMetafactory::validateMetafactoryArgs (607 bytes)

GC Heap History (6 events):
Event: 1.820 GC heap before
{Heap before GC invocations=0 (full 0):
 garbage-first heap   total 260096K, used 23552K [0x0000000702a00000, 0x0000000800000000)
  region size 1024K, 24 young (24576K), 0 survivors (0K)
 Metaspace       used 11472K, capacity 11773K, committed 12032K, reserved 1060864K
  class space    used 1050K, capacity 1161K, committed 1280K, reserved 1048576K
}
Event: 1.824 GC heap after
{Heap after GC invocations=1 (full 0):
 garbage-first heap   total 260096K, used 6424K [0x0000000702a00000, 0x0000000800000000)
  region size 1024K, 3 young (3072K), 3 survivors (3072K)
 Metaspace       used 11472K, capacity 11773K, committed 12032K, reserved 1060864K
  class space    used 1050K, capacity 1161K, committed 1280K, reserved 1048576K
}
Event: 2.741 GC heap before
{Heap before GC invocations=1 (full 0):
 garbage-first heap   total 260096K, used 62744K [0x0000000702a00000, 0x0000000800000000)
  region size 1024K, 59 young (60416K), 3 survivors (3072K)
 Metaspace       used 20712K, capacity 21154K, committed 21248K, reserved 1069056K
  class space    used 2136K, capacity 2280K, committed 2304K, reserved 1048576K
}
Event: 2.745 GC heap after
{Heap after GC invocations=2 (full 0):
 garbage-first heap   total 260096K, used 8667K [0x0000000702a00000, 0x0000000800000000)
  region size 1024K, 6 young (6144K), 6 survivors (6144K)
 Metaspace       used 20712K, capacity 21154K, committed 21248K, reserved 1069056K
  class space    used 2136K, capacity 2280K, committed 2304K, reserved 1048576K
}
Event: 3.645 GC heap before
{Heap before GC invocations=3 (full 0):
 garbage-first heap   total 260096K, used 67035K [0x0000000702a00000, 0x0000000800000000)
  region size 1024K, 62 young (63488K), 6 survivors (6144K)
 Metaspace       used 28726K, capacity 29367K, committed 29568K, reserved 1075200K
  class space    used 3370K, capacity 3604K, committed 3712K, reserved 1048576K
}
Event: 3.652 GC heap after
{Heap after GC invocations=4 (full 0):
 garbage-first heap   total 260096K, used 14181K [0x0000000702a00000, 0x0000000800000000)
  region size 1024K, 7 young (7168K), 7 survivors (7168K)
 Metaspace       used 28726K, capacity 29367K, committed 29568K, reserved 1075200K
  class space    used 3370K, capacity 3604K, committed 3712K, reserved 1048576K
}

Deoptimization events (10 events):
Event: 3.431 Thread 0x000001c7212c3000 Uncommon trap: reason=class_check action=maybe_recompile pc=0x000001c70f11b6cc method=java.lang.String.equals(Ljava/lang/Object;)Z @ 8 c2
Event: 3.431 Thread 0x000001c7212c3000 Uncommon trap: reason=class_check action=maybe_recompile pc=0x000001c70f11b6cc method=java.lang.String.equals(Ljava/lang/Object;)Z @ 8 c2
Event: 3.431 Thread 0x000001c7212c3000 Uncommon trap: reason=class_check action=maybe_recompile pc=0x000001c70f11b6cc method=java.lang.String.equals(Ljava/lang/Object;)Z @ 8 c2
Event: 3.432 Thread 0x000001c7212c3000 Uncommon trap: reason=class_check action=maybe_recompile pc=0x000001c70f11b6cc method=java.lang.String.equals(Ljava/lang/Object;)Z @ 8 c2
Event: 3.466 Thread 0x000001c7212c3000 Uncommon trap: reason=unstable_if action=reinterpret pc=0x000001c70f240c94 method=java.lang.String.equals(Ljava/lang/Object;)Z @ 34 c2
Event: 3.512 Thread 0x000001c7212c3000 Uncommon trap: reason=unstable_if action=reinterpret pc=0x000001c70f143044 method=java.net.URL.<init>(Ljava/net/URL;Ljava/lang/String;Ljava/net/URLStreamHandler;)V @ 347 c2
Event: 3.566 Thread 0x000001c7212c3000 Uncommon trap: reason=unstable_if action=reinterpret pc=0x000001c70f121554 method=java.lang.CharacterData.of(I)Ljava/lang/CharacterData; @ 15 c2
Event: 3.587 Thread 0x000001c7212c3000 Uncommon trap: reason=unstable_if action=reinterpret pc=0x000001c70f26c6d8 method=java.util.HashMap.isEmpty()Z @ 4 c2
Event: 3.742 Thread 0x000001c720a3b000 Uncommon trap: reason=unstable_if action=reinterpret pc=0x000001c70f1e4f00 method=jdk.internal.org.objectweb.asm.Type.getArgumentsAndReturnSizes(Ljava/lang/String;)I @ 130 c2
Event: 27.700 Thread 0x000001c722239000 Uncommon trap: reason=intrinsic_or_type_checked_inlining action=make_not_entrant pc=0x000001c70f21b4fc method=java.util.Arrays.copyOf([Ljava/lang/Object;ILjava/lang/Class;)[Ljava/lang/Object; @ 35 c2

Classes redefined (1 events):
Event: 1.281 Thread 0x000001c71f146800 redefined class name=java.lang.Throwable, count=1

Internal exceptions (10 events):
Event: 3.501 Thread 0x000001c7212c3000 Exception <a 'java/lang/IncompatibleClassChangeError'{0x000000070f7e17e0}: Found class java.lang.Object, but interface was expected> (0x000000070f7e17e0) thrown at [./open/src/hotspot/share/interpreter/linkResolver.cpp, line 839]
Event: 3.569 Thread 0x000001c7212c3000 Exception <a 'java/io/FileNotFoundException'{0x000000070f383b10}> (0x000000070f383b10) thrown at [./open/src/hotspot/share/prims/jni.cpp, line 611]
Event: 3.570 Thread 0x000001c7212c3000 Exception <a 'java/io/FileNotFoundException'{0x000000070f386108}> (0x000000070f386108) thrown at [./open/src/hotspot/share/prims/jni.cpp, line 611]
Event: 3.571 Thread 0x000001c7212c3000 Exception <a 'java/io/FileNotFoundException'{0x000000070f39bcd8}> (0x000000070f39bcd8) thrown at [./open/src/hotspot/share/prims/jni.cpp, line 611]
Event: 3.571 Thread 0x000001c7212c3000 Exception <a 'java/io/FileNotFoundException'{0x000000070f39d4c0}> (0x000000070f39d4c0) thrown at [./open/src/hotspot/share/prims/jni.cpp, line 611]
Event: 3.671 Thread 0x000001c720a3b000 Exception <a 'java/lang/NoSuchMethodError'{0x000000071262f820}: 'int java.lang.invoke.DirectMethodHandle$Holder.invokeStaticInit(java.lang.Object, java.lang.Object)'> (0x000000071262f820) thrown at [./open/src/hotspot/share/interpreter/linkResolver.cpp, l
Event: 3.692 Thread 0x000001c720a3b000 Exception <a 'java/lang/NoSuchMethodError'{0x000000071257d730}: 'java.lang.Object java.lang.invoke.DirectMethodHandle$Holder.invokeStaticInit(java.lang.Object, int)'> (0x000000071257d730) thrown at [./open/src/hotspot/share/interpreter/linkResolver.cpp, l
Event: 27.326 Thread 0x000001c7212c3000 Exception <a 'java/lang/NoSuchMethodError'{0x0000000711e7e9a0}: 'long java.lang.invoke.DirectMethodHandle$Holder.invokeStatic(java.lang.Object, java.lang.Object, java.lang.Object)'> (0x0000000711e7e9a0) thrown at [./open/src/hotspot/share/interpreter/link
Event: 27.326 Thread 0x000001c7212c3000 Exception <a 'java/lang/NoSuchMethodError'{0x0000000711e81ee8}: 'long java.lang.invoke.DirectMethodHandle$Holder.invokeStaticInit(java.lang.Object, java.lang.Object, java.lang.Object)'> (0x0000000711e81ee8) thrown at [./open/src/hotspot/share/interpreter/
Event: 27.328 Thread 0x000001c7212c3000 Exception <a 'java/lang/NoSuchMethodError'{0x0000000711e97828}: 'java.lang.Object java.lang.invoke.Invokers$Holder.linkToTargetMethod(java.lang.Object, long, java.lang.Object)'> (0x0000000711e97828) thrown at [./open/src/hotspot/share/interpreter/linkReso

Events (10 events):
Event: 27.700 Executing VM operation: RevokeBias done
Event: 27.700 loading class com/sun/javafx/tk/quantum/QuantumRenderer
Event: 27.700 loading class com/sun/javafx/tk/quantum/QuantumRenderer done
Event: 27.700 Thread 0x000001c722239000 Thread exited: 0x000001c722239000
Event: 27.700 loading class com/sun/javafx/tk/quantum/QuantumToolkit
Event: 27.700 loading class com/sun/javafx/tk/quantum/QuantumToolkit done
Event: 27.700 Thread 0x000001c72223d000 DEOPT PACKING pc=0x000001c707dd904c sp=0x00000023d2bff500
Event: 27.700 Thread 0x000001c72223d000 DEOPT UNPACKING pc=0x000001c70764bb5e sp=0x00000023d2bfe960 mode 1
Event: 27.700 Thread 0x000001c72223d000 Thread exited: 0x000001c72223d000
Event: 27.701 Executing VM operation: Exit


Dynamic libraries:
0x00007ff740310000 - 0x00007ff740320000 	C:\Program Files\Java\jdk-11\bin\java.exe
0x00007ff90e030000 - 0x00007ff90e228000 	C:\Windows\SYSTEM32\ntdll.dll
0x00007ff90d800000 - 0x00007ff90d8c2000 	C:\Windows\System32\KERNEL32.DLL
0x00007ff90b6c0000 - 0x00007ff90b9b6000 	C:\Windows\System32\KERNELBASE.dll
0x00007ff90bc00000 - 0x00007ff90bd00000 	C:\Windows\System32\ucrtbase.dll
0x00007ff8fd880000 - 0x00007ff8fd899000 	C:\Program Files\Java\jdk-11\bin\jli.dll
0x00007ff8fcb60000 - 0x00007ff8fcb7b000 	C:\Program Files\Java\jdk-11\bin\VCRUNTIME140.dll
0x00007ff90c3c0000 - 0x00007ff90c471000 	C:\Windows\System32\ADVAPI32.dll
0x00007ff90d380000 - 0x00007ff90d41e000 	C:\Windows\System32\msvcrt.dll
0x00007ff90d760000 - 0x00007ff90d7ff000 	C:\Windows\System32\sechost.dll
0x00007ff90c4e0000 - 0x00007ff90c600000 	C:\Windows\System32\RPCRT4.dll
0x00007ff90be20000 - 0x00007ff90be47000 	C:\Windows\System32\bcrypt.dll
0x00007ff90d5b0000 - 0x00007ff90d751000 	C:\Windows\System32\USER32.dll
0x00007ff90bb20000 - 0x00007ff90bb42000 	C:\Windows\System32\win32u.dll
0x00007ff90c050000 - 0x00007ff90c07b000 	C:\Windows\System32\GDI32.dll
0x00007ff8f8ab0000 - 0x00007ff8f8d4b000 	C:\Windows\WinSxS\amd64_microsoft.windows.common-controls_6595b64144ccf1df_6.0.19041.6456_none_60b8a6cb71f64256\COMCTL32.dll
0x00007ff90bd00000 - 0x00007ff90be19000 	C:\Windows\System32\gdi32full.dll
0x00007ff90bf20000 - 0x00007ff90bfbd000 	C:\Windows\System32\msvcp_win.dll
0x00007ff9069e0000 - 0x00007ff9069ea000 	C:\Windows\SYSTEM32\VERSION.dll
0x00007ff90dc60000 - 0x00007ff90dc8f000 	C:\Windows\System32\IMM32.DLL
0x00007ff8fcda0000 - 0x00007ff8fcdac000 	C:\Program Files\Java\jdk-11\bin\vcruntime140_1.dll
0x00007ff8fcad0000 - 0x00007ff8fcb5e000 	C:\Program Files\Java\jdk-11\bin\msvcp140.dll
0x00007ff8d2bf0000 - 0x00007ff8d3753000 	C:\Program Files\Java\jdk-11\bin\server\jvm.dll
0x00007ff90d4e0000 - 0x00007ff90d4e8000 	C:\Windows\System32\PSAPI.DLL
0x00007ff8fcac0000 - 0x00007ff8fcac9000 	C:\Windows\SYSTEM32\WSOCK32.dll
0x00007ff9049f0000 - 0x00007ff904a17000 	C:\Windows\SYSTEM32\WINMM.dll
0x00007ff90d310000 - 0x00007ff90d37b000 	C:\Windows\System32\WS2_32.dll
0x00007ff909550000 - 0x00007ff909562000 	C:\Windows\SYSTEM32\kernel.appcore.dll
0x00007ff8fcab0000 - 0x00007ff8fcac0000 	C:\Program Files\Java\jdk-11\bin\verify.dll
0x00007ff8f8e90000 - 0x00007ff8f9091000 	C:\Windows\SYSTEM32\DBGHELP.DLL
0x00007ff8eb710000 - 0x00007ff8eb744000 	C:\Windows\SYSTEM32\dbgcore.DLL
0x00007ff90bfc0000 - 0x00007ff90c042000 	C:\Windows\System32\bcryptPrimitives.dll
0x00007ff8fca80000 - 0x00007ff8fcaa8000 	C:\Program Files\Java\jdk-11\bin\java.dll
0x00007ff8fca70000 - 0x00007ff8fca7a000 	C:\Program Files\Java\jdk-11\bin\jimage.dll
0x00007ff8fc9a0000 - 0x00007ff8fc9d8000 	C:\Program Files\Java\jdk-11\bin\jdwp.dll
0x00007ff8fc940000 - 0x00007ff8fc94e000 	C:\Program Files\Java\jdk-11\bin\instrument.dll
0x00007ff8d3e30000 - 0x00007ff8d4069000 	C:\Users\midoo\AppData\Local\Temp\idea_libasyncProfiler_dll_temp_folder6\libasyncProfiler.dll
0x00007ff8fca50000 - 0x00007ff8fca67000 	C:\Program Files\Java\jdk-11\bin\zip.dll
0x00007ff90c600000 - 0x00007ff90cd70000 	C:\Windows\System32\SHELL32.dll
0x00007ff909750000 - 0x00007ff909ef5000 	C:\Windows\SYSTEM32\windows.storage.dll
0x00007ff90dc90000 - 0x00007ff90dfe4000 	C:\Windows\System32\combase.dll
0x00007ff90b0f0000 - 0x00007ff90b11b000 	C:\Windows\SYSTEM32\Wldp.dll
0x00007ff90cdd0000 - 0x00007ff90ce9d000 	C:\Windows\System32\OLEAUT32.dll
0x00007ff90da00000 - 0x00007ff90daad000 	C:\Windows\System32\SHCORE.dll
0x00007ff90d420000 - 0x00007ff90d47b000 	C:\Windows\System32\shlwapi.dll
0x00007ff90b5f0000 - 0x00007ff90b614000 	C:\Windows\SYSTEM32\profapi.dll
0x00007ff8fc930000 - 0x00007ff8fc93b000 	C:\Program Files\Java\jdk-11\bin\dt_socket.dll
0x00007ff90ae50000 - 0x00007ff90aeba000 	C:\Windows\system32\mswsock.dll
0x00007ff8fca30000 - 0x00007ff8fca49000 	C:\Program Files\Java\jdk-11\bin\net.dll
0x00007ff904f80000 - 0x00007ff90508a000 	C:\Windows\SYSTEM32\WINHTTP.dll
0x00007ff8fca10000 - 0x00007ff8fca22000 	C:\Program Files\Java\jdk-11\bin\nio.dll
0x000001c721570000 - 0x000001c721573000 	C:\Users\midoo\.openjfx\cache\17.0.2-ea\api-ms-win-core-console-l1-1-0.dll
0x000001c721580000 - 0x000001c721583000 	C:\Users\midoo\.openjfx\cache\17.0.2-ea\api-ms-win-core-console-l1-2-0.dll
0x000001c721590000 - 0x000001c721593000 	C:\Users\midoo\.openjfx\cache\17.0.2-ea\api-ms-win-core-datetime-l1-1-0.dll
0x000001c7215a0000 - 0x000001c7215a3000 	C:\Users\midoo\.openjfx\cache\17.0.2-ea\api-ms-win-core-debug-l1-1-0.dll
0x000001c7215b0000 - 0x000001c7215b3000 	C:\Users\midoo\.openjfx\cache\17.0.2-ea\api-ms-win-core-errorhandling-l1-1-0.dll
0x000001c7215c0000 - 0x000001c7215c4000 	C:\Users\midoo\.openjfx\cache\17.0.2-ea\api-ms-win-core-file-l1-1-0.dll
0x000001c7215d0000 - 0x000001c7215d3000 	C:\Users\midoo\.openjfx\cache\17.0.2-ea\api-ms-win-core-file-l1-2-0.dll
0x000001c7215e0000 - 0x000001c7215e3000 	C:\Users\midoo\.openjfx\cache\17.0.2-ea\api-ms-win-core-file-l2-1-0.dll
0x000001c7215f0000 - 0x000001c7215f3000 	C:\Users\midoo\.openjfx\cache\17.0.2-ea\api-ms-win-core-handle-l1-1-0.dll
0x000001c721600000 - 0x000001c721603000 	C:\Users\midoo\.openjfx\cache\17.0.2-ea\api-ms-win-core-heap-l1-1-0.dll
0x000001c721610000 - 0x000001c721613000 	C:\Users\midoo\.openjfx\cache\17.0.2-ea\api-ms-win-core-interlocked-l1-1-0.dll
0x000001c721620000 - 0x000001c721623000 	C:\Users\midoo\.openjfx\cache\17.0.2-ea\api-ms-win-core-libraryloader-l1-1-0.dll
0x000001c721630000 - 0x000001c721633000 	C:\Users\midoo\.openjfx\cache\17.0.2-ea\api-ms-win-core-localization-l1-2-0.dll
0x000001c721640000 - 0x000001c721643000 	C:\Users\midoo\.openjfx\cache\17.0.2-ea\api-ms-win-core-memory-l1-1-0.dll
0x000001c721650000 - 0x000001c721653000 	C:\Users\midoo\.openjfx\cache\17.0.2-ea\api-ms-win-core-namedpipe-l1-1-0.dll
0x000001c721660000 - 0x000001c721663000 	C:\Users\midoo\.openjfx\cache\17.0.2-ea\api-ms-win-core-processenvironment-l1-1-0.dll
0x000001c721670000 - 0x000001c721673000 	C:\Users\midoo\.openjfx\cache\17.0.2-ea\api-ms-win-core-processthreads-l1-1-0.dll
0x000001c721680000 - 0x000001c721683000 	C:\Users\midoo\.openjfx\cache\17.0.2-ea\api-ms-win-core-processthreads-l1-1-1.dll
0x000001c721690000 - 0x000001c721693000 	C:\Users\midoo\.openjfx\cache\17.0.2-ea\api-ms-win-core-profile-l1-1-0.dll
0x000001c7216a0000 - 0x000001c7216a3000 	C:\Users\midoo\.openjfx\cache\17.0.2-ea\api-ms-win-core-rtlsupport-l1-1-0.dll
0x000001c7216b0000 - 0x000001c7216b3000 	C:\Users\midoo\.openjfx\cache\17.0.2-ea\api-ms-win-core-string-l1-1-0.dll
0x000001c7216c0000 - 0x000001c7216c3000 	C:\Users\midoo\.openjfx\cache\17.0.2-ea\api-ms-win-core-synch-l1-1-0.dll
0x000001c7216d0000 - 0x000001c7216d3000 	C:\Users\midoo\.openjfx\cache\17.0.2-ea\api-ms-win-core-synch-l1-2-0.dll
0x000001c7216e0000 - 0x000001c7216e3000 	C:\Users\midoo\.openjfx\cache\17.0.2-ea\api-ms-win-core-sysinfo-l1-1-0.dll
0x000001c7216f0000 - 0x000001c7216f3000 	C:\Users\midoo\.openjfx\cache\17.0.2-ea\api-ms-win-core-timezone-l1-1-0.dll
0x000001c721700000 - 0x000001c721703000 	C:\Users\midoo\.openjfx\cache\17.0.2-ea\api-ms-win-core-util-l1-1-0.dll
0x000001c721710000 - 0x000001c721713000 	C:\Users\midoo\.openjfx\cache\17.0.2-ea\api-ms-win-crt-conio-l1-1-0.dll
0x000001c721720000 - 0x000001c721724000 	C:\Users\midoo\.openjfx\cache\17.0.2-ea\api-ms-win-crt-convert-l1-1-0.dll
0x000001c721730000 - 0x000001c721733000 	C:\Users\midoo\.openjfx\cache\17.0.2-ea\api-ms-win-crt-environment-l1-1-0.dll
0x000001c721740000 - 0x000001c721743000 	C:\Users\midoo\.openjfx\cache\17.0.2-ea\api-ms-win-crt-filesystem-l1-1-0.dll
0x000001c721750000 - 0x000001c721753000 	C:\Users\midoo\.openjfx\cache\17.0.2-ea\api-ms-win-crt-heap-l1-1-0.dll
0x000001c721760000 - 0x000001c721763000 	C:\Users\midoo\.openjfx\cache\17.0.2-ea\api-ms-win-crt-locale-l1-1-0.dll
0x000001c721770000 - 0x000001c721775000 	C:\Users\midoo\.openjfx\cache\17.0.2-ea\api-ms-win-crt-math-l1-1-0.dll
0x000001c721780000 - 0x000001c721785000 	C:\Users\midoo\.openjfx\cache\17.0.2-ea\api-ms-win-crt-multibyte-l1-1-0.dll
0x000001c721790000 - 0x000001c7217a0000 	C:\Users\midoo\.openjfx\cache\17.0.2-ea\api-ms-win-crt-private-l1-1-0.dll
0x000001c7217a0000 - 0x000001c7217a3000 	C:\Users\midoo\.openjfx\cache\17.0.2-ea\api-ms-win-crt-process-l1-1-0.dll
0x000001c722780000 - 0x000001c722784000 	C:\Users\midoo\.openjfx\cache\17.0.2-ea\api-ms-win-crt-runtime-l1-1-0.dll
0x000001c722790000 - 0x000001c722794000 	C:\Users\midoo\.openjfx\cache\17.0.2-ea\api-ms-win-crt-stdio-l1-1-0.dll
0x000001c7227a0000 - 0x000001c7227a4000 	C:\Users\midoo\.openjfx\cache\17.0.2-ea\api-ms-win-crt-string-l1-1-0.dll
0x000001c7227b0000 - 0x000001c7227b3000 	C:\Users\midoo\.openjfx\cache\17.0.2-ea\api-ms-win-crt-time-l1-1-0.dll
0x000001c7227c0000 - 0x000001c7227c3000 	C:\Users\midoo\.openjfx\cache\17.0.2-ea\api-ms-win-crt-utility-l1-1-0.dll
0x00007ff8def60000 - 0x00007ff8df05c000 	C:\Users\midoo\.openjfx\cache\17.0.2-ea\ucrtbase.dll
0x00007ff8fc6e0000 - 0x00007ff8fc6fa000 	C:\Users\midoo\.openjfx\cache\17.0.2-ea\vcruntime140.dll
0x00007ff8fc920000 - 0x00007ff8fc92c000 	C:\Users\midoo\.openjfx\cache\17.0.2-ea\vcruntime140_1.dll
0x00007ff8e0a40000 - 0x00007ff8e0acd000 	C:\Users\midoo\.openjfx\cache\17.0.2-ea\msvcp140.dll
0x00007ff8fb4e0000 - 0x00007ff8fb50a000 	C:\Users\midoo\.openjfx\cache\17.0.2-ea\prism_d3d.dll
0x00007ff8a2440000 - 0x00007ff8a2611000 	C:\Windows\system32\d3d9.dll
0x00007ff909370000 - 0x00007ff90939e000 	C:\Windows\SYSTEM32\dwmapi.dll
0x00007ff909060000 - 0x00007ff9090fe000 	C:\Windows\system32\uxtheme.dll
0x00007ff90d8d0000 - 0x00007ff90d9fb000 	C:\Windows\System32\ole32.dll
0x00007ff90bed0000 - 0x00007ff90bf1e000 	C:\Windows\System32\cfgmgr32.dll
0x00007ff8e09f0000 - 0x00007ff8e0a32000 	C:\Users\midoo\.openjfx\cache\17.0.2-ea\glass.dll
0x00007ff90c2e0000 - 0x00007ff90c3ba000 	C:\Windows\System32\COMDLG32.dll
0x00007ff90dab0000 - 0x00007ff90dbc5000 	C:\Windows\System32\MSCTF.dll
0x00007ff903ab0000 - 0x00007ff903aeb000 	C:\Windows\SYSTEM32\dxcore.dll
0x00007ff90b050000 - 0x00007ff90b068000 	C:\Windows\SYSTEM32\CRYPTSP.dll
0x00007ff90a690000 - 0x00007ff90a6c8000 	C:\Windows\system32\rsaenh.dll
0x00007ff90b5b0000 - 0x00007ff90b5de000 	C:\Windows\SYSTEM32\USERENV.dll
0x00007ff90b040000 - 0x00007ff90b04c000 	C:\Windows\SYSTEM32\CRYPTBASE.dll
0x00007ff90aac0000 - 0x00007ff90aafb000 	C:\Windows\SYSTEM32\IPHLPAPI.DLL
0x00007ff90c2d0000 - 0x00007ff90c2d8000 	C:\Windows\System32\NSI.dll
0x00007ff906180000 - 0x00007ff906197000 	C:\Windows\SYSTEM32\dhcpcsvc6.DLL
0x00007ff905fc0000 - 0x00007ff905fdd000 	C:\Windows\SYSTEM32\dhcpcsvc.DLL
0x00007ff90ab00000 - 0x00007ff90abca000 	C:\Windows\SYSTEM32\DNSAPI.dll
0x00007ff8f9ab0000 - 0x00007ff8f9af0000 	C:\Users\midoo\AppData\Local\Temp\jna-103891496\jna3261532996601761529.dll
0x00007ff90d500000 - 0x00007ff90d5a9000 	C:\Windows\System32\clbcatq.dll
0x00007ff8ee670000 - 0x00007ff8ee681000 	C:\Windows\system32\wbem\wbemprox.dll
0x00007ff8f8e00000 - 0x00007ff8f8e90000 	C:\Windows\SYSTEM32\wbemcomn.dll
0x00007ff8ee640000 - 0x00007ff8ee654000 	C:\Windows\system32\wbem\wbemsvc.dll
0x00007ff8eda60000 - 0x00007ff8edb6c000 	C:\Windows\system32\wbem\fastprox.dll
0x00007ff8ed960000 - 0x00007ff8ed97f000 	C:\Windows\SYSTEM32\amsi.dll
0x00007ff8fc380000 - 0x00007ff8fc394000 	C:\Users\midoo\.openjfx\cache\17.0.2-ea\javafx_font.dll
0x00007ff8fc0e0000 - 0x00007ff8fc35f000 	C:\Windows\SYSTEM32\dwrite.dll
0x00007ff908e80000 - 0x00007ff909036000 	C:\Windows\SYSTEM32\WindowsCodecs.dll
0x00007ff8f6860000 - 0x00007ff8f689e000 	C:\Windows\system32\dataexchange.dll
0x00007ff907580000 - 0x00007ff9077e4000 	C:\Windows\system32\d3d11.dll
0x00007ff907e20000 - 0x00007ff908004000 	C:\Windows\system32\dcomp.dll

dbghelp: loaded successfully - version: 4.0.5 - missing functions: none
symbol engine: initialized successfully - sym options: 0x614 - pdb path: .;C:\Program Files\Java\jdk-11\bin;C:\Windows\SYSTEM32;C:\Windows\WinSxS\amd64_microsoft.windows.common-controls_6595b64144ccf1df_6.0.19041.6456_none_60b8a6cb71f64256;C:\Program Files\Java\jdk-11\bin\server;C:\Users\midoo\AppData\Local\Temp\idea_libasyncProfiler_dll_temp_folder6;C:\Users\midoo\.openjfx\cache\17.0.2-ea;C:\Windows\System32\DriverStore\FileRepository\iigd_dch.inf_amd64_0797c0ea8580ae89;C:\Users\midoo\AppData\Local\Temp\jna-103891496;C:\Windows\system32\wbem;C:\Program Files\Common Files\Microsoft Shared\Ink

VM Arguments:
jvm_args: -agentlib:jdwp=transport=dt_socket,address=127.0.0.1:51817,suspend=y,server=n -javaagent:C:\Users\midoo\AppData\Local\JetBrains\IntelliJIdea2025.3\captureAgent\debugger-agent.jar=file:///C:/Users/midoo/AppData/Local/Temp/capture13530023285661369250.props -agentpath:C:\Users\midoo\AppData\Local\Temp\idea_libasyncProfiler_dll_temp_folder6\libasyncProfiler.dll=version,jfr,event=wall,interval=10ms,cstack=no,file=C:\Users\midoo\IdeaSnapshots\FrontendMain_2025_12_23_103039.jfr,dbghelppath=C:\Users\midoo\AppData\Local\Temp\idea_dbghelp_dll_temp_folder\dbghelp.dll,log=C:\Users\midoo\AppData\Local\Temp\FrontendMain_2025_12_23_103039.jfr.log.txt,logLevel=DEBUG -Dkotlinx.coroutines.debug.enable.creation.stack.trace=false -Ddebugger.agent.enable.coroutines=true -Dkotlinx.coroutines.debug.enable.flows.stack.trace=true -Dkotlinx.coroutines.debug.enable.mutable.state.flows.stack.trace=true -Ddebugger.async.stack.trace.for.all.threads=true -Dfile.encoding=UTF-8 
java_command: com.miduo.cloud.frontend.FrontendMain
java_class_path (initial): D:\˛úĎßą¤ľßµ÷ĘÔ°ć\productiontools\miduo-frontend\target\classes;D:\˛úĎßą¤ľßµ÷ĘÔ°ć\productiontools\miduo-common\target\classes;C:\Users\midoo\.m2\repository\com\fasterxml\jackson\datatype\jackson-datatype-jsr310\2.12.5\jackson-datatype-jsr310-2.12.5.jar;D:\˛úĎßą¤ľßµ÷ĘÔ°ć\productiontools\miduo-entity\target\classes;C:\Users\midoo\.m2\repository\com\fasterxml\jackson\core\jackson-annotations\2.12.5\jackson-annotations-2.12.5.jar;D:\˛úĎßą¤ľßµ÷ĘÔ°ć\productiontools\miduo-application\target\classes;D:\˛úĎßą¤ľßµ÷ĘÔ°ć\productiontools\miduo-domain\target\classes;D:\˛úĎßą¤ľßµ÷ĘÔ°ć\productiontools\miduo-infrastructure\target\classes;C:\Users\midoo\.m2\repository\com\baomidou\mybatis-plus-boot-starter\3.5.3.1\mybatis-plus-boot-starter-3.5.3.1.jar;C:\Users\midoo\.m2\repository\com\baomidou\mybatis-plus\3.5.3.1\mybatis-plus-3.5.3.1.jar;C:\Users\midoo\.m2\repository\com\baomidou\mybatis-plus-extension\3.5.3.1\mybatis-plus-extension-3.5.3.1.jar;C:\Users\midoo\.m2\repository\com\baomidou\mybatis-plus-core\3.5.3.1\mybatis-plus-core-3.5.3.1.jar;C:\Users\midoo\.m2\repository\com\baomidou\mybatis-plus-annotation\3.5.3.1\mybatis-plus-annotation-3.5.3.1.jar;C:\Users\midoo\.m2\repository\com\github\jsqlparser\jsqlparser\4.4\jsqlparser-4.4.jar;C:\Users\midoo\.m2\repository\org\mybatis\mybatis\3.5.10\mybatis-3.5.10.jar;C:\Users\midoo\.m2\repository\org\mybatis\mybatis-spring\2.0.7\mybatis-spring-2.0.7.jar;C:\Users\midoo\.m2\repository\com\mysql\mysql-connector-j\8.0.33\mysql-connector-j-8.0.33.jar;C:\Users\midoo\.m2\repository\com\google\protobuf\protobuf-java\3.21.9\protobuf-java-3.21.9.jar;C:\Users\midoo\.m2\repository\net\sourceforge\jtds\jtds\1.3.1\jtds-1.3.1.jar;C:\Users\midoo\.m2\repository\org\springframework\boot\spring-boot-starter-jdbc\2.5.6\spring-boot-starter-jdbc-2.5.6.jar;C:\Users\midoo\.m2\repository\com\zaxxer\HikariCP\4.0.3\HikariCP-4.0.3.jar;C:\Users\midoo\.m2\repository\org\springframework\spring-jdbc\5.3.12\spring-jdbc-5.3.12.jar;C:\Users\midoo
Launcher Type: SUN_STANDARD

[Global flags]
     intx CICompilerCount                          = 4                                         {product} {ergonomic}
     uint ConcGCThreads                            = 3                                         {product} {ergonomic}
     uint G1ConcRefinementThreads                  = 10                                        {product} {ergonomic}
   size_t G1HeapRegionSize                         = 1048576                                   {product} {ergonomic}
    uintx GCDrainStackTargetSize                   = 64                                        {product} {ergonomic}
   size_t InitialHeapSize                          = 266338304                                 {product} {ergonomic}
   size_t MarkStackSize                            = 4194304                                   {product} {ergonomic}
   size_t MaxHeapSize                              = 4250927104                                {product} {ergonomic}
   size_t MaxNewSize                               = 2550136832                                {product} {ergonomic}
   size_t MinHeapDeltaBytes                        = 1048576                                   {product} {ergonomic}
    uintx NonNMethodCodeHeapSize                   = 5836300                                {pd product} {ergonomic}
    uintx NonProfiledCodeHeapSize                  = 122910970                              {pd product} {ergonomic}
    uintx ProfiledCodeHeapSize                     = 122910970                              {pd product} {ergonomic}
    uintx ReservedCodeCacheSize                    = 251658240                              {pd product} {ergonomic}
     bool SegmentedCodeCache                       = true                                      {product} {ergonomic}
     bool UseCompressedClassPointers               = true                                 {lp64_product} {ergonomic}
     bool UseCompressedOops                        = true                                 {lp64_product} {ergonomic}
     bool UseG1GC                                  = true                                      {product} {ergonomic}
     bool UseLargePagesIndividualAllocation        = false                                  {pd product} {ergonomic}

Logging:
Log output configuration:
 #0: stdout all=warning uptime,level,tags
 #1: stderr all=off uptime,level,tags

Environment Variables:
PATH=C:\Program Files\Common Files\Oracle\Java\javapath;C:\Windows\system32;C:\Windows;C:\Windows\System32\Wbem;C:\Windows\System32\WindowsPowerShell\v1.0\;C:\Windows\System32\OpenSSH\;C:\Program Files\Microsoft SQL Server\130\Tools\Binn\;D:\SVN\bin;C:\Program Files\Microsoft SQL Server\Client SDK\ODBC\170\Tools\Binn\;D:\cursor\resources\app\bin;C:\Program Files\Microsoft SQL Server\170\Tools\Binn\;C:\Program Files\dotnet\;D:\Git\cmd;C:\Program Files\nodejs\;C:\Program Files\Apache\maven\bin;C:\Users\midoo\AppData\Local\Microsoft\WindowsApps;C:\Users\midoo\.dotnet\tools;C:\Users\midoo\AppData\Roaming\npm;D:\IDEA\IntelliJ IDEA 2025.3\bin;C:\Program Files\Apache\maven\bin;
USERNAME=midoo
OS=Windows_NT
PROCESSOR_IDENTIFIER=Intel64 Family 6 Model 165 Stepping 3, GenuineIntel



---------------  S Y S T E M  ---------------

OS: Windows 10 , 64 bit Build 19041 (10.0.19041.5915)

CPU:total 12 (initial active 12) (6 cores per cpu, 2 threads per core) family 6 model 165 stepping 3 microcode 0xe0, cmov, cx8, fxsr, mmx, sse, sse2, sse3, ssse3, sse4.1, sse4.2, popcnt, avx, avx2, aes, clmul, erms, 3dnowpref, lzcnt, ht, tsc, tscinvbit, bmi1, bmi2, adx, fma

Memory: 4k page, system-wide physical 16213M (3873M free)
TotalPageFile size 24917M (AvailPageFile size 9755M)
current process WorkingSet (physical memory assigned to process): 228M, peak: 266M
current process commit charge ("private bytes"): 456M, peak: 488M

vm_info: Java HotSpot(TM) 64-Bit Server VM (11.0.28+12-LTS-279) for windows-amd64 JRE (11.0.28+12-LTS-279), built on Jun 27 2025 10:10:38 by "mach5one" with MS VC++ 17.6 (VS2022)

END.
