#
# A fatal error has been detected by the Java Runtime Environment:
#
#  EXCEPTION_ACCESS_VIOLATION (0xc0000005) at pc=0x00007ff8e0c66ab7, pid=11660, tid=30544
#
# JRE version: Java(TM) SE Runtime Environment 18.9 (11.0.28+12) (build 11.0.28+12-LTS-279)
# Java VM: Java HotSpot(TM) 64-Bit Server VM 18.9 (11.0.28+12-LTS-279, mixed mode, tiered, compressed oops, g1 gc, windows-amd64)
# Problematic frame:
# C  [glass.dll+0x26ab7]
#
# No core dump will be written. Minidumps are not enabled by default on client versions of Windows
#
# If you would like to submit a bug report, please visit:
#   https://bugreport.java.com/bugreport/crash.jsp
#

---------------  S U M M A R Y ------------

Command Line: -agentlib:jdwp=transport=dt_socket,address=127.0.0.1:56673,suspend=y,server=n -javaagent:C:\Users\midoo\AppData\Local\JetBrains\IntelliJIdea2025.3\captureAgent\debugger-agent.jar=file:///C:/Users/midoo/AppData/Local/Temp/capture3899909819688324588.props -agentpath:C:\Users\midoo\AppData\Local\Temp\idea_libasyncProfiler_dll_temp_folder9\libasyncProfiler.dll=version,jfr,event=wall,interval=10ms,cstack=no,file=C:\Users\midoo\IdeaSnapshots\FrontendMain_2025_12_21_204115.jfr,dbghelppath=C:\Users\midoo\AppData\Local\Temp\idea_dbghelp_dll_temp_folder\dbghelp.dll,log=C:\Users\midoo\AppData\Local\Temp\FrontendMain_2025_12_21_204115.jfr.log.txt,logLevel=DEBUG -Dkotlinx.coroutines.debug.enable.creation.stack.trace=false -Ddebugger.agent.enable.coroutines=true -Dkotlinx.coroutines.debug.enable.flows.stack.trace=true -Dkotlinx.coroutines.debug.enable.mutable.state.flows.stack.trace=true -Ddebugger.async.stack.trace.for.all.threads=true -Dfile.encoding=UTF-8 com.miduo.cloud.frontend.FrontendMain

Host: Intel(R) Core(TM) i5-10400 CPU @ 2.90GHz, 12 cores, 15G,  Windows 10 , 64 bit Build 19041 (10.0.19041.5915)
Time: Sun Dec 21 20:44:28 2025  Windows 10 , 64 bit Build 19041 (10.0.19041.5915) elapsed time: 193.072779 seconds (0d 0h 3m 13s)

---------------  T H R E A D  ---------------

Current thread (0x000001e1f56b1800):  VMThread "VM Thread" [stack: 0x00000063f1c00000,0x00000063f1d00000] [id=30544]

Stack: [0x00000063f1c00000,0x00000063f1d00000],  sp=0x00000063f1cff180,  free space=1020k
Native frames: (J=compiled Java code, j=interpreted, Vv=VM code, C=native code)
C  [glass.dll+0x26ab7]


siginfo: EXCEPTION_ACCESS_VIOLATION (0xc0000005), reading address 0x0000000000000000


Register to memory mapping:

RIP=0x00007ff8e0c66ab7 glass.dll
RAX=0x0 is NULL
RBX=0x000001e1f56d6578 is a global jni handle
RCX=0x000001e1f56b1800 points into unknown readable memory: 0x00007ff8d441db10 | 10 db 41 d4 f8 7f 00 00
RDX=0x00000063f1cff180 points into unknown readable memory: 0x0000000000000000 | 00 00 00 00 00 00 00 00
RSP=0x00000063f1cff180 points into unknown readable memory: 0x0000000000000000 | 00 00 00 00 00 00 00 00
RBP=0x000001e1f7339788 points into unknown readable memory: 0x000069ee6650ce34 | 34 ce 50 66 ee 69 00 00
RSI=0x000001e1f7339760 points into unknown readable memory: 0xe9c069e999dec257 | 57 c2 de 99 e9 69 c0 e9
RDI=0x000069ee6650ce34 is an unknown value
R8 =0x0000000000010002 is an unknown value
R9 =0x000069ee6650ce34 is an unknown value
R10=0x0000000000008000 is an unknown value
R11=0x00000063f1cff110 points into unknown readable memory: 0x000001e1f7339760 | 60 97 33 f7 e1 01 00 00
R12=0x00007ff8e0c64384 glass.dll
R13=0x000001e1f54fa810 points into unknown readable memory: 0x8000000000000001 | 01 00 00 00 00 00 00 80
R14=0x00000063f1cff278 points into unknown readable memory: 0x00000063f1cff260 | 60 f2 cf f1 63 00 00 00
R15=0x000001e1f7339760 points into unknown readable memory: 0xe9c069e999dec257 | 57 c2 de 99 e9 69 c0 e9


Registers:
RAX=0x0000000000000000, RBX=0x000001e1f56d6578, RCX=0x000001e1f56b1800, RDX=0x00000063f1cff180
RSP=0x00000063f1cff180, RBP=0x000001e1f7339788, RSI=0x000001e1f7339760, RDI=0x000069ee6650ce34
R8 =0x0000000000010002, R9 =0x000069ee6650ce34, R10=0x0000000000008000, R11=0x00000063f1cff110
R12=0x00007ff8e0c64384, R13=0x000001e1f54fa810, R14=0x00000063f1cff278, R15=0x000001e1f7339760
RIP=0x00007ff8e0c66ab7, EFLAGS=0x0000000000010206

Top of Stack: (sp=0x00000063f1cff180)
0x00000063f1cff180:   0000000000000000 000001e1f7339760
0x00000063f1cff190:   000001e1f54fa810 00007ff8e0c64384
0x00000063f1cff1a0:   000001e1f7339768 00007ff90bc142d6
0x00000063f1cff1b0:   000069ee6650ce34 000001e100000000
0x00000063f1cff1c0:   000001e1f7339788 000001e1f7339760
0x00000063f1cff1d0:   fffffffffffffffe 0000000000000000
0x00000063f1cff1e0:   0000000000000001 00007ff8e0c40000
0x00000063f1cff1f0:   00000063f1cff268 00007ff90bc141fb
0x00000063f1cff200:   0000000000000000 00000063f1cff278
0x00000063f1cff210:   00000063f1cff550 00007ff90bcf0e40
0x00000063f1cff220:   0000000000000001 00007ff90bc141b4
0x00000063f1cff230:   0000000000000000 0000000000000001
0x00000063f1cff240:   00007ff903ae2dd0 00000063f1cff268
0x00000063f1cff250:   00007ff90000000d 00007ff8e0c64211
0x00000063f1cff260:   00007ff8e0c7a138 00007ff900000002
0x00000063f1cff270:   0000000000000002 00000063f1cff260 

Instructions: (pc=0x00007ff8e0c66ab7)
0x00007ff8e0c66a97:   cc cc cc cc cc cc cc cc cc 40 53 48 83 ec 20 48
0x00007ff8e0c66aa7:   8b 1d 83 30 01 00 48 85 db 74 16 e8 09 8b ff ff
0x00007ff8e0c66ab7:   4c 8b 00 48 8b d3 48 8b c8 41 ff 90 b0 00 00 00
0x00007ff8e0c66ac7:   90 48 83 c4 20 5b c3 cc cc 40 53 48 83 ec 20 48 


Stack slot to memory mapping:
stack at sp + 0 slots: 0x0 is NULL
stack at sp + 1 slots: 0x000001e1f7339760 points into unknown readable memory: 0xe9c069e999dec257 | 57 c2 de 99 e9 69 c0 e9
stack at sp + 2 slots: 0x000001e1f54fa810 points into unknown readable memory: 0x8000000000000001 | 01 00 00 00 00 00 00 80
stack at sp + 3 slots: 0x00007ff8e0c64384 glass.dll
stack at sp + 4 slots: 0x000001e1f7339768 points into unknown readable memory: 0x000069ee6650ce34 | 34 ce 50 66 ee 69 00 00
stack at sp + 5 slots: 0x00007ff90bc142d6 ucrtbase.dll
stack at sp + 6 slots: 0x000069ee6650ce34 is an unknown value
stack at sp + 7 slots: 0x000001e100000000 is an unknown value

VM_Operation (0x00000063f13ff4a0): Exit, mode: safepoint, requested by thread 0x000001e1fe8f0800


---------------  P R O C E S S  ---------------

Threads class SMR info:
_java_thread_list=0x000001e1f7f04ba0, length=22, elements={
0x000001e1d9441800, 0x000001e1f56b3800, 0x000001e1f56bc000, 0x000001e1f5734800,
0x000001e1f5735800, 0x000001e1f5738800, 0x000001e1f5741800, 0x000001e1f576c800,
0x000001e1f5771000, 0x000001e1f58ce800, 0x000001e1f62eb800, 0x000001e1f629c000,
0x000001e1f66bc000, 0x000001e1f6fdd800, 0x000001e1f7ea4800, 0x000001e1f7596800,
0x000001e1f7f1d800, 0x000001e1f7efb000, 0x000001e1fe8ef800, 0x000001e1fe8f4000,
0x000001e1fe8f2000, 0x000001e1fe8f0800
}

Java Threads: ( => current thread )
  0x000001e1d9441800 JavaThread "main" [_thread_blocked, id=25500, stack(0x00000063f1600000,0x00000063f1700000)]
  0x000001e1f56b3800 JavaThread "Reference Handler" daemon [_thread_blocked, id=29352, stack(0x00000063f1d00000,0x00000063f1e00000)]
  0x000001e1f56bc000 JavaThread "Finalizer" daemon [_thread_blocked, id=31004, stack(0x00000063f1e00000,0x00000063f1f00000)]
  0x000001e1f5734800 JavaThread "Signal Dispatcher" daemon [_thread_blocked, id=21228, stack(0x00000063f1f00000,0x00000063f2000000)]
  0x000001e1f5735800 JavaThread "Attach Listener" daemon [_thread_blocked, id=21272, stack(0x00000063f2000000,0x00000063f2100000)]
  0x000001e1f5738800 JavaThread "Service Thread" daemon [_thread_blocked, id=28088, stack(0x00000063f2100000,0x00000063f2200000)]
  0x000001e1f5741800 JavaThread "C2 CompilerThread0" daemon [_thread_blocked, id=22524, stack(0x00000063f2200000,0x00000063f2300000)]
  0x000001e1f576c800 JavaThread "C1 CompilerThread0" daemon [_thread_blocked, id=19888, stack(0x00000063f2300000,0x00000063f2400000)]
  0x000001e1f5771000 JavaThread "Sweeper thread" daemon [_thread_blocked, id=13340, stack(0x00000063f2400000,0x00000063f2500000)]
  0x000001e1f58ce800 JavaThread "Common-Cleaner" daemon [_thread_blocked, id=19796, stack(0x00000063f2500000,0x00000063f2600000)]
  0x000001e1f62eb800 JavaThread "JDWP Event Helper Thread" daemon [_thread_blocked, id=32752, stack(0x00000063f2800000,0x00000063f2900000)]
  0x000001e1f629c000 JavaThread "IntelliJ Suspend Helper" daemon [_thread_blocked, id=28012, stack(0x00000063f2a00000,0x00000063f2b00000)]
  0x000001e1f66bc000 JavaThread "JavaFX-Launcher" [_thread_blocked, id=33284, stack(0x00000063f2c00000,0x00000063f2d00000)]
  0x000001e1f6fdd800 JavaThread "QuantumRenderer-0" daemon [_thread_blocked, id=29872, stack(0x00000063f2d00000,0x00000063f2e00000)]
  0x000001e1f7ea4800 JavaThread "InvokeLaterDispatcher" daemon [_thread_blocked, id=1444, stack(0x00000063f3300000,0x00000063f3400000)]
  0x000001e1f7596800 JavaThread "JavaFX Application Thread" [_thread_in_native, id=13336, stack(0x00000063f3400000,0x00000063f3500000)]
  0x000001e1f7f1d800 JavaThread "Thread-2" daemon [_thread_in_native, id=8132, stack(0x00000063f3900000,0x00000063f3a00000)]
  0x000001e1f7efb000 JavaThread "OperateLogBatchSaver" daemon [_thread_blocked, id=9512, stack(0x00000063f3a00000,0x00000063f3b00000)]
  0x000001e1fe8ef800 JavaThread "JNA Cleaner" daemon [_thread_blocked, id=17568, stack(0x00000063f2600000,0x00000063f2700000)]
  0x000001e1fe8f4000 JavaThread "Prism Font Disposer" daemon [_thread_blocked, id=23104, stack(0x00000063f4000000,0x00000063f4100000)]
  0x000001e1fe8f2000 JavaThread "Cleaner-0" daemon [_thread_blocked, id=31892, stack(0x00000063f4200000,0x00000063f4300000)]
  0x000001e1fe8f0800 JavaThread "SIGINT handler" daemon [_thread_blocked, id=15400, stack(0x00000063f1300000,0x00000063f1400000)]

Other Threads:
=>0x000001e1f56b1800 VMThread "VM Thread" [stack: 0x00000063f1c00000,0x00000063f1d00000] [id=30544]
  0x000001e1d945d000 GCTaskThread "GC Thread#0" [stack: 0x00000063f1700000,0x00000063f1800000] [id=23548]
  0x000001e1f78aa000 GCTaskThread "GC Thread#1" [stack: 0x00000063f2e00000,0x00000063f2f00000] [id=14328]
  0x000001e1f7892000 GCTaskThread "GC Thread#2" [stack: 0x00000063f2f00000,0x00000063f3000000] [id=31708]
  0x000001e1f78c5000 GCTaskThread "GC Thread#3" [stack: 0x00000063f3000000,0x00000063f3100000] [id=2248]
  0x000001e1f7d32800 GCTaskThread "GC Thread#4" [stack: 0x00000063f3100000,0x00000063f3200000] [id=12504]
  0x000001e1f7d41800 GCTaskThread "GC Thread#5" [stack: 0x00000063f3200000,0x00000063f3300000] [id=1796]
  0x000001e1d94ba800 ConcurrentGCThread "G1 Main Marker" [stack: 0x00000063f1800000,0x00000063f1900000] [id=14980]
  0x000001e1d94bb800 ConcurrentGCThread "G1 Conc#0" [stack: 0x00000063f1900000,0x00000063f1a00000] [id=27724]
  0x000001e1fe81f800 ConcurrentGCThread "G1 Conc#1" [stack: 0x00000063f3e00000,0x00000063f3f00000] [id=12364]
  0x000001e1f8b44800 ConcurrentGCThread "G1 Conc#2" [stack: 0x00000063f3f00000,0x00000063f4000000] [id=21600]
  0x000001e1f54f6800 ConcurrentGCThread "G1 Refine#0" [stack: 0x00000063f1a00000,0x00000063f1b00000] [id=6264]
  0x000001e1f54f9000 ConcurrentGCThread "G1 Young RemSet Sampling" [stack: 0x00000063f1b00000,0x00000063f1c00000] [id=24524]

Threads with active compile tasks:

VM state:at safepoint (shutting down)

VM Mutex/Monitor currently owned by a thread:  ([mutex/lock_event])
[0x000001e1d1bccbf0] Threads_lock - owner thread: 0x000001e1f56b1800

Heap address: 0x0000000702a00000, size: 4054 MB, Compressed Oops mode: Zero based, Oop shift amount: 3
Narrow klass base: 0x0000000800000000, Narrow klass shift: 0
Compressed class space size: 1073741824 Address: 0x0000000800000000

Heap:
 garbage-first heap   total 260096K, used 45180K [0x0000000702a00000, 0x0000000800000000)
  region size 1024K, 37 young (37888K), 6 survivors (6144K)
 Metaspace       used 33331K, capacity 34160K, committed 34432K, reserved 1079296K
  class space    used 3844K, capacity 4159K, committed 4224K, reserved 1048576K
Heap Regions: E=young(eden), S=young(survivor), O=old, HS=humongous(starts), HC=humongous(continues), CS=collection set, F=free, A=archive, TAMS=top-at-mark-start (previous, next)
|   0|0x0000000702a00000, 0x0000000702b00000, 0x0000000702b00000|100%| O|  |TAMS 0x0000000702b00000, 0x0000000702a00000| Untracked 
|   1|0x0000000702b00000, 0x0000000702c00000, 0x0000000702c00000|100%| O|  |TAMS 0x0000000702c00000, 0x0000000702b00000| Untracked 
|   2|0x0000000702c00000, 0x0000000702d00000, 0x0000000702d00000|100%| O|  |TAMS 0x0000000702c79600, 0x0000000702c00000| Untracked 
|   3|0x0000000702d00000, 0x0000000702e00000, 0x0000000702e00000|100%|HS|  |TAMS 0x0000000702d00000, 0x0000000702d00000| Complete 
|   4|0x0000000702e00000, 0x0000000702f00000, 0x0000000702f00000|100%| O|  |TAMS 0x0000000702e00000, 0x0000000702e00000| Untracked 
|   5|0x0000000702f00000, 0x0000000703000000, 0x0000000703000000|100%| O|  |TAMS 0x0000000702f00000, 0x0000000702f00000| Untracked 
|   6|0x0000000703000000, 0x0000000703071200, 0x0000000703100000| 44%| O|  |TAMS 0x0000000703000000, 0x0000000703000000| Untracked 
|   7|0x0000000703100000, 0x0000000703200000, 0x0000000703200000|100%|HS|  |TAMS 0x0000000703100000, 0x0000000703100000| Complete 
|   8|0x0000000703200000, 0x0000000703300000, 0x0000000703300000|100%|HS|  |TAMS 0x0000000703200000, 0x0000000703200000| Complete 
|   9|0x0000000703300000, 0x0000000703400000, 0x0000000703400000|100%|HC|  |TAMS 0x0000000703300000, 0x0000000703300000| Complete 
|  10|0x0000000703400000, 0x0000000703400000, 0x0000000703500000|  0%| F|  |TAMS 0x0000000703400000, 0x0000000703400000| Untracked 
|  11|0x0000000703500000, 0x0000000703500000, 0x0000000703600000|  0%| F|  |TAMS 0x0000000703500000, 0x0000000703500000| Untracked 
|  12|0x0000000703600000, 0x0000000703600000, 0x0000000703700000|  0%| F|  |TAMS 0x0000000703600000, 0x0000000703600000| Untracked 
|  13|0x0000000703700000, 0x0000000703700000, 0x0000000703800000|  0%| F|  |TAMS 0x0000000703700000, 0x0000000703700000| Untracked 
|  14|0x0000000703800000, 0x0000000703800000, 0x0000000703900000|  0%| F|  |TAMS 0x0000000703800000, 0x0000000703800000| Untracked 
|  15|0x0000000703900000, 0x0000000703900000, 0x0000000703a00000|  0%| F|  |TAMS 0x0000000703900000, 0x0000000703900000| Untracked 
|  16|0x0000000703a00000, 0x0000000703a00000, 0x0000000703b00000|  0%| F|  |TAMS 0x0000000703a00000, 0x0000000703a00000| Untracked 
|  17|0x0000000703b00000, 0x0000000703b00000, 0x0000000703c00000|  0%| F|  |TAMS 0x0000000703b00000, 0x0000000703b00000| Untracked 
|  18|0x0000000703c00000, 0x0000000703c00000, 0x0000000703d00000|  0%| F|  |TAMS 0x0000000703c00000, 0x0000000703c00000| Untracked 
|  19|0x0000000703d00000, 0x0000000703d00000, 0x0000000703e00000|  0%| F|  |TAMS 0x0000000703d00000, 0x0000000703d00000| Untracked 
|  20|0x0000000703e00000, 0x0000000703e00000, 0x0000000703f00000|  0%| F|  |TAMS 0x0000000703e00000, 0x0000000703e00000| Untracked 
|  21|0x0000000703f00000, 0x0000000703f00000, 0x0000000704000000|  0%| F|  |TAMS 0x0000000703f00000, 0x0000000703f00000| Untracked 
|  22|0x0000000704000000, 0x0000000704000000, 0x0000000704100000|  0%| F|  |TAMS 0x0000000704000000, 0x0000000704000000| Untracked 
|  23|0x0000000704100000, 0x0000000704100000, 0x0000000704200000|  0%| F|  |TAMS 0x0000000704100000, 0x0000000704100000| Untracked 
|  24|0x0000000704200000, 0x0000000704200000, 0x0000000704300000|  0%| F|  |TAMS 0x0000000704200000, 0x0000000704200000| Untracked 
|  25|0x0000000704300000, 0x0000000704300000, 0x0000000704400000|  0%| F|  |TAMS 0x0000000704300000, 0x0000000704300000| Untracked 
|  26|0x0000000704400000, 0x0000000704400000, 0x0000000704500000|  0%| F|  |TAMS 0x0000000704400000, 0x0000000704400000| Untracked 
|  27|0x0000000704500000, 0x0000000704500000, 0x0000000704600000|  0%| F|  |TAMS 0x0000000704500000, 0x0000000704500000| Untracked 
|  28|0x0000000704600000, 0x0000000704600000, 0x0000000704700000|  0%| F|  |TAMS 0x0000000704600000, 0x0000000704600000| Untracked 
|  29|0x0000000704700000, 0x0000000704700000, 0x0000000704800000|  0%| F|  |TAMS 0x0000000704700000, 0x0000000704700000| Untracked 
|  30|0x0000000704800000, 0x0000000704800000, 0x0000000704900000|  0%| F|  |TAMS 0x0000000704800000, 0x0000000704800000| Untracked 
|  31|0x0000000704900000, 0x0000000704900000, 0x0000000704a00000|  0%| F|  |TAMS 0x0000000704900000, 0x0000000704900000| Untracked 
|  32|0x0000000704a00000, 0x0000000704a00000, 0x0000000704b00000|  0%| F|  |TAMS 0x0000000704a00000, 0x0000000704a00000| Untracked 
|  33|0x0000000704b00000, 0x0000000704b00000, 0x0000000704c00000|  0%| F|  |TAMS 0x0000000704b00000, 0x0000000704b00000| Untracked 
|  34|0x0000000704c00000, 0x0000000704c00000, 0x0000000704d00000|  0%| F|  |TAMS 0x0000000704c00000, 0x0000000704c00000| Untracked 
|  35|0x0000000704d00000, 0x0000000704d00000, 0x0000000704e00000|  0%| F|  |TAMS 0x0000000704d00000, 0x0000000704d00000| Untracked 
|  36|0x0000000704e00000, 0x0000000704e00000, 0x0000000704f00000|  0%| F|  |TAMS 0x0000000704e00000, 0x0000000704e00000| Untracked 
|  37|0x0000000704f00000, 0x0000000704f00000, 0x0000000705000000|  0%| F|  |TAMS 0x0000000704f00000, 0x0000000704f00000| Untracked 
|  38|0x0000000705000000, 0x0000000705000000, 0x0000000705100000|  0%| F|  |TAMS 0x0000000705000000, 0x0000000705000000| Untracked 
|  39|0x0000000705100000, 0x0000000705100000, 0x0000000705200000|  0%| F|  |TAMS 0x0000000705100000, 0x0000000705100000| Untracked 
|  40|0x0000000705200000, 0x0000000705200000, 0x0000000705300000|  0%| F|  |TAMS 0x0000000705200000, 0x0000000705200000| Untracked 
|  41|0x0000000705300000, 0x0000000705300000, 0x0000000705400000|  0%| F|  |TAMS 0x0000000705300000, 0x0000000705300000| Untracked 
|  42|0x0000000705400000, 0x0000000705400000, 0x0000000705500000|  0%| F|  |TAMS 0x0000000705400000, 0x0000000705400000| Untracked 
|  43|0x0000000705500000, 0x0000000705500000, 0x0000000705600000|  0%| F|  |TAMS 0x0000000705500000, 0x0000000705500000| Untracked 
|  44|0x0000000705600000, 0x0000000705600000, 0x0000000705700000|  0%| F|  |TAMS 0x0000000705600000, 0x0000000705600000| Untracked 
|  45|0x0000000705700000, 0x0000000705700000, 0x0000000705800000|  0%| F|  |TAMS 0x0000000705700000, 0x0000000705700000| Untracked 
|  46|0x0000000705800000, 0x0000000705800000, 0x0000000705900000|  0%| F|  |TAMS 0x0000000705800000, 0x0000000705800000| Untracked 
|  47|0x0000000705900000, 0x0000000705900000, 0x0000000705a00000|  0%| F|  |TAMS 0x0000000705900000, 0x0000000705900000| Untracked 
|  48|0x0000000705a00000, 0x0000000705a00000, 0x0000000705b00000|  0%| F|  |TAMS 0x0000000705a00000, 0x0000000705a00000| Untracked 
|  49|0x0000000705b00000, 0x0000000705b00000, 0x0000000705c00000|  0%| F|  |TAMS 0x0000000705b00000, 0x0000000705b00000| Untracked 
|  50|0x0000000705c00000, 0x0000000705c00000, 0x0000000705d00000|  0%| F|  |TAMS 0x0000000705c00000, 0x0000000705c00000| Untracked 
|  51|0x0000000705d00000, 0x0000000705d00000, 0x0000000705e00000|  0%| F|  |TAMS 0x0000000705d00000, 0x0000000705d00000| Untracked 
|  52|0x0000000705e00000, 0x0000000705e00000, 0x0000000705f00000|  0%| F|  |TAMS 0x0000000705e00000, 0x0000000705e00000| Untracked 
|  53|0x0000000705f00000, 0x0000000705f00000, 0x0000000706000000|  0%| F|  |TAMS 0x0000000705f00000, 0x0000000705f00000| Untracked 
|  54|0x0000000706000000, 0x0000000706000000, 0x0000000706100000|  0%| F|  |TAMS 0x0000000706000000, 0x0000000706000000| Untracked 
|  55|0x0000000706100000, 0x0000000706100000, 0x0000000706200000|  0%| F|  |TAMS 0x0000000706100000, 0x0000000706100000| Untracked 
|  56|0x0000000706200000, 0x0000000706200000, 0x0000000706300000|  0%| F|  |TAMS 0x0000000706200000, 0x0000000706200000| Untracked 
|  57|0x0000000706300000, 0x0000000706300000, 0x0000000706400000|  0%| F|  |TAMS 0x0000000706300000, 0x0000000706300000| Untracked 
|  58|0x0000000706400000, 0x0000000706400000, 0x0000000706500000|  0%| F|  |TAMS 0x0000000706400000, 0x0000000706400000| Untracked 
|  59|0x0000000706500000, 0x0000000706500000, 0x0000000706600000|  0%| F|  |TAMS 0x0000000706500000, 0x0000000706500000| Untracked 
|  60|0x0000000706600000, 0x0000000706600000, 0x0000000706700000|  0%| F|  |TAMS 0x0000000706600000, 0x0000000706600000| Untracked 
|  61|0x0000000706700000, 0x0000000706700000, 0x0000000706800000|  0%| F|  |TAMS 0x0000000706700000, 0x0000000706700000| Untracked 
|  62|0x0000000706800000, 0x0000000706800000, 0x0000000706900000|  0%| F|  |TAMS 0x0000000706800000, 0x0000000706800000| Untracked 
|  63|0x0000000706900000, 0x0000000706900000, 0x0000000706a00000|  0%| F|  |TAMS 0x0000000706900000, 0x0000000706900000| Untracked 
|  64|0x0000000706a00000, 0x0000000706a00000, 0x0000000706b00000|  0%| F|  |TAMS 0x0000000706a00000, 0x0000000706a00000| Untracked 
|  65|0x0000000706b00000, 0x0000000706b00000, 0x0000000706c00000|  0%| F|  |TAMS 0x0000000706b00000, 0x0000000706b00000| Untracked 
|  66|0x0000000706c00000, 0x0000000706c00000, 0x0000000706d00000|  0%| F|  |TAMS 0x0000000706c00000, 0x0000000706c00000| Untracked 
|  67|0x0000000706d00000, 0x0000000706d00000, 0x0000000706e00000|  0%| F|  |TAMS 0x0000000706d00000, 0x0000000706d00000| Untracked 
|  68|0x0000000706e00000, 0x0000000706e00000, 0x0000000706f00000|  0%| F|  |TAMS 0x0000000706e00000, 0x0000000706e00000| Untracked 
|  69|0x0000000706f00000, 0x0000000706f00000, 0x0000000707000000|  0%| F|  |TAMS 0x0000000706f00000, 0x0000000706f00000| Untracked 
|  70|0x0000000707000000, 0x0000000707000000, 0x0000000707100000|  0%| F|  |TAMS 0x0000000707000000, 0x0000000707000000| Untracked 
|  71|0x0000000707100000, 0x0000000707100000, 0x0000000707200000|  0%| F|  |TAMS 0x0000000707100000, 0x0000000707100000| Untracked 
|  72|0x0000000707200000, 0x0000000707200000, 0x0000000707300000|  0%| F|  |TAMS 0x0000000707200000, 0x0000000707200000| Untracked 
|  73|0x0000000707300000, 0x0000000707300000, 0x0000000707400000|  0%| F|  |TAMS 0x0000000707300000, 0x0000000707300000| Untracked 
|  74|0x0000000707400000, 0x0000000707400000, 0x0000000707500000|  0%| F|  |TAMS 0x0000000707400000, 0x0000000707400000| Untracked 
|  75|0x0000000707500000, 0x0000000707500000, 0x0000000707600000|  0%| F|  |TAMS 0x0000000707500000, 0x0000000707500000| Untracked 
|  76|0x0000000707600000, 0x0000000707600000, 0x0000000707700000|  0%| F|  |TAMS 0x0000000707600000, 0x0000000707600000| Untracked 
|  77|0x0000000707700000, 0x0000000707700000, 0x0000000707800000|  0%| F|  |TAMS 0x0000000707700000, 0x0000000707700000| Untracked 
|  78|0x0000000707800000, 0x0000000707800000, 0x0000000707900000|  0%| F|  |TAMS 0x0000000707800000, 0x0000000707800000| Untracked 
|  79|0x0000000707900000, 0x0000000707900000, 0x0000000707a00000|  0%| F|  |TAMS 0x0000000707900000, 0x0000000707900000| Untracked 
|  80|0x0000000707a00000, 0x0000000707a00000, 0x0000000707b00000|  0%| F|  |TAMS 0x0000000707a00000, 0x0000000707a00000| Untracked 
|  81|0x0000000707b00000, 0x0000000707b00000, 0x0000000707c00000|  0%| F|  |TAMS 0x0000000707b00000, 0x0000000707b00000| Untracked 
|  82|0x0000000707c00000, 0x0000000707c00000, 0x0000000707d00000|  0%| F|  |TAMS 0x0000000707c00000, 0x0000000707c00000| Untracked 
|  83|0x0000000707d00000, 0x0000000707d00000, 0x0000000707e00000|  0%| F|  |TAMS 0x0000000707d00000, 0x0000000707d00000| Untracked 
|  84|0x0000000707e00000, 0x0000000707e00000, 0x0000000707f00000|  0%| F|  |TAMS 0x0000000707e00000, 0x0000000707e00000| Untracked 
|  85|0x0000000707f00000, 0x0000000707f00000, 0x0000000708000000|  0%| F|  |TAMS 0x0000000707f00000, 0x0000000707f00000| Untracked 
|  86|0x0000000708000000, 0x0000000708000000, 0x0000000708100000|  0%| F|  |TAMS 0x0000000708000000, 0x0000000708000000| Untracked 
|  87|0x0000000708100000, 0x0000000708100000, 0x0000000708200000|  0%| F|  |TAMS 0x0000000708100000, 0x0000000708100000| Untracked 
|  88|0x0000000708200000, 0x0000000708200000, 0x0000000708300000|  0%| F|  |TAMS 0x0000000708200000, 0x0000000708200000| Untracked 
|  89|0x0000000708300000, 0x0000000708300000, 0x0000000708400000|  0%| F|  |TAMS 0x0000000708300000, 0x0000000708300000| Untracked 
|  90|0x0000000708400000, 0x0000000708400000, 0x0000000708500000|  0%| F|  |TAMS 0x0000000708400000, 0x0000000708400000| Untracked 
|  91|0x0000000708500000, 0x0000000708500000, 0x0000000708600000|  0%| F|  |TAMS 0x0000000708500000, 0x0000000708500000| Untracked 
|  92|0x0000000708600000, 0x0000000708600000, 0x0000000708700000|  0%| F|  |TAMS 0x0000000708600000, 0x0000000708600000| Untracked 
|  93|0x0000000708700000, 0x0000000708700000, 0x0000000708800000|  0%| F|  |TAMS 0x0000000708700000, 0x0000000708700000| Untracked 
|  94|0x0000000708800000, 0x0000000708800000, 0x0000000708900000|  0%| F|  |TAMS 0x0000000708800000, 0x0000000708800000| Untracked 
|  95|0x0000000708900000, 0x0000000708900000, 0x0000000708a00000|  0%| F|  |TAMS 0x0000000708900000, 0x0000000708900000| Untracked 
|  96|0x0000000708a00000, 0x0000000708a00000, 0x0000000708b00000|  0%| F|  |TAMS 0x0000000708a00000, 0x0000000708a00000| Untracked 
|  97|0x0000000708b00000, 0x0000000708b00000, 0x0000000708c00000|  0%| F|  |TAMS 0x0000000708b00000, 0x0000000708b00000| Untracked 
|  98|0x0000000708c00000, 0x0000000708c00000, 0x0000000708d00000|  0%| F|  |TAMS 0x0000000708c00000, 0x0000000708c00000| Untracked 
|  99|0x0000000708d00000, 0x0000000708d00000, 0x0000000708e00000|  0%| F|  |TAMS 0x0000000708d00000, 0x0000000708d00000| Untracked 
| 100|0x0000000708e00000, 0x0000000708e00000, 0x0000000708f00000|  0%| F|  |TAMS 0x0000000708e00000, 0x0000000708e00000| Untracked 
| 101|0x0000000708f00000, 0x0000000708f00000, 0x0000000709000000|  0%| F|  |TAMS 0x0000000708f00000, 0x0000000708f00000| Untracked 
| 102|0x0000000709000000, 0x0000000709000000, 0x0000000709100000|  0%| F|  |TAMS 0x0000000709000000, 0x0000000709000000| Untracked 
| 103|0x0000000709100000, 0x0000000709100000, 0x0000000709200000|  0%| F|  |TAMS 0x0000000709100000, 0x0000000709100000| Untracked 
| 104|0x0000000709200000, 0x0000000709200000, 0x0000000709300000|  0%| F|  |TAMS 0x0000000709200000, 0x0000000709200000| Untracked 
| 105|0x0000000709300000, 0x0000000709300000, 0x0000000709400000|  0%| F|  |TAMS 0x0000000709300000, 0x0000000709300000| Untracked 
| 106|0x0000000709400000, 0x0000000709400000, 0x0000000709500000|  0%| F|  |TAMS 0x0000000709400000, 0x0000000709400000| Untracked 
| 107|0x0000000709500000, 0x0000000709500000, 0x0000000709600000|  0%| F|  |TAMS 0x0000000709500000, 0x0000000709500000| Untracked 
| 108|0x0000000709600000, 0x0000000709600000, 0x0000000709700000|  0%| F|  |TAMS 0x0000000709600000, 0x0000000709600000| Untracked 
| 109|0x0000000709700000, 0x0000000709700000, 0x0000000709800000|  0%| F|  |TAMS 0x0000000709700000, 0x0000000709700000| Untracked 
| 110|0x0000000709800000, 0x0000000709800000, 0x0000000709900000|  0%| F|  |TAMS 0x0000000709800000, 0x0000000709800000| Untracked 
| 111|0x0000000709900000, 0x0000000709900000, 0x0000000709a00000|  0%| F|  |TAMS 0x0000000709900000, 0x0000000709900000| Untracked 
| 112|0x0000000709a00000, 0x0000000709a00000, 0x0000000709b00000|  0%| F|  |TAMS 0x0000000709a00000, 0x0000000709a00000| Untracked 
| 113|0x0000000709b00000, 0x0000000709b00000, 0x0000000709c00000|  0%| F|  |TAMS 0x0000000709b00000, 0x0000000709b00000| Untracked 
| 114|0x0000000709c00000, 0x0000000709c00000, 0x0000000709d00000|  0%| F|  |TAMS 0x0000000709c00000, 0x0000000709c00000| Untracked 
| 115|0x0000000709d00000, 0x0000000709d00000, 0x0000000709e00000|  0%| F|  |TAMS 0x0000000709d00000, 0x0000000709d00000| Untracked 
| 116|0x0000000709e00000, 0x0000000709e00000, 0x0000000709f00000|  0%| F|  |TAMS 0x0000000709e00000, 0x0000000709e00000| Untracked 
| 117|0x0000000709f00000, 0x0000000709f00000, 0x000000070a000000|  0%| F|  |TAMS 0x0000000709f00000, 0x0000000709f00000| Untracked 
| 118|0x000000070a000000, 0x000000070a000000, 0x000000070a100000|  0%| F|  |TAMS 0x000000070a000000, 0x000000070a000000| Untracked 
| 119|0x000000070a100000, 0x000000070a100000, 0x000000070a200000|  0%| F|  |TAMS 0x000000070a100000, 0x000000070a100000| Untracked 
| 120|0x000000070a200000, 0x000000070a200000, 0x000000070a300000|  0%| F|  |TAMS 0x000000070a200000, 0x000000070a200000| Untracked 
| 121|0x000000070a300000, 0x000000070a300000, 0x000000070a400000|  0%| F|  |TAMS 0x000000070a300000, 0x000000070a300000| Untracked 
| 122|0x000000070a400000, 0x000000070a400000, 0x000000070a500000|  0%| F|  |TAMS 0x000000070a400000, 0x000000070a400000| Untracked 
| 123|0x000000070a500000, 0x000000070a500000, 0x000000070a600000|  0%| F|  |TAMS 0x000000070a500000, 0x000000070a500000| Untracked 
| 124|0x000000070a600000, 0x000000070a600000, 0x000000070a700000|  0%| F|  |TAMS 0x000000070a600000, 0x000000070a600000| Untracked 
| 125|0x000000070a700000, 0x000000070a700000, 0x000000070a800000|  0%| F|  |TAMS 0x000000070a700000, 0x000000070a700000| Untracked 
| 126|0x000000070a800000, 0x000000070a800000, 0x000000070a900000|  0%| F|  |TAMS 0x000000070a800000, 0x000000070a800000| Untracked 
| 127|0x000000070a900000, 0x000000070a900000, 0x000000070aa00000|  0%| F|  |TAMS 0x000000070a900000, 0x000000070a900000| Untracked 
| 128|0x000000070aa00000, 0x000000070aa00000, 0x000000070ab00000|  0%| F|  |TAMS 0x000000070aa00000, 0x000000070aa00000| Untracked 
| 129|0x000000070ab00000, 0x000000070ab00000, 0x000000070ac00000|  0%| F|  |TAMS 0x000000070ab00000, 0x000000070ab00000| Untracked 
| 130|0x000000070ac00000, 0x000000070ac00000, 0x000000070ad00000|  0%| F|  |TAMS 0x000000070ac00000, 0x000000070ac00000| Untracked 
| 131|0x000000070ad00000, 0x000000070ad00000, 0x000000070ae00000|  0%| F|  |TAMS 0x000000070ad00000, 0x000000070ad00000| Untracked 
| 132|0x000000070ae00000, 0x000000070ae00000, 0x000000070af00000|  0%| F|  |TAMS 0x000000070ae00000, 0x000000070ae00000| Untracked 
| 133|0x000000070af00000, 0x000000070af00000, 0x000000070b000000|  0%| F|  |TAMS 0x000000070af00000, 0x000000070af00000| Untracked 
| 134|0x000000070b000000, 0x000000070b000000, 0x000000070b100000|  0%| F|  |TAMS 0x000000070b000000, 0x000000070b000000| Untracked 
| 135|0x000000070b100000, 0x000000070b100000, 0x000000070b200000|  0%| F|  |TAMS 0x000000070b100000, 0x000000070b100000| Untracked 
| 136|0x000000070b200000, 0x000000070b200000, 0x000000070b300000|  0%| F|  |TAMS 0x000000070b200000, 0x000000070b200000| Untracked 
| 137|0x000000070b300000, 0x000000070b300000, 0x000000070b400000|  0%| F|  |TAMS 0x000000070b300000, 0x000000070b300000| Untracked 
| 138|0x000000070b400000, 0x000000070b400000, 0x000000070b500000|  0%| F|  |TAMS 0x000000070b400000, 0x000000070b400000| Untracked 
| 139|0x000000070b500000, 0x000000070b500000, 0x000000070b600000|  0%| F|  |TAMS 0x000000070b500000, 0x000000070b500000| Untracked 
| 140|0x000000070b600000, 0x000000070b600000, 0x000000070b700000|  0%| F|  |TAMS 0x000000070b600000, 0x000000070b600000| Untracked 
| 141|0x000000070b700000, 0x000000070b700000, 0x000000070b800000|  0%| F|  |TAMS 0x000000070b700000, 0x000000070b700000| Untracked 
| 142|0x000000070b800000, 0x000000070b800000, 0x000000070b900000|  0%| F|  |TAMS 0x000000070b800000, 0x000000070b800000| Untracked 
| 143|0x000000070b900000, 0x000000070b900000, 0x000000070ba00000|  0%| F|  |TAMS 0x000000070b900000, 0x000000070b900000| Untracked 
| 144|0x000000070ba00000, 0x000000070ba00000, 0x000000070bb00000|  0%| F|  |TAMS 0x000000070ba00000, 0x000000070ba00000| Untracked 
| 145|0x000000070bb00000, 0x000000070bb00000, 0x000000070bc00000|  0%| F|  |TAMS 0x000000070bb00000, 0x000000070bb00000| Untracked 
| 146|0x000000070bc00000, 0x000000070bc00000, 0x000000070bd00000|  0%| F|  |TAMS 0x000000070bc00000, 0x000000070bc00000| Untracked 
| 147|0x000000070bd00000, 0x000000070bd00000, 0x000000070be00000|  0%| F|  |TAMS 0x000000070bd00000, 0x000000070bd00000| Untracked 
| 148|0x000000070be00000, 0x000000070be00000, 0x000000070bf00000|  0%| F|  |TAMS 0x000000070be00000, 0x000000070be00000| Untracked 
| 149|0x000000070bf00000, 0x000000070bf00000, 0x000000070c000000|  0%| F|  |TAMS 0x000000070bf00000, 0x000000070bf00000| Untracked 
| 150|0x000000070c000000, 0x000000070c000000, 0x000000070c100000|  0%| F|  |TAMS 0x000000070c000000, 0x000000070c000000| Untracked 
| 151|0x000000070c100000, 0x000000070c100000, 0x000000070c200000|  0%| F|  |TAMS 0x000000070c100000, 0x000000070c100000| Untracked 
| 152|0x000000070c200000, 0x000000070c200000, 0x000000070c300000|  0%| F|  |TAMS 0x000000070c200000, 0x000000070c200000| Untracked 
| 153|0x000000070c300000, 0x000000070c300000, 0x000000070c400000|  0%| F|  |TAMS 0x000000070c300000, 0x000000070c300000| Untracked 
| 154|0x000000070c400000, 0x000000070c400000, 0x000000070c500000|  0%| F|  |TAMS 0x000000070c400000, 0x000000070c400000| Untracked 
| 155|0x000000070c500000, 0x000000070c500000, 0x000000070c600000|  0%| F|  |TAMS 0x000000070c500000, 0x000000070c500000| Untracked 
| 156|0x000000070c600000, 0x000000070c600000, 0x000000070c700000|  0%| F|  |TAMS 0x000000070c600000, 0x000000070c600000| Untracked 
| 157|0x000000070c700000, 0x000000070c700000, 0x000000070c800000|  0%| F|  |TAMS 0x000000070c700000, 0x000000070c700000| Untracked 
| 158|0x000000070c800000, 0x000000070c800000, 0x000000070c900000|  0%| F|  |TAMS 0x000000070c800000, 0x000000070c800000| Untracked 
| 159|0x000000070c900000, 0x000000070c900000, 0x000000070ca00000|  0%| F|  |TAMS 0x000000070c900000, 0x000000070c900000| Untracked 
| 160|0x000000070ca00000, 0x000000070ca00000, 0x000000070cb00000|  0%| F|  |TAMS 0x000000070ca00000, 0x000000070ca00000| Untracked 
| 161|0x000000070cb00000, 0x000000070cb00000, 0x000000070cc00000|  0%| F|  |TAMS 0x000000070cb00000, 0x000000070cb00000| Untracked 
| 162|0x000000070cc00000, 0x000000070cc00000, 0x000000070cd00000|  0%| F|  |TAMS 0x000000070cc00000, 0x000000070cc00000| Untracked 
| 163|0x000000070cd00000, 0x000000070cd00000, 0x000000070ce00000|  0%| F|  |TAMS 0x000000070cd00000, 0x000000070cd00000| Untracked 
| 164|0x000000070ce00000, 0x000000070ce00000, 0x000000070cf00000|  0%| F|  |TAMS 0x000000070ce00000, 0x000000070ce00000| Untracked 
| 165|0x000000070cf00000, 0x000000070cf00000, 0x000000070d000000|  0%| F|  |TAMS 0x000000070cf00000, 0x000000070cf00000| Untracked 
| 166|0x000000070d000000, 0x000000070d000000, 0x000000070d100000|  0%| F|  |TAMS 0x000000070d000000, 0x000000070d000000| Untracked 
| 167|0x000000070d100000, 0x000000070d100000, 0x000000070d200000|  0%| F|  |TAMS 0x000000070d100000, 0x000000070d100000| Untracked 
| 168|0x000000070d200000, 0x000000070d200000, 0x000000070d300000|  0%| F|  |TAMS 0x000000070d200000, 0x000000070d200000| Untracked 
| 169|0x000000070d300000, 0x000000070d300000, 0x000000070d400000|  0%| F|  |TAMS 0x000000070d300000, 0x000000070d300000| Untracked 
| 170|0x000000070d400000, 0x000000070d400000, 0x000000070d500000|  0%| F|  |TAMS 0x000000070d400000, 0x000000070d400000| Untracked 
| 171|0x000000070d500000, 0x000000070d500000, 0x000000070d600000|  0%| F|  |TAMS 0x000000070d500000, 0x000000070d500000| Untracked 
| 172|0x000000070d600000, 0x000000070d600000, 0x000000070d700000|  0%| F|  |TAMS 0x000000070d600000, 0x000000070d600000| Untracked 
| 173|0x000000070d700000, 0x000000070d700000, 0x000000070d800000|  0%| F|  |TAMS 0x000000070d700000, 0x000000070d700000| Untracked 
| 174|0x000000070d800000, 0x000000070d800000, 0x000000070d900000|  0%| F|  |TAMS 0x000000070d800000, 0x000000070d800000| Untracked 
| 175|0x000000070d900000, 0x000000070d900000, 0x000000070da00000|  0%| F|  |TAMS 0x000000070d900000, 0x000000070d900000| Untracked 
| 176|0x000000070da00000, 0x000000070da00000, 0x000000070db00000|  0%| F|  |TAMS 0x000000070da00000, 0x000000070da00000| Untracked 
| 177|0x000000070db00000, 0x000000070db00000, 0x000000070dc00000|  0%| F|  |TAMS 0x000000070db00000, 0x000000070db00000| Untracked 
| 178|0x000000070dc00000, 0x000000070dc00000, 0x000000070dd00000|  0%| F|  |TAMS 0x000000070dc00000, 0x000000070dc00000| Untracked 
| 179|0x000000070dd00000, 0x000000070dd00000, 0x000000070de00000|  0%| F|  |TAMS 0x000000070dd00000, 0x000000070dd00000| Untracked 
| 180|0x000000070de00000, 0x000000070de00000, 0x000000070df00000|  0%| F|  |TAMS 0x000000070de00000, 0x000000070de00000| Untracked 
| 181|0x000000070df00000, 0x000000070df00000, 0x000000070e000000|  0%| F|  |TAMS 0x000000070df00000, 0x000000070df00000| Untracked 
| 182|0x000000070e000000, 0x000000070e000000, 0x000000070e100000|  0%| F|  |TAMS 0x000000070e000000, 0x000000070e000000| Untracked 
| 183|0x000000070e100000, 0x000000070e100000, 0x000000070e200000|  0%| F|  |TAMS 0x000000070e100000, 0x000000070e100000| Untracked 
| 184|0x000000070e200000, 0x000000070e200000, 0x000000070e300000|  0%| F|  |TAMS 0x000000070e200000, 0x000000070e200000| Untracked 
| 185|0x000000070e300000, 0x000000070e300000, 0x000000070e400000|  0%| F|  |TAMS 0x000000070e300000, 0x000000070e300000| Untracked 
| 186|0x000000070e400000, 0x000000070e4adf20, 0x000000070e500000| 67%| S|CS|TAMS 0x000000070e400000, 0x000000070e400000| Complete 
| 187|0x000000070e500000, 0x000000070e600000, 0x000000070e600000|100%| S|CS|TAMS 0x000000070e500000, 0x000000070e500000| Complete 
| 188|0x000000070e600000, 0x000000070e700000, 0x000000070e700000|100%| S|CS|TAMS 0x000000070e600000, 0x000000070e600000| Complete 
| 189|0x000000070e700000, 0x000000070e700000, 0x000000070e800000|  0%| F|  |TAMS 0x000000070e700000, 0x000000070e700000| Untracked 
| 190|0x000000070e800000, 0x000000070e800000, 0x000000070e900000|  0%| F|  |TAMS 0x000000070e800000, 0x000000070e800000| Untracked 
| 191|0x000000070e900000, 0x000000070e900000, 0x000000070ea00000|  0%| F|  |TAMS 0x000000070e900000, 0x000000070e900000| Untracked 
| 192|0x000000070ea00000, 0x000000070ea00000, 0x000000070eb00000|  0%| F|  |TAMS 0x000000070ea00000, 0x000000070ea00000| Untracked 
| 193|0x000000070eb00000, 0x000000070eb00000, 0x000000070ec00000|  0%| F|  |TAMS 0x000000070eb00000, 0x000000070eb00000| Untracked 
| 194|0x000000070ec00000, 0x000000070ec00000, 0x000000070ed00000|  0%| F|  |TAMS 0x000000070ec00000, 0x000000070ec00000| Untracked 
| 195|0x000000070ed00000, 0x000000070ee00000, 0x000000070ee00000|100%| S|CS|TAMS 0x000000070ed00000, 0x000000070ed00000| Complete 
| 196|0x000000070ee00000, 0x000000070ef00000, 0x000000070ef00000|100%| S|CS|TAMS 0x000000070ee00000, 0x000000070ee00000| Complete 
| 197|0x000000070ef00000, 0x000000070f000000, 0x000000070f000000|100%| S|CS|TAMS 0x000000070ef00000, 0x000000070ef00000| Complete 
| 198|0x000000070f000000, 0x000000070f000000, 0x000000070f100000|  0%| F|  |TAMS 0x000000070f000000, 0x000000070f000000| Untracked 
| 199|0x000000070f100000, 0x000000070f100000, 0x000000070f200000|  0%| F|  |TAMS 0x000000070f100000, 0x000000070f100000| Untracked 
| 200|0x000000070f200000, 0x000000070f200000, 0x000000070f300000|  0%| F|  |TAMS 0x000000070f200000, 0x000000070f200000| Untracked 
| 201|0x000000070f300000, 0x000000070f300000, 0x000000070f400000|  0%| F|  |TAMS 0x000000070f300000, 0x000000070f300000| Untracked 
| 202|0x000000070f400000, 0x000000070f400000, 0x000000070f500000|  0%| F|  |TAMS 0x000000070f400000, 0x000000070f400000| Untracked 
| 203|0x000000070f500000, 0x000000070f500000, 0x000000070f600000|  0%| F|  |TAMS 0x000000070f500000, 0x000000070f500000| Untracked 
| 204|0x000000070f600000, 0x000000070f600000, 0x000000070f700000|  0%| F|  |TAMS 0x000000070f600000, 0x000000070f600000| Untracked 
| 205|0x000000070f700000, 0x000000070f700000, 0x000000070f800000|  0%| F|  |TAMS 0x000000070f700000, 0x000000070f700000| Untracked 
| 206|0x000000070f800000, 0x000000070f800000, 0x000000070f900000|  0%| F|  |TAMS 0x000000070f800000, 0x000000070f800000| Untracked 
| 207|0x000000070f900000, 0x000000070f900000, 0x000000070fa00000|  0%| F|  |TAMS 0x000000070f900000, 0x000000070f900000| Untracked 
| 208|0x000000070fa00000, 0x000000070fa00000, 0x000000070fb00000|  0%| F|  |TAMS 0x000000070fa00000, 0x000000070fa00000| Untracked 
| 209|0x000000070fb00000, 0x000000070fb00000, 0x000000070fc00000|  0%| F|  |TAMS 0x000000070fb00000, 0x000000070fb00000| Untracked 
| 210|0x000000070fc00000, 0x000000070fc00000, 0x000000070fd00000|  0%| F|  |TAMS 0x000000070fc00000, 0x000000070fc00000| Untracked 
| 211|0x000000070fd00000, 0x000000070fd00000, 0x000000070fe00000|  0%| F|  |TAMS 0x000000070fd00000, 0x000000070fd00000| Untracked 
| 212|0x000000070fe00000, 0x000000070fe00000, 0x000000070ff00000|  0%| F|  |TAMS 0x000000070fe00000, 0x000000070fe00000| Untracked 
| 213|0x000000070ff00000, 0x000000070ff00000, 0x0000000710000000|  0%| F|  |TAMS 0x000000070ff00000, 0x000000070ff00000| Untracked 
| 214|0x0000000710000000, 0x0000000710000000, 0x0000000710100000|  0%| F|  |TAMS 0x0000000710000000, 0x0000000710000000| Untracked 
| 215|0x0000000710100000, 0x0000000710100000, 0x0000000710200000|  0%| F|  |TAMS 0x0000000710100000, 0x0000000710100000| Untracked 
| 216|0x0000000710200000, 0x0000000710200000, 0x0000000710300000|  0%| F|  |TAMS 0x0000000710200000, 0x0000000710200000| Untracked 
| 217|0x0000000710300000, 0x0000000710300000, 0x0000000710400000|  0%| F|  |TAMS 0x0000000710300000, 0x0000000710300000| Untracked 
| 218|0x0000000710400000, 0x0000000710400000, 0x0000000710500000|  0%| F|  |TAMS 0x0000000710400000, 0x0000000710400000| Untracked 
| 219|0x0000000710500000, 0x0000000710500000, 0x0000000710600000|  0%| F|  |TAMS 0x0000000710500000, 0x0000000710500000| Untracked 
| 220|0x0000000710600000, 0x0000000710600000, 0x0000000710700000|  0%| F|  |TAMS 0x0000000710600000, 0x0000000710600000| Untracked 
| 221|0x0000000710700000, 0x0000000710700000, 0x0000000710800000|  0%| F|  |TAMS 0x0000000710700000, 0x0000000710700000| Untracked 
| 222|0x0000000710800000, 0x0000000710800000, 0x0000000710900000|  0%| F|  |TAMS 0x0000000710800000, 0x0000000710800000| Untracked 
| 223|0x0000000710900000, 0x0000000710900800, 0x0000000710a00000|  0%| E|  |TAMS 0x0000000710900000, 0x0000000710900000| Complete 
| 224|0x0000000710a00000, 0x0000000710b00000, 0x0000000710b00000|100%| E|CS|TAMS 0x0000000710a00000, 0x0000000710a00000| Complete 
| 225|0x0000000710b00000, 0x0000000710c00000, 0x0000000710c00000|100%| E|CS|TAMS 0x0000000710b00000, 0x0000000710b00000| Complete 
| 226|0x0000000710c00000, 0x0000000710d00000, 0x0000000710d00000|100%| E|CS|TAMS 0x0000000710c00000, 0x0000000710c00000| Complete 
| 227|0x0000000710d00000, 0x0000000710e00000, 0x0000000710e00000|100%| E|CS|TAMS 0x0000000710d00000, 0x0000000710d00000| Complete 
| 228|0x0000000710e00000, 0x0000000710f00000, 0x0000000710f00000|100%| E|CS|TAMS 0x0000000710e00000, 0x0000000710e00000| Complete 
| 229|0x0000000710f00000, 0x0000000711000000, 0x0000000711000000|100%| E|CS|TAMS 0x0000000710f00000, 0x0000000710f00000| Complete 
| 230|0x0000000711000000, 0x0000000711100000, 0x0000000711100000|100%| E|CS|TAMS 0x0000000711000000, 0x0000000711000000| Complete 
| 231|0x0000000711100000, 0x0000000711200000, 0x0000000711200000|100%| E|CS|TAMS 0x0000000711100000, 0x0000000711100000| Complete 
| 232|0x0000000711200000, 0x0000000711300000, 0x0000000711300000|100%| E|CS|TAMS 0x0000000711200000, 0x0000000711200000| Complete 
| 233|0x0000000711300000, 0x0000000711400000, 0x0000000711400000|100%| E|CS|TAMS 0x0000000711300000, 0x0000000711300000| Complete 
| 234|0x0000000711400000, 0x0000000711500000, 0x0000000711500000|100%| E|CS|TAMS 0x0000000711400000, 0x0000000711400000| Complete 
| 235|0x0000000711500000, 0x0000000711600000, 0x0000000711600000|100%| E|CS|TAMS 0x0000000711500000, 0x0000000711500000| Complete 
| 236|0x0000000711600000, 0x0000000711700000, 0x0000000711700000|100%| E|CS|TAMS 0x0000000711600000, 0x0000000711600000| Complete 
| 237|0x0000000711700000, 0x0000000711800000, 0x0000000711800000|100%| E|CS|TAMS 0x0000000711700000, 0x0000000711700000| Complete 
| 238|0x0000000711800000, 0x0000000711900000, 0x0000000711900000|100%| E|CS|TAMS 0x0000000711800000, 0x0000000711800000| Complete 
| 239|0x0000000711900000, 0x0000000711a00000, 0x0000000711a00000|100%| E|CS|TAMS 0x0000000711900000, 0x0000000711900000| Complete 
| 240|0x0000000711a00000, 0x0000000711b00000, 0x0000000711b00000|100%| E|CS|TAMS 0x0000000711a00000, 0x0000000711a00000| Complete 
| 241|0x0000000711b00000, 0x0000000711c00000, 0x0000000711c00000|100%| E|CS|TAMS 0x0000000711b00000, 0x0000000711b00000| Complete 
| 242|0x0000000711c00000, 0x0000000711d00000, 0x0000000711d00000|100%| E|CS|TAMS 0x0000000711c00000, 0x0000000711c00000| Complete 
| 243|0x0000000711d00000, 0x0000000711e00000, 0x0000000711e00000|100%| E|CS|TAMS 0x0000000711d00000, 0x0000000711d00000| Complete 
| 244|0x0000000711e00000, 0x0000000711f00000, 0x0000000711f00000|100%| E|CS|TAMS 0x0000000711e00000, 0x0000000711e00000| Complete 
| 245|0x0000000711f00000, 0x0000000712000000, 0x0000000712000000|100%| E|  |TAMS 0x0000000711f00000, 0x0000000711f00000| Complete 
| 246|0x0000000712000000, 0x0000000712100000, 0x0000000712100000|100%| E|CS|TAMS 0x0000000712000000, 0x0000000712000000| Complete 
| 247|0x0000000712100000, 0x0000000712200000, 0x0000000712200000|100%| E|CS|TAMS 0x0000000712100000, 0x0000000712100000| Complete 
| 248|0x0000000712200000, 0x0000000712300000, 0x0000000712300000|100%| E|CS|TAMS 0x0000000712200000, 0x0000000712200000| Complete 
| 249|0x0000000712300000, 0x0000000712400000, 0x0000000712400000|100%| E|CS|TAMS 0x0000000712300000, 0x0000000712300000| Complete 
| 250|0x0000000712400000, 0x0000000712500000, 0x0000000712500000|100%| E|CS|TAMS 0x0000000712400000, 0x0000000712400000| Complete 
| 251|0x0000000712500000, 0x0000000712600000, 0x0000000712600000|100%| E|CS|TAMS 0x0000000712500000, 0x0000000712500000| Complete 
| 252|0x0000000712600000, 0x0000000712700000, 0x0000000712700000|100%| E|CS|TAMS 0x0000000712600000, 0x0000000712600000| Complete 
| 253|0x0000000712700000, 0x0000000712800000, 0x0000000712800000|100%| E|CS|TAMS 0x0000000712700000, 0x0000000712700000| Complete 

Card table byte_map: [0x000001e1e9a80000,0x000001e1ea270000] _byte_map_base: 0x000001e1e626b000

Marking Bits (Prev, Next): (CMBitMap*) 0x000001e1d94aa080, (CMBitMap*) 0x000001e1d94aa048
 Prev Bits: [0x000001e1ee9c0000, 0x000001e1f2918000)
 Next Bits: [0x000001e1eaa60000, 0x000001e1ee9b8000)

Polling page: 0x000001e1cfad0000

Metaspace:

Usage:
  Non-class:     29.30 MB capacity,    28.80 MB ( 98%) used,   427.70 KB (  1%) free+waste,    86.06 KB ( <1%) overhead. 
      Class:      4.06 MB capacity,     3.75 MB ( 92%) used,   271.16 KB (  7%) free+waste,    43.38 KB (  1%) overhead. 
       Both:     33.36 MB capacity,    32.55 MB ( 98%) used,   698.86 KB (  2%) free+waste,   129.44 KB ( <1%) overhead. 

Virtual space:
  Non-class space:       30.00 MB reserved,      29.50 MB ( 98%) committed 
      Class space:        1.00 GB reserved,       4.12 MB ( <1%) committed 
             Both:        1.03 GB reserved,      33.62 MB (  3%) committed 

Chunk freelists:
   Non-Class:  1.88 KB
       Class:  128 bytes
        Both:  2.00 KB

CodeHeap 'non-profiled nmethods': size=120000Kb used=2426Kb max_used=2426Kb free=117573Kb
 bounds [0x000001e1e10c0000, 0x000001e1e1330000, 0x000001e1e85f0000]
CodeHeap 'profiled nmethods': size=120000Kb used=9775Kb max_used=9775Kb free=110224Kb
 bounds [0x000001e1d9b90000, 0x000001e1da520000, 0x000001e1e10c0000]
CodeHeap 'non-nmethods': size=5760Kb used=1477Kb max_used=1523Kb free=4282Kb
 bounds [0x000001e1d95f0000, 0x000001e1d9860000, 0x000001e1d9b90000]
 total_blobs=4542 nmethods=3702 adapters=759
 compilation: enabled
              stopped_count=0, restarted_count=0
 full_count=0

Compilation events (10 events):
Event: 102.547 Thread 0x000001e1f576c800 3703       3       java.util.concurrent.locks.ReentrantLock$Sync::nonfairTryAcquire (67 bytes)
Event: 102.548 Thread 0x000001e1f576c800 nmethod 3703 0x000001e1da519690 code [0x000001e1da5198e0, 0x000001e1da51a1c8]
Event: 122.552 Thread 0x000001e1f576c800 3704       3       com.intellij.rt.debugger.agent.CaptureStorage$ConcurrentIdentityWeakHashMap::get (18 bytes)
Event: 122.552 Thread 0x000001e1f576c800 nmethod 3704 0x000001e1da51a810 code [0x000001e1da51a9e0, 0x000001e1da51ad78]
Event: 122.552 Thread 0x000001e1f576c800 3705       3       com.intellij.rt.debugger.agent.CaptureStorage$ConcurrentIdentityWeakHashMap$HardKey::<init> (18 bytes)
Event: 122.552 Thread 0x000001e1f576c800 nmethod 3705 0x000001e1da51af90 code [0x000001e1da51b140, 0x000001e1da51b348]
Event: 132.554 Thread 0x000001e1f576c800 3706       3       com.intellij.rt.debugger.agent.CaptureStorage::access$300 (4 bytes)
Event: 132.554 Thread 0x000001e1f576c800 nmethod 3706 0x000001e1da51b490 code [0x000001e1da51b620, 0x000001e1da51b728]
Event: 157.560 Thread 0x000001e1f576c800 3707       3       java.util.concurrent.locks.AbstractQueuedSynchronizer::release (33 bytes)
Event: 157.560 Thread 0x000001e1f576c800 nmethod 3707 0x000001e1da51b810 code [0x000001e1da51b9c0, 0x000001e1da51bcb8]

GC Heap History (6 events):
Event: 0.774 GC heap before
{Heap before GC invocations=0 (full 0):
 garbage-first heap   total 260096K, used 23552K [0x0000000702a00000, 0x0000000800000000)
  region size 1024K, 24 young (24576K), 0 survivors (0K)
 Metaspace       used 11463K, capacity 11773K, committed 12032K, reserved 1060864K
  class space    used 1049K, capacity 1161K, committed 1280K, reserved 1048576K
}
Event: 0.777 GC heap after
{Heap after GC invocations=1 (full 0):
 garbage-first heap   total 260096K, used 5605K [0x0000000702a00000, 0x0000000800000000)
  region size 1024K, 3 young (3072K), 3 survivors (3072K)
 Metaspace       used 11463K, capacity 11773K, committed 12032K, reserved 1060864K
  class space    used 1049K, capacity 1161K, committed 1280K, reserved 1048576K
}
Event: 1.456 GC heap before
{Heap before GC invocations=1 (full 0):
 garbage-first heap   total 260096K, used 61925K [0x0000000702a00000, 0x0000000800000000)
  region size 1024K, 59 young (60416K), 3 survivors (3072K)
 Metaspace       used 20724K, capacity 21154K, committed 21248K, reserved 1069056K
  class space    used 2141K, capacity 2280K, committed 2304K, reserved 1048576K
}
Event: 1.459 GC heap after
{Heap after GC invocations=2 (full 0):
 garbage-first heap   total 260096K, used 7782K [0x0000000702a00000, 0x0000000800000000)
  region size 1024K, 6 young (6144K), 6 survivors (6144K)
 Metaspace       used 20724K, capacity 21154K, committed 21248K, reserved 1069056K
  class space    used 2141K, capacity 2280K, committed 2304K, reserved 1048576K
}
Event: 17.966 GC heap before
{Heap before GC invocations=3 (full 0):
 garbage-first heap   total 260096K, used 65126K [0x0000000702a00000, 0x0000000800000000)
  region size 1024K, 62 young (63488K), 6 survivors (6144K)
 Metaspace       used 29448K, capacity 30126K, committed 30336K, reserved 1075200K
  class space    used 3376K, capacity 3645K, committed 3712K, reserved 1048576K
}
Event: 17.971 GC heap after
{Heap after GC invocations=4 (full 0):
 garbage-first heap   total 260096K, used 12412K [0x0000000702a00000, 0x0000000800000000)
  region size 1024K, 6 young (6144K), 6 survivors (6144K)
 Metaspace       used 29448K, capacity 30126K, committed 30336K, reserved 1075200K
  class space    used 3376K, capacity 3645K, committed 3712K, reserved 1048576K
}

Deoptimization events (10 events):
Event: 18.031 Thread 0x000001e1f7596800 Uncommon trap: reason=unstable_if action=reinterpret pc=0x000001e1e1121810 method=java.net.URL.<init>(Ljava/net/URL;Ljava/lang/String;Ljava/net/URLStreamHandler;)V @ 347 c2
Event: 18.086 Thread 0x000001e1f7596800 Uncommon trap: reason=unstable_if action=reinterpret pc=0x000001e1e11c137c method=java.lang.String.startsWith(Ljava/lang/String;I)Z @ 46 c2
Event: 18.093 Thread 0x000001e1f7596800 Uncommon trap: reason=unstable_if action=reinterpret pc=0x000001e1e1242e74 method=java.util.concurrent.ConcurrentHashMap.putVal(Ljava/lang/Object;Ljava/lang/Object;Z)Ljava/lang/Object; @ 148 c2
Event: 18.178 Thread 0x000001e1f6fdd800 Uncommon trap: reason=unstable_if action=reinterpret pc=0x000001e1e1205358 method=jdk.internal.org.objectweb.asm.Type.getArgumentsAndReturnSizes(Ljava/lang/String;)I @ 130 c2
Event: 34.710 Thread 0x000001e1f7596800 Uncommon trap: reason=intrinsic_or_type_checked_inlining action=make_not_entrant pc=0x000001e1e122907c method=java.util.Arrays.copyOf([Ljava/lang/Object;ILjava/lang/Class;)[Ljava/lang/Object; @ 35 c2
Event: 34.864 Thread 0x000001e1f7596800 Uncommon trap: reason=unstable_if action=reinterpret pc=0x000001e1e11019d4 method=java.lang.CharacterData.of(I)Ljava/lang/CharacterData; @ 15 c2
Event: 34.883 Thread 0x000001e1f7596800 Uncommon trap: reason=array_check action=maybe_recompile pc=0x000001e1e12d98e8 method=javafx.css.SimpleSelector.applies(Ljavafx/css/Styleable;[Ljava/util/Set;I)Z @ 37 c2
Event: 39.677 Thread 0x000001e1f7596800 Uncommon trap: reason=array_check action=maybe_recompile pc=0x000001e1e12d98e8 method=javafx.css.SimpleSelector.applies(Ljavafx/css/Styleable;[Ljava/util/Set;I)Z @ 37 c2
Event: 39.677 Thread 0x000001e1f7596800 Uncommon trap: reason=array_check action=maybe_recompile pc=0x000001e1e12d98e8 method=javafx.css.SimpleSelector.applies(Ljavafx/css/Styleable;[Ljava/util/Set;I)Z @ 37 c2
Event: 39.677 Thread 0x000001e1f7596800 Uncommon trap: reason=array_check action=maybe_recompile pc=0x000001e1e12d98e8 method=javafx.css.SimpleSelector.applies(Ljavafx/css/Styleable;[Ljava/util/Set;I)Z @ 37 c2

Classes redefined (1 events):
Event: 0.217 Thread 0x000001e1f56b1800 redefined class name=java.lang.Throwable, count=1

Internal exceptions (10 events):
Event: 18.138 Thread 0x000001e1f6fdd800 Exception <a 'java/lang/NoSuchMethodError'{0x0000000711cb03d8}: 'int java.lang.invoke.DirectMethodHandle$Holder.invokeStaticInit(java.lang.Object, java.lang.Object)'> (0x0000000711cb03d8) thrown at [./open/src/hotspot/share/interpreter/linkResolver.cpp, l
Event: 18.153 Thread 0x000001e1f6fdd800 Exception <a 'java/lang/NoSuchMethodError'{0x0000000711a973b8}: 'java.lang.Object java.lang.invoke.DirectMethodHandle$Holder.invokeStaticInit(java.lang.Object, int)'> (0x0000000711a973b8) thrown at [./open/src/hotspot/share/interpreter/linkResolver.cpp, l
Event: 34.619 Thread 0x000001e1f7596800 Exception <a 'java/lang/NoSuchMethodError'{0x0000000711347038}: 'long java.lang.invoke.DirectMethodHandle$Holder.invokeStatic(java.lang.Object, java.lang.Object, java.lang.Object)'> (0x0000000711347038) thrown at [./open/src/hotspot/share/interpreter/link
Event: 34.619 Thread 0x000001e1f7596800 Exception <a 'java/lang/NoSuchMethodError'{0x000000071134a328}: 'long java.lang.invoke.DirectMethodHandle$Holder.invokeStaticInit(java.lang.Object, java.lang.Object, java.lang.Object)'> (0x000000071134a328) thrown at [./open/src/hotspot/share/interpreter/
Event: 34.620 Thread 0x000001e1f7596800 Exception <a 'java/lang/NoSuchMethodError'{0x000000071135fc68}: 'java.lang.Object java.lang.invoke.Invokers$Holder.linkToTargetMethod(java.lang.Object, long, java.lang.Object)'> (0x000000071135fc68) thrown at [./open/src/hotspot/share/interpreter/linkReso
Event: 34.877 Thread 0x000001e1f7596800 Exception <a 'java/io/FileNotFoundException'{0x0000000710daee78}> (0x0000000710daee78) thrown at [./open/src/hotspot/share/prims/jni.cpp, line 611]
Event: 34.877 Thread 0x000001e1f7596800 Exception <a 'java/io/FileNotFoundException'{0x0000000710db1100}> (0x0000000710db1100) thrown at [./open/src/hotspot/share/prims/jni.cpp, line 611]
Event: 44.833 Thread 0x000001e1f7596800 Exception <a 'java/lang/NoSuchMethodError'{0x0000000710b28da8}: 'java.lang.Object java.lang.invoke.DirectMethodHandle$Holder.invokeStatic(java.lang.Object, java.lang.Object, int, int, int, int, int, java.lang.Object)'> (0x0000000710b28da8) thrown at [./op
Event: 44.835 Thread 0x000001e1f7596800 Exception <a 'java/lang/NoSuchMethodError'{0x0000000710b3a160}: 'java.lang.Object java.lang.invoke.DirectMethodHandle$Holder.invokeStatic(java.lang.Object, java.lang.Object, java.lang.Object, int, int, int, int, int)'> (0x0000000710b3a160) thrown at [./op
Event: 44.836 Thread 0x000001e1f7596800 Exception <a 'java/lang/NoSuchMethodError'{0x0000000710b41240}: 'java.lang.Object java.lang.invoke.Invokers$Holder.linkToTargetMethod(java.lang.Object, java.lang.Object, int, int, int, int, int, java.lang.Object)'> (0x0000000710b41240) thrown at [./open/s

Events (10 events):
Event: 192.570 loading class com/sun/javafx/tk/quantum/QuantumRenderer done
Event: 192.570 Executing VM operation: RevokeBias
Event: 192.570 Executing VM operation: RevokeBias done
Event: 192.570 Thread 0x000001e1fe8f3000 Thread exited: 0x000001e1fe8f3000
Event: 192.570 loading class com/sun/javafx/tk/quantum/QuantumToolkit
Event: 192.570 loading class com/sun/javafx/tk/quantum/QuantumToolkit done
Event: 192.570 Thread 0x000001e1fe8ef000 DEOPT PACKING pc=0x000001e1d9ecff4c sp=0x00000063f14ff670
Event: 192.570 Thread 0x000001e1fe8ef000 DEOPT UNPACKING pc=0x000001e1d962bb5e sp=0x00000063f14fead0 mode 1
Event: 192.570 Thread 0x000001e1fe8ef000 Thread exited: 0x000001e1fe8ef000
Event: 192.571 Executing VM operation: Exit


Dynamic libraries:
0x00007ff657170000 - 0x00007ff657180000 	C:\Program Files\Java\jdk-11\bin\java.exe
0x00007ff90e030000 - 0x00007ff90e228000 	C:\Windows\SYSTEM32\ntdll.dll
0x00007ff90d800000 - 0x00007ff90d8c2000 	C:\Windows\System32\KERNEL32.DLL
0x00007ff90b6c0000 - 0x00007ff90b9b6000 	C:\Windows\System32\KERNELBASE.dll
0x00007ff90bc00000 - 0x00007ff90bd00000 	C:\Windows\System32\ucrtbase.dll
0x00007ff8fd120000 - 0x00007ff8fd139000 	C:\Program Files\Java\jdk-11\bin\jli.dll
0x00007ff8fce70000 - 0x00007ff8fce8b000 	C:\Program Files\Java\jdk-11\bin\VCRUNTIME140.dll
0x00007ff90c3c0000 - 0x00007ff90c471000 	C:\Windows\System32\ADVAPI32.dll
0x00007ff90d380000 - 0x00007ff90d41e000 	C:\Windows\System32\msvcrt.dll
0x00007ff90d760000 - 0x00007ff90d7ff000 	C:\Windows\System32\sechost.dll
0x00007ff90c4e0000 - 0x00007ff90c600000 	C:\Windows\System32\RPCRT4.dll
0x00007ff90be20000 - 0x00007ff90be47000 	C:\Windows\System32\bcrypt.dll
0x00007ff90d5b0000 - 0x00007ff90d751000 	C:\Windows\System32\USER32.dll
0x00007ff90bb20000 - 0x00007ff90bb42000 	C:\Windows\System32\win32u.dll
0x00007ff90c050000 - 0x00007ff90c07b000 	C:\Windows\System32\GDI32.dll
0x00007ff8f8ab0000 - 0x00007ff8f8d4b000 	C:\Windows\WinSxS\amd64_microsoft.windows.common-controls_6595b64144ccf1df_6.0.19041.6456_none_60b8a6cb71f64256\COMCTL32.dll
0x00007ff90bd00000 - 0x00007ff90be19000 	C:\Windows\System32\gdi32full.dll
0x00007ff90bf20000 - 0x00007ff90bfbd000 	C:\Windows\System32\msvcp_win.dll
0x00007ff9069e0000 - 0x00007ff9069ea000 	C:\Windows\SYSTEM32\VERSION.dll
0x00007ff90dc60000 - 0x00007ff90dc8f000 	C:\Windows\System32\IMM32.DLL
0x00007ff908d60000 - 0x00007ff908d6c000 	C:\Program Files\Java\jdk-11\bin\vcruntime140_1.dll
0x00007ff8fcde0000 - 0x00007ff8fce6e000 	C:\Program Files\Java\jdk-11\bin\msvcp140.dll
0x00007ff8d3b00000 - 0x00007ff8d4663000 	C:\Program Files\Java\jdk-11\bin\server\jvm.dll
0x00007ff90d4e0000 - 0x00007ff90d4e8000 	C:\Windows\System32\PSAPI.DLL
0x00007ff8ce0f0000 - 0x00007ff8ce0f9000 	C:\Windows\SYSTEM32\WSOCK32.dll
0x00007ff8fda80000 - 0x00007ff8fdaa7000 	C:\Windows\SYSTEM32\WINMM.dll
0x00007ff90d310000 - 0x00007ff90d37b000 	C:\Windows\System32\WS2_32.dll
0x00007ff909550000 - 0x00007ff909562000 	C:\Windows\SYSTEM32\kernel.appcore.dll
0x00007ff908780000 - 0x00007ff908790000 	C:\Program Files\Java\jdk-11\bin\verify.dll
0x00007ff8f8e90000 - 0x00007ff8f9091000 	C:\Windows\SYSTEM32\DBGHELP.DLL
0x00007ff8eb710000 - 0x00007ff8eb744000 	C:\Windows\SYSTEM32\dbgcore.DLL
0x00007ff90bfc0000 - 0x00007ff90c042000 	C:\Windows\System32\bcryptPrimitives.dll
0x00007ff8fb540000 - 0x00007ff8fb568000 	C:\Program Files\Java\jdk-11\bin\java.dll
0x00007ff906aa0000 - 0x00007ff906aaa000 	C:\Program Files\Java\jdk-11\bin\jimage.dll
0x00007ff8e27e0000 - 0x00007ff8e2818000 	C:\Program Files\Java\jdk-11\bin\jdwp.dll
0x00007ff8fc940000 - 0x00007ff8fc94e000 	C:\Program Files\Java\jdk-11\bin\instrument.dll
0x00007ff8ce900000 - 0x00007ff8ceb39000 	C:\Users\midoo\AppData\Local\Temp\idea_libasyncProfiler_dll_temp_folder9\libasyncProfiler.dll
0x00007ff8fcdc0000 - 0x00007ff8fcdd7000 	C:\Program Files\Java\jdk-11\bin\zip.dll
0x00007ff90c600000 - 0x00007ff90cd70000 	C:\Windows\System32\SHELL32.dll
0x00007ff909750000 - 0x00007ff909ef5000 	C:\Windows\SYSTEM32\windows.storage.dll
0x00007ff90dc90000 - 0x00007ff90dfe4000 	C:\Windows\System32\combase.dll
0x00007ff90b0f0000 - 0x00007ff90b11b000 	C:\Windows\SYSTEM32\Wldp.dll
0x00007ff90cdd0000 - 0x00007ff90ce9d000 	C:\Windows\System32\OLEAUT32.dll
0x00007ff90da00000 - 0x00007ff90daad000 	C:\Windows\System32\SHCORE.dll
0x00007ff90d420000 - 0x00007ff90d47b000 	C:\Windows\System32\shlwapi.dll
0x00007ff90b5f0000 - 0x00007ff90b614000 	C:\Windows\SYSTEM32\profapi.dll
0x00007ff8fc350000 - 0x00007ff8fc35b000 	C:\Program Files\Java\jdk-11\bin\dt_socket.dll
0x00007ff90ae50000 - 0x00007ff90aeba000 	C:\Windows\system32\mswsock.dll
0x00007ff8fc750000 - 0x00007ff8fc769000 	C:\Program Files\Java\jdk-11\bin\net.dll
0x00007ff904f80000 - 0x00007ff90508a000 	C:\Windows\SYSTEM32\WINHTTP.dll
0x00007ff8fc680000 - 0x00007ff8fc692000 	C:\Program Files\Java\jdk-11\bin\nio.dll
0x000001e1f7b10000 - 0x000001e1f7b13000 	C:\Users\midoo\.openjfx\cache\17.0.2-ea\api-ms-win-core-console-l1-1-0.dll
0x000001e1f7b20000 - 0x000001e1f7b23000 	C:\Users\midoo\.openjfx\cache\17.0.2-ea\api-ms-win-core-console-l1-2-0.dll
0x000001e1f7b30000 - 0x000001e1f7b33000 	C:\Users\midoo\.openjfx\cache\17.0.2-ea\api-ms-win-core-datetime-l1-1-0.dll
0x000001e1f7b40000 - 0x000001e1f7b43000 	C:\Users\midoo\.openjfx\cache\17.0.2-ea\api-ms-win-core-debug-l1-1-0.dll
0x000001e1f7b50000 - 0x000001e1f7b53000 	C:\Users\midoo\.openjfx\cache\17.0.2-ea\api-ms-win-core-errorhandling-l1-1-0.dll
0x000001e1f7b60000 - 0x000001e1f7b64000 	C:\Users\midoo\.openjfx\cache\17.0.2-ea\api-ms-win-core-file-l1-1-0.dll
0x000001e1f7b70000 - 0x000001e1f7b73000 	C:\Users\midoo\.openjfx\cache\17.0.2-ea\api-ms-win-core-file-l1-2-0.dll
0x000001e1f7b80000 - 0x000001e1f7b83000 	C:\Users\midoo\.openjfx\cache\17.0.2-ea\api-ms-win-core-file-l2-1-0.dll
0x000001e1f7b90000 - 0x000001e1f7b93000 	C:\Users\midoo\.openjfx\cache\17.0.2-ea\api-ms-win-core-handle-l1-1-0.dll
0x000001e1f7ba0000 - 0x000001e1f7ba3000 	C:\Users\midoo\.openjfx\cache\17.0.2-ea\api-ms-win-core-heap-l1-1-0.dll
0x000001e1f7bb0000 - 0x000001e1f7bb3000 	C:\Users\midoo\.openjfx\cache\17.0.2-ea\api-ms-win-core-interlocked-l1-1-0.dll
0x000001e1f7bc0000 - 0x000001e1f7bc3000 	C:\Users\midoo\.openjfx\cache\17.0.2-ea\api-ms-win-core-libraryloader-l1-1-0.dll
0x000001e1f7bd0000 - 0x000001e1f7bd3000 	C:\Users\midoo\.openjfx\cache\17.0.2-ea\api-ms-win-core-localization-l1-2-0.dll
0x000001e1f7be0000 - 0x000001e1f7be3000 	C:\Users\midoo\.openjfx\cache\17.0.2-ea\api-ms-win-core-memory-l1-1-0.dll
0x000001e1f7bf0000 - 0x000001e1f7bf3000 	C:\Users\midoo\.openjfx\cache\17.0.2-ea\api-ms-win-core-namedpipe-l1-1-0.dll
0x000001e1f7c00000 - 0x000001e1f7c03000 	C:\Users\midoo\.openjfx\cache\17.0.2-ea\api-ms-win-core-processenvironment-l1-1-0.dll
0x000001e1f7c10000 - 0x000001e1f7c13000 	C:\Users\midoo\.openjfx\cache\17.0.2-ea\api-ms-win-core-processthreads-l1-1-0.dll
0x000001e1f7c20000 - 0x000001e1f7c23000 	C:\Users\midoo\.openjfx\cache\17.0.2-ea\api-ms-win-core-processthreads-l1-1-1.dll
0x000001e1f7c30000 - 0x000001e1f7c33000 	C:\Users\midoo\.openjfx\cache\17.0.2-ea\api-ms-win-core-profile-l1-1-0.dll
0x000001e1f7c40000 - 0x000001e1f7c43000 	C:\Users\midoo\.openjfx\cache\17.0.2-ea\api-ms-win-core-rtlsupport-l1-1-0.dll
0x000001e1f7c50000 - 0x000001e1f7c53000 	C:\Users\midoo\.openjfx\cache\17.0.2-ea\api-ms-win-core-string-l1-1-0.dll
0x000001e1f7c60000 - 0x000001e1f7c63000 	C:\Users\midoo\.openjfx\cache\17.0.2-ea\api-ms-win-core-synch-l1-1-0.dll
0x000001e1f7c70000 - 0x000001e1f7c73000 	C:\Users\midoo\.openjfx\cache\17.0.2-ea\api-ms-win-core-synch-l1-2-0.dll
0x000001e1f7c80000 - 0x000001e1f7c83000 	C:\Users\midoo\.openjfx\cache\17.0.2-ea\api-ms-win-core-sysinfo-l1-1-0.dll
0x000001e1f7c90000 - 0x000001e1f7c93000 	C:\Users\midoo\.openjfx\cache\17.0.2-ea\api-ms-win-core-timezone-l1-1-0.dll
0x000001e1f7ca0000 - 0x000001e1f7ca3000 	C:\Users\midoo\.openjfx\cache\17.0.2-ea\api-ms-win-core-util-l1-1-0.dll
0x000001e1f7cb0000 - 0x000001e1f7cb3000 	C:\Users\midoo\.openjfx\cache\17.0.2-ea\api-ms-win-crt-conio-l1-1-0.dll
0x000001e1f7cc0000 - 0x000001e1f7cc4000 	C:\Users\midoo\.openjfx\cache\17.0.2-ea\api-ms-win-crt-convert-l1-1-0.dll
0x000001e1f7cd0000 - 0x000001e1f7cd3000 	C:\Users\midoo\.openjfx\cache\17.0.2-ea\api-ms-win-crt-environment-l1-1-0.dll
0x000001e1f7ce0000 - 0x000001e1f7ce3000 	C:\Users\midoo\.openjfx\cache\17.0.2-ea\api-ms-win-crt-filesystem-l1-1-0.dll
0x000001e1f7cf0000 - 0x000001e1f7cf3000 	C:\Users\midoo\.openjfx\cache\17.0.2-ea\api-ms-win-crt-heap-l1-1-0.dll
0x000001e1f7d00000 - 0x000001e1f7d03000 	C:\Users\midoo\.openjfx\cache\17.0.2-ea\api-ms-win-crt-locale-l1-1-0.dll
0x000001e1f7d10000 - 0x000001e1f7d15000 	C:\Users\midoo\.openjfx\cache\17.0.2-ea\api-ms-win-crt-math-l1-1-0.dll
0x000001e1f7d20000 - 0x000001e1f7d25000 	C:\Users\midoo\.openjfx\cache\17.0.2-ea\api-ms-win-crt-multibyte-l1-1-0.dll
0x000001e1f8d00000 - 0x000001e1f8d10000 	C:\Users\midoo\.openjfx\cache\17.0.2-ea\api-ms-win-crt-private-l1-1-0.dll
0x000001e1f8d10000 - 0x000001e1f8d13000 	C:\Users\midoo\.openjfx\cache\17.0.2-ea\api-ms-win-crt-process-l1-1-0.dll
0x000001e1f8d20000 - 0x000001e1f8d24000 	C:\Users\midoo\.openjfx\cache\17.0.2-ea\api-ms-win-crt-runtime-l1-1-0.dll
0x000001e1f8d30000 - 0x000001e1f8d34000 	C:\Users\midoo\.openjfx\cache\17.0.2-ea\api-ms-win-crt-stdio-l1-1-0.dll
0x000001e1f8d40000 - 0x000001e1f8d44000 	C:\Users\midoo\.openjfx\cache\17.0.2-ea\api-ms-win-crt-string-l1-1-0.dll
0x000001e1f8d50000 - 0x000001e1f8d53000 	C:\Users\midoo\.openjfx\cache\17.0.2-ea\api-ms-win-crt-time-l1-1-0.dll
0x000001e1f8d60000 - 0x000001e1f8d63000 	C:\Users\midoo\.openjfx\cache\17.0.2-ea\api-ms-win-crt-utility-l1-1-0.dll
0x00007ff8e0e50000 - 0x00007ff8e0f4c000 	C:\Users\midoo\.openjfx\cache\17.0.2-ea\ucrtbase.dll
0x00007ff8fb010000 - 0x00007ff8fb02a000 	C:\Users\midoo\.openjfx\cache\17.0.2-ea\vcruntime140.dll
0x00007ff8fb500000 - 0x00007ff8fb50c000 	C:\Users\midoo\.openjfx\cache\17.0.2-ea\vcruntime140_1.dll
0x00007ff8e0dc0000 - 0x00007ff8e0e4d000 	C:\Users\midoo\.openjfx\cache\17.0.2-ea\msvcp140.dll
0x00007ff8e0c90000 - 0x00007ff8e0cba000 	C:\Users\midoo\.openjfx\cache\17.0.2-ea\prism_d3d.dll
0x00007ff89e490000 - 0x00007ff89e661000 	C:\Windows\system32\d3d9.dll
0x00007ff909370000 - 0x00007ff90939e000 	C:\Windows\SYSTEM32\dwmapi.dll
0x00007ff909060000 - 0x00007ff9090fe000 	C:\Windows\system32\uxtheme.dll
0x00007ff90d8d0000 - 0x00007ff90d9fb000 	C:\Windows\System32\ole32.dll
0x00007ff90bed0000 - 0x00007ff90bf1e000 	C:\Windows\System32\cfgmgr32.dll
0x00007ff8e0c40000 - 0x00007ff8e0c82000 	C:\Users\midoo\.openjfx\cache\17.0.2-ea\glass.dll
0x00007ff90c2e0000 - 0x00007ff90c3ba000 	C:\Windows\System32\COMDLG32.dll
0x00007ff90dab0000 - 0x00007ff90dbc5000 	C:\Windows\System32\MSCTF.dll
0x00007ff903ab0000 - 0x00007ff903aeb000 	C:\Windows\SYSTEM32\dxcore.dll
0x00007ff90b050000 - 0x00007ff90b068000 	C:\Windows\SYSTEM32\CRYPTSP.dll
0x00007ff90a690000 - 0x00007ff90a6c8000 	C:\Windows\system32\rsaenh.dll
0x00007ff90b5b0000 - 0x00007ff90b5de000 	C:\Windows\SYSTEM32\USERENV.dll
0x00007ff90b040000 - 0x00007ff90b04c000 	C:\Windows\SYSTEM32\CRYPTBASE.dll
0x00007ff90aac0000 - 0x00007ff90aafb000 	C:\Windows\SYSTEM32\IPHLPAPI.DLL
0x00007ff90c2d0000 - 0x00007ff90c2d8000 	C:\Windows\System32\NSI.dll
0x00007ff906180000 - 0x00007ff906197000 	C:\Windows\SYSTEM32\dhcpcsvc6.DLL
0x00007ff905fc0000 - 0x00007ff905fdd000 	C:\Windows\SYSTEM32\dhcpcsvc.DLL
0x00007ff90ab00000 - 0x00007ff90abca000 	C:\Windows\SYSTEM32\DNSAPI.dll
0x00007ff8d64b0000 - 0x00007ff8d64f0000 	C:\Users\midoo\AppData\Local\Temp\jna-103891496\jna4468470519244018866.dll
0x00007ff90d500000 - 0x00007ff90d5a9000 	C:\Windows\System32\clbcatq.dll
0x00007ff8ee670000 - 0x00007ff8ee681000 	C:\Windows\system32\wbem\wbemprox.dll
0x00007ff8f8e00000 - 0x00007ff8f8e90000 	C:\Windows\SYSTEM32\wbemcomn.dll
0x00007ff8ee640000 - 0x00007ff8ee654000 	C:\Windows\system32\wbem\wbemsvc.dll
0x00007ff8eda60000 - 0x00007ff8edb6c000 	C:\Windows\system32\wbem\fastprox.dll
0x00007ff8ed960000 - 0x00007ff8ed97f000 	C:\Windows\SYSTEM32\amsi.dll
0x00007ff8f3cb0000 - 0x00007ff8f3cbe000 	C:\Program Files\Java\jdk-11\bin\sunmscapi.dll
0x00007ff90b9c0000 - 0x00007ff90bb1d000 	C:\Windows\System32\CRYPT32.dll
0x00007ff90b160000 - 0x00007ff90b187000 	C:\Windows\SYSTEM32\ncrypt.dll
0x00007ff90b120000 - 0x00007ff90b15b000 	C:\Windows\SYSTEM32\NTASN1.dll
0x00007ff8d6480000 - 0x00007ff8d64a7000 	C:\Program Files\Java\jdk-11\bin\sunec.dll
0x00007ff8d6460000 - 0x00007ff8d6474000 	C:\Users\midoo\.openjfx\cache\17.0.2-ea\javafx_font.dll

dbghelp: loaded successfully - version: 4.0.5 - missing functions: none
symbol engine: initialized successfully - sym options: 0x614 - pdb path: .;C:\Program Files\Java\jdk-11\bin;C:\Windows\SYSTEM32;C:\Windows\WinSxS\amd64_microsoft.windows.common-controls_6595b64144ccf1df_6.0.19041.6456_none_60b8a6cb71f64256;C:\Program Files\Java\jdk-11\bin\server;C:\Users\midoo\AppData\Local\Temp\idea_libasyncProfiler_dll_temp_folder9;C:\Users\midoo\.openjfx\cache\17.0.2-ea;C:\Windows\System32\DriverStore\FileRepository\iigd_dch.inf_amd64_0797c0ea8580ae89;C:\Users\midoo\AppData\Local\Temp\jna-103891496;C:\Windows\system32\wbem;C:\Program Files\Common Files\Microsoft Shared\Ink

VM Arguments:
jvm_args: -agentlib:jdwp=transport=dt_socket,address=127.0.0.1:56673,suspend=y,server=n -javaagent:C:\Users\midoo\AppData\Local\JetBrains\IntelliJIdea2025.3\captureAgent\debugger-agent.jar=file:///C:/Users/midoo/AppData/Local/Temp/capture3899909819688324588.props -agentpath:C:\Users\midoo\AppData\Local\Temp\idea_libasyncProfiler_dll_temp_folder9\libasyncProfiler.dll=version,jfr,event=wall,interval=10ms,cstack=no,file=C:\Users\midoo\IdeaSnapshots\FrontendMain_2025_12_21_204115.jfr,dbghelppath=C:\Users\midoo\AppData\Local\Temp\idea_dbghelp_dll_temp_folder\dbghelp.dll,log=C:\Users\midoo\AppData\Local\Temp\FrontendMain_2025_12_21_204115.jfr.log.txt,logLevel=DEBUG -Dkotlinx.coroutines.debug.enable.creation.stack.trace=false -Ddebugger.agent.enable.coroutines=true -Dkotlinx.coroutines.debug.enable.flows.stack.trace=true -Dkotlinx.coroutines.debug.enable.mutable.state.flows.stack.trace=true -Ddebugger.async.stack.trace.for.all.threads=true -Dfile.encoding=UTF-8 
java_command: com.miduo.cloud.frontend.FrontendMain
java_class_path (initial): D:\莉盄馱撿覃彸唳\productiontools\miduo-frontend\target\classes;D:\莉盄馱撿覃彸唳\productiontools\miduo-common\target\classes;C:\Users\midoo\.m2\repository\com\fasterxml\jackson\datatype\jackson-datatype-jsr310\2.12.5\jackson-datatype-jsr310-2.12.5.jar;D:\莉盄馱撿覃彸唳\productiontools\miduo-entity\target\classes;C:\Users\midoo\.m2\repository\com\fasterxml\jackson\core\jackson-annotations\2.12.5\jackson-annotations-2.12.5.jar;D:\莉盄馱撿覃彸唳\productiontools\miduo-application\target\classes;D:\莉盄馱撿覃彸唳\productiontools\miduo-domain\target\classes;D:\莉盄馱撿覃彸唳\productiontools\miduo-infrastructure\target\classes;C:\Users\midoo\.m2\repository\com\baomidou\mybatis-plus-boot-starter\3.5.3.1\mybatis-plus-boot-starter-3.5.3.1.jar;C:\Users\midoo\.m2\repository\com\baomidou\mybatis-plus\3.5.3.1\mybatis-plus-3.5.3.1.jar;C:\Users\midoo\.m2\repository\com\baomidou\mybatis-plus-extension\3.5.3.1\mybatis-plus-extension-3.5.3.1.jar;C:\Users\midoo\.m2\repository\com\baomidou\mybatis-plus-core\3.5.3.1\mybatis-plus-core-3.5.3.1.jar;C:\Users\midoo\.m2\repository\com\baomidou\mybatis-plus-annotation\3.5.3.1\mybatis-plus-annotation-3.5.3.1.jar;C:\Users\midoo\.m2\repository\com\github\jsqlparser\jsqlparser\4.4\jsqlparser-4.4.jar;C:\Users\midoo\.m2\repository\org\mybatis\mybatis\3.5.10\mybatis-3.5.10.jar;C:\Users\midoo\.m2\repository\org\mybatis\mybatis-spring\2.0.7\mybatis-spring-2.0.7.jar;C:\Users\midoo\.m2\repository\com\mysql\mysql-connector-j\8.0.33\mysql-connector-j-8.0.33.jar;C:\Users\midoo\.m2\repository\com\google\protobuf\protobuf-java\3.21.9\protobuf-java-3.21.9.jar;C:\Users\midoo\.m2\repository\net\sourceforge\jtds\jtds\1.3.1\jtds-1.3.1.jar;C:\Users\midoo\.m2\repository\org\springframework\boot\spring-boot-starter-jdbc\2.5.6\spring-boot-starter-jdbc-2.5.6.jar;C:\Users\midoo\.m2\repository\com\zaxxer\HikariCP\4.0.3\HikariCP-4.0.3.jar;C:\Users\midoo\.m2\repository\org\springframework\spring-jdbc\5.3.12\spring-jdbc-5.3.12.jar;C:\Users\midoo
Launcher Type: SUN_STANDARD

[Global flags]
     intx CICompilerCount                          = 4                                         {product} {ergonomic}
     uint ConcGCThreads                            = 3                                         {product} {ergonomic}
     uint G1ConcRefinementThreads                  = 10                                        {product} {ergonomic}
   size_t G1HeapRegionSize                         = 1048576                                   {product} {ergonomic}
    uintx GCDrainStackTargetSize                   = 64                                        {product} {ergonomic}
   size_t InitialHeapSize                          = 266338304                                 {product} {ergonomic}
   size_t MarkStackSize                            = 4194304                                   {product} {ergonomic}
   size_t MaxHeapSize                              = 4250927104                                {product} {ergonomic}
   size_t MaxNewSize                               = 2550136832                                {product} {ergonomic}
   size_t MinHeapDeltaBytes                        = 1048576                                   {product} {ergonomic}
    uintx NonNMethodCodeHeapSize                   = 5836300                                {pd product} {ergonomic}
    uintx NonProfiledCodeHeapSize                  = 122910970                              {pd product} {ergonomic}
    uintx ProfiledCodeHeapSize                     = 122910970                              {pd product} {ergonomic}
    uintx ReservedCodeCacheSize                    = 251658240                              {pd product} {ergonomic}
     bool SegmentedCodeCache                       = true                                      {product} {ergonomic}
     bool UseCompressedClassPointers               = true                                 {lp64_product} {ergonomic}
     bool UseCompressedOops                        = true                                 {lp64_product} {ergonomic}
     bool UseG1GC                                  = true                                      {product} {ergonomic}
     bool UseLargePagesIndividualAllocation        = false                                  {pd product} {ergonomic}

Logging:
Log output configuration:
 #0: stdout all=warning uptime,level,tags
 #1: stderr all=off uptime,level,tags

Environment Variables:
PATH=C:\Program Files\Common Files\Oracle\Java\javapath;C:\Windows\system32;C:\Windows;C:\Windows\System32\Wbem;C:\Windows\System32\WindowsPowerShell\v1.0\;C:\Windows\System32\OpenSSH\;C:\Program Files\Microsoft SQL Server\130\Tools\Binn\;D:\SVN\bin;C:\Program Files\Microsoft SQL Server\Client SDK\ODBC\170\Tools\Binn\;D:\cursor\resources\app\bin;C:\Program Files\Microsoft SQL Server\170\Tools\Binn\;C:\Program Files\dotnet\;D:\Git\cmd;C:\Program Files\nodejs\;C:\Program Files\Apache\maven\bin;C:\Users\midoo\AppData\Local\Microsoft\WindowsApps;C:\Users\midoo\.dotnet\tools;C:\Users\midoo\AppData\Roaming\npm;D:\IDEA\IntelliJ IDEA 2025.3\bin;C:\Program Files\Apache\maven\bin;
USERNAME=midoo
OS=Windows_NT
PROCESSOR_IDENTIFIER=Intel64 Family 6 Model 165 Stepping 3, GenuineIntel



---------------  S Y S T E M  ---------------

OS: Windows 10 , 64 bit Build 19041 (10.0.19041.5915)

CPU:total 12 (initial active 12) (6 cores per cpu, 2 threads per core) family 6 model 165 stepping 3 microcode 0xe0, cmov, cx8, fxsr, mmx, sse, sse2, sse3, ssse3, sse4.1, sse4.2, popcnt, avx, avx2, aes, clmul, erms, 3dnowpref, lzcnt, ht, tsc, tscinvbit, bmi1, bmi2, adx, fma

Memory: 4k page, system-wide physical 16213M (4101M free)
TotalPageFile size 24917M (AvailPageFile size 7016M)
current process WorkingSet (physical memory assigned to process): 239M, peak: 284M
current process commit charge ("private bytes"): 466M, peak: 510M

vm_info: Java HotSpot(TM) 64-Bit Server VM (11.0.28+12-LTS-279) for windows-amd64 JRE (11.0.28+12-LTS-279), built on Jun 27 2025 10:10:38 by "mach5one" with MS VC++ 17.6 (VS2022)

END.
