#
# A fatal error has been detected by the Java Runtime Environment:
#
#  EXCEPTION_ACCESS_VIOLATION (0xc0000005) at pc=0x00007ffc1beb6ab7, pid=8364, tid=11408
#
# JRE version: Java(TM) SE Runtime Environment 18.9 (11.0.28+12) (build 11.0.28+12-LTS-279)
# Java VM: Java HotSpot(TM) 64-Bit Server VM 18.9 (11.0.28+12-LTS-279, mixed mode, tiered, compressed oops, g1 gc, windows-amd64)
# Problematic frame:
# C  [glass.dll+0x26ab7]
#
# No core dump will be written. Minidumps are not enabled by default on client versions of Windows
#
# If you would like to submit a bug report, please visit:
#   https://bugreport.java.com/bugreport/crash.jsp
#

---------------  S U M M A R Y ------------

Command Line: -javaagent:D:\IDEA\IntelliJ IDEA 2025.3\lib\idea_rt.jar=52560 -Dfile.encoding=UTF-8 com.miduo.cloud.frontend.FrontendMain

Host: Intel(R) Core(TM) i5-10400 CPU @ 2.90GHz, 12 cores, 15G,  Windows 10 , 64 bit Build 19041 (10.0.19041.5915)
Time: Thu Dec 25 11:07:27 2025  Windows 10 , 64 bit Build 19041 (10.0.19041.5915) elapsed time: 7.338846 seconds (0d 0h 0m 7s)

---------------  T H R E A D  ---------------

Current thread (0x000001f37bce9000):  VMThread "VM Thread" [stack: 0x00000001f2800000,0x00000001f2900000] [id=11408]

Stack: [0x00000001f2800000,0x00000001f2900000],  sp=0x00000001f28ff430,  free space=1021k
Native frames: (J=compiled Java code, j=interpreted, Vv=VM code, C=native code)
C  [glass.dll+0x26ab7]


siginfo: EXCEPTION_ACCESS_VIOLATION (0xc0000005), reading address 0x0000000000000000


Register to memory mapping:

RIP=0x00007ffc1beb6ab7 glass.dll
RAX=0x0 is NULL
RBX=0x000001f37bcfeb18 is a global jni handle
RCX=0x000001f37bce9000 points into unknown readable memory: 0x00007ffbf76bdb10 | 10 db 6b f7 fb 7f 00 00
RDX=0x00000001f28ff430 points into unknown readable memory: 0x0000000000000000 | 00 00 00 00 00 00 00 00
RSP=0x00000001f28ff430 points into unknown readable memory: 0x0000000000000000 | 00 00 00 00 00 00 00 00
RBP=0x000001f37d3e8e08 points into unknown readable memory: 0x0000de0bb1878799 | 99 87 87 b1 0b de 00 00
RSI=0x000001f37d3e8de0 points into unknown readable memory: 0xf837087689878766 | 66 87 87 89 76 08 37 f8
RDI=0x0000de0bb1878799 is an unknown value
R8 =0x0000000000010002 is an unknown value
R9 =0x0000de0bb1878799 is an unknown value
R10=0x0000000000008000 is an unknown value
R11=0x00000001f28ff3c0 points into unknown readable memory: 0x000001f37d3e8de0 | e0 8d 3e 7d f3 01 00 00
R12=0x00007ffc1beb4384 glass.dll
R13=0x000001f37bce6220 points into unknown readable memory: 0x8000000000000001 | 01 00 00 00 00 00 00 80
R14=0x00000001f28ff528 points into unknown readable memory: 0x00000001f28ff510 | 10 f5 8f f2 01 00 00 00
R15=0x000001f37d3e8de0 points into unknown readable memory: 0xf837087689878766 | 66 87 87 89 76 08 37 f8


Registers:
RAX=0x0000000000000000, RBX=0x000001f37bcfeb18, RCX=0x000001f37bce9000, RDX=0x00000001f28ff430
RSP=0x00000001f28ff430, RBP=0x000001f37d3e8e08, RSI=0x000001f37d3e8de0, RDI=0x0000de0bb1878799
R8 =0x0000000000010002, R9 =0x0000de0bb1878799, R10=0x0000000000008000, R11=0x00000001f28ff3c0
R12=0x00007ffc1beb4384, R13=0x000001f37bce6220, R14=0x00000001f28ff528, R15=0x000001f37d3e8de0
RIP=0x00007ffc1beb6ab7, EFLAGS=0x0000000000010206

Top of Stack: (sp=0x00000001f28ff430)
0x00000001f28ff430:   0000000000000000 000001f37d3e8de0
0x00000001f28ff440:   000001f37bce6220 00007ffc1beb4384
0x00000001f28ff450:   000001f37d3e8de8 00007ffc2ed542d6
0x00000001f28ff460:   0000de0bb1878799 000001f300000000
0x00000001f28ff470:   000001f37d3e8e08 000001f37d3e8de0
0x00000001f28ff480:   fffffffffffffffe 0000000000000000
0x00000001f28ff490:   0000000000000001 00007ffc1be90000
0x00000001f28ff4a0:   00000001f28ff518 00007ffc2ed541fb
0x00000001f28ff4b0:   0000000000000000 00000001f28ff528
0x00000001f28ff4c0:   00000001f28ff800 00007ffc2ee30e40
0x00000001f28ff4d0:   0000000000000001 00007ffc2ed541b4
0x00000001f28ff4e0:   0000000000000000 0000000000000001
0x00000001f28ff4f0:   00007ffc26d92dd0 00000001f28ff518
0x00000001f28ff500:   00007ffc0000000d 00007ffc1beb4211
0x00000001f28ff510:   00007ffc1beca138 00007ffc00000002
0x00000001f28ff520:   0000000000000002 00000001f28ff510 

Instructions: (pc=0x00007ffc1beb6ab7)
0x00007ffc1beb6a97:   cc cc cc cc cc cc cc cc cc 40 53 48 83 ec 20 48
0x00007ffc1beb6aa7:   8b 1d 83 30 01 00 48 85 db 74 16 e8 09 8b ff ff
0x00007ffc1beb6ab7:   4c 8b 00 48 8b d3 48 8b c8 41 ff 90 b0 00 00 00
0x00007ffc1beb6ac7:   90 48 83 c4 20 5b c3 cc cc 40 53 48 83 ec 20 48 


Stack slot to memory mapping:
stack at sp + 0 slots: 0x0 is NULL
stack at sp + 1 slots: 0x000001f37d3e8de0 points into unknown readable memory: 0xf837087689878766 | 66 87 87 89 76 08 37 f8
stack at sp + 2 slots: 0x000001f37bce6220 points into unknown readable memory: 0x8000000000000001 | 01 00 00 00 00 00 00 80
stack at sp + 3 slots: 0x00007ffc1beb4384 glass.dll
stack at sp + 4 slots: 0x000001f37d3e8de8 points into unknown readable memory: 0x0000de0bb1878799 | 99 87 87 b1 0b de 00 00
stack at sp + 5 slots: 0x00007ffc2ed542d6 ucrtbase.dll
stack at sp + 6 slots: 0x0000de0bb1878799 is an unknown value
stack at sp + 7 slots: 0x000001f300000000 points into unknown readable memory: 0x0000000000000003 | 03 00 00 00 00 00 00 00

VM_Operation (0x00000001f38fbc70): Exit, mode: safepoint, requested by thread 0x000001f37d3e3800


---------------  P R O C E S S  ---------------

Threads class SMR info:
_java_thread_list=0x000001f305f9e800, length=20, elements={
0x000001f358c7f800, 0x000001f37bceb000, 0x000001f37bcf4000, 0x000001f37c606800,
0x000001f37c609800, 0x000001f37c60b000, 0x000001f37c610000, 0x000001f37c619000,
0x000001f37c61e800, 0x000001f37c79a800, 0x000001f37cada800, 0x000001f37c8fd000,
0x000001f37cf55800, 0x000001f37d3e2800, 0x000001f37d3e3800, 0x000001f37d747800,
0x000001f37d74c800, 0x000001f3043f3800, 0x000001f37df39000, 0x000001f37df3b800
}

Java Threads: ( => current thread )
  0x000001f358c7f800 JavaThread "main" [_thread_blocked, id=14480, stack(0x00000001f2200000,0x00000001f2300000)]
  0x000001f37bceb000 JavaThread "Reference Handler" daemon [_thread_blocked, id=11912, stack(0x00000001f2900000,0x00000001f2a00000)]
  0x000001f37bcf4000 JavaThread "Finalizer" daemon [_thread_blocked, id=15276, stack(0x00000001f2a00000,0x00000001f2b00000)]
  0x000001f37c606800 JavaThread "Signal Dispatcher" daemon [_thread_blocked, id=12680, stack(0x00000001f2b00000,0x00000001f2c00000)]
  0x000001f37c609800 JavaThread "Attach Listener" daemon [_thread_blocked, id=1584, stack(0x00000001f2c00000,0x00000001f2d00000)]
  0x000001f37c60b000 JavaThread "Service Thread" daemon [_thread_blocked, id=20416, stack(0x00000001f2d00000,0x00000001f2e00000)]
  0x000001f37c610000 JavaThread "C2 CompilerThread0" daemon [_thread_blocked, id=16856, stack(0x00000001f2e00000,0x00000001f2f00000)]
  0x000001f37c619000 JavaThread "C1 CompilerThread0" daemon [_thread_blocked, id=9784, stack(0x00000001f2f00000,0x00000001f3000000)]
  0x000001f37c61e800 JavaThread "Sweeper thread" daemon [_thread_blocked, id=10276, stack(0x00000001f3000000,0x00000001f3100000)]
  0x000001f37c79a800 JavaThread "Common-Cleaner" daemon [_thread_blocked, id=8304, stack(0x00000001f3100000,0x00000001f3200000)]
  0x000001f37cada800 JavaThread "Monitor Ctrl-Break" daemon [_thread_in_native, id=21040, stack(0x00000001f3300000,0x00000001f3400000)]
  0x000001f37c8fd000 JavaThread "JavaFX-Launcher" [_thread_blocked, id=19768, stack(0x00000001f3500000,0x00000001f3600000)]
  0x000001f37cf55800 JavaThread "QuantumRenderer-0" daemon [_thread_blocked, id=20456, stack(0x00000001f3600000,0x00000001f3700000)]
  0x000001f37d3e2800 JavaThread "InvokeLaterDispatcher" daemon [_thread_blocked, id=7420, stack(0x00000001f3700000,0x00000001f3800000)]
  0x000001f37d3e3800 JavaThread "JavaFX Application Thread" [_thread_blocked, id=10804, stack(0x00000001f3800000,0x00000001f3900000)]
  0x000001f37d747800 JavaThread "Thread-2" daemon [_thread_in_native, id=19600, stack(0x00000001f4100000,0x00000001f4200000)]
  0x000001f37d74c800 JavaThread "OperateLogBatchSaver" daemon [_thread_blocked, id=16972, stack(0x00000001f4200000,0x00000001f4300000)]
  0x000001f3043f3800 JavaThread "JNA Cleaner" daemon [_thread_blocked, id=8832, stack(0x00000001f4300000,0x00000001f4400000)]
  0x000001f37df39000 JavaThread "Prism Font Disposer" daemon [_thread_blocked, id=20928, stack(0x00000001f4a00000,0x00000001f4b00000)]
  0x000001f37df3b800 JavaThread "Cleaner-0" daemon [_thread_blocked, id=17340, stack(0x00000001f4b00000,0x00000001f4c00000)]

Other Threads:
=>0x000001f37bce9000 VMThread "VM Thread" [stack: 0x00000001f2800000,0x00000001f2900000] [id=11408]
  0x000001f358c94000 GCTaskThread "GC Thread#0" [stack: 0x00000001f2300000,0x00000001f2400000] [id=9044]
  0x000001f37d5c2800 GCTaskThread "GC Thread#1" [stack: 0x00000001f3c00000,0x00000001f3d00000] [id=11840]
  0x000001f37d5cb000 GCTaskThread "GC Thread#2" [stack: 0x00000001f3d00000,0x00000001f3e00000] [id=11080]
  0x000001f37d5bb800 GCTaskThread "GC Thread#3" [stack: 0x00000001f3e00000,0x00000001f3f00000] [id=22268]
  0x000001f37d5c9800 GCTaskThread "GC Thread#4" [stack: 0x00000001f3f00000,0x00000001f4000000] [id=12732]
  0x000001f37d713000 GCTaskThread "GC Thread#5" [stack: 0x00000001f4000000,0x00000001f4100000] [id=15772]
  0x000001f358cef800 ConcurrentGCThread "G1 Main Marker" [stack: 0x00000001f2400000,0x00000001f2500000] [id=1728]
  0x000001f358cf4000 ConcurrentGCThread "G1 Conc#0" [stack: 0x00000001f2500000,0x00000001f2600000] [id=12588]
  0x000001f37dd67800 ConcurrentGCThread "G1 Conc#1" [stack: 0x00000001f4800000,0x00000001f4900000] [id=7640]
  0x000001f37dd46000 ConcurrentGCThread "G1 Conc#2" [stack: 0x00000001f4900000,0x00000001f4a00000] [id=8572]
  0x000001f37bbcd000 ConcurrentGCThread "G1 Refine#0" [stack: 0x00000001f2600000,0x00000001f2700000] [id=17024]
  0x000001f37bbce000 ConcurrentGCThread "G1 Young RemSet Sampling" [stack: 0x00000001f2700000,0x00000001f2800000] [id=18220]

Threads with active compile tasks:

VM state:at safepoint (shutting down)

VM Mutex/Monitor currently owned by a thread:  ([mutex/lock_event])
[0x000001f358c7b640] Threads_lock - owner thread: 0x000001f37bce9000

Heap address: 0x0000000702a00000, size: 4054 MB, Compressed Oops mode: Zero based, Oop shift amount: 3
Narrow klass base: 0x0000000800000000, Narrow klass shift: 0
Compressed class space size: 1073741824 Address: 0x0000000800000000

Heap:
 garbage-first heap   total 260096K, used 65159K [0x0000000702a00000, 0x0000000800000000)
  region size 1024K, 59 young (60416K), 6 survivors (6144K)
 Metaspace       used 29108K, capacity 29776K, committed 30000K, reserved 1075200K
  class space    used 3428K, capacity 3685K, committed 3712K, reserved 1048576K
Heap Regions: E=young(eden), S=young(survivor), O=old, HS=humongous(starts), HC=humongous(continues), CS=collection set, F=free, A=archive, TAMS=top-at-mark-start (previous, next)
|   0|0x0000000702a00000, 0x0000000702b00000, 0x0000000702b00000|100%| O|  |TAMS 0x0000000702b00000, 0x0000000702a00000| Untracked 
|   1|0x0000000702b00000, 0x0000000702c00000, 0x0000000702c00000|100%| O|  |TAMS 0x0000000702c00000, 0x0000000702b00000| Untracked 
|   2|0x0000000702c00000, 0x0000000702c57000, 0x0000000702d00000| 33%| O|  |TAMS 0x0000000702c57000, 0x0000000702c00000| Untracked 
|   3|0x0000000702d00000, 0x0000000702e00000, 0x0000000702e00000|100%|HS|  |TAMS 0x0000000702d00000, 0x0000000702d00000| Complete 
|   4|0x0000000702e00000, 0x0000000702f00000, 0x0000000702f00000|100%|HS|  |TAMS 0x0000000702e00000, 0x0000000702e00000| Complete 
|   5|0x0000000702f00000, 0x0000000703000000, 0x0000000703000000|100%|HS|  |TAMS 0x0000000702f00000, 0x0000000702f00000| Complete 
|   6|0x0000000703000000, 0x0000000703100000, 0x0000000703100000|100%|HC|  |TAMS 0x0000000703000000, 0x0000000703000000| Complete 
|   7|0x0000000703100000, 0x0000000703100000, 0x0000000703200000|  0%| F|  |TAMS 0x0000000703100000, 0x0000000703100000| Untracked 
|   8|0x0000000703200000, 0x0000000703200000, 0x0000000703300000|  0%| F|  |TAMS 0x0000000703200000, 0x0000000703200000| Untracked 
|   9|0x0000000703300000, 0x0000000703300000, 0x0000000703400000|  0%| F|  |TAMS 0x0000000703300000, 0x0000000703300000| Untracked 
|  10|0x0000000703400000, 0x0000000703400000, 0x0000000703500000|  0%| F|  |TAMS 0x0000000703400000, 0x0000000703400000| Untracked 
|  11|0x0000000703500000, 0x0000000703500000, 0x0000000703600000|  0%| F|  |TAMS 0x0000000703500000, 0x0000000703500000| Untracked 
|  12|0x0000000703600000, 0x0000000703600000, 0x0000000703700000|  0%| F|  |TAMS 0x0000000703600000, 0x0000000703600000| Untracked 
|  13|0x0000000703700000, 0x0000000703700000, 0x0000000703800000|  0%| F|  |TAMS 0x0000000703700000, 0x0000000703700000| Untracked 
|  14|0x0000000703800000, 0x0000000703800000, 0x0000000703900000|  0%| F|  |TAMS 0x0000000703800000, 0x0000000703800000| Untracked 
|  15|0x0000000703900000, 0x0000000703900000, 0x0000000703a00000|  0%| F|  |TAMS 0x0000000703900000, 0x0000000703900000| Untracked 
|  16|0x0000000703a00000, 0x0000000703a00000, 0x0000000703b00000|  0%| F|  |TAMS 0x0000000703a00000, 0x0000000703a00000| Untracked 
|  17|0x0000000703b00000, 0x0000000703b00000, 0x0000000703c00000|  0%| F|  |TAMS 0x0000000703b00000, 0x0000000703b00000| Untracked 
|  18|0x0000000703c00000, 0x0000000703c00000, 0x0000000703d00000|  0%| F|  |TAMS 0x0000000703c00000, 0x0000000703c00000| Untracked 
|  19|0x0000000703d00000, 0x0000000703d00000, 0x0000000703e00000|  0%| F|  |TAMS 0x0000000703d00000, 0x0000000703d00000| Untracked 
|  20|0x0000000703e00000, 0x0000000703e00000, 0x0000000703f00000|  0%| F|  |TAMS 0x0000000703e00000, 0x0000000703e00000| Untracked 
|  21|0x0000000703f00000, 0x0000000703f00000, 0x0000000704000000|  0%| F|  |TAMS 0x0000000703f00000, 0x0000000703f00000| Untracked 
|  22|0x0000000704000000, 0x0000000704000000, 0x0000000704100000|  0%| F|  |TAMS 0x0000000704000000, 0x0000000704000000| Untracked 
|  23|0x0000000704100000, 0x0000000704100000, 0x0000000704200000|  0%| F|  |TAMS 0x0000000704100000, 0x0000000704100000| Untracked 
|  24|0x0000000704200000, 0x0000000704200000, 0x0000000704300000|  0%| F|  |TAMS 0x0000000704200000, 0x0000000704200000| Untracked 
|  25|0x0000000704300000, 0x0000000704300000, 0x0000000704400000|  0%| F|  |TAMS 0x0000000704300000, 0x0000000704300000| Untracked 
|  26|0x0000000704400000, 0x0000000704400000, 0x0000000704500000|  0%| F|  |TAMS 0x0000000704400000, 0x0000000704400000| Untracked 
|  27|0x0000000704500000, 0x0000000704500000, 0x0000000704600000|  0%| F|  |TAMS 0x0000000704500000, 0x0000000704500000| Untracked 
|  28|0x0000000704600000, 0x0000000704600000, 0x0000000704700000|  0%| F|  |TAMS 0x0000000704600000, 0x0000000704600000| Untracked 
|  29|0x0000000704700000, 0x0000000704700000, 0x0000000704800000|  0%| F|  |TAMS 0x0000000704700000, 0x0000000704700000| Untracked 
|  30|0x0000000704800000, 0x0000000704800000, 0x0000000704900000|  0%| F|  |TAMS 0x0000000704800000, 0x0000000704800000| Untracked 
|  31|0x0000000704900000, 0x0000000704900000, 0x0000000704a00000|  0%| F|  |TAMS 0x0000000704900000, 0x0000000704900000| Untracked 
|  32|0x0000000704a00000, 0x0000000704a00000, 0x0000000704b00000|  0%| F|  |TAMS 0x0000000704a00000, 0x0000000704a00000| Untracked 
|  33|0x0000000704b00000, 0x0000000704b00000, 0x0000000704c00000|  0%| F|  |TAMS 0x0000000704b00000, 0x0000000704b00000| Untracked 
|  34|0x0000000704c00000, 0x0000000704c00000, 0x0000000704d00000|  0%| F|  |TAMS 0x0000000704c00000, 0x0000000704c00000| Untracked 
|  35|0x0000000704d00000, 0x0000000704d00000, 0x0000000704e00000|  0%| F|  |TAMS 0x0000000704d00000, 0x0000000704d00000| Untracked 
|  36|0x0000000704e00000, 0x0000000704e00000, 0x0000000704f00000|  0%| F|  |TAMS 0x0000000704e00000, 0x0000000704e00000| Untracked 
|  37|0x0000000704f00000, 0x0000000704f00000, 0x0000000705000000|  0%| F|  |TAMS 0x0000000704f00000, 0x0000000704f00000| Untracked 
|  38|0x0000000705000000, 0x0000000705000000, 0x0000000705100000|  0%| F|  |TAMS 0x0000000705000000, 0x0000000705000000| Untracked 
|  39|0x0000000705100000, 0x0000000705100000, 0x0000000705200000|  0%| F|  |TAMS 0x0000000705100000, 0x0000000705100000| Untracked 
|  40|0x0000000705200000, 0x0000000705200000, 0x0000000705300000|  0%| F|  |TAMS 0x0000000705200000, 0x0000000705200000| Untracked 
|  41|0x0000000705300000, 0x0000000705300000, 0x0000000705400000|  0%| F|  |TAMS 0x0000000705300000, 0x0000000705300000| Untracked 
|  42|0x0000000705400000, 0x0000000705400000, 0x0000000705500000|  0%| F|  |TAMS 0x0000000705400000, 0x0000000705400000| Untracked 
|  43|0x0000000705500000, 0x0000000705500000, 0x0000000705600000|  0%| F|  |TAMS 0x0000000705500000, 0x0000000705500000| Untracked 
|  44|0x0000000705600000, 0x0000000705600000, 0x0000000705700000|  0%| F|  |TAMS 0x0000000705600000, 0x0000000705600000| Untracked 
|  45|0x0000000705700000, 0x0000000705700000, 0x0000000705800000|  0%| F|  |TAMS 0x0000000705700000, 0x0000000705700000| Untracked 
|  46|0x0000000705800000, 0x0000000705800000, 0x0000000705900000|  0%| F|  |TAMS 0x0000000705800000, 0x0000000705800000| Untracked 
|  47|0x0000000705900000, 0x0000000705900000, 0x0000000705a00000|  0%| F|  |TAMS 0x0000000705900000, 0x0000000705900000| Untracked 
|  48|0x0000000705a00000, 0x0000000705a00000, 0x0000000705b00000|  0%| F|  |TAMS 0x0000000705a00000, 0x0000000705a00000| Untracked 
|  49|0x0000000705b00000, 0x0000000705b00000, 0x0000000705c00000|  0%| F|  |TAMS 0x0000000705b00000, 0x0000000705b00000| Untracked 
|  50|0x0000000705c00000, 0x0000000705c00000, 0x0000000705d00000|  0%| F|  |TAMS 0x0000000705c00000, 0x0000000705c00000| Untracked 
|  51|0x0000000705d00000, 0x0000000705d00000, 0x0000000705e00000|  0%| F|  |TAMS 0x0000000705d00000, 0x0000000705d00000| Untracked 
|  52|0x0000000705e00000, 0x0000000705e00000, 0x0000000705f00000|  0%| F|  |TAMS 0x0000000705e00000, 0x0000000705e00000| Untracked 
|  53|0x0000000705f00000, 0x0000000705f00000, 0x0000000706000000|  0%| F|  |TAMS 0x0000000705f00000, 0x0000000705f00000| Untracked 
|  54|0x0000000706000000, 0x0000000706000000, 0x0000000706100000|  0%| F|  |TAMS 0x0000000706000000, 0x0000000706000000| Untracked 
|  55|0x0000000706100000, 0x0000000706100000, 0x0000000706200000|  0%| F|  |TAMS 0x0000000706100000, 0x0000000706100000| Untracked 
|  56|0x0000000706200000, 0x0000000706200000, 0x0000000706300000|  0%| F|  |TAMS 0x0000000706200000, 0x0000000706200000| Untracked 
|  57|0x0000000706300000, 0x0000000706300000, 0x0000000706400000|  0%| F|  |TAMS 0x0000000706300000, 0x0000000706300000| Untracked 
|  58|0x0000000706400000, 0x0000000706400000, 0x0000000706500000|  0%| F|  |TAMS 0x0000000706400000, 0x0000000706400000| Untracked 
|  59|0x0000000706500000, 0x0000000706500000, 0x0000000706600000|  0%| F|  |TAMS 0x0000000706500000, 0x0000000706500000| Untracked 
|  60|0x0000000706600000, 0x0000000706600000, 0x0000000706700000|  0%| F|  |TAMS 0x0000000706600000, 0x0000000706600000| Untracked 
|  61|0x0000000706700000, 0x0000000706700000, 0x0000000706800000|  0%| F|  |TAMS 0x0000000706700000, 0x0000000706700000| Untracked 
|  62|0x0000000706800000, 0x0000000706800000, 0x0000000706900000|  0%| F|  |TAMS 0x0000000706800000, 0x0000000706800000| Untracked 
|  63|0x0000000706900000, 0x0000000706900000, 0x0000000706a00000|  0%| F|  |TAMS 0x0000000706900000, 0x0000000706900000| Untracked 
|  64|0x0000000706a00000, 0x0000000706a00000, 0x0000000706b00000|  0%| F|  |TAMS 0x0000000706a00000, 0x0000000706a00000| Untracked 
|  65|0x0000000706b00000, 0x0000000706b00000, 0x0000000706c00000|  0%| F|  |TAMS 0x0000000706b00000, 0x0000000706b00000| Untracked 
|  66|0x0000000706c00000, 0x0000000706c00000, 0x0000000706d00000|  0%| F|  |TAMS 0x0000000706c00000, 0x0000000706c00000| Untracked 
|  67|0x0000000706d00000, 0x0000000706d00000, 0x0000000706e00000|  0%| F|  |TAMS 0x0000000706d00000, 0x0000000706d00000| Untracked 
|  68|0x0000000706e00000, 0x0000000706e00000, 0x0000000706f00000|  0%| F|  |TAMS 0x0000000706e00000, 0x0000000706e00000| Untracked 
|  69|0x0000000706f00000, 0x0000000706f00000, 0x0000000707000000|  0%| F|  |TAMS 0x0000000706f00000, 0x0000000706f00000| Untracked 
|  70|0x0000000707000000, 0x0000000707000000, 0x0000000707100000|  0%| F|  |TAMS 0x0000000707000000, 0x0000000707000000| Untracked 
|  71|0x0000000707100000, 0x0000000707100000, 0x0000000707200000|  0%| F|  |TAMS 0x0000000707100000, 0x0000000707100000| Untracked 
|  72|0x0000000707200000, 0x0000000707200000, 0x0000000707300000|  0%| F|  |TAMS 0x0000000707200000, 0x0000000707200000| Untracked 
|  73|0x0000000707300000, 0x0000000707300000, 0x0000000707400000|  0%| F|  |TAMS 0x0000000707300000, 0x0000000707300000| Untracked 
|  74|0x0000000707400000, 0x0000000707400000, 0x0000000707500000|  0%| F|  |TAMS 0x0000000707400000, 0x0000000707400000| Untracked 
|  75|0x0000000707500000, 0x0000000707500000, 0x0000000707600000|  0%| F|  |TAMS 0x0000000707500000, 0x0000000707500000| Untracked 
|  76|0x0000000707600000, 0x0000000707600000, 0x0000000707700000|  0%| F|  |TAMS 0x0000000707600000, 0x0000000707600000| Untracked 
|  77|0x0000000707700000, 0x0000000707700000, 0x0000000707800000|  0%| F|  |TAMS 0x0000000707700000, 0x0000000707700000| Untracked 
|  78|0x0000000707800000, 0x0000000707800000, 0x0000000707900000|  0%| F|  |TAMS 0x0000000707800000, 0x0000000707800000| Untracked 
|  79|0x0000000707900000, 0x0000000707900000, 0x0000000707a00000|  0%| F|  |TAMS 0x0000000707900000, 0x0000000707900000| Untracked 
|  80|0x0000000707a00000, 0x0000000707a00000, 0x0000000707b00000|  0%| F|  |TAMS 0x0000000707a00000, 0x0000000707a00000| Untracked 
|  81|0x0000000707b00000, 0x0000000707b00000, 0x0000000707c00000|  0%| F|  |TAMS 0x0000000707b00000, 0x0000000707b00000| Untracked 
|  82|0x0000000707c00000, 0x0000000707c00000, 0x0000000707d00000|  0%| F|  |TAMS 0x0000000707c00000, 0x0000000707c00000| Untracked 
|  83|0x0000000707d00000, 0x0000000707d00000, 0x0000000707e00000|  0%| F|  |TAMS 0x0000000707d00000, 0x0000000707d00000| Untracked 
|  84|0x0000000707e00000, 0x0000000707e00000, 0x0000000707f00000|  0%| F|  |TAMS 0x0000000707e00000, 0x0000000707e00000| Untracked 
|  85|0x0000000707f00000, 0x0000000707f00000, 0x0000000708000000|  0%| F|  |TAMS 0x0000000707f00000, 0x0000000707f00000| Untracked 
|  86|0x0000000708000000, 0x0000000708000000, 0x0000000708100000|  0%| F|  |TAMS 0x0000000708000000, 0x0000000708000000| Untracked 
|  87|0x0000000708100000, 0x0000000708100000, 0x0000000708200000|  0%| F|  |TAMS 0x0000000708100000, 0x0000000708100000| Untracked 
|  88|0x0000000708200000, 0x0000000708200000, 0x0000000708300000|  0%| F|  |TAMS 0x0000000708200000, 0x0000000708200000| Untracked 
|  89|0x0000000708300000, 0x0000000708300000, 0x0000000708400000|  0%| F|  |TAMS 0x0000000708300000, 0x0000000708300000| Untracked 
|  90|0x0000000708400000, 0x0000000708400000, 0x0000000708500000|  0%| F|  |TAMS 0x0000000708400000, 0x0000000708400000| Untracked 
|  91|0x0000000708500000, 0x0000000708500000, 0x0000000708600000|  0%| F|  |TAMS 0x0000000708500000, 0x0000000708500000| Untracked 
|  92|0x0000000708600000, 0x0000000708600000, 0x0000000708700000|  0%| F|  |TAMS 0x0000000708600000, 0x0000000708600000| Untracked 
|  93|0x0000000708700000, 0x0000000708700000, 0x0000000708800000|  0%| F|  |TAMS 0x0000000708700000, 0x0000000708700000| Untracked 
|  94|0x0000000708800000, 0x0000000708800000, 0x0000000708900000|  0%| F|  |TAMS 0x0000000708800000, 0x0000000708800000| Untracked 
|  95|0x0000000708900000, 0x0000000708900000, 0x0000000708a00000|  0%| F|  |TAMS 0x0000000708900000, 0x0000000708900000| Untracked 
|  96|0x0000000708a00000, 0x0000000708a00000, 0x0000000708b00000|  0%| F|  |TAMS 0x0000000708a00000, 0x0000000708a00000| Untracked 
|  97|0x0000000708b00000, 0x0000000708b00000, 0x0000000708c00000|  0%| F|  |TAMS 0x0000000708b00000, 0x0000000708b00000| Untracked 
|  98|0x0000000708c00000, 0x0000000708c00000, 0x0000000708d00000|  0%| F|  |TAMS 0x0000000708c00000, 0x0000000708c00000| Untracked 
|  99|0x0000000708d00000, 0x0000000708d00000, 0x0000000708e00000|  0%| F|  |TAMS 0x0000000708d00000, 0x0000000708d00000| Untracked 
| 100|0x0000000708e00000, 0x0000000708e00000, 0x0000000708f00000|  0%| F|  |TAMS 0x0000000708e00000, 0x0000000708e00000| Untracked 
| 101|0x0000000708f00000, 0x0000000708f00000, 0x0000000709000000|  0%| F|  |TAMS 0x0000000708f00000, 0x0000000708f00000| Untracked 
| 102|0x0000000709000000, 0x0000000709000000, 0x0000000709100000|  0%| F|  |TAMS 0x0000000709000000, 0x0000000709000000| Untracked 
| 103|0x0000000709100000, 0x0000000709100000, 0x0000000709200000|  0%| F|  |TAMS 0x0000000709100000, 0x0000000709100000| Untracked 
| 104|0x0000000709200000, 0x0000000709200000, 0x0000000709300000|  0%| F|  |TAMS 0x0000000709200000, 0x0000000709200000| Untracked 
| 105|0x0000000709300000, 0x0000000709300000, 0x0000000709400000|  0%| F|  |TAMS 0x0000000709300000, 0x0000000709300000| Untracked 
| 106|0x0000000709400000, 0x0000000709400000, 0x0000000709500000|  0%| F|  |TAMS 0x0000000709400000, 0x0000000709400000| Untracked 
| 107|0x0000000709500000, 0x0000000709500000, 0x0000000709600000|  0%| F|  |TAMS 0x0000000709500000, 0x0000000709500000| Untracked 
| 108|0x0000000709600000, 0x0000000709600000, 0x0000000709700000|  0%| F|  |TAMS 0x0000000709600000, 0x0000000709600000| Untracked 
| 109|0x0000000709700000, 0x0000000709700000, 0x0000000709800000|  0%| F|  |TAMS 0x0000000709700000, 0x0000000709700000| Untracked 
| 110|0x0000000709800000, 0x0000000709800000, 0x0000000709900000|  0%| F|  |TAMS 0x0000000709800000, 0x0000000709800000| Untracked 
| 111|0x0000000709900000, 0x0000000709900000, 0x0000000709a00000|  0%| F|  |TAMS 0x0000000709900000, 0x0000000709900000| Untracked 
| 112|0x0000000709a00000, 0x0000000709a00000, 0x0000000709b00000|  0%| F|  |TAMS 0x0000000709a00000, 0x0000000709a00000| Untracked 
| 113|0x0000000709b00000, 0x0000000709b00000, 0x0000000709c00000|  0%| F|  |TAMS 0x0000000709b00000, 0x0000000709b00000| Untracked 
| 114|0x0000000709c00000, 0x0000000709c00000, 0x0000000709d00000|  0%| F|  |TAMS 0x0000000709c00000, 0x0000000709c00000| Untracked 
| 115|0x0000000709d00000, 0x0000000709d00000, 0x0000000709e00000|  0%| F|  |TAMS 0x0000000709d00000, 0x0000000709d00000| Untracked 
| 116|0x0000000709e00000, 0x0000000709e00000, 0x0000000709f00000|  0%| F|  |TAMS 0x0000000709e00000, 0x0000000709e00000| Untracked 
| 117|0x0000000709f00000, 0x0000000709f00000, 0x000000070a000000|  0%| F|  |TAMS 0x0000000709f00000, 0x0000000709f00000| Untracked 
| 118|0x000000070a000000, 0x000000070a000000, 0x000000070a100000|  0%| F|  |TAMS 0x000000070a000000, 0x000000070a000000| Untracked 
| 119|0x000000070a100000, 0x000000070a100000, 0x000000070a200000|  0%| F|  |TAMS 0x000000070a100000, 0x000000070a100000| Untracked 
| 120|0x000000070a200000, 0x000000070a200000, 0x000000070a300000|  0%| F|  |TAMS 0x000000070a200000, 0x000000070a200000| Untracked 
| 121|0x000000070a300000, 0x000000070a300000, 0x000000070a400000|  0%| F|  |TAMS 0x000000070a300000, 0x000000070a300000| Untracked 
| 122|0x000000070a400000, 0x000000070a400000, 0x000000070a500000|  0%| F|  |TAMS 0x000000070a400000, 0x000000070a400000| Untracked 
| 123|0x000000070a500000, 0x000000070a500000, 0x000000070a600000|  0%| F|  |TAMS 0x000000070a500000, 0x000000070a500000| Untracked 
| 124|0x000000070a600000, 0x000000070a600000, 0x000000070a700000|  0%| F|  |TAMS 0x000000070a600000, 0x000000070a600000| Untracked 
| 125|0x000000070a700000, 0x000000070a700000, 0x000000070a800000|  0%| F|  |TAMS 0x000000070a700000, 0x000000070a700000| Untracked 
| 126|0x000000070a800000, 0x000000070a800000, 0x000000070a900000|  0%| F|  |TAMS 0x000000070a800000, 0x000000070a800000| Untracked 
| 127|0x000000070a900000, 0x000000070a900000, 0x000000070aa00000|  0%| F|  |TAMS 0x000000070a900000, 0x000000070a900000| Untracked 
| 128|0x000000070aa00000, 0x000000070aa00000, 0x000000070ab00000|  0%| F|  |TAMS 0x000000070aa00000, 0x000000070aa00000| Untracked 
| 129|0x000000070ab00000, 0x000000070ab00000, 0x000000070ac00000|  0%| F|  |TAMS 0x000000070ab00000, 0x000000070ab00000| Untracked 
| 130|0x000000070ac00000, 0x000000070ac00000, 0x000000070ad00000|  0%| F|  |TAMS 0x000000070ac00000, 0x000000070ac00000| Untracked 
| 131|0x000000070ad00000, 0x000000070ad00000, 0x000000070ae00000|  0%| F|  |TAMS 0x000000070ad00000, 0x000000070ad00000| Untracked 
| 132|0x000000070ae00000, 0x000000070ae00000, 0x000000070af00000|  0%| F|  |TAMS 0x000000070ae00000, 0x000000070ae00000| Untracked 
| 133|0x000000070af00000, 0x000000070af00000, 0x000000070b000000|  0%| F|  |TAMS 0x000000070af00000, 0x000000070af00000| Untracked 
| 134|0x000000070b000000, 0x000000070b000000, 0x000000070b100000|  0%| F|  |TAMS 0x000000070b000000, 0x000000070b000000| Untracked 
| 135|0x000000070b100000, 0x000000070b100000, 0x000000070b200000|  0%| F|  |TAMS 0x000000070b100000, 0x000000070b100000| Untracked 
| 136|0x000000070b200000, 0x000000070b200000, 0x000000070b300000|  0%| F|  |TAMS 0x000000070b200000, 0x000000070b200000| Untracked 
| 137|0x000000070b300000, 0x000000070b300000, 0x000000070b400000|  0%| F|  |TAMS 0x000000070b300000, 0x000000070b300000| Untracked 
| 138|0x000000070b400000, 0x000000070b400000, 0x000000070b500000|  0%| F|  |TAMS 0x000000070b400000, 0x000000070b400000| Untracked 
| 139|0x000000070b500000, 0x000000070b500000, 0x000000070b600000|  0%| F|  |TAMS 0x000000070b500000, 0x000000070b500000| Untracked 
| 140|0x000000070b600000, 0x000000070b600000, 0x000000070b700000|  0%| F|  |TAMS 0x000000070b600000, 0x000000070b600000| Untracked 
| 141|0x000000070b700000, 0x000000070b700000, 0x000000070b800000|  0%| F|  |TAMS 0x000000070b700000, 0x000000070b700000| Untracked 
| 142|0x000000070b800000, 0x000000070b800000, 0x000000070b900000|  0%| F|  |TAMS 0x000000070b800000, 0x000000070b800000| Untracked 
| 143|0x000000070b900000, 0x000000070b900000, 0x000000070ba00000|  0%| F|  |TAMS 0x000000070b900000, 0x000000070b900000| Untracked 
| 144|0x000000070ba00000, 0x000000070ba00000, 0x000000070bb00000|  0%| F|  |TAMS 0x000000070ba00000, 0x000000070ba00000| Untracked 
| 145|0x000000070bb00000, 0x000000070bb00000, 0x000000070bc00000|  0%| F|  |TAMS 0x000000070bb00000, 0x000000070bb00000| Untracked 
| 146|0x000000070bc00000, 0x000000070bc00000, 0x000000070bd00000|  0%| F|  |TAMS 0x000000070bc00000, 0x000000070bc00000| Untracked 
| 147|0x000000070bd00000, 0x000000070bd00000, 0x000000070be00000|  0%| F|  |TAMS 0x000000070bd00000, 0x000000070bd00000| Untracked 
| 148|0x000000070be00000, 0x000000070be00000, 0x000000070bf00000|  0%| F|  |TAMS 0x000000070be00000, 0x000000070be00000| Untracked 
| 149|0x000000070bf00000, 0x000000070bf00000, 0x000000070c000000|  0%| F|  |TAMS 0x000000070bf00000, 0x000000070bf00000| Untracked 
| 150|0x000000070c000000, 0x000000070c000000, 0x000000070c100000|  0%| F|  |TAMS 0x000000070c000000, 0x000000070c000000| Untracked 
| 151|0x000000070c100000, 0x000000070c100000, 0x000000070c200000|  0%| F|  |TAMS 0x000000070c100000, 0x000000070c100000| Untracked 
| 152|0x000000070c200000, 0x000000070c200000, 0x000000070c300000|  0%| F|  |TAMS 0x000000070c200000, 0x000000070c200000| Untracked 
| 153|0x000000070c300000, 0x000000070c300000, 0x000000070c400000|  0%| F|  |TAMS 0x000000070c300000, 0x000000070c300000| Untracked 
| 154|0x000000070c400000, 0x000000070c400000, 0x000000070c500000|  0%| F|  |TAMS 0x000000070c400000, 0x000000070c400000| Untracked 
| 155|0x000000070c500000, 0x000000070c500000, 0x000000070c600000|  0%| F|  |TAMS 0x000000070c500000, 0x000000070c500000| Untracked 
| 156|0x000000070c600000, 0x000000070c600000, 0x000000070c700000|  0%| F|  |TAMS 0x000000070c600000, 0x000000070c600000| Untracked 
| 157|0x000000070c700000, 0x000000070c700000, 0x000000070c800000|  0%| F|  |TAMS 0x000000070c700000, 0x000000070c700000| Untracked 
| 158|0x000000070c800000, 0x000000070c800000, 0x000000070c900000|  0%| F|  |TAMS 0x000000070c800000, 0x000000070c800000| Untracked 
| 159|0x000000070c900000, 0x000000070c900000, 0x000000070ca00000|  0%| F|  |TAMS 0x000000070c900000, 0x000000070c900000| Untracked 
| 160|0x000000070ca00000, 0x000000070ca00000, 0x000000070cb00000|  0%| F|  |TAMS 0x000000070ca00000, 0x000000070ca00000| Untracked 
| 161|0x000000070cb00000, 0x000000070cb00000, 0x000000070cc00000|  0%| F|  |TAMS 0x000000070cb00000, 0x000000070cb00000| Untracked 
| 162|0x000000070cc00000, 0x000000070cc00000, 0x000000070cd00000|  0%| F|  |TAMS 0x000000070cc00000, 0x000000070cc00000| Untracked 
| 163|0x000000070cd00000, 0x000000070cd00000, 0x000000070ce00000|  0%| F|  |TAMS 0x000000070cd00000, 0x000000070cd00000| Untracked 
| 164|0x000000070ce00000, 0x000000070ce00000, 0x000000070cf00000|  0%| F|  |TAMS 0x000000070ce00000, 0x000000070ce00000| Untracked 
| 165|0x000000070cf00000, 0x000000070cf00000, 0x000000070d000000|  0%| F|  |TAMS 0x000000070cf00000, 0x000000070cf00000| Untracked 
| 166|0x000000070d000000, 0x000000070d000000, 0x000000070d100000|  0%| F|  |TAMS 0x000000070d000000, 0x000000070d000000| Untracked 
| 167|0x000000070d100000, 0x000000070d100000, 0x000000070d200000|  0%| F|  |TAMS 0x000000070d100000, 0x000000070d100000| Untracked 
| 168|0x000000070d200000, 0x000000070d200000, 0x000000070d300000|  0%| F|  |TAMS 0x000000070d200000, 0x000000070d200000| Untracked 
| 169|0x000000070d300000, 0x000000070d300000, 0x000000070d400000|  0%| F|  |TAMS 0x000000070d300000, 0x000000070d300000| Untracked 
| 170|0x000000070d400000, 0x000000070d400000, 0x000000070d500000|  0%| F|  |TAMS 0x000000070d400000, 0x000000070d400000| Untracked 
| 171|0x000000070d500000, 0x000000070d500000, 0x000000070d600000|  0%| F|  |TAMS 0x000000070d500000, 0x000000070d500000| Untracked 
| 172|0x000000070d600000, 0x000000070d600000, 0x000000070d700000|  0%| F|  |TAMS 0x000000070d600000, 0x000000070d600000| Untracked 
| 173|0x000000070d700000, 0x000000070d700000, 0x000000070d800000|  0%| F|  |TAMS 0x000000070d700000, 0x000000070d700000| Untracked 
| 174|0x000000070d800000, 0x000000070d800000, 0x000000070d900000|  0%| F|  |TAMS 0x000000070d800000, 0x000000070d800000| Untracked 
| 175|0x000000070d900000, 0x000000070d900000, 0x000000070da00000|  0%| F|  |TAMS 0x000000070d900000, 0x000000070d900000| Untracked 
| 176|0x000000070da00000, 0x000000070da00000, 0x000000070db00000|  0%| F|  |TAMS 0x000000070da00000, 0x000000070da00000| Untracked 
| 177|0x000000070db00000, 0x000000070db00000, 0x000000070dc00000|  0%| F|  |TAMS 0x000000070db00000, 0x000000070db00000| Untracked 
| 178|0x000000070dc00000, 0x000000070dc00000, 0x000000070dd00000|  0%| F|  |TAMS 0x000000070dc00000, 0x000000070dc00000| Untracked 
| 179|0x000000070dd00000, 0x000000070dd00000, 0x000000070de00000|  0%| F|  |TAMS 0x000000070dd00000, 0x000000070dd00000| Untracked 
| 180|0x000000070de00000, 0x000000070de00000, 0x000000070df00000|  0%| F|  |TAMS 0x000000070de00000, 0x000000070de00000| Untracked 
| 181|0x000000070df00000, 0x000000070df00000, 0x000000070e000000|  0%| F|  |TAMS 0x000000070df00000, 0x000000070df00000| Untracked 
| 182|0x000000070e000000, 0x000000070e000000, 0x000000070e100000|  0%| F|  |TAMS 0x000000070e000000, 0x000000070e000000| Untracked 
| 183|0x000000070e100000, 0x000000070e100000, 0x000000070e200000|  0%| F|  |TAMS 0x000000070e100000, 0x000000070e100000| Untracked 
| 184|0x000000070e200000, 0x000000070e200000, 0x000000070e300000|  0%| F|  |TAMS 0x000000070e200000, 0x000000070e200000| Untracked 
| 185|0x000000070e300000, 0x000000070e300000, 0x000000070e400000|  0%| F|  |TAMS 0x000000070e300000, 0x000000070e300000| Untracked 
| 186|0x000000070e400000, 0x000000070e400000, 0x000000070e500000|  0%| F|  |TAMS 0x000000070e400000, 0x000000070e400000| Untracked 
| 187|0x000000070e500000, 0x000000070e500000, 0x000000070e600000|  0%| F|  |TAMS 0x000000070e500000, 0x000000070e500000| Untracked 
| 188|0x000000070e600000, 0x000000070e600000, 0x000000070e700000|  0%| F|  |TAMS 0x000000070e600000, 0x000000070e600000| Untracked 
| 189|0x000000070e700000, 0x000000070e700000, 0x000000070e800000|  0%| F|  |TAMS 0x000000070e700000, 0x000000070e700000| Untracked 
| 190|0x000000070e800000, 0x000000070e800000, 0x000000070e900000|  0%| F|  |TAMS 0x000000070e800000, 0x000000070e800000| Untracked 
| 191|0x000000070e900000, 0x000000070e94ae50, 0x000000070ea00000| 29%| S|CS|TAMS 0x000000070e900000, 0x000000070e900000| Complete 
| 192|0x000000070ea00000, 0x000000070eb00000, 0x000000070eb00000|100%| S|CS|TAMS 0x000000070ea00000, 0x000000070ea00000| Complete 
| 193|0x000000070eb00000, 0x000000070ec00000, 0x000000070ec00000|100%| S|CS|TAMS 0x000000070eb00000, 0x000000070eb00000| Complete 
| 194|0x000000070ec00000, 0x000000070ed00000, 0x000000070ed00000|100%| S|CS|TAMS 0x000000070ec00000, 0x000000070ec00000| Complete 
| 195|0x000000070ed00000, 0x000000070ee00000, 0x000000070ee00000|100%| S|CS|TAMS 0x000000070ed00000, 0x000000070ed00000| Complete 
| 196|0x000000070ee00000, 0x000000070ef00000, 0x000000070ef00000|100%| S|CS|TAMS 0x000000070ee00000, 0x000000070ee00000| Complete 
| 197|0x000000070ef00000, 0x000000070ef00000, 0x000000070f000000|  0%| F|  |TAMS 0x000000070ef00000, 0x000000070ef00000| Untracked 
| 198|0x000000070f000000, 0x000000070f000000, 0x000000070f100000|  0%| F|  |TAMS 0x000000070f000000, 0x000000070f000000| Untracked 
| 199|0x000000070f100000, 0x000000070f100000, 0x000000070f200000|  0%| F|  |TAMS 0x000000070f100000, 0x000000070f100000| Untracked 
| 200|0x000000070f200000, 0x000000070f200000, 0x000000070f300000|  0%| F|  |TAMS 0x000000070f200000, 0x000000070f200000| Untracked 
| 201|0x000000070f300000, 0x000000070f300800, 0x000000070f400000|  0%| E|  |TAMS 0x000000070f300000, 0x000000070f300000| Complete 
| 202|0x000000070f400000, 0x000000070f500000, 0x000000070f500000|100%| E|CS|TAMS 0x000000070f400000, 0x000000070f400000| Complete 
| 203|0x000000070f500000, 0x000000070f600000, 0x000000070f600000|100%| E|CS|TAMS 0x000000070f500000, 0x000000070f500000| Complete 
| 204|0x000000070f600000, 0x000000070f700000, 0x000000070f700000|100%| E|CS|TAMS 0x000000070f600000, 0x000000070f600000| Complete 
| 205|0x000000070f700000, 0x000000070f800000, 0x000000070f800000|100%| E|CS|TAMS 0x000000070f700000, 0x000000070f700000| Complete 
| 206|0x000000070f800000, 0x000000070f900000, 0x000000070f900000|100%| E|CS|TAMS 0x000000070f800000, 0x000000070f800000| Complete 
| 207|0x000000070f900000, 0x000000070fa00000, 0x000000070fa00000|100%| E|CS|TAMS 0x000000070f900000, 0x000000070f900000| Complete 
| 208|0x000000070fa00000, 0x000000070fb00000, 0x000000070fb00000|100%| E|CS|TAMS 0x000000070fa00000, 0x000000070fa00000| Complete 
| 209|0x000000070fb00000, 0x000000070fc00000, 0x000000070fc00000|100%| E|CS|TAMS 0x000000070fb00000, 0x000000070fb00000| Complete 
| 210|0x000000070fc00000, 0x000000070fd00000, 0x000000070fd00000|100%| E|CS|TAMS 0x000000070fc00000, 0x000000070fc00000| Complete 
| 211|0x000000070fd00000, 0x000000070fe00000, 0x000000070fe00000|100%| E|CS|TAMS 0x000000070fd00000, 0x000000070fd00000| Complete 
| 212|0x000000070fe00000, 0x000000070ff00000, 0x000000070ff00000|100%| E|CS|TAMS 0x000000070fe00000, 0x000000070fe00000| Complete 
| 213|0x000000070ff00000, 0x0000000710000000, 0x0000000710000000|100%| E|CS|TAMS 0x000000070ff00000, 0x000000070ff00000| Complete 
| 214|0x0000000710000000, 0x0000000710100000, 0x0000000710100000|100%| E|CS|TAMS 0x0000000710000000, 0x0000000710000000| Complete 
| 215|0x0000000710100000, 0x0000000710200000, 0x0000000710200000|100%| E|CS|TAMS 0x0000000710100000, 0x0000000710100000| Complete 
| 216|0x0000000710200000, 0x0000000710300000, 0x0000000710300000|100%| E|CS|TAMS 0x0000000710200000, 0x0000000710200000| Complete 
| 217|0x0000000710300000, 0x0000000710400000, 0x0000000710400000|100%| E|CS|TAMS 0x0000000710300000, 0x0000000710300000| Complete 
| 218|0x0000000710400000, 0x0000000710500000, 0x0000000710500000|100%| E|CS|TAMS 0x0000000710400000, 0x0000000710400000| Complete 
| 219|0x0000000710500000, 0x0000000710600000, 0x0000000710600000|100%| E|CS|TAMS 0x0000000710500000, 0x0000000710500000| Complete 
| 220|0x0000000710600000, 0x0000000710700000, 0x0000000710700000|100%| E|CS|TAMS 0x0000000710600000, 0x0000000710600000| Complete 
| 221|0x0000000710700000, 0x0000000710800000, 0x0000000710800000|100%| E|CS|TAMS 0x0000000710700000, 0x0000000710700000| Complete 
| 222|0x0000000710800000, 0x0000000710900000, 0x0000000710900000|100%| E|CS|TAMS 0x0000000710800000, 0x0000000710800000| Complete 
| 223|0x0000000710900000, 0x0000000710a00000, 0x0000000710a00000|100%| E|CS|TAMS 0x0000000710900000, 0x0000000710900000| Complete 
| 224|0x0000000710a00000, 0x0000000710b00000, 0x0000000710b00000|100%| E|CS|TAMS 0x0000000710a00000, 0x0000000710a00000| Complete 
| 225|0x0000000710b00000, 0x0000000710c00000, 0x0000000710c00000|100%| E|CS|TAMS 0x0000000710b00000, 0x0000000710b00000| Complete 
| 226|0x0000000710c00000, 0x0000000710d00000, 0x0000000710d00000|100%| E|CS|TAMS 0x0000000710c00000, 0x0000000710c00000| Complete 
| 227|0x0000000710d00000, 0x0000000710e00000, 0x0000000710e00000|100%| E|CS|TAMS 0x0000000710d00000, 0x0000000710d00000| Complete 
| 228|0x0000000710e00000, 0x0000000710f00000, 0x0000000710f00000|100%| E|CS|TAMS 0x0000000710e00000, 0x0000000710e00000| Complete 
| 229|0x0000000710f00000, 0x0000000711000000, 0x0000000711000000|100%| E|CS|TAMS 0x0000000710f00000, 0x0000000710f00000| Complete 
| 230|0x0000000711000000, 0x0000000711100000, 0x0000000711100000|100%| E|CS|TAMS 0x0000000711000000, 0x0000000711000000| Complete 
| 231|0x0000000711100000, 0x0000000711200000, 0x0000000711200000|100%| E|CS|TAMS 0x0000000711100000, 0x0000000711100000| Complete 
| 232|0x0000000711200000, 0x0000000711300000, 0x0000000711300000|100%| E|CS|TAMS 0x0000000711200000, 0x0000000711200000| Complete 
| 233|0x0000000711300000, 0x0000000711400000, 0x0000000711400000|100%| E|CS|TAMS 0x0000000711300000, 0x0000000711300000| Complete 
| 234|0x0000000711400000, 0x0000000711500000, 0x0000000711500000|100%| E|CS|TAMS 0x0000000711400000, 0x0000000711400000| Complete 
| 235|0x0000000711500000, 0x0000000711600000, 0x0000000711600000|100%| E|CS|TAMS 0x0000000711500000, 0x0000000711500000| Complete 
| 236|0x0000000711600000, 0x0000000711700000, 0x0000000711700000|100%| E|CS|TAMS 0x0000000711600000, 0x0000000711600000| Complete 
| 237|0x0000000711700000, 0x0000000711800000, 0x0000000711800000|100%| E|CS|TAMS 0x0000000711700000, 0x0000000711700000| Complete 
| 238|0x0000000711800000, 0x0000000711900000, 0x0000000711900000|100%| E|CS|TAMS 0x0000000711800000, 0x0000000711800000| Complete 
| 239|0x0000000711900000, 0x0000000711a00000, 0x0000000711a00000|100%| E|CS|TAMS 0x0000000711900000, 0x0000000711900000| Complete 
| 240|0x0000000711a00000, 0x0000000711b00000, 0x0000000711b00000|100%| E|CS|TAMS 0x0000000711a00000, 0x0000000711a00000| Complete 
| 241|0x0000000711b00000, 0x0000000711c00000, 0x0000000711c00000|100%| E|CS|TAMS 0x0000000711b00000, 0x0000000711b00000| Complete 
| 242|0x0000000711c00000, 0x0000000711d00000, 0x0000000711d00000|100%| E|CS|TAMS 0x0000000711c00000, 0x0000000711c00000| Complete 
| 243|0x0000000711d00000, 0x0000000711e00000, 0x0000000711e00000|100%| E|CS|TAMS 0x0000000711d00000, 0x0000000711d00000| Complete 
| 244|0x0000000711e00000, 0x0000000711f00000, 0x0000000711f00000|100%| E|CS|TAMS 0x0000000711e00000, 0x0000000711e00000| Complete 
| 245|0x0000000711f00000, 0x0000000712000000, 0x0000000712000000|100%| E|CS|TAMS 0x0000000711f00000, 0x0000000711f00000| Complete 
| 246|0x0000000712000000, 0x0000000712100000, 0x0000000712100000|100%| E|CS|TAMS 0x0000000712000000, 0x0000000712000000| Complete 
| 247|0x0000000712100000, 0x0000000712200000, 0x0000000712200000|100%| E|CS|TAMS 0x0000000712100000, 0x0000000712100000| Complete 
| 248|0x0000000712200000, 0x0000000712300000, 0x0000000712300000|100%| E|CS|TAMS 0x0000000712200000, 0x0000000712200000| Complete 
| 249|0x0000000712300000, 0x0000000712400000, 0x0000000712400000|100%| E|CS|TAMS 0x0000000712300000, 0x0000000712300000| Complete 
| 250|0x0000000712400000, 0x0000000712500000, 0x0000000712500000|100%| E|CS|TAMS 0x0000000712400000, 0x0000000712400000| Complete 
| 251|0x0000000712500000, 0x0000000712600000, 0x0000000712600000|100%| E|CS|TAMS 0x0000000712500000, 0x0000000712500000| Complete 
| 252|0x0000000712600000, 0x0000000712700000, 0x0000000712700000|100%| E|CS|TAMS 0x0000000712600000, 0x0000000712600000| Complete 
| 253|0x0000000712700000, 0x0000000712800000, 0x0000000712800000|100%| E|CS|TAMS 0x0000000712700000, 0x0000000712700000| Complete 

Card table byte_map: [0x000001f3700a0000,0x000001f370890000] _byte_map_base: 0x000001f36c88b000

Marking Bits (Prev, Next): (CMBitMap*) 0x000001f358cdf000, (CMBitMap*) 0x000001f358cdefc8
 Prev Bits: [0x000001f374fe0000, 0x000001f378f38000)
 Next Bits: [0x000001f371080000, 0x000001f374fd8000)

Polling page: 0x000001f356c00000

Metaspace:

Usage:
  Non-class:     25.48 MB capacity,    25.08 MB ( 98%) used,   339.23 KB (  1%) free+waste,    72.69 KB ( <1%) overhead. 
      Class:      3.60 MB capacity,     3.35 MB ( 93%) used,   216.97 KB (  6%) free+waste,    39.06 KB (  1%) overhead. 
       Both:     29.08 MB capacity,    28.43 MB ( 98%) used,   556.20 KB (  2%) free+waste,   111.75 KB ( <1%) overhead. 

Virtual space:
  Non-class space:       26.00 MB reserved,      25.67 MB ( 99%) committed 
      Class space:        1.00 GB reserved,       3.62 MB ( <1%) committed 
             Both:        1.03 GB reserved,      29.30 MB (  3%) committed 

Chunk freelists:
   Non-Class:  640 bytes
       Class:  0 bytes
        Both:  640 bytes

CodeHeap 'non-profiled nmethods': size=120000Kb used=1300Kb max_used=1300Kb free=118699Kb
 bounds [0x000001f367e30000, 0x000001f3680a0000, 0x000001f36f360000]
CodeHeap 'profiled nmethods': size=120000Kb used=5376Kb max_used=5376Kb free=114623Kb
 bounds [0x000001f360900000, 0x000001f360e50000, 0x000001f367e30000]
CodeHeap 'non-nmethods': size=5760Kb used=1358Kb max_used=1388Kb free=4401Kb
 bounds [0x000001f360360000, 0x000001f3605d0000, 0x000001f360900000]
 total_blobs=3483 nmethods=2687 adapters=707
 compilation: enabled
              stopped_count=0, restarted_count=0
 full_count=0

Compilation events (10 events):
Event: 6.805 Thread 0x000001f37c619000 nmethod 2683 0x000001f360e3dd10 code [0x000001f360e3dec0, 0x000001f360e3e088]
Event: 6.821 Thread 0x000001f37c610000 nmethod 2674 0x000001f367f73b10 code [0x000001f367f73cc0, 0x000001f367f74678]
Event: 6.821 Thread 0x000001f37c610000 2684       4       com.sun.javafx.collections.SetListenerHelper::hasListeners (10 bytes)
Event: 6.821 Thread 0x000001f37c610000 nmethod 2684 0x000001f367f74f10 code [0x000001f367f75080, 0x000001f367f750d8]
Event: 6.823 Thread 0x000001f37c619000 2687       3       jdk.internal.org.objectweb.asm.Item::isEqualTo (354 bytes)
Event: 6.823 Thread 0x000001f37c619000 nmethod 2687 0x000001f360e3e110 code [0x000001f360e3e380, 0x000001f360e3eea8]
Event: 6.823 Thread 0x000001f37c619000 2685       3       java.util.concurrent.locks.ReentrantLock$NonfairSync::tryAcquire (6 bytes)
Event: 6.824 Thread 0x000001f37c619000 nmethod 2685 0x000001f360e3f210 code [0x000001f360e3f3c0, 0x000001f360e3f4e8]
Event: 6.824 Thread 0x000001f37c619000 2686       3       java.util.concurrent.locks.ReentrantLock$Sync::nonfairTryAcquire (67 bytes)
Event: 6.824 Thread 0x000001f37c619000 nmethod 2686 0x000001f360e3f590 code [0x000001f360e3f7c0, 0x000001f360e40088]

GC Heap History (4 events):
Event: 0.562 GC heap before
{Heap before GC invocations=0 (full 0):
 garbage-first heap   total 260096K, used 23552K [0x0000000702a00000, 0x0000000800000000)
  region size 1024K, 24 young (24576K), 0 survivors (0K)
 Metaspace       used 11832K, capacity 12127K, committed 12288K, reserved 1060864K
  class space    used 1099K, capacity 1206K, committed 1280K, reserved 1048576K
}
Event: 0.565 GC heap after
{Heap after GC invocations=1 (full 0):
 garbage-first heap   total 260096K, used 5468K [0x0000000702a00000, 0x0000000800000000)
  region size 1024K, 3 young (3072K), 3 survivors (3072K)
 Metaspace       used 11832K, capacity 12127K, committed 12288K, reserved 1060864K
  class space    used 1099K, capacity 1206K, committed 1280K, reserved 1048576K
}
Event: 1.271 GC heap before
{Heap before GC invocations=1 (full 0):
 garbage-first heap   total 260096K, used 59740K [0x0000000702a00000, 0x0000000800000000)
  region size 1024K, 57 young (58368K), 3 survivors (3072K)
 Metaspace       used 20664K, capacity 21085K, committed 21296K, reserved 1069056K
  class space    used 2194K, capacity 2333K, committed 2432K, reserved 1048576K
}
Event: 1.274 GC heap after
{Heap after GC invocations=2 (full 0):
 garbage-first heap   total 260096K, used 7815K [0x0000000702a00000, 0x0000000800000000)
  region size 1024K, 6 young (6144K), 6 survivors (6144K)
 Metaspace       used 20664K, capacity 21085K, committed 21296K, reserved 1069056K
  class space    used 2194K, capacity 2333K, committed 2432K, reserved 1048576K
}

Deoptimization events (10 events):
Event: 1.697 Thread 0x000001f37d3e3800 Uncommon trap: reason=class_check action=maybe_recompile pc=0x000001f367e6e6e8 method=java.lang.String.equals(Ljava/lang/Object;)Z @ 8 c2
Event: 1.697 Thread 0x000001f37d3e3800 Uncommon trap: reason=class_check action=maybe_recompile pc=0x000001f367e6e6e8 method=java.lang.String.equals(Ljava/lang/Object;)Z @ 8 c2
Event: 1.697 Thread 0x000001f37d3e3800 Uncommon trap: reason=class_check action=maybe_recompile pc=0x000001f367e6e6e8 method=java.lang.String.equals(Ljava/lang/Object;)Z @ 8 c2
Event: 1.699 Thread 0x000001f37d3e3800 Uncommon trap: reason=class_check action=maybe_recompile pc=0x000001f367e6e6e8 method=java.lang.String.equals(Ljava/lang/Object;)Z @ 8 c2
Event: 1.746 Thread 0x000001f37d3e3800 Uncommon trap: reason=unstable_if action=reinterpret pc=0x000001f367e7aee0 method=java.net.URL.<init>(Ljava/net/URL;Ljava/lang/String;Ljava/net/URLStreamHandler;)V @ 347 c2
Event: 1.787 Thread 0x000001f37d3e3800 Uncommon trap: reason=unstable_if action=reinterpret pc=0x000001f367eca0f4 method=java.lang.String.startsWith(Ljava/lang/String;I)Z @ 46 c2
Event: 1.869 Thread 0x000001f37cf55800 Uncommon trap: reason=unstable_if action=reinterpret pc=0x000001f367efaa98 method=jdk.internal.org.objectweb.asm.Type.getArgumentsAndReturnSizes(Ljava/lang/String;)I @ 130 c2
Event: 6.761 Thread 0x000001f37d3e3800 Uncommon trap: reason=unstable_if action=reinterpret pc=0x000001f367f2ad70 method=jdk.internal.org.objectweb.asm.Item.isEqualTo(Ljdk/internal/org/objectweb/asm/Item;)Z @ 331 c2
Event: 6.809 Thread 0x000001f37d3e3800 Uncommon trap: reason=unstable_if action=reinterpret pc=0x000001f367f4f1d4 method=java.util.HashMap.isEmpty()Z @ 4 c2
Event: 6.834 Thread 0x000001f37df3a800 Uncommon trap: reason=intrinsic_or_type_checked_inlining action=make_not_entrant pc=0x000001f367f54bcc method=java.util.Arrays.copyOf([Ljava/lang/Object;ILjava/lang/Class;)[Ljava/lang/Object; @ 35 c2

Classes redefined (0 events):
No events

Internal exceptions (10 events):
Event: 1.386 Thread 0x000001f37d3e3800 Exception <a 'java/lang/NullPointerException'{0x0000000711e49f08}> (0x0000000711e49f08) thrown at [./open/src/hotspot/share/interpreter/linkResolver.cpp, line 1358]
Event: 1.474 Thread 0x000001f37d3e3800 Exception <a 'java/lang/NoSuchMethodError'{0x000000071143cad0}: 'void java.lang.invoke.DirectMethodHandle$Holder.invokeSpecial(java.lang.Object, java.lang.Object, java.lang.Object, java.lang.Object, java.lang.Object)'> (0x000000071143cad0) thrown at [./op
Event: 1.669 Thread 0x000001f37d3e3800 Exception <a 'java/io/FileNotFoundException'{0x0000000710584e50}> (0x0000000710584e50) thrown at [./open/src/hotspot/share/prims/jni.cpp, line 611]
Event: 1.718 Thread 0x000001f37d3e3800 Exception <a 'java/lang/NoSuchMethodError'{0x00000007102dadd0}: 'java.lang.Object java.lang.invoke.Invokers$Holder.linkToTargetMethod(java.lang.Object, int, java.lang.Object)'> (0x00000007102dadd0) thrown at [./open/src/hotspot/share/interpreter/linkResol
Event: 1.739 Thread 0x000001f37d3e3800 Exception <a 'java/lang/NoSuchMethodError'{0x00000007100758c8}: 'java.lang.Object java.lang.invoke.DirectMethodHandle$Holder.invokeInterface(java.lang.Object, java.lang.Object, java.lang.Object)'> (0x00000007100758c8) thrown at [./open/src/hotspot/share/i
Event: 1.739 Thread 0x000001f37d3e3800 Exception <a 'java/lang/IncompatibleClassChangeError'{0x0000000710078850}: Found class java.lang.Object, but interface was expected> (0x0000000710078850) thrown at [./open/src/hotspot/share/interpreter/linkResolver.cpp, line 839]
Event: 1.834 Thread 0x000001f37cf55800 Exception <a 'java/lang/NoSuchMethodError'{0x000000070fb2ac98}: 'int java.lang.invoke.DirectMethodHandle$Holder.invokeStaticInit(java.lang.Object, java.lang.Object)'> (0x000000070fb2ac98) thrown at [./open/src/hotspot/share/interpreter/linkResolver.cpp, l
Event: 6.760 Thread 0x000001f37d3e3800 Exception <a 'java/lang/NoSuchMethodError'{0x000000070f5df148}: 'long java.lang.invoke.DirectMethodHandle$Holder.invokeStatic(java.lang.Object, java.lang.Object, java.lang.Object)'> (0x000000070f5df148) thrown at [./open/src/hotspot/share/interpreter/link
Event: 6.760 Thread 0x000001f37d3e3800 Exception <a 'java/lang/NoSuchMethodError'{0x000000070f5e23c0}: 'long java.lang.invoke.DirectMethodHandle$Holder.invokeStaticInit(java.lang.Object, java.lang.Object, java.lang.Object)'> (0x000000070f5e23c0) thrown at [./open/src/hotspot/share/interpreter/
Event: 6.761 Thread 0x000001f37d3e3800 Exception <a 'java/lang/NoSuchMethodError'{0x000000070f5f7c88}: 'java.lang.Object java.lang.invoke.Invokers$Holder.linkToTargetMethod(java.lang.Object, long, java.lang.Object)'> (0x000000070f5f7c88) thrown at [./open/src/hotspot/share/interpreter/linkReso

Events (10 events):
Event: 6.834 Thread 0x000001f37df3a800 DEOPT PACKING pc=0x000001f367f54bcc sp=0x00000001f47fece0
Event: 6.834 Thread 0x000001f37df3a800 DEOPT UNPACKING pc=0x000001f3603868af sp=0x00000001f47fec88 mode 2
Event: 6.834 Executing VM operation: RevokeBias
Event: 6.834 Executing VM operation: RevokeBias done
Event: 6.834 Executing VM operation: RevokeBias
Event: 6.834 Executing VM operation: RevokeBias done
Event: 6.834 Executing VM operation: RevokeBias
Event: 6.834 Executing VM operation: RevokeBias done
Event: 6.834 Thread 0x000001f37df3a800 Thread exited: 0x000001f37df3a800
Event: 6.835 Executing VM operation: Exit


Dynamic libraries:
0x00007ff7cf6a0000 - 0x00007ff7cf6b0000 	C:\Program Files\Java\jdk-11\bin\java.exe
0x00007ffc31310000 - 0x00007ffc31508000 	C:\Windows\SYSTEM32\ntdll.dll
0x00007ffc30d10000 - 0x00007ffc30dd2000 	C:\Windows\System32\KERNEL32.DLL
0x00007ffc2efa0000 - 0x00007ffc2f296000 	C:\Windows\System32\KERNELBASE.dll
0x00007ffc2ed40000 - 0x00007ffc2ee40000 	C:\Windows\System32\ucrtbase.dll
0x00007ffc207a0000 - 0x00007ffc207b9000 	C:\Program Files\Java\jdk-11\bin\jli.dll
0x00007ffc1dee0000 - 0x00007ffc1defb000 	C:\Program Files\Java\jdk-11\bin\VCRUNTIME140.dll
0x00007ffc30680000 - 0x00007ffc30731000 	C:\Windows\System32\ADVAPI32.dll
0x00007ffc30c70000 - 0x00007ffc30d0e000 	C:\Windows\System32\msvcrt.dll
0x00007ffc31230000 - 0x00007ffc312cf000 	C:\Windows\System32\sechost.dll
0x00007ffc2fcc0000 - 0x00007ffc2fde0000 	C:\Windows\System32\RPCRT4.dll
0x00007ffc2e9a0000 - 0x00007ffc2e9c7000 	C:\Windows\System32\bcrypt.dll
0x00007ffc30170000 - 0x00007ffc30311000 	C:\Windows\System32\USER32.dll
0x00007ffc2e9d0000 - 0x00007ffc2e9f2000 	C:\Windows\System32\win32u.dll
0x00007ffc1b780000 - 0x00007ffc1ba1b000 	C:\Windows\WinSxS\amd64_microsoft.windows.common-controls_6595b64144ccf1df_6.0.19041.6456_none_60b8a6cb71f64256\COMCTL32.dll
0x00007ffc30c30000 - 0x00007ffc30c5b000 	C:\Windows\System32\GDI32.dll
0x00007ffc2ec20000 - 0x00007ffc2ed39000 	C:\Windows\System32\gdi32full.dll
0x00007ffc2eb00000 - 0x00007ffc2eb9d000 	C:\Windows\System32\msvcp_win.dll
0x00007ffc29c50000 - 0x00007ffc29c5a000 	C:\Windows\SYSTEM32\VERSION.dll
0x00007ffc2f390000 - 0x00007ffc2f3bf000 	C:\Windows\System32\IMM32.DLL
0x00007ffc20790000 - 0x00007ffc2079c000 	C:\Program Files\Java\jdk-11\bin\vcruntime140_1.dll
0x00007ffc1d0f0000 - 0x00007ffc1d17e000 	C:\Program Files\Java\jdk-11\bin\msvcp140.dll
0x00007ffbf6da0000 - 0x00007ffbf7903000 	C:\Program Files\Java\jdk-11\bin\server\jvm.dll
0x00007ffc307b0000 - 0x00007ffc307b8000 	C:\Windows\System32\PSAPI.DLL
0x00007ffc1e7c0000 - 0x00007ffc1e7c9000 	C:\Windows\SYSTEM32\WSOCK32.dll
0x00007ffc30740000 - 0x00007ffc307ab000 	C:\Windows\System32\WS2_32.dll
0x00007ffc1c930000 - 0x00007ffc1c957000 	C:\Windows\SYSTEM32\WINMM.dll
0x00007ffc2c830000 - 0x00007ffc2c842000 	C:\Windows\SYSTEM32\kernel.appcore.dll
0x00007ffc1dc10000 - 0x00007ffc1dc20000 	C:\Program Files\Java\jdk-11\bin\verify.dll
0x00007ffc1bc00000 - 0x00007ffc1be01000 	C:\Windows\SYSTEM32\DBGHELP.DLL
0x00007ffc0f850000 - 0x00007ffc0f884000 	C:\Windows\SYSTEM32\dbgcore.DLL
0x00007ffc2f2a0000 - 0x00007ffc2f322000 	C:\Windows\System32\bcryptPrimitives.dll
0x00007ffc1dbe0000 - 0x00007ffc1dc08000 	C:\Program Files\Java\jdk-11\bin\java.dll
0x00007ffc1dbd0000 - 0x00007ffc1dbda000 	C:\Program Files\Java\jdk-11\bin\jimage.dll
0x00007ffc1d0e0000 - 0x00007ffc1d0ee000 	C:\Program Files\Java\jdk-11\bin\instrument.dll
0x00007ffc1d930000 - 0x00007ffc1d947000 	C:\Program Files\Java\jdk-11\bin\zip.dll
0x00007ffc2f4a0000 - 0x00007ffc2fc10000 	C:\Windows\System32\SHELL32.dll
0x00007ffc2ca30000 - 0x00007ffc2d1d5000 	C:\Windows\SYSTEM32\windows.storage.dll
0x00007ffc30320000 - 0x00007ffc30674000 	C:\Windows\System32\combase.dll
0x00007ffc2e3d0000 - 0x00007ffc2e3fb000 	C:\Windows\SYSTEM32\Wldp.dll
0x00007ffc300a0000 - 0x00007ffc3016d000 	C:\Windows\System32\OLEAUT32.dll
0x00007ffc2fc10000 - 0x00007ffc2fcbd000 	C:\Windows\System32\SHCORE.dll
0x00007ffc30df0000 - 0x00007ffc30e4b000 	C:\Windows\System32\shlwapi.dll
0x00007ffc2e8d0000 - 0x00007ffc2e8f4000 	C:\Windows\SYSTEM32\profapi.dll
0x00007ffc1d0c0000 - 0x00007ffc1d0d9000 	C:\Program Files\Java\jdk-11\bin\net.dll
0x00007ffc28790000 - 0x00007ffc2889a000 	C:\Windows\SYSTEM32\WINHTTP.dll
0x00007ffc2e0c0000 - 0x00007ffc2e12a000 	C:\Windows\system32\mswsock.dll
0x00007ffc1d0a0000 - 0x00007ffc1d0b2000 	C:\Program Files\Java\jdk-11\bin\nio.dll
0x000001f358b90000 - 0x000001f358b93000 	C:\Users\midoo\.openjfx\cache\17.0.2-ea\api-ms-win-core-console-l1-1-0.dll
0x000001f358ba0000 - 0x000001f358ba3000 	C:\Users\midoo\.openjfx\cache\17.0.2-ea\api-ms-win-core-console-l1-2-0.dll
0x000001f358bb0000 - 0x000001f358bb3000 	C:\Users\midoo\.openjfx\cache\17.0.2-ea\api-ms-win-core-datetime-l1-1-0.dll
0x000001f358bc0000 - 0x000001f358bc3000 	C:\Users\midoo\.openjfx\cache\17.0.2-ea\api-ms-win-core-debug-l1-1-0.dll
0x000001f358bd0000 - 0x000001f358bd3000 	C:\Users\midoo\.openjfx\cache\17.0.2-ea\api-ms-win-core-errorhandling-l1-1-0.dll
0x000001f358be0000 - 0x000001f358be4000 	C:\Users\midoo\.openjfx\cache\17.0.2-ea\api-ms-win-core-file-l1-1-0.dll
0x000001f358bf0000 - 0x000001f358bf3000 	C:\Users\midoo\.openjfx\cache\17.0.2-ea\api-ms-win-core-file-l1-2-0.dll
0x000001f358c00000 - 0x000001f358c03000 	C:\Users\midoo\.openjfx\cache\17.0.2-ea\api-ms-win-core-file-l2-1-0.dll
0x000001f358c10000 - 0x000001f358c13000 	C:\Users\midoo\.openjfx\cache\17.0.2-ea\api-ms-win-core-handle-l1-1-0.dll
0x000001f358c20000 - 0x000001f358c23000 	C:\Users\midoo\.openjfx\cache\17.0.2-ea\api-ms-win-core-heap-l1-1-0.dll
0x000001f358c30000 - 0x000001f358c33000 	C:\Users\midoo\.openjfx\cache\17.0.2-ea\api-ms-win-core-interlocked-l1-1-0.dll
0x000001f358c40000 - 0x000001f358c43000 	C:\Users\midoo\.openjfx\cache\17.0.2-ea\api-ms-win-core-libraryloader-l1-1-0.dll
0x000001f37e2d0000 - 0x000001f37e2d3000 	C:\Users\midoo\.openjfx\cache\17.0.2-ea\api-ms-win-core-localization-l1-2-0.dll
0x000001f37e2e0000 - 0x000001f37e2e3000 	C:\Users\midoo\.openjfx\cache\17.0.2-ea\api-ms-win-core-memory-l1-1-0.dll
0x000001f37e2f0000 - 0x000001f37e2f3000 	C:\Users\midoo\.openjfx\cache\17.0.2-ea\api-ms-win-core-namedpipe-l1-1-0.dll
0x000001f37e300000 - 0x000001f37e303000 	C:\Users\midoo\.openjfx\cache\17.0.2-ea\api-ms-win-core-processenvironment-l1-1-0.dll
0x000001f37e310000 - 0x000001f37e313000 	C:\Users\midoo\.openjfx\cache\17.0.2-ea\api-ms-win-core-processthreads-l1-1-0.dll
0x000001f37e320000 - 0x000001f37e323000 	C:\Users\midoo\.openjfx\cache\17.0.2-ea\api-ms-win-core-processthreads-l1-1-1.dll
0x000001f37e330000 - 0x000001f37e333000 	C:\Users\midoo\.openjfx\cache\17.0.2-ea\api-ms-win-core-profile-l1-1-0.dll
0x000001f37e340000 - 0x000001f37e343000 	C:\Users\midoo\.openjfx\cache\17.0.2-ea\api-ms-win-core-rtlsupport-l1-1-0.dll
0x000001f37e350000 - 0x000001f37e353000 	C:\Users\midoo\.openjfx\cache\17.0.2-ea\api-ms-win-core-string-l1-1-0.dll
0x000001f37e360000 - 0x000001f37e363000 	C:\Users\midoo\.openjfx\cache\17.0.2-ea\api-ms-win-core-synch-l1-1-0.dll
0x000001f37e370000 - 0x000001f37e373000 	C:\Users\midoo\.openjfx\cache\17.0.2-ea\api-ms-win-core-synch-l1-2-0.dll
0x000001f37e380000 - 0x000001f37e383000 	C:\Users\midoo\.openjfx\cache\17.0.2-ea\api-ms-win-core-sysinfo-l1-1-0.dll
0x000001f37e390000 - 0x000001f37e393000 	C:\Users\midoo\.openjfx\cache\17.0.2-ea\api-ms-win-core-timezone-l1-1-0.dll
0x000001f37e3a0000 - 0x000001f37e3a3000 	C:\Users\midoo\.openjfx\cache\17.0.2-ea\api-ms-win-core-util-l1-1-0.dll
0x000001f37e3b0000 - 0x000001f37e3b3000 	C:\Users\midoo\.openjfx\cache\17.0.2-ea\api-ms-win-crt-conio-l1-1-0.dll
0x000001f37e3c0000 - 0x000001f37e3c4000 	C:\Users\midoo\.openjfx\cache\17.0.2-ea\api-ms-win-crt-convert-l1-1-0.dll
0x000001f37e3d0000 - 0x000001f37e3d3000 	C:\Users\midoo\.openjfx\cache\17.0.2-ea\api-ms-win-crt-environment-l1-1-0.dll
0x000001f37e3e0000 - 0x000001f37e3e3000 	C:\Users\midoo\.openjfx\cache\17.0.2-ea\api-ms-win-crt-filesystem-l1-1-0.dll
0x000001f37e3f0000 - 0x000001f37e3f3000 	C:\Users\midoo\.openjfx\cache\17.0.2-ea\api-ms-win-crt-heap-l1-1-0.dll
0x000001f37e400000 - 0x000001f37e403000 	C:\Users\midoo\.openjfx\cache\17.0.2-ea\api-ms-win-crt-locale-l1-1-0.dll
0x000001f37e410000 - 0x000001f37e415000 	C:\Users\midoo\.openjfx\cache\17.0.2-ea\api-ms-win-crt-math-l1-1-0.dll
0x000001f37e420000 - 0x000001f37e425000 	C:\Users\midoo\.openjfx\cache\17.0.2-ea\api-ms-win-crt-multibyte-l1-1-0.dll
0x000001f37e430000 - 0x000001f37e440000 	C:\Users\midoo\.openjfx\cache\17.0.2-ea\api-ms-win-crt-private-l1-1-0.dll
0x000001f37e440000 - 0x000001f37e443000 	C:\Users\midoo\.openjfx\cache\17.0.2-ea\api-ms-win-crt-process-l1-1-0.dll
0x000001f37e450000 - 0x000001f37e454000 	C:\Users\midoo\.openjfx\cache\17.0.2-ea\api-ms-win-crt-runtime-l1-1-0.dll
0x000001f37e460000 - 0x000001f37e464000 	C:\Users\midoo\.openjfx\cache\17.0.2-ea\api-ms-win-crt-stdio-l1-1-0.dll
0x000001f37e470000 - 0x000001f37e474000 	C:\Users\midoo\.openjfx\cache\17.0.2-ea\api-ms-win-crt-string-l1-1-0.dll
0x000001f37e480000 - 0x000001f37e483000 	C:\Users\midoo\.openjfx\cache\17.0.2-ea\api-ms-win-crt-time-l1-1-0.dll
0x000001f37e490000 - 0x000001f37e493000 	C:\Users\midoo\.openjfx\cache\17.0.2-ea\api-ms-win-crt-utility-l1-1-0.dll
0x00007ffc194f0000 - 0x00007ffc195ec000 	C:\Users\midoo\.openjfx\cache\17.0.2-ea\ucrtbase.dll
0x00007ffc1ca30000 - 0x00007ffc1ca4a000 	C:\Users\midoo\.openjfx\cache\17.0.2-ea\vcruntime140.dll
0x00007ffc1cea0000 - 0x00007ffc1ceac000 	C:\Users\midoo\.openjfx\cache\17.0.2-ea\vcruntime140_1.dll
0x00007ffc06580000 - 0x00007ffc0660d000 	C:\Users\midoo\.openjfx\cache\17.0.2-ea\msvcp140.dll
0x00007ffc1bee0000 - 0x00007ffc1bf0a000 	C:\Users\midoo\.openjfx\cache\17.0.2-ea\prism_d3d.dll
0x00007ffbc4b40000 - 0x00007ffbc4d11000 	C:\Windows\system32\d3d9.dll
0x00007ffc2c650000 - 0x00007ffc2c67e000 	C:\Windows\SYSTEM32\dwmapi.dll
0x00007ffc2c340000 - 0x00007ffc2c3de000 	C:\Windows\system32\uxtheme.dll
0x00007ffc2ff70000 - 0x00007ffc3009b000 	C:\Windows\System32\ole32.dll
0x00007ffc2ea00000 - 0x00007ffc2ea4e000 	C:\Windows\System32\cfgmgr32.dll
0x00007ffc1be90000 - 0x00007ffc1bed2000 	C:\Users\midoo\.openjfx\cache\17.0.2-ea\glass.dll
0x00007ffc2fe90000 - 0x00007ffc2ff6a000 	C:\Windows\System32\COMDLG32.dll
0x00007ffc30f60000 - 0x00007ffc31075000 	C:\Windows\System32\MSCTF.dll
0x00007ffc26d60000 - 0x00007ffc26d9b000 	C:\Windows\SYSTEM32\dxcore.dll
0x00007ffc2e320000 - 0x00007ffc2e338000 	C:\Windows\SYSTEM32\CRYPTSP.dll
0x00007ffc2d970000 - 0x00007ffc2d9a8000 	C:\Windows\system32\rsaenh.dll
0x00007ffc2e890000 - 0x00007ffc2e8be000 	C:\Windows\SYSTEM32\USERENV.dll
0x00007ffc2e340000 - 0x00007ffc2e34c000 	C:\Windows\SYSTEM32\CRYPTBASE.dll
0x00007ffc2dd30000 - 0x00007ffc2dd6b000 	C:\Windows\SYSTEM32\IPHLPAPI.DLL
0x00007ffc30de0000 - 0x00007ffc30de8000 	C:\Windows\System32\NSI.dll
0x00007ffc29260000 - 0x00007ffc29277000 	C:\Windows\SYSTEM32\dhcpcsvc6.DLL
0x00007ffc291f0000 - 0x00007ffc2920d000 	C:\Windows\SYSTEM32\dhcpcsvc.DLL
0x00007ffc2dde0000 - 0x00007ffc2deaa000 	C:\Windows\SYSTEM32\DNSAPI.dll
0x00007ffc0dfc0000 - 0x00007ffc0e000000 	C:\Users\midoo\AppData\Local\Temp\jna-103891496\jna16351647532802062153.dll
0x00007ffc2fde0000 - 0x00007ffc2fe89000 	C:\Windows\System32\clbcatq.dll
0x00007ffc11900000 - 0x00007ffc11911000 	C:\Windows\system32\wbem\wbemprox.dll
0x00007ffc1ba20000 - 0x00007ffc1bab0000 	C:\Windows\SYSTEM32\wbemcomn.dll
0x00007ffc11210000 - 0x00007ffc11224000 	C:\Windows\system32\wbem\wbemsvc.dll
0x00007ffc11580000 - 0x00007ffc1168c000 	C:\Windows\system32\wbem\fastprox.dll
0x00007ffc10dd0000 - 0x00007ffc10def000 	C:\Windows\SYSTEM32\amsi.dll
0x00007ffc1b2c0000 - 0x00007ffc1b2d4000 	C:\Users\midoo\.openjfx\cache\17.0.2-ea\javafx_font.dll
0x00007ffc20050000 - 0x00007ffc202cf000 	C:\Windows\SYSTEM32\dwrite.dll
0x00007ffc2c100000 - 0x00007ffc2c2b6000 	C:\Windows\SYSTEM32\WindowsCodecs.dll
0x00007ffc18400000 - 0x00007ffc1843e000 	C:\Windows\system32\dataexchange.dll
0x00007ffc2a140000 - 0x00007ffc2a3a4000 	C:\Windows\system32\d3d11.dll
0x00007ffc2b150000 - 0x00007ffc2b334000 	C:\Windows\system32\dcomp.dll
0x00007ffc2d220000 - 0x00007ffc2d316000 	C:\Windows\system32\dxgi.dll
0x00007ffc28370000 - 0x00007ffc28573000 	C:\Windows\system32\twinapi.appcore.dll
0x00007ffc067f0000 - 0x00007ffc06824000 	C:\Program Files\Common Files\Microsoft Shared\Ink\rtscom.dll

dbghelp: loaded successfully - version: 4.0.5 - missing functions: none
symbol engine: initialized successfully - sym options: 0x614 - pdb path: .;C:\Program Files\Java\jdk-11\bin;C:\Windows\SYSTEM32;C:\Windows\WinSxS\amd64_microsoft.windows.common-controls_6595b64144ccf1df_6.0.19041.6456_none_60b8a6cb71f64256;C:\Program Files\Java\jdk-11\bin\server;C:\Users\midoo\.openjfx\cache\17.0.2-ea;C:\Windows\System32\DriverStore\FileRepository\iigd_dch.inf_amd64_0797c0ea8580ae89;C:\Users\midoo\AppData\Local\Temp\jna-103891496;C:\Windows\system32\wbem;C:\Program Files\Common Files\Microsoft Shared\Ink

VM Arguments:
jvm_args: -javaagent:D:\IDEA\IntelliJ IDEA 2025.3\lib\idea_rt.jar=52560 -Dfile.encoding=UTF-8 
java_command: com.miduo.cloud.frontend.FrontendMain
java_class_path (initial): D:\莉盄馱撿覃彸唳\productiontools\miduo-frontend\target\classes;D:\莉盄馱撿覃彸唳\productiontools\miduo-common\target\classes;C:\Users\midoo\.m2\repository\com\fasterxml\jackson\datatype\jackson-datatype-jsr310\2.12.5\jackson-datatype-jsr310-2.12.5.jar;D:\莉盄馱撿覃彸唳\productiontools\miduo-entity\target\classes;C:\Users\midoo\.m2\repository\com\fasterxml\jackson\core\jackson-annotations\2.12.5\jackson-annotations-2.12.5.jar;D:\莉盄馱撿覃彸唳\productiontools\miduo-application\target\classes;D:\莉盄馱撿覃彸唳\productiontools\miduo-domain\target\classes;D:\莉盄馱撿覃彸唳\productiontools\miduo-infrastructure\target\classes;C:\Users\midoo\.m2\repository\com\baomidou\mybatis-plus-boot-starter\3.5.3.1\mybatis-plus-boot-starter-3.5.3.1.jar;C:\Users\midoo\.m2\repository\com\baomidou\mybatis-plus\3.5.3.1\mybatis-plus-3.5.3.1.jar;C:\Users\midoo\.m2\repository\com\baomidou\mybatis-plus-extension\3.5.3.1\mybatis-plus-extension-3.5.3.1.jar;C:\Users\midoo\.m2\repository\com\baomidou\mybatis-plus-core\3.5.3.1\mybatis-plus-core-3.5.3.1.jar;C:\Users\midoo\.m2\repository\com\baomidou\mybatis-plus-annotation\3.5.3.1\mybatis-plus-annotation-3.5.3.1.jar;C:\Users\midoo\.m2\repository\com\github\jsqlparser\jsqlparser\4.4\jsqlparser-4.4.jar;C:\Users\midoo\.m2\repository\org\mybatis\mybatis\3.5.10\mybatis-3.5.10.jar;C:\Users\midoo\.m2\repository\org\mybatis\mybatis-spring\2.0.7\mybatis-spring-2.0.7.jar;C:\Users\midoo\.m2\repository\com\mysql\mysql-connector-j\8.0.33\mysql-connector-j-8.0.33.jar;C:\Users\midoo\.m2\repository\com\google\protobuf\protobuf-java\3.21.9\protobuf-java-3.21.9.jar;C:\Users\midoo\.m2\repository\net\sourceforge\jtds\jtds\1.3.1\jtds-1.3.1.jar;C:\Users\midoo\.m2\repository\org\springframework\boot\spring-boot-starter-jdbc\2.5.6\spring-boot-starter-jdbc-2.5.6.jar;C:\Users\midoo\.m2\repository\com\zaxxer\HikariCP\4.0.3\HikariCP-4.0.3.jar;C:\Users\midoo\.m2\repository\org\springframework\spring-jdbc\5.3.12\spring-jdbc-5.3.12.jar;C:\Users\midoo
Launcher Type: SUN_STANDARD

[Global flags]
     intx CICompilerCount                          = 4                                         {product} {ergonomic}
     uint ConcGCThreads                            = 3                                         {product} {ergonomic}
     uint G1ConcRefinementThreads                  = 10                                        {product} {ergonomic}
   size_t G1HeapRegionSize                         = 1048576                                   {product} {ergonomic}
    uintx GCDrainStackTargetSize                   = 64                                        {product} {ergonomic}
   size_t InitialHeapSize                          = 266338304                                 {product} {ergonomic}
   size_t MarkStackSize                            = 4194304                                   {product} {ergonomic}
   size_t MaxHeapSize                              = 4250927104                                {product} {ergonomic}
   size_t MaxNewSize                               = 2550136832                                {product} {ergonomic}
   size_t MinHeapDeltaBytes                        = 1048576                                   {product} {ergonomic}
    uintx NonNMethodCodeHeapSize                   = 5836300                                {pd product} {ergonomic}
    uintx NonProfiledCodeHeapSize                  = 122910970                              {pd product} {ergonomic}
    uintx ProfiledCodeHeapSize                     = 122910970                              {pd product} {ergonomic}
    uintx ReservedCodeCacheSize                    = 251658240                              {pd product} {ergonomic}
     bool SegmentedCodeCache                       = true                                      {product} {ergonomic}
     bool UseCompressedClassPointers               = true                                 {lp64_product} {ergonomic}
     bool UseCompressedOops                        = true                                 {lp64_product} {ergonomic}
     bool UseG1GC                                  = true                                      {product} {ergonomic}
     bool UseLargePagesIndividualAllocation        = false                                  {pd product} {ergonomic}

Logging:
Log output configuration:
 #0: stdout all=warning uptime,level,tags
 #1: stderr all=off uptime,level,tags

Environment Variables:
PATH=C:\Program Files\Common Files\Oracle\Java\javapath;C:\Windows\system32;C:\Windows;C:\Windows\System32\Wbem;C:\Windows\System32\WindowsPowerShell\v1.0\;C:\Windows\System32\OpenSSH\;C:\Program Files\Microsoft SQL Server\130\Tools\Binn\;D:\SVN\bin;C:\Program Files\Microsoft SQL Server\Client SDK\ODBC\170\Tools\Binn\;D:\cursor\resources\app\bin;C:\Program Files\Microsoft SQL Server\170\Tools\Binn\;C:\Program Files\dotnet\;D:\Git\cmd;C:\Program Files\nodejs\;C:\Program Files\Apache\maven\bin;C:\Users\midoo\AppData\Local\Microsoft\WindowsApps;C:\Users\midoo\.dotnet\tools;C:\Users\midoo\AppData\Roaming\npm;D:\IDEA\IntelliJ IDEA 2025.3\bin;C:\Program Files\Apache\maven\bin;
USERNAME=midoo
OS=Windows_NT
PROCESSOR_IDENTIFIER=Intel64 Family 6 Model 165 Stepping 3, GenuineIntel



---------------  S Y S T E M  ---------------

OS: Windows 10 , 64 bit Build 19041 (10.0.19041.5915)

CPU:total 12 (initial active 12) (6 cores per cpu, 2 threads per core) family 6 model 165 stepping 3 microcode 0xe0, cmov, cx8, fxsr, mmx, sse, sse2, sse3, ssse3, sse4.1, sse4.2, popcnt, avx, avx2, aes, clmul, erms, 3dnowpref, lzcnt, ht, tsc, tscinvbit, bmi1, bmi2, adx, fma

Memory: 4k page, system-wide physical 16213M (3684M free)
TotalPageFile size 29525M (AvailPageFile size 13217M)
current process WorkingSet (physical memory assigned to process): 183M, peak: 225M
current process commit charge ("private bytes"): 409M, peak: 450M

vm_info: Java HotSpot(TM) 64-Bit Server VM (11.0.28+12-LTS-279) for windows-amd64 JRE (11.0.28+12-LTS-279), built on Jun 27 2025 10:10:38 by "mach5one" with MS VC++ 17.6 (VS2022)

END.
